Log file open, 02/14/19 19:04:55
LogWindows: Failed to load 'aqProf.dll' (GetLastError=126)
LogWindows: File 'aqProf.dll' does not exist
LogWindows: Failed to load 'VtuneApi.dll' (GetLastError=126)
LogWindows: File 'VtuneApi.dll' does not exist
LogWindows: Failed to load 'VtuneApi32e.dll' (GetLastError=126)
LogWindows: File 'VtuneApi32e.dll' does not exist
LogConsoleResponse: Display: Failed to find resolution value strings in scalability ini. Falling back to default.
LogInit: Display: Running engine for game: ProjectToast
LogPakFile: Registered encryption key '00000000000000000000000000000000': 0 pak files mounted, 0 remain pending
LogPlatformFile: Not using cached read wrapper
LogTaskGraph: Started task graph with 5 named threads and 23 total threads with 3 sets of task threads.
LogStats: Stats thread started at 0.287637
LogD3D11RHI: Loaded GFSDK_Aftermath_Lib.x64.dll
LogICUInternationalization: ICU TimeZone Detection - Raw Offset: +0:00, Platform Override: ''
LogPluginManager: Mounting plugin Paper2D
LogPluginManager: Mounting plugin AISupport
LogPluginManager: Mounting plugin LightPropagationVolume
LogPluginManager: Mounting plugin ActorLayerUtilities
LogPluginManager: Mounting plugin CLionSourceCodeAccess
LogPluginManager: Mounting plugin CodeLiteSourceCodeAccess
LogPluginManager: Mounting plugin GitSourceControl
LogPluginManager: Mounting plugin KDevelopSourceCodeAccess
LogPluginManager: Mounting plugin NullSourceCodeAccess
LogPluginManager: Mounting plugin PerforceSourceControl
LogPluginManager: Mounting plugin SubversionSourceControl
LogPluginManager: Mounting plugin UObjectPlugin
LogPluginManager: Mounting plugin VisualStudioCodeSourceCodeAccess
LogPluginManager: Mounting plugin VisualStudioSourceCodeAccess
LogPluginManager: Mounting plugin XCodeSourceCodeAccess
LogPluginManager: Mounting plugin AssetManagerEditor
LogPluginManager: Mounting plugin CryptoKeys
LogPluginManager: Mounting plugin DataValidation
LogPluginManager: Mounting plugin FacialAnimation
LogPluginManager: Mounting plugin GameplayTagsEditor
LogPluginManager: Mounting plugin MacGraphicsSwitching
LogPluginManager: Mounting plugin MeshEditor
LogPluginManager: Mounting plugin MobileLauncherProfileWizard
LogPluginManager: Mounting plugin PluginBrowser
LogPluginManager: Mounting plugin SpeedTreeImporter
LogPluginManager: Mounting plugin DatasmithContent
LogPluginManager: Mounting plugin VariantManagerContent
LogPluginManager: Mounting plugin AlembicImporter
LogPluginManager: Mounting plugin AppleImageUtils
LogPluginManager: Mounting plugin AppleVision
LogPluginManager: Mounting plugin BackChannel
LogPluginManager: Mounting plugin CharacterAI
LogPluginManager: Mounting plugin GeometryCache
LogPluginManager: Mounting plugin HTML5Networking
LogPluginManager: Mounting plugin ProxyLODPlugin
LogPluginManager: Mounting plugin MagicLeap
LogPluginManager: Mounting plugin MagicLeapMedia
LogPluginManager: Mounting plugin AndroidMedia
LogPluginManager: Mounting plugin AvfMedia
LogPluginManager: Mounting plugin ImgMedia
LogPluginManager: Mounting plugin LinearTimecode
LogPluginManager: Mounting plugin MediaCompositing
LogPluginManager: Mounting plugin MediaPlayerEditor
LogPluginManager: Mounting plugin WebMMedia
LogPluginManager: Mounting plugin WmfMedia
LogPluginManager: Mounting plugin TcpMessaging
LogPluginManager: Mounting plugin UdpMessaging
LogPluginManager: Mounting plugin ActorSequence
LogPluginManager: Mounting plugin LevelSequenceEditor
LogPluginManager: Mounting plugin MatineeToLevelSequence
LogPluginManager: Mounting plugin NetcodeUnitTest
LogPluginManager: Mounting plugin NUTUnrealEngine4
LogPluginManager: Mounting plugin OnlineSubsystemGooglePlay
LogPluginManager: Mounting plugin OnlineSubsystemIOS
LogPluginManager: Mounting plugin OnlineSubsystem
LogPluginManager: Mounting plugin OnlineSubsystemNull
LogPluginManager: Mounting plugin OnlineSubsystemUtils
LogPluginManager: Mounting plugin LauncherChunkInstaller
LogPluginManager: Mounting plugin AndroidDeviceProfileSelector
LogPluginManager: Mounting plugin AndroidMoviePlayer
LogPluginManager: Mounting plugin AndroidPermission
LogPluginManager: Mounting plugin AppleMoviePlayer
LogPluginManager: Mounting plugin ArchVisCharacter
LogPluginManager: Mounting plugin AudioCapture
LogPluginManager: Mounting plugin CableComponent
LogPluginManager: Mounting plugin CustomMeshComponent
LogPluginManager: Mounting plugin EditableMesh
LogPluginManager: Mounting plugin ExampleDeviceProfileSelector
LogPluginManager: Mounting plugin Firebase
LogPluginManager: Mounting plugin GoogleCloudMessaging
LogPluginManager: Mounting plugin IOSDeviceProfileSelector
LogPluginManager: Mounting plugin LinuxDeviceProfileSelector
LogPluginManager: Mounting plugin LocationServicesBPLibrary
LogPluginManager: Mounting plugin MobilePatchingUtils
LogPluginManager: Mounting plugin OculusVR
LogPluginManager: Mounting plugin PhysXVehicles
LogPluginManager: Mounting plugin ProceduralMeshComponent
LogPluginManager: Mounting plugin RuntimePhysXCooking
LogPluginManager: Mounting plugin SteamVR
LogPluginManager: Mounting plugin WebMMoviePlayer
LogPluginManager: Mounting plugin WindowsMoviePlayer
LogStreaming: Display: Took  0.074s to configure plugins.
LogInit: Using libcurl 7.55.1-DEV
LogInit:  - built for x86_64-pc-win32
LogInit:  - supports SSL with OpenSSL/1.0.2h
LogInit:  - supports HTTP deflate (compression) using libz 1.2.8
LogInit:  - other features:
LogInit:      CURL_VERSION_SSL
LogInit:      CURL_VERSION_LIBZ
LogInit:      CURL_VERSION_IPV6
LogInit:      CURL_VERSION_ASYNCHDNS
LogInit:      CURL_VERSION_LARGEFILE
LogInit:      CURL_VERSION_IDN
LogInit:  CurlRequestOptions (configurable via config and command line):
LogInit:  - bVerifyPeer = true  - Libcurl will verify peer certificate
LogInit:  - bUseHttpProxy = false  - Libcurl will NOT use HTTP proxy
LogInit:  - bDontReuseConnections = false  - Libcurl will reuse connections
LogInit:  - MaxHostConnections = 16  - Libcurl will limit the number of connections to a host
LogInit:  - LocalHostAddr = Default
LogInit:  - BufferSize = 65536
LogInit: WinSock: version 1.1 (2.2), MaxSocks=32767, MaxUdp=65467
LogInit: Build: ++UE4+Release-4.21-CL-4613538
LogInit: Engine Version: 4.21.1-4613538+++UE4+Release-4.21
LogInit: Compatible Engine Version: 4.21.0-4541578+++UE4+Release-4.21
LogInit: Net CL: 4541578
LogInit: OS: Windows 10 (), CPU: Intel(R) Core(TM) i7-7700HQ CPU @ 2.80GHz, GPU: Intel(R) HD Graphics 630
LogInit: Compiled (64-bit): Nov 30 2018 04:13:25
LogInit: Compiled with Visual C++: 19.13.26129.00
LogInit: Build Configuration: Development
LogInit: Branch Name: ++UE4+Release-4.21
LogInit: Command Line: 
LogInit: Base Directory: D:/Program Files/Epic/UE_4.21/Engine/Binaries/Win64/
LogInit: Installed Engine Build: 1
LogDevObjectVersion: Number of dev versions registered: 22
LogDevObjectVersion:   Dev-Blueprints (B0D832E4-1F89-4F0D-ACCF-7EB736FD4AA2): 10
LogDevObjectVersion:   Dev-Build (E1C64328-A22C-4D53-A36C-8E866417BD8C): 0
LogDevObjectVersion:   Dev-Core (375EC13C-06E4-48FB-B500-84F0262A717E): 2
LogDevObjectVersion:   Dev-Editor (E4B068ED-F494-42E9-A231-DA0B2E46BB41): 26
LogDevObjectVersion:   Dev-Framework (CFFC743F-43B0-4480-9391-14DF171D2073): 34
LogDevObjectVersion:   Dev-Mobile (B02B49B5-BB20-44E9-A304-32B752E40360): 2
LogDevObjectVersion:   Dev-Networking (A4E4105C-59A1-49B5-A7C5-40C4547EDFEE): 0
LogDevObjectVersion:   Dev-Online (39C831C9-5AE6-47DC-9A44-9C173E1C8E7C): 0
LogDevObjectVersion:   Dev-Physics (78F01B33-EBEA-4F98-B9B4-84EACCB95AA2): 0
LogDevObjectVersion:   Dev-Platform (6631380F-2D4D-43E0-8009-CF276956A95A): 0
LogDevObjectVersion:   Dev-Rendering (12F88B9F-8875-4AFC-A67C-D90C383ABD29): 27
LogDevObjectVersion:   Dev-Sequencer (7B5AE74C-D270-4C10-A958-57980B212A5A): 9
LogDevObjectVersion:   Dev-VR (D7296918-1DD6-4BDD-9DE2-64A83CC13884): 2
LogDevObjectVersion:   Dev-LoadTimes (C2A15278-BFE7-4AFE-6C17-90FF531DF755): 1
LogDevObjectVersion:   Private-Geometry (6EACA3D4-40EC-4CC1-B786-8BED09428FC5): 3
LogDevObjectVersion:   Dev-AnimPhys (29E575DD-E0A3-4627-9D10-D276232CDCEA): 17
LogDevObjectVersion:   Dev-Anim (AF43A65D-7FD3-4947-9873-3E8ED9C1BB05): 2
LogDevObjectVersion:   Dev-ReflectionCapture (6B266CEC-1EC7-4B8F-A30B-E4D90942FC07): 1
LogDevObjectVersion:   Dev-Automation (0DF73D61-A23F-47EA-B727-89E90C41499A): 1
LogDevObjectVersion:   FortniteMain (601D1886-AC64-4F84-AA16-D3DE0DEAC7D6): 17
LogDevObjectVersion:   Dev-Enterprise (9DFFBCD6-494F-0158-E221-12823C92A888): 4
LogDevObjectVersion:   Dev-Niagara (F2AED0AC-9AFE-416F-8664-AA7FFA26D6FC): 1
LogStreaming: Display: Took  0.001s to delete old logs.
LogInit: Presizing for max 8388607 objects, including 0 objects not considered by GC, pre-allocating 0 bytes for permanent pool.
LogInit: Object subsystem initialized
LogConfig: Setting CVar [[con.DebugEarlyDefault:1]]
LogConfig: Setting CVar [[r.setres:1280x720]]
[2019.02.14-19.04.55:387][  0]LogConfig: Setting CVar [[r.VSync:0]]
[2019.02.14-19.04.55:387][  0]LogConfig: Setting CVar [[r.RHICmdBypass:0]]
[2019.02.14-19.04.55:387][  0]LogConfig: Applying CVar settings from Section [/Script/Engine.RendererSettings] File [D:/Program Files/GitKraken/Uni-Project Toast/ProjectToastEmpty/Saved/Config/Windows/Engine.ini]
[2019.02.14-19.04.55:387][  0]LogConfig: Setting CVar [[r.GPUCrashDebugging:0]]
[2019.02.14-19.04.55:387][  0]LogConfig: Applying CVar settings from Section [/Script/Engine.RendererOverrideSettings] File [D:/Program Files/GitKraken/Uni-Project Toast/ProjectToastEmpty/Saved/Config/Windows/Engine.ini]
[2019.02.14-19.04.55:387][  0]LogConfig: Applying CVar settings from Section [/Script/Engine.StreamingSettings] File [D:/Program Files/GitKraken/Uni-Project Toast/ProjectToastEmpty/Saved/Config/Windows/Engine.ini]
[2019.02.14-19.04.55:387][  0]LogConfig: Setting CVar [[s.MinBulkDataSizeForAsyncLoading:131072]]
[2019.02.14-19.04.55:387][  0]LogConfig: Setting CVar [[s.AsyncLoadingThreadEnabled:0]]
[2019.02.14-19.04.55:387][  0]LogConfig: Setting CVar [[s.EventDrivenLoaderEnabled:1]]
[2019.02.14-19.04.55:387][  0]LogConfig: Setting CVar [[s.WarnIfTimeLimitExceeded:0]]
[2019.02.14-19.04.55:387][  0]LogConfig: Setting CVar [[s.TimeLimitExceededMultiplier:1.5]]
[2019.02.14-19.04.55:387][  0]LogConfig: Setting CVar [[s.TimeLimitExceededMinTime:0.005]]
[2019.02.14-19.04.55:387][  0]LogConfig: Setting CVar [[s.UseBackgroundLevelStreaming:1]]
[2019.02.14-19.04.55:387][  0]LogConfig: Setting CVar [[s.PriorityAsyncLoadingExtraTime:15.0]]
[2019.02.14-19.04.55:387][  0]LogConfig: Setting CVar [[s.LevelStreamingActorsUpdateTimeLimit:5.0]]
[2019.02.14-19.04.55:387][  0]LogConfig: Setting CVar [[s.PriorityLevelStreamingActorsUpdateExtraTime:5.0]]
[2019.02.14-19.04.55:387][  0]LogConfig: Setting CVar [[s.LevelStreamingComponentsRegistrationGranularity:10]]
[2019.02.14-19.04.55:387][  0]LogConfig: Setting CVar [[s.UnregisterComponentsTimeLimit:1.0]]
[2019.02.14-19.04.55:387][  0]LogConfig: Setting CVar [[s.LevelStreamingComponentsUnregistrationGranularity:5]]
[2019.02.14-19.04.55:387][  0]LogConfig: Applying CVar settings from Section [/Script/Engine.GarbageCollectionSettings] File [D:/Program Files/GitKraken/Uni-Project Toast/ProjectToastEmpty/Saved/Config/Windows/Engine.ini]
[2019.02.14-19.04.55:387][  0]LogConfig: Setting CVar [[gc.MaxObjectsNotConsideredByGC:1]]
[2019.02.14-19.04.55:388][  0]LogConfig: Setting CVar [[gc.SizeOfPermanentObjectPool:0]]
[2019.02.14-19.04.55:388][  0]LogConfig: Setting CVar [[gc.FlushStreamingOnGC:0]]
[2019.02.14-19.04.55:388][  0]LogConfig: Setting CVar [[gc.NumRetriesBeforeForcingGC:10]]
[2019.02.14-19.04.55:388][  0]LogConfig: Setting CVar [[gc.AllowParallelGC:1]]
[2019.02.14-19.04.55:388][  0]LogConfig: Setting CVar [[gc.TimeBetweenPurgingPendingKillObjects:61.1]]
[2019.02.14-19.04.55:388][  0]LogConfig: Setting CVar [[gc.MaxObjectsInEditor:8388607]]
[2019.02.14-19.04.55:388][  0]LogConfig: Setting CVar [[gc.IncrementalBeginDestroyEnabled:1]]
[2019.02.14-19.04.55:388][  0]LogConfig: Setting CVar [[gc.CreateGCClusters:1]]
[2019.02.14-19.04.55:388][  0]LogConfig: Setting CVar [[gc.MergeGCClusters:0]]
[2019.02.14-19.04.55:388][  0]LogConfig: Setting CVar [[gc.MinGCClusterSize:5]]
[2019.02.14-19.04.55:388][  0]LogConfig: Setting CVar [[gc.ActorClusteringEnabled:0]]
[2019.02.14-19.04.55:388][  0]LogConfig: Setting CVar [[gc.BlueprintClusteringEnabled:0]]
[2019.02.14-19.04.55:388][  0]LogConfig: Setting CVar [[gc.UseDisregardForGCOnDedicatedServers:0]]
[2019.02.14-19.04.55:388][  0]LogConfig: Applying CVar settings from Section [/Script/Engine.NetworkSettings] File [D:/Program Files/GitKraken/Uni-Project Toast/ProjectToastEmpty/Saved/Config/Windows/Engine.ini]
[2019.02.14-19.04.55:388][  0]LogConfig: Applying CVar settings from Section [/Script/UnrealEd.CookerSettings] File [D:/Program Files/GitKraken/Uni-Project Toast/ProjectToastEmpty/Saved/Config/Windows/Engine.ini]
[2019.02.14-19.04.55:390][  0]LogConfig: Applying CVar settings from Section [ViewDistanceQuality@3] File [D:/Program Files/GitKraken/Uni-Project Toast/ProjectToastEmpty/Saved/Config/Windows/Scalability.ini]
[2019.02.14-19.04.55:390][  0]LogConfig: Setting CVar [[r.SkeletalMeshLODBias:0]]
[2019.02.14-19.04.55:390][  0]LogConfig: Setting CVar [[r.ViewDistanceScale:1.0]]
[2019.02.14-19.04.55:390][  0]LogConfig: Applying CVar settings from Section [AntiAliasingQuality@3] File [D:/Program Files/GitKraken/Uni-Project Toast/ProjectToastEmpty/Saved/Config/Windows/Scalability.ini]
[2019.02.14-19.04.55:390][  0]LogConfig: Setting CVar [[r.PostProcessAAQuality:4]]
[2019.02.14-19.04.55:390][  0]LogConfig: Applying CVar settings from Section [ShadowQuality@3] File [D:/Program Files/GitKraken/Uni-Project Toast/ProjectToastEmpty/Saved/Config/Windows/Scalability.ini]
[2019.02.14-19.04.55:390][  0]LogConfig: Setting CVar [[r.LightFunctionQuality:1]]
[2019.02.14-19.04.55:390][  0]LogConfig: Setting CVar [[r.ShadowQuality:5]]
[2019.02.14-19.04.55:390][  0]LogConfig: Setting CVar [[r.Shadow.CSM.MaxCascades:10]]
[2019.02.14-19.04.55:390][  0]LogConfig: Setting CVar [[r.Shadow.MaxResolution:2048]]
[2019.02.14-19.04.55:390][  0]LogConfig: Setting CVar [[r.Shadow.MaxCSMResolution:2048]]
[2019.02.14-19.04.55:390][  0]LogConfig: Setting CVar [[r.Shadow.RadiusThreshold:0.01]]
[2019.02.14-19.04.55:390][  0]LogConfig: Setting CVar [[r.Shadow.DistanceScale:1.0]]
[2019.02.14-19.04.55:390][  0]LogConfig: Setting CVar [[r.Shadow.CSM.TransitionScale:1.0]]
[2019.02.14-19.04.55:390][  0]LogConfig: Setting CVar [[r.Shadow.PreShadowResolutionFactor:1.0]]
[2019.02.14-19.04.55:390][  0]LogConfig: Setting CVar [[r.DistanceFieldShadowing:1]]
[2019.02.14-19.04.55:390][  0]LogConfig: Setting CVar [[r.DistanceFieldAO:1]]
[2019.02.14-19.04.55:390][  0]LogConfig: Setting CVar [[r.AOQuality:2]]
[2019.02.14-19.04.55:390][  0]LogConfig: Setting CVar [[r.VolumetricFog:1]]
[2019.02.14-19.04.55:390][  0]LogConfig: Setting CVar [[r.VolumetricFog.GridPixelSize:8]]
[2019.02.14-19.04.55:390][  0]LogConfig: Setting CVar [[r.VolumetricFog.GridSizeZ:128]]
[2019.02.14-19.04.55:390][  0]LogConfig: Setting CVar [[r.VolumetricFog.HistoryMissSupersampleCount:4]]
[2019.02.14-19.04.55:390][  0]LogConfig: Setting CVar [[r.LightMaxDrawDistanceScale:1]]
[2019.02.14-19.04.55:390][  0]LogConfig: Setting CVar [[r.CapsuleShadows:1]]
[2019.02.14-19.04.55:390][  0]LogConfig: Applying CVar settings from Section [PostProcessQuality@3] File [D:/Program Files/GitKraken/Uni-Project Toast/ProjectToastEmpty/Saved/Config/Windows/Scalability.ini]
[2019.02.14-19.04.55:390][  0]LogConfig: Setting CVar [[r.MotionBlurQuality:4]]
[2019.02.14-19.04.55:390][  0]LogConfig: Setting CVar [[r.AmbientOcclusionMipLevelFactor:0.4]]
[2019.02.14-19.04.55:390][  0]LogConfig: Setting CVar [[r.AmbientOcclusionMaxQuality:100]]
[2019.02.14-19.04.55:390][  0]LogConfig: Setting CVar [[r.AmbientOcclusionLevels:-1]]
[2019.02.14-19.04.55:390][  0]LogConfig: Setting CVar [[r.AmbientOcclusionRadiusScale:1.0]]
[2019.02.14-19.04.55:391][  0]LogConfig: Setting CVar [[r.DepthOfFieldQuality:2]]
[2019.02.14-19.04.55:391][  0]LogConfig: Setting CVar [[r.RenderTargetPoolMin:400]]
[2019.02.14-19.04.55:391][  0]LogConfig: Setting CVar [[r.LensFlareQuality:2]]
[2019.02.14-19.04.55:391][  0]LogConfig: Setting CVar [[r.SceneColorFringeQuality:1]]
[2019.02.14-19.04.55:391][  0]LogConfig: Setting CVar [[r.EyeAdaptationQuality:2]]
[2019.02.14-19.04.55:391][  0]LogConfig: Setting CVar [[r.BloomQuality:5]]
[2019.02.14-19.04.55:391][  0]LogConfig: Setting CVar [[r.FastBlurThreshold:100]]
[2019.02.14-19.04.55:391][  0]LogConfig: Setting CVar [[r.Upscale.Quality:3]]
[2019.02.14-19.04.55:391][  0]LogConfig: Setting CVar [[r.Tonemapper.GrainQuantization:1]]
[2019.02.14-19.04.55:391][  0]LogConfig: Setting CVar [[r.LightShaftQuality:1]]
[2019.02.14-19.04.55:391][  0]LogConfig: Setting CVar [[r.Filter.SizeScale:1]]
[2019.02.14-19.04.55:391][  0]LogConfig: Setting CVar [[r.Tonemapper.Quality:5]]
[2019.02.14-19.04.55:391][  0]LogConfig: Setting CVar [[r.DOF.Gather.AccumulatorQuality:1        ; higher gathering accumulator quality]]
[2019.02.14-19.04.55:391][  0]LogConfig: Setting CVar [[r.DOF.Gather.PostfilterMethod:1          ; Median3x3 postfilering method]]
[2019.02.14-19.04.55:391][  0]LogConfig: Setting CVar [[r.DOF.Gather.EnableBokehSettings:0       ; no bokeh simulation when gathering]]
[2019.02.14-19.04.55:391][  0]LogConfig: Setting CVar [[r.DOF.Gather.RingCount:4                 ; medium number of samples when gathering]]
[2019.02.14-19.04.55:391][  0]LogConfig: Setting CVar [[r.DOF.Scatter.ForegroundCompositing:1    ; additive foreground scattering]]
[2019.02.14-19.04.55:391][  0]LogConfig: Setting CVar [[r.DOF.Scatter.BackgroundCompositing:2    ; additive background scattering]]
[2019.02.14-19.04.55:391][  0]LogConfig: Setting CVar [[r.DOF.Scatter.EnableBokehSettings:1      ; bokeh simulation when scattering]]
[2019.02.14-19.04.55:391][  0]LogConfig: Setting CVar [[r.DOF.Scatter.MaxSpriteRatio:0.1         ; only a maximum of 10% of scattered bokeh]]
[2019.02.14-19.04.55:391][  0]LogConfig: Setting CVar [[r.DOF.Recombine.Quality:1                ; cheap slight out of focus]]
[2019.02.14-19.04.55:391][  0]LogConfig: Setting CVar [[r.DOF.Recombine.EnableBokehSettings:0    ; no bokeh simulation on slight out of focus]]
[2019.02.14-19.04.55:391][  0]LogConfig: Setting CVar [[r.DOF.TemporalAAQuality:1                ; more stable temporal accumulation]]
[2019.02.14-19.04.55:391][  0]LogConfig: Setting CVar [[r.DOF.Kernel.MaxForegroundRadius:0.025]]
[2019.02.14-19.04.55:391][  0]LogConfig: Setting CVar [[r.DOF.Kernel.MaxBackgroundRadius:0.025]]
[2019.02.14-19.04.55:391][  0]LogConfig: Applying CVar settings from Section [TextureQuality@3] File [D:/Program Files/GitKraken/Uni-Project Toast/ProjectToastEmpty/Saved/Config/Windows/Scalability.ini]
[2019.02.14-19.04.55:391][  0]LogConfig: Setting CVar [[r.Streaming.MipBias:0]]
[2019.02.14-19.04.55:391][  0]LogConfig: Setting CVar [[r.Streaming.AmortizeCPUToGPUCopy:0]]
[2019.02.14-19.04.55:391][  0]LogConfig: Setting CVar [[r.Streaming.MaxNumTexturesToStreamPerFrame:0]]
[2019.02.14-19.04.55:391][  0]LogConfig: Setting CVar [[r.Streaming.Boost:1]]
[2019.02.14-19.04.55:391][  0]LogConfig: Setting CVar [[r.MaxAnisotropy:8]]
[2019.02.14-19.04.55:391][  0]LogConfig: Setting CVar [[r.Streaming.LimitPoolSizeToVRAM:0]]
[2019.02.14-19.04.55:391][  0]LogConfig: Setting CVar [[r.Streaming.PoolSize:1000]]
[2019.02.14-19.04.55:391][  0]LogConfig: Setting CVar [[r.Streaming.MaxEffectiveScreenSize:0]]
[2019.02.14-19.04.55:391][  0]LogConfig: Applying CVar settings from Section [EffectsQuality@3] File [D:/Program Files/GitKraken/Uni-Project Toast/ProjectToastEmpty/Saved/Config/Windows/Scalability.ini]
[2019.02.14-19.04.55:391][  0]LogConfig: Setting CVar [[r.TranslucencyLightingVolumeDim:64]]
[2019.02.14-19.04.55:391][  0]LogConfig: Setting CVar [[r.RefractionQuality:2]]
[2019.02.14-19.04.55:391][  0]LogConfig: Setting CVar [[r.SSR.Quality:3]]
[2019.02.14-19.04.55:391][  0]LogConfig: Setting CVar [[r.SceneColorFormat:4]]
[2019.02.14-19.04.55:391][  0]LogConfig: Setting CVar [[r.DetailMode:2]]
[2019.02.14-19.04.55:391][  0]LogConfig: Setting CVar [[r.TranslucencyVolumeBlur:1]]
[2019.02.14-19.04.55:391][  0]LogConfig: Setting CVar [[r.MaterialQualityLevel:1 ; High quality]]
[2019.02.14-19.04.55:391][  0]LogConfig: Setting CVar [[r.SSS.Scale:1]]
[2019.02.14-19.04.55:391][  0]LogConfig: Setting CVar [[r.SSS.SampleSet:2]]
[2019.02.14-19.04.55:391][  0]LogConfig: Setting CVar [[r.SSS.Quality:1]]
[2019.02.14-19.04.55:391][  0]LogConfig: Setting CVar [[r.SSS.HalfRes:1]]
[2019.02.14-19.04.55:391][  0]LogConfig: Setting CVar [[r.EmitterSpawnRateScale:1.0]]
[2019.02.14-19.04.55:391][  0]LogConfig: Setting CVar [[r.ParticleLightQuality:2]]
[2019.02.14-19.04.55:391][  0]LogConfig: Applying CVar settings from Section [FoliageQuality@3] File [D:/Program Files/GitKraken/Uni-Project Toast/ProjectToastEmpty/Saved/Config/Windows/Scalability.ini]
[2019.02.14-19.04.55:391][  0]LogConfig: Setting CVar [[foliage.DensityScale:1.0]]
[2019.02.14-19.04.55:391][  0]LogConfig: Setting CVar [[grass.DensityScale:1.0]]
[2019.02.14-19.04.55:391][  0]LogInit: Selected Device Profile: [Windows]
[2019.02.14-19.04.55:391][  0]LogInit: Applying CVar settings loaded from the selected device profile: [Windows]
[2019.02.14-19.04.55:398][  0]LogHAL: Display: Platform has ~ 8 GB [8445181952 / 8589934592 / 8], which maps to Default [LargestMinGB=32, LargerMinGB=12, DefaultMinGB=8, SmallerMinGB=6, SmallestMinGB=0)
[2019.02.14-19.04.55:398][  0]LogConfig: Setting CVar [[r.Vulkan.UseRealUBs:1]]
[2019.02.14-19.04.55:398][  0]LogInit: Going up to parent DeviceProfile []
[2019.02.14-19.04.55:398][  0]LogConfig: Applying CVar settings from Section [ViewDistanceQuality@3] File [D:/Program Files/GitKraken/Uni-Project Toast/ProjectToastEmpty/Saved/Config/Windows/Scalability.ini]
[2019.02.14-19.04.55:398][  0]LogConfig: Setting CVar [[r.SkeletalMeshLODBias:0]]
[2019.02.14-19.04.55:398][  0]LogConfig: Setting CVar [[r.ViewDistanceScale:1.0]]
[2019.02.14-19.04.55:398][  0]LogConfig: Applying CVar settings from Section [AntiAliasingQuality@3] File [D:/Program Files/GitKraken/Uni-Project Toast/ProjectToastEmpty/Saved/Config/Windows/Scalability.ini]
[2019.02.14-19.04.55:398][  0]LogConfig: Setting CVar [[r.PostProcessAAQuality:4]]
[2019.02.14-19.04.55:398][  0]LogConfig: Applying CVar settings from Section [ShadowQuality@3] File [D:/Program Files/GitKraken/Uni-Project Toast/ProjectToastEmpty/Saved/Config/Windows/Scalability.ini]
[2019.02.14-19.04.55:399][  0]LogConfig: Setting CVar [[r.LightFunctionQuality:1]]
[2019.02.14-19.04.55:399][  0]LogConfig: Setting CVar [[r.ShadowQuality:5]]
[2019.02.14-19.04.55:399][  0]LogConfig: Setting CVar [[r.Shadow.CSM.MaxCascades:10]]
[2019.02.14-19.04.55:399][  0]LogConfig: Setting CVar [[r.Shadow.MaxResolution:2048]]
[2019.02.14-19.04.55:399][  0]LogConfig: Setting CVar [[r.Shadow.MaxCSMResolution:2048]]
[2019.02.14-19.04.55:399][  0]LogConfig: Setting CVar [[r.Shadow.RadiusThreshold:0.01]]
[2019.02.14-19.04.55:399][  0]LogConfig: Setting CVar [[r.Shadow.DistanceScale:1.0]]
[2019.02.14-19.04.55:399][  0]LogConfig: Setting CVar [[r.Shadow.CSM.TransitionScale:1.0]]
[2019.02.14-19.04.55:399][  0]LogConfig: Setting CVar [[r.Shadow.PreShadowResolutionFactor:1.0]]
[2019.02.14-19.04.55:399][  0]LogConfig: Setting CVar [[r.DistanceFieldShadowing:1]]
[2019.02.14-19.04.55:399][  0]LogConfig: Setting CVar [[r.DistanceFieldAO:1]]
[2019.02.14-19.04.55:399][  0]LogConfig: Setting CVar [[r.AOQuality:2]]
[2019.02.14-19.04.55:399][  0]LogConfig: Setting CVar [[r.VolumetricFog:1]]
[2019.02.14-19.04.55:399][  0]LogConfig: Setting CVar [[r.VolumetricFog.GridPixelSize:8]]
[2019.02.14-19.04.55:399][  0]LogConfig: Setting CVar [[r.VolumetricFog.GridSizeZ:128]]
[2019.02.14-19.04.55:399][  0]LogConfig: Setting CVar [[r.VolumetricFog.HistoryMissSupersampleCount:4]]
[2019.02.14-19.04.55:399][  0]LogConfig: Setting CVar [[r.LightMaxDrawDistanceScale:1]]
[2019.02.14-19.04.55:399][  0]LogConfig: Setting CVar [[r.CapsuleShadows:1]]
[2019.02.14-19.04.55:399][  0]LogConfig: Applying CVar settings from Section [PostProcessQuality@3] File [D:/Program Files/GitKraken/Uni-Project Toast/ProjectToastEmpty/Saved/Config/Windows/Scalability.ini]
[2019.02.14-19.04.55:399][  0]LogConfig: Setting CVar [[r.MotionBlurQuality:4]]
[2019.02.14-19.04.55:399][  0]LogConfig: Setting CVar [[r.AmbientOcclusionMipLevelFactor:0.4]]
[2019.02.14-19.04.55:399][  0]LogConfig: Setting CVar [[r.AmbientOcclusionMaxQuality:100]]
[2019.02.14-19.04.55:399][  0]LogConfig: Setting CVar [[r.AmbientOcclusionLevels:-1]]
[2019.02.14-19.04.55:399][  0]LogConfig: Setting CVar [[r.AmbientOcclusionRadiusScale:1.0]]
[2019.02.14-19.04.55:399][  0]LogConfig: Setting CVar [[r.DepthOfFieldQuality:2]]
[2019.02.14-19.04.55:399][  0]LogConfig: Setting CVar [[r.RenderTargetPoolMin:400]]
[2019.02.14-19.04.55:399][  0]LogConfig: Setting CVar [[r.LensFlareQuality:2]]
[2019.02.14-19.04.55:399][  0]LogConfig: Setting CVar [[r.SceneColorFringeQuality:1]]
[2019.02.14-19.04.55:399][  0]LogConfig: Setting CVar [[r.EyeAdaptationQuality:2]]
[2019.02.14-19.04.55:399][  0]LogConfig: Setting CVar [[r.BloomQuality:5]]
[2019.02.14-19.04.55:399][  0]LogConfig: Setting CVar [[r.FastBlurThreshold:100]]
[2019.02.14-19.04.55:399][  0]LogConfig: Setting CVar [[r.Upscale.Quality:3]]
[2019.02.14-19.04.55:399][  0]LogConfig: Setting CVar [[r.Tonemapper.GrainQuantization:1]]
[2019.02.14-19.04.55:399][  0]LogConfig: Setting CVar [[r.LightShaftQuality:1]]
[2019.02.14-19.04.55:399][  0]LogConfig: Setting CVar [[r.Filter.SizeScale:1]]
[2019.02.14-19.04.55:399][  0]LogConfig: Setting CVar [[r.Tonemapper.Quality:5]]
[2019.02.14-19.04.55:399][  0]LogConfig: Setting CVar [[r.DOF.Gather.AccumulatorQuality:1        ; higher gathering accumulator quality]]
[2019.02.14-19.04.55:399][  0]LogConfig: Setting CVar [[r.DOF.Gather.PostfilterMethod:1          ; Median3x3 postfilering method]]
[2019.02.14-19.04.55:399][  0]LogConfig: Setting CVar [[r.DOF.Gather.EnableBokehSettings:0       ; no bokeh simulation when gathering]]
[2019.02.14-19.04.55:399][  0]LogConfig: Setting CVar [[r.DOF.Gather.RingCount:4                 ; medium number of samples when gathering]]
[2019.02.14-19.04.55:399][  0]LogConfig: Setting CVar [[r.DOF.Scatter.ForegroundCompositing:1    ; additive foreground scattering]]
[2019.02.14-19.04.55:399][  0]LogConfig: Setting CVar [[r.DOF.Scatter.BackgroundCompositing:2    ; additive background scattering]]
[2019.02.14-19.04.55:399][  0]LogConfig: Setting CVar [[r.DOF.Scatter.EnableBokehSettings:1      ; bokeh simulation when scattering]]
[2019.02.14-19.04.55:399][  0]LogConfig: Setting CVar [[r.DOF.Scatter.MaxSpriteRatio:0.1         ; only a maximum of 10% of scattered bokeh]]
[2019.02.14-19.04.55:399][  0]LogConfig: Setting CVar [[r.DOF.Recombine.Quality:1                ; cheap slight out of focus]]
[2019.02.14-19.04.55:399][  0]LogConfig: Setting CVar [[r.DOF.Recombine.EnableBokehSettings:0    ; no bokeh simulation on slight out of focus]]
[2019.02.14-19.04.55:399][  0]LogConfig: Setting CVar [[r.DOF.TemporalAAQuality:1                ; more stable temporal accumulation]]
[2019.02.14-19.04.55:399][  0]LogConfig: Setting CVar [[r.DOF.Kernel.MaxForegroundRadius:0.025]]
[2019.02.14-19.04.55:399][  0]LogConfig: Setting CVar [[r.DOF.Kernel.MaxBackgroundRadius:0.025]]
[2019.02.14-19.04.55:399][  0]LogConfig: Applying CVar settings from Section [TextureQuality@3] File [D:/Program Files/GitKraken/Uni-Project Toast/ProjectToastEmpty/Saved/Config/Windows/Scalability.ini]
[2019.02.14-19.04.55:399][  0]LogConfig: Setting CVar [[r.Streaming.MipBias:0]]
[2019.02.14-19.04.55:399][  0]LogConfig: Setting CVar [[r.Streaming.AmortizeCPUToGPUCopy:0]]
[2019.02.14-19.04.55:399][  0]LogConfig: Setting CVar [[r.Streaming.MaxNumTexturesToStreamPerFrame:0]]
[2019.02.14-19.04.55:399][  0]LogConfig: Setting CVar [[r.Streaming.Boost:1]]
[2019.02.14-19.04.55:399][  0]LogConfig: Setting CVar [[r.MaxAnisotropy:8]]
[2019.02.14-19.04.55:399][  0]LogConfig: Setting CVar [[r.Streaming.LimitPoolSizeToVRAM:0]]
[2019.02.14-19.04.55:399][  0]LogConfig: Setting CVar [[r.Streaming.PoolSize:1000]]
[2019.02.14-19.04.55:399][  0]LogConfig: Setting CVar [[r.Streaming.MaxEffectiveScreenSize:0]]
[2019.02.14-19.04.55:399][  0]LogConfig: Applying CVar settings from Section [EffectsQuality@3] File [D:/Program Files/GitKraken/Uni-Project Toast/ProjectToastEmpty/Saved/Config/Windows/Scalability.ini]
[2019.02.14-19.04.55:399][  0]LogConfig: Setting CVar [[r.TranslucencyLightingVolumeDim:64]]
[2019.02.14-19.04.55:399][  0]LogConfig: Setting CVar [[r.RefractionQuality:2]]
[2019.02.14-19.04.55:399][  0]LogConfig: Setting CVar [[r.SSR.Quality:3]]
[2019.02.14-19.04.55:399][  0]LogConfig: Setting CVar [[r.SceneColorFormat:4]]
[2019.02.14-19.04.55:399][  0]LogConfig: Setting CVar [[r.DetailMode:2]]
[2019.02.14-19.04.55:399][  0]LogConfig: Setting CVar [[r.TranslucencyVolumeBlur:1]]
[2019.02.14-19.04.55:399][  0]LogConfig: Setting CVar [[r.MaterialQualityLevel:1 ; High quality]]
[2019.02.14-19.04.55:399][  0]LogConfig: Setting CVar [[r.SSS.Scale:1]]
[2019.02.14-19.04.55:399][  0]LogConfig: Setting CVar [[r.SSS.SampleSet:2]]
[2019.02.14-19.04.55:399][  0]LogConfig: Setting CVar [[r.SSS.Quality:1]]
[2019.02.14-19.04.55:399][  0]LogConfig: Setting CVar [[r.SSS.HalfRes:1]]
[2019.02.14-19.04.55:399][  0]LogConfig: Setting CVar [[r.EmitterSpawnRateScale:1.0]]
[2019.02.14-19.04.55:399][  0]LogConfig: Setting CVar [[r.ParticleLightQuality:2]]
[2019.02.14-19.04.55:399][  0]LogConfig: Applying CVar settings from Section [FoliageQuality@3] File [D:/Program Files/GitKraken/Uni-Project Toast/ProjectToastEmpty/Saved/Config/Windows/Scalability.ini]
[2019.02.14-19.04.55:399][  0]LogConfig: Setting CVar [[foliage.DensityScale:1.0]]
[2019.02.14-19.04.55:399][  0]LogConfig: Setting CVar [[grass.DensityScale:1.0]]
[2019.02.14-19.04.55:399][  0]LogConfig: Applying CVar settings from Section [Startup] File [../../../Engine/Config/ConsoleVariables.ini]
[2019.02.14-19.04.55:400][  0]LogConfig: Setting CVar [[net.UseAdaptiveNetUpdateFrequency:0]]
[2019.02.14-19.04.55:400][  0]LogConfig: Applying CVar settings from Section [ConsoleVariables] File [D:/Program Files/GitKraken/Uni-Project Toast/ProjectToastEmpty/Saved/Config/Windows/Engine.ini]
[2019.02.14-19.04.55:400][  0]LogInit: Computer: DESKTOP-NP50MTH
[2019.02.14-19.04.55:400][  0]LogInit: User: batte
[2019.02.14-19.04.55:400][  0]LogInit: CPU Page size=4096, Cores=4
[2019.02.14-19.04.55:400][  0]LogInit: High frequency timer resolution =2.742189 MHz
[2019.02.14-19.04.55:400][  0]LogMemory: Memory total: Physical=7.9GB (8GB approx)
[2019.02.14-19.04.55:400][  0]LogMemory: Platform Memory Stats for Windows
[2019.02.14-19.04.55:400][  0]LogMemory: Process Physical Memory: 103.02 MB used, 103.02 MB peak
[2019.02.14-19.04.55:400][  0]LogMemory: Process Virtual Memory: 90.23 MB used, 90.23 MB peak
[2019.02.14-19.04.55:400][  0]LogMemory: Physical Memory: 5712.99 MB used,  2340.96 MB free, 8053.95 MB total
[2019.02.14-19.04.55:400][  0]LogMemory: Virtual Memory: 4636.82 MB used,  134213088.00 MB free, 134217728.00 MB total
[2019.02.14-19.04.55:421][  0]LogInit: Using OS detected language (en-US).
[2019.02.14-19.04.55:421][  0]LogInit: Using OS detected locale (en-GB).
[2019.02.14-19.04.55:423][  0]LogTextLocalizationManager: No specific localization for 'en-US' exists, so the 'en' localization will be used.
[2019.02.14-19.04.55:828][  0]LogStreaming: Display: Took  0.407s to InitEngineTextLocalization.
[2019.02.14-19.04.55:828][  0]LogInit: Setting process to per monitor DPI aware
[2019.02.14-19.04.55:858][  0]LogSlate: New Slate User Created.  User Index 0, Is Virtual User: 0
[2019.02.14-19.04.55:858][  0]LogSlate: Slate User Registered.  User Index 0, Is Virtual User: 0
[2019.02.14-19.04.56:173][  0]LogHMD: Failed to initialize OpenVR with code 110
[2019.02.14-19.04.56:173][  0]LogD3D11RHI: D3D11 adapters:
[2019.02.14-19.04.56:277][  0]LogD3D11RHI:    0. 'NVIDIA GeForce GTX 1050' (Feature Level 11_0)
[2019.02.14-19.04.56:277][  0]LogD3D11RHI:       4021/0/4026 MB DedicatedVideo/DedicatedSystem/SharedSystem, Outputs:1, VendorId:0x10de
[2019.02.14-19.04.56:290][  0]LogD3D11RHI:    1. 'Intel(R) HD Graphics 630' (Feature Level 11_0)
[2019.02.14-19.04.56:290][  0]LogD3D11RHI:       128/0/4026 MB DedicatedVideo/DedicatedSystem/SharedSystem, Outputs:0, VendorId:0x8086
[2019.02.14-19.04.56:293][  0]LogD3D11RHI:    2. 'Microsoft Basic Render Driver' (Feature Level 11_0)
[2019.02.14-19.04.56:293][  0]LogD3D11RHI:       0/0/4026 MB DedicatedVideo/DedicatedSystem/SharedSystem, Outputs:0, VendorId:0x1414
[2019.02.14-19.04.56:293][  0]LogD3D11RHI: Chosen D3D11 Adapter: 0
[2019.02.14-19.04.56:305][  0]LogD3D11RHI: Creating new Direct3DDevice
[2019.02.14-19.04.56:305][  0]LogD3D11RHI:     GPU DeviceId: 0x1c8d (for the marketing name, search the web for "GPU Device Id")
[2019.02.14-19.04.56:305][  0]LogWindows: EnumDisplayDevices:
[2019.02.14-19.04.56:305][  0]LogWindows:    0. 'Intel(R) HD Graphics 630' (P:1 D:1)
[2019.02.14-19.04.56:306][  0]LogWindows:    1. 'Intel(R) HD Graphics 630' (P:0 D:0)
[2019.02.14-19.04.56:306][  0]LogWindows:    2. 'Intel(R) HD Graphics 630' (P:0 D:0)
[2019.02.14-19.04.56:306][  0]LogWindows: DebugString: PrimaryIsNotTheChoosenAdapter PrimaryIsNotTheChoosenAdapter PrimaryIsNotTheChoosenAdapter FoundDriverCount:0 
[2019.02.14-19.04.56:306][  0]LogD3D11RHI:     Adapter Name: NVIDIA GeForce GTX 1050
[2019.02.14-19.04.56:306][  0]LogD3D11RHI:   Driver Version: Unknown (internal:Unknown, unified:Unknown)
[2019.02.14-19.04.56:306][  0]LogD3D11RHI:      Driver Date: Unknown
[2019.02.14-19.04.56:306][  0]LogRHI: Texture pool is 2814 MB (70% of 4021 MB)
[2019.02.14-19.04.56:352][  0]LogD3D11RHI: Async texture creation enabled
[2019.02.14-19.04.56:369][  0]LogD3D11RHI: GPU Timing Frequency: 1000.000000 (Debug: 2 2)
[2019.02.14-19.04.56:758][  0]LogTemp: Display: Loaded TP AllDesktopTargetPlatform
[2019.02.14-19.04.56:772][  0]LogTemp: Display: Loaded TP MacClientTargetPlatform
[2019.02.14-19.04.56:784][  0]LogTemp: Display: Loaded TP MacNoEditorTargetPlatform
[2019.02.14-19.04.56:797][  0]LogTemp: Display: Loaded TP MacServerTargetPlatform
[2019.02.14-19.04.56:810][  0]LogTemp: Display: Loaded TP MacTargetPlatform
[2019.02.14-19.04.56:823][  0]LogTemp: Display: Loaded TP WindowsClientTargetPlatform
[2019.02.14-19.04.56:842][  0]LogTemp: Display: Loaded TP WindowsNoEditorTargetPlatform
[2019.02.14-19.04.56:857][  0]LogTemp: Display: Loaded TP WindowsServerTargetPlatform
[2019.02.14-19.04.56:862][  0]LogTemp: Display: Loaded TP WindowsTargetPlatform
[2019.02.14-19.04.56:934][  0]LogTemp: Display: Loaded TP AndroidTargetPlatform
[2019.02.14-19.04.56:934][  0]LogTemp: Display: Loaded TP AndroidTargetPlatform
[2019.02.14-19.04.56:934][  0]LogTemp: Display: Loaded TP AndroidTargetPlatform
[2019.02.14-19.04.56:934][  0]LogTemp: Display: Loaded TP AndroidTargetPlatform
[2019.02.14-19.04.56:934][  0]LogTemp: Display: Loaded TP AndroidTargetPlatform
[2019.02.14-19.04.56:934][  0]LogTemp: Display: Loaded TP AndroidTargetPlatform
[2019.02.14-19.04.56:934][  0]LogTemp: Display: Loaded TP AndroidTargetPlatform
[2019.02.14-19.04.56:934][  0]LogTemp: Display: Loaded TP AndroidTargetPlatform
[2019.02.14-19.04.56:934][  0]LogTemp: Display: Loaded TP AndroidTargetPlatform
[2019.02.14-19.04.56:934][  0]LogTemp: Display: Loaded TP AndroidTargetPlatform
[2019.02.14-19.04.56:934][  0]LogTemp: Display: Loaded TP AndroidTargetPlatform
[2019.02.14-19.04.56:934][  0]LogTemp: Display: Loaded TP AndroidTargetPlatform
[2019.02.14-19.04.56:934][  0]LogTemp: Display: Loaded TP AndroidTargetPlatform
[2019.02.14-19.04.56:934][  0]LogTemp: Display: Loaded TP AndroidTargetPlatform
[2019.02.14-19.04.56:934][  0]LogTemp: Display: Loaded TP AndroidTargetPlatform
[2019.02.14-19.04.56:934][  0]LogTemp: Display: Loaded TP AndroidTargetPlatform
[2019.02.14-19.04.56:934][  0]LogTemp: Display: Loaded TP AndroidTargetPlatform
[2019.02.14-19.04.56:934][  0]LogTemp: Display: Loaded TP AndroidTargetPlatform
[2019.02.14-19.04.56:936][  0]LogTemp: Display: Loaded TP HTML5TargetPlatform
[2019.02.14-19.04.57:002][  0]LogTemp: Display: Loaded TP IOSTargetPlatform
[2019.02.14-19.04.57:002][  0]LogTemp: Display: Loaded TP IOSTargetPlatform
[2019.02.14-19.04.57:038][  0]LogTemp: Display: Loaded TP TVOSTargetPlatform
[2019.02.14-19.04.57:038][  0]LogTemp: Display: Loaded TP TVOSTargetPlatform
[2019.02.14-19.04.57:054][  0]LogTemp: Display: Loaded TP LinuxClientTargetPlatform
[2019.02.14-19.04.57:068][  0]LogTemp: Display: Loaded TP LinuxNoEditorTargetPlatform
[2019.02.14-19.04.57:087][  0]LogTemp: Display: Loaded TP LinuxServerTargetPlatform
[2019.02.14-19.04.57:102][  0]LogTemp: Display: Loaded TP LinuxTargetPlatform
[2019.02.14-19.04.57:149][  0]LogTemp: Display: Loaded TP LuminTargetPlatform
[2019.02.14-19.04.57:149][  0]LogTemp: Display: Loaded TP LuminTargetPlatform
[2019.02.14-19.04.57:149][  0]LogTargetPlatformManager: Display: Building Assets For Windows
[2019.02.14-19.04.57:216][  0]LogShaderCompilers: Guid format shader working directory is -15 characters bigger than the processId version (../../../../../GitKraken/Uni-Project Toast/ProjectToastEmpty/Intermediate/Shaders/WorkingDirectory/11732/).
[2019.02.14-19.04.57:216][  0]LogShaderCompilers: Cleaned the shader compiler working directory 'C:/Users/batte/AppData/Local/Temp/UnrealShaderWorkingDir/EF22DAC94C2199F17F22749FC6EF7942/'.
[2019.02.14-19.04.57:218][  0]LogXGEController: Cannot use XGE Controller as Incredibuild is not installed on this machine.
[2019.02.14-19.04.57:218][  0]LogShaderCompilers: Cannot use XGE Shader Compiler as Incredibuild is not installed on this machine.
[2019.02.14-19.04.57:218][  0]LogShaderCompilers: Display: Using Local Shader Compiler.
[2019.02.14-19.04.57:846][  0]LogDerivedDataCache: Display: Max Cache Size: 512 MB
[2019.02.14-19.04.57:914][  0]LogDerivedDataCache: Loaded boot cache 0.07s 71MB C:/Users/batte/AppData/Local/UnrealEngine/4.21/DerivedDataCache/Boot.ddc.
[2019.02.14-19.04.57:915][  0]LogDerivedDataCache: Display: Loaded Boot cache: C:/Users/batte/AppData/Local/UnrealEngine/4.21/DerivedDataCache/Boot.ddc
[2019.02.14-19.04.57:915][  0]LogDerivedDataCache: FDerivedDataBackendGraph:  Pak pak cache file ../../../../../GitKraken/Uni-Project Toast/ProjectToastEmpty/DerivedDataCache/DDC.ddp not found, will not use a pak cache.
[2019.02.14-19.04.57:915][  0]LogDerivedDataCache: Unable to find inner node Pak for hierarchical cache Hierarchy.
[2019.02.14-19.04.57:915][  0]LogDerivedDataCache: FDerivedDataBackendGraph:  CompressedPak pak cache file ../../../../../GitKraken/Uni-Project Toast/ProjectToastEmpty/DerivedDataCache/Compressed.ddp not found, will not use a pak cache.
[2019.02.14-19.04.57:915][  0]LogDerivedDataCache: Unable to find inner node CompressedPak for hierarchical cache Hierarchy.
[2019.02.14-19.04.57:934][  0]LogDerivedDataCache: Display: Pak cache opened for reading ../../../Engine/DerivedDataCache/Compressed.ddp.
[2019.02.14-19.04.57:934][  0]LogDerivedDataCache: FDerivedDataBackendGraph:  EnterprisePak pak cache file ../../../Enterprise/DerivedDataCache/Compressed.ddp not found, will not use a pak cache.
[2019.02.14-19.04.57:934][  0]LogDerivedDataCache: Unable to find inner node EnterprisePak for hierarchical cache Hierarchy.
[2019.02.14-19.04.57:946][  0]LogDerivedDataCache: Using Local data cache path C:/Users/batte/AppData/Local/UnrealEngine/Common/DerivedDataCache: Writable
[2019.02.14-19.04.57:946][  0]LogDerivedDataCache: Shared data cache path not found in *engine.ini, will not use an Shared cache.
[2019.02.14-19.04.57:946][  0]LogDerivedDataCache: Unable to find inner node Shared for hierarchical cache Hierarchy.
[2019.02.14-19.04.57:979][  0]LogMaterial: Verifying Global Shaders for PCD3D_SM5
[2019.02.14-19.04.57:980][  0]LogSlate: Using FreeType 2.6.0
[2019.02.14-19.04.57:980][  0]LogSlate: SlateFontServices - WITH_FREETYPE: 1, WITH_HARFBUZZ: 1
[2019.02.14-19.04.58:092][  0]LogAssetRegistry: FAssetRegistry took 0.0394 seconds to start up
[2019.02.14-19.04.58:432][  0]LogInit: Selected Device Profile: [Windows]
[2019.02.14-19.04.58:602][  0]LogSimplygon: Simplygon DLL not present - disabling.
[2019.02.14-19.04.58:605][  0]LogMeshReduction: Using SimplygonSwarm for distributed automatic mesh merging
[2019.02.14-19.04.58:605][  0]LogMeshReduction: Using ProxyLODMeshReduction for automatic mesh merging
[2019.02.14-19.04.58:605][  0]LogMeshReduction: Using QuadricMeshReduction for automatic static mesh reduction
[2019.02.14-19.04.58:605][  0]LogMeshReduction: No automatic skeletal mesh reduction module available
[2019.02.14-19.04.58:621][  0]LogNetVersion: ProjectToast 1.0.0, NetCL: 4541578, EngineNetVer: 5, GameNetVer: 0 (Checksum: 2449957701)
[2019.02.14-19.05.01:252][  0]LogPackageLocalizationCache: Processed 11 localized package path(s) for 2 prioritized culture(s) in 1.817789 seconds
[2019.02.14-19.05.01:259][  0]LogUObjectArray: 39775 objects as part of root set at end of initial load.
[2019.02.14-19.05.01:259][  0]LogUObjectAllocator: 6914656 out of 0 bytes used by permanent object pool.
[2019.02.14-19.05.01:259][  0]LogUObjectArray: CloseDisregardForGC: 0/0 objects in disregard for GC pool
[2019.02.14-19.05.02:265][  0]LogTcpMessaging: Initializing TcpMessaging bridge
[2019.02.14-19.05.02:278][  0]LogUdpMessaging: Initializing bridge on interface 0.0.0.0:0 to multicast group 230.0.0.1:6666.
[2019.02.14-19.05.03:167][  0]SourceControl: Source control is disabled
[2019.02.14-19.05.03:167][  0]SourceControl: Source control is disabled
[2019.02.14-19.05.03:168][  0]SourceControl: Source control is disabled
[2019.02.14-19.05.03:169][  0]SourceControl: Source control is disabled
[2019.02.14-19.05.03:334][  0]LogAndroidPermission: UAndroidPermissionCallbackProxy::GetInstance
[2019.02.14-19.05.03:394][  0]LogOcInput: OculusInput pre-init called
[2019.02.14-19.05.03:527][  0]LogEngine: Initializing Engine...
[2019.02.14-19.05.03:528][  0]LogHMD: Failed to initialize OpenVR with code 110
[2019.02.14-19.05.03:530][  0]LogStats: UGameplayTagsManager::ConstructGameplayTagTree: ImportINI prefixes -  0.000 s
[2019.02.14-19.05.03:530][  0]LogStats: UGameplayTagsManager::ConstructGameplayTagTree: Construct from data asset -  0.000 s
[2019.02.14-19.05.03:530][  0]LogStats: UGameplayTagsManager::ConstructGameplayTagTree: ImportINI -  0.000 s
[2019.02.14-19.05.03:530][  0]LogStats: UGameplayTagsManager::ConstructGameplayTagTree: GameplayTagTreeChangedEvent.Broadcast -  0.000 s
[2019.02.14-19.05.03:794][  0]LogInit: Initializing FReadOnlyCVARCache
[2019.02.14-19.05.03:812][  0]LogAIModule: Creating AISystem for world Untitled
[2019.02.14-19.05.03:869][  0]LogInit: XAudio2 using 'Speakers / Headphones (Realtek Audio)' : 2 channels at 48 kHz using 32 bits per sample (channel mask 0x3)
[2019.02.14-19.05.04:286][  0]LogInit: FAudioDevice initialized.
[2019.02.14-19.05.04:286][  0]LogNetVersion: Set ProjectVersion to 1.0.0.0. Version Checksum will be recalculated on next use.
[2019.02.14-19.05.04:509][  0]LogDerivedDataCache: Saved boot cache 0.22s 71MB C:/Users/batte/AppData/Local/UnrealEngine/4.21/DerivedDataCache/Boot.ddc.
[2019.02.14-19.05.04:517][  0]LogInit: Texture streaming: Enabled
[2019.02.14-19.05.04:537][  0]LogEngineSessionManager: EngineSessionManager initialized
[2019.02.14-19.05.04:557][  0]LogInit: Transaction tracking system initialized
[2019.02.14-19.05.04:581][  0]BlueprintLog: New page: Editor Load
[2019.02.14-19.05.04:652][  0]LocalizationService: Localization service is disabled
[2019.02.14-19.05.05:121][  0]LogCook: Display: Max memory allowance for cook 16384mb min free memory 0mb
[2019.02.14-19.05.05:122][  0]LogCook: Display: Mobile HDR setting 1
[2019.02.14-19.05.05:122][  0]LogGameplayTags: Display: UGameplayTagsManager::DoneAddingNativeTags. DelegateIsBound: 0
[2019.02.14-19.05.05:122][  0]LogStats: UGameplayTagsManager::ConstructGameplayTagTree: ImportINI prefixes -  0.000 s
[2019.02.14-19.05.05:122][  0]LogStats: UGameplayTagsManager::ConstructGameplayTagTree: Construct from data asset -  0.000 s
[2019.02.14-19.05.05:122][  0]LogStats: UGameplayTagsManager::ConstructGameplayTagTree: ImportINI -  0.000 s
[2019.02.14-19.05.05:122][  0]LogStats: UGameplayTagsManager::ConstructGameplayTagTree: GameplayTagTreeChangedEvent.Broadcast -  0.000 s
[2019.02.14-19.05.05:281][  0]LogFileCache: Scanning file cache for directory 'D:/Program Files/GitKraken/Uni-Project Toast/ProjectToastEmpty/Content/' took 0.03s
[2019.02.14-19.05.05:281][  0]SourceControl: Source control is disabled
[2019.02.14-19.05.05:281][  0]Cmd: MAP LOAD FILE="../../../../../GitKraken/Uni-Project Toast/ProjectToastEmpty/Content/Kim/Maps/SpaceMap.umap" TEMPLATE=0 SHOWPROGRESS=1 FEATURELEVEL=3
[2019.02.14-19.05.05:281][  0]LightingResults: New page: Lighting Build
[2019.02.14-19.05.05:284][  0]MapCheck: New page: Map Check
[2019.02.14-19.05.05:284][  0]LightingResults: New page: Lighting Build
[2019.02.14-19.05.06:222][  0]LogAIModule: Creating AISystem for world SpaceMap
[2019.02.14-19.05.06:559][  0]LogEditorServer: Finished looking for orphan Actors (0.000 secs)
[2019.02.14-19.05.06:594][  0]Cmd: MAP CHECKDEP NOCLEARLOG
[2019.02.14-19.05.06:594][  0]MapCheck: Map check complete: 0 Error(s), 0 Warning(s), took 0.093ms to complete.
[2019.02.14-19.05.06:594][  0]LogFileHelpers: Loading map 'SpaceMap' took 1.314
[2019.02.14-19.05.06:699][  0]LogSlate: Updating window title bar state: overlay mode, drag disabled, window buttons hidden, title bar hidden
[2019.02.14-19.05.06:708][  0]LogSlate: Updating window title bar state: overlay mode, drag disabled, window buttons hidden, title bar hidden
[2019.02.14-19.05.06:720][  0]LogSlate: Updating window title bar state: overlay mode, drag disabled, window buttons hidden, title bar hidden
[2019.02.14-19.05.06:729][  0]LogSlate: Updating window title bar state: overlay mode, drag disabled, window buttons hidden, title bar hidden
[2019.02.14-19.05.06:736][  0]LogCollectionManager: Loaded 0 collections in 0.002320 seconds
[2019.02.14-19.05.06:778][  0]LogFileCache: Scanning file cache for directory 'D:/Program Files/GitKraken/Uni-Project Toast/ProjectToastEmpty/Saved/Collections/' took 0.01s
[2019.02.14-19.05.06:778][  0]LogFileCache: Scanning file cache for directory 'D:/Program Files/GitKraken/Uni-Project Toast/ProjectToastEmpty/Content/Developers/batte/Collections/' took 0.01s
[2019.02.14-19.05.06:778][  0]LogFileCache: Scanning file cache for directory 'D:/Program Files/GitKraken/Uni-Project Toast/ProjectToastEmpty/Content/Collections/' took 0.01s
[2019.02.14-19.05.06:779][  0]LogCollectionManager: Rebuilt the GUID cache for 0 collections in 0.000000 seconds
[2019.02.14-19.05.06:801][  0]LogContentBrowser: Native class hierarchy populated in 0.0218 seconds. Added 2660 classes and 624 folders.
[2019.02.14-19.05.06:807][  0]LogContentBrowser: Native class hierarchy updated for 'WidgetCarousel' in 0.0005 seconds. Added 0 classes and 0 folders.
[2019.02.14-19.05.06:809][  0]LogPakFile: Registered encryption key '00000000000000000000000000000000': 0 pak files mounted, 0 remain pending
[2019.02.14-19.05.06:810][  0]LogPakFile: Registered encryption key '00000000000000000000000000000000': 0 pak files mounted, 0 remain pending
[2019.02.14-19.05.06:811][  0]LogPakFile: Registered encryption key '00000000000000000000000000000000': 0 pak files mounted, 0 remain pending
[2019.02.14-19.05.06:811][  0]LogPakFile: Registered encryption key '00000000000000000000000000000000': 0 pak files mounted, 0 remain pending
[2019.02.14-19.05.06:811][  0]LogPakFile: Registered encryption key '00000000000000000000000000000000': 0 pak files mounted, 0 remain pending
[2019.02.14-19.05.06:812][  0]LogPakFile: Registered encryption key '00000000000000000000000000000000': 0 pak files mounted, 0 remain pending
[2019.02.14-19.05.06:813][  0]LogPakFile: Registered encryption key '00000000000000000000000000000000': 0 pak files mounted, 0 remain pending
[2019.02.14-19.05.06:814][  0]LogPakFile: Registered encryption key '00000000000000000000000000000000': 0 pak files mounted, 0 remain pending
[2019.02.14-19.05.06:814][  0]LogPakFile: Registered encryption key '00000000000000000000000000000000': 0 pak files mounted, 0 remain pending
[2019.02.14-19.05.06:815][  0]LogPakFile: Registered encryption key '00000000000000000000000000000000': 0 pak files mounted, 0 remain pending
[2019.02.14-19.05.06:815][  0]LogPakFile: Registered encryption key '00000000000000000000000000000000': 0 pak files mounted, 0 remain pending
[2019.02.14-19.05.06:816][  0]LogPakFile: Registered encryption key '00000000000000000000000000000000': 0 pak files mounted, 0 remain pending
[2019.02.14-19.05.06:816][  0]LogPakFile: Registered encryption key '00000000000000000000000000000000': 0 pak files mounted, 0 remain pending
[2019.02.14-19.05.06:817][  0]LogPakFile: Registered encryption key '00000000000000000000000000000000': 0 pak files mounted, 0 remain pending
[2019.02.14-19.05.06:817][  0]LogPakFile: Registered encryption key '00000000000000000000000000000000': 0 pak files mounted, 0 remain pending
[2019.02.14-19.05.06:818][  0]LogPakFile: Registered encryption key '00000000000000000000000000000000': 0 pak files mounted, 0 remain pending
[2019.02.14-19.05.06:818][  0]LogPakFile: Registered encryption key '00000000000000000000000000000000': 0 pak files mounted, 0 remain pending
[2019.02.14-19.05.06:819][  0]LogPakFile: Registered encryption key '00000000000000000000000000000000': 0 pak files mounted, 0 remain pending
[2019.02.14-19.05.06:819][  0]LogPakFile: Registered encryption key '00000000000000000000000000000000': 0 pak files mounted, 0 remain pending
[2019.02.14-19.05.06:820][  0]LogPakFile: Registered encryption key '00000000000000000000000000000000': 0 pak files mounted, 0 remain pending
[2019.02.14-19.05.06:820][  0]LogPakFile: Registered encryption key '00000000000000000000000000000000': 0 pak files mounted, 0 remain pending
[2019.02.14-19.05.06:821][  0]LogPakFile: Registered encryption key '00000000000000000000000000000000': 0 pak files mounted, 0 remain pending
[2019.02.14-19.05.06:821][  0]LogPakFile: Registered encryption key '00000000000000000000000000000000': 0 pak files mounted, 0 remain pending
[2019.02.14-19.05.06:822][  0]LogPakFile: Registered encryption key '00000000000000000000000000000000': 0 pak files mounted, 0 remain pending
[2019.02.14-19.05.06:823][  0]LogPakFile: Registered encryption key '00000000000000000000000000000000': 0 pak files mounted, 0 remain pending
[2019.02.14-19.05.06:823][  0]LogPakFile: Registered encryption key '00000000000000000000000000000000': 0 pak files mounted, 0 remain pending
[2019.02.14-19.05.06:886][  0]LogContentBrowser: Native class hierarchy updated for 'AddContentDialog' in 0.0004 seconds. Added 0 classes and 0 folders.
[2019.02.14-19.05.06:900][  0]LogSlate: Took 0.000262 seconds to synchronously load lazily loaded font '../../../Engine/Content/Slate/Fonts/Roboto-Regular.ttf' (155K)
[2019.02.14-19.05.06:906][  0]LogSlate: Took 0.000251 seconds to synchronously load lazily loaded font '../../../Engine/Content/Slate/Fonts/Roboto-Bold.ttf' (160K)
[2019.02.14-19.05.06:909][  0]LogSlate: Took 0.000334 seconds to synchronously load lazily loaded font '../../../Engine/Content/Editor/Slate/Fonts/FontAwesome.ttf' (139K)
[2019.02.14-19.05.07:015][  0]LogRenderer: Reallocating scene render targets to support 1276x600 Format 10 NumSamples 1 (Frame:1).
[2019.02.14-19.05.07:279][  0]LogContentBrowser: Native class hierarchy updated for 'HierarchicalLODOutliner' in 0.0005 seconds. Added 0 classes and 0 folders.
[2019.02.14-19.05.07:279][  0]LogLoad: (Engine Initialization) Total time: 14.17 seconds
[2019.02.14-19.05.07:279][  0]LogLoad: (Engine Initialization) Total Blueprint compile time: 0.00 seconds
[2019.02.14-19.05.07:290][  0]LogWindowsTextInputMethodSystem: Display: IME system now deactivated.
[2019.02.14-19.05.07:352][  0]LogContentStreaming: Texture pool size now 1000 MB
[2019.02.14-19.05.07:392][  0]LogSlate: Took 0.000188 seconds to synchronously load lazily loaded font '../../../Engine/Content/Slate/Fonts/Roboto-Light.ttf' (167K)
[2019.02.14-19.05.07:400][  1]LogFileCache: Retrieving MD5 hashes for directory 'D:/Program Files/GitKraken/Uni-Project Toast/ProjectToastEmpty/Content/' took 0.10s
[2019.02.14-19.05.07:719][  3]LogAssetRegistry: Asset discovery search completed in 9.6501 seconds
[2019.02.14-19.05.07:722][  3]LogCollectionManager: Rebuilt the object cache for 0 collections in 0.000000 seconds (found 0 objects)
[2019.02.14-19.05.07:722][  3]LogCollectionManager: Fixed up redirectors for 0 collections in 0.000058 seconds (updated 0 objects)
[2019.02.14-19.05.10:355][ 84]LogSlate: Took 0.000205 seconds to synchronously load lazily loaded font '../../../Engine/Content/Slate/Fonts/Roboto-Light.ttf' (167K)
[2019.02.14-19.05.43:468][ 59]LogSlate: FSceneViewport::OnFocusLost() reason 0
[2019.02.14-19.05.43:593][ 60]LogAssetEditorManager: Opening Asset editor for Blueprint /Game/Kim/Rooms/Medium/BP_Medium_Side_Room_Square.BP_Medium_Side_Room_Square
[2019.02.14-19.05.45:589][ 60]LogContentBrowser: Native class hierarchy updated for 'BlueprintGraph' in 0.0011 seconds. Added 117 classes and 0 folders.
[2019.02.14-19.05.48:755][ 60]LogSlate: Took 0.010995 seconds to synchronously load lazily loaded font '../../../Engine/Content/Slate/Fonts/Roboto-BoldCondensed.ttf' (158K)
[2019.02.14-19.05.51:469][121]LogRenderer: Reallocating scene render targets to support 1276x712 Format 10 NumSamples 1 (Frame:1).
[2019.02.14-19.06.12:723][718]LogSlate: Took 0.000261 seconds to synchronously load lazily loaded font '../../../Engine/Content/Slate/Fonts/Roboto-Italic.ttf' (157K)
[2019.02.14-19.06.14:750][775]LogSlate: FSceneViewport::OnFocusLost() reason 0
[2019.02.14-19.07.06:110][255]LogSlate: FSceneViewport::OnFocusLost() reason 2
[2019.02.14-19.07.38:953][208]LogSlate: FSceneViewport::OnFocusLost() reason 0
[2019.02.14-19.08.39:968][ 35]LogSlate: FSceneViewport::OnFocusLost() reason 0
[2019.02.14-19.08.53:061][381]LogAssetEditorManager: Opening Asset editor for Material /Game/Materials/PostProcess/M_CellShading.M_CellShading
[2019.02.14-19.08.53:136][381]LogMaterial: Display: Missing cached shader map for material M_CellShading, compiling. 
[2019.02.14-19.08.54:531][381]LogMaterial: Display: Missing cached shader map for material M_CellShading, compiling. 
[2019.02.14-19.08.54:624][381]LogShaderCompilers: Display: Shaders left to compile 7
[2019.02.14-19.08.54:625][381]LogShaderCompilers: Display: Shaders left to compile 6
[2019.02.14-19.08.54:625][381]LogShaderCompilers: Display: Shaders left to compile 5
[2019.02.14-19.08.54:625][381]LogShaderCompilers: Display: Shaders left to compile 4
[2019.02.14-19.08.54:638][381]LogMaterial: Display: Missing cached shader map for material M_CellShading, compiling. 
[2019.02.14-19.08.54:723][381]LogMaterial: Display: Missing cached shader map for material FMatExpressionPreview MaterialExpressionConstant3Vector_6, compiling. 
[2019.02.14-19.08.54:736][381]LogMaterial: Display: Missing cached shader map for material FMatExpressionPreview MaterialExpressionConstant3Vector_7, compiling. 
[2019.02.14-19.08.54:748][381]LogMaterial: Display: Missing cached shader map for material FMatExpressionPreview MaterialExpressionConstant3Vector_8, compiling. 
[2019.02.14-19.08.54:755][381]LogMaterial: Display: Missing cached shader map for material FMatExpressionPreview MaterialExpressionConstant3Vector_9, compiling. 
[2019.02.14-19.08.54:762][381]LogMaterial: Display: Missing cached shader map for material FMatExpressionPreview MaterialExpressionConstant3Vector_10, compiling. 
[2019.02.14-19.08.54:769][381]LogMaterial: Display: Missing cached shader map for material FMatExpressionPreview MaterialExpressionConstant3Vector_11, compiling. 
[2019.02.14-19.08.54:777][381]LogMaterial: Display: Missing cached shader map for material FMatExpressionPreview MaterialExpressionVectorParameter_2, compiling. 
[2019.02.14-19.08.54:784][381]LogMaterial: Display: Missing cached shader map for material FMatExpressionPreview MaterialExpressionVectorParameter_7, compiling. 
[2019.02.14-19.08.54:792][381]LogMaterial: Display: Missing cached shader map for material FMatExpressionPreview MaterialExpressionVectorParameter_8, compiling. 
[2019.02.14-19.08.54:800][381]LogMaterial: Display: Missing cached shader map for material FMatExpressionPreview MaterialExpressionVectorParameter_9, compiling. 
[2019.02.14-19.08.54:809][381]LogMaterial: Display: Missing cached shader map for material FMatExpressionPreview MaterialExpressionVectorParameter_10, compiling. 
[2019.02.14-19.08.54:815][381]LogMaterial: Display: Missing cached shader map for material FMatExpressionPreview MaterialExpressionVectorParameter_11, compiling. 
[2019.02.14-19.08.54:822][381]LogMaterial: Display: Missing cached shader map for material FMatExpressionPreview MaterialExpressionVectorParameter_12, compiling. 
[2019.02.14-19.08.56:521][398]LogShaderCompilers: Display: Shaders left to compile 33
[2019.02.14-19.08.56:564][399]LogShaderCompilers: Display: Shaders left to compile 32
[2019.02.14-19.08.56:684][403]LogShaderCompilers: Display: Shaders left to compile 31
[2019.02.14-19.08.56:791][406]LogShaderCompilers: Display: Shaders left to compile 30
[2019.02.14-19.08.56:889][409]LogShaderCompilers: Display: Shaders left to compile 29
[2019.02.14-19.08.56:895][409]LogShaderCompilers: Display: Shaders left to compile 28
[2019.02.14-19.08.57:270][420]LogShaderCompilers: Display: Shaders left to compile 27
[2019.02.14-19.08.57:351][423]LogShaderCompilers: Display: Shaders left to compile 26
[2019.02.14-19.08.57:428][425]LogShaderCompilers: Display: Shaders left to compile 25
[2019.02.14-19.08.57:517][428]LogShaderCompilers: Display: Shaders left to compile 24
[2019.02.14-19.08.57:523][428]LogShaderCompilers: Display: Shaders left to compile 23
[2019.02.14-19.08.57:636][430]MaterialEditorStats: Base pass shader without light map: 32 instructions
[2019.02.14-19.08.57:636][430]MaterialEditorStats: Base pass vertex shader: 36 instructions
[2019.02.14-19.08.57:636][430]MaterialEditorStats: Texture samplers: 5/16
[2019.02.14-19.08.57:636][430]MaterialEditorStats: Texture Lookups (Est.): VS(0), PS(20)
[2019.02.14-19.08.57:636][430]MaterialEditorStats: User interpolators: 2/4 Scalars (1/4 Vectors) (TexCoords: 2, Custom: 0)
[2019.02.14-19.08.57:761][435]LogShaderCompilers: Display: Shaders left to compile 22
[2019.02.14-19.08.57:845][437]LogShaderCompilers: Display: Shaders left to compile 21
[2019.02.14-19.08.57:896][438]LogShaderCompilers: Display: Shaders left to compile 20
[2019.02.14-19.08.58:025][442]LogShaderCompilers: Display: Shaders left to compile 19
[2019.02.14-19.08.58:196][448]LogShaderCompilers: Display: Shaders left to compile 18
[2019.02.14-19.08.58:230][449]LogShaderCompilers: Display: Shaders left to compile 17
[2019.02.14-19.08.58:322][451]LogShaderCompilers: Display: Shaders left to compile 16
[2019.02.14-19.08.58:345][452]LogShaderCompilers: Display: Shaders left to compile 15
[2019.02.14-19.08.58:562][459]LogShaderCompilers: Display: Shaders left to compile 14
[2019.02.14-19.08.58:684][463]LogShaderCompilers: Display: Shaders left to compile 13
[2019.02.14-19.08.58:695][463]LogShaderCompilers: Display: Shaders left to compile 12
[2019.02.14-19.08.58:762][464]LogShaderCompilers: Display: Shaders left to compile 11
[2019.02.14-19.08.59:017][471]LogShaderCompilers: Display: Shaders left to compile 10
[2019.02.14-19.08.59:042][472]LogShaderCompilers: Display: Shaders left to compile 9
[2019.02.14-19.08.59:095][473]LogShaderCompilers: Display: Shaders left to compile 8
[2019.02.14-19.08.59:127][473]LogShaderCompilers: Display: Shaders left to compile 7
[2019.02.14-19.08.59:361][479]LogShaderCompilers: Display: Shaders left to compile 6
[2019.02.14-19.08.59:452][482]LogShaderCompilers: Display: Shaders left to compile 5
[2019.02.14-19.08.59:494][483]LogShaderCompilers: Display: Shaders left to compile 4
[2019.02.14-19.08.59:522][483]LogShaderCompilers: Display: Shaders left to compile 3
[2019.02.14-19.08.59:823][493]LogShaderCompilers: Display: Shaders left to compile 2
[2019.02.14-19.08.59:860][494]LogShaderCompilers: Display: Shaders left to compile 1
[2019.02.14-19.09.49:069][959]LogSlate: FSceneViewport::OnFocusLost() reason 0
[2019.02.14-19.10.02:846][364]LogEditorViewport: Clicking on Actor (LMB): BP_Medium_Side_Room_Square_C (Player Start Room)
[2019.02.14-19.10.03:751][384]Cmd: CAMERA ALIGN ACTIVEVIEWPORTONLY
[2019.02.14-19.10.29:669][143]LogSlate: FSceneViewport::OnFocusLost() reason 0
[2019.02.14-19.10.39:668][354]LogSlate: FSceneViewport::OnFocusLost() reason 0
[2019.02.14-19.10.53:518][732]LogSlate: FSceneViewport::OnFocusLost() reason 0
[2019.02.14-19.10.53:635][734]LogTemp: Repeating last play command: Selected Viewport
[2019.02.14-19.10.53:675][734]LogBlueprintUserMessages: Early PlayInEditor Detection: Level '/Game/Kim/Maps/SpaceMap.SpaceMap:PersistentLevel' has LevelScriptBlueprint '/Game/Kim/Maps/SpaceMap.SpaceMap:PersistentLevel.SpaceMap' with GeneratedClass '/Game/Kim/Maps/SpaceMap.SpaceMap_C' with ClassGeneratedBy '/Game/Kim/Maps/SpaceMap.SpaceMap:PersistentLevel.SpaceMap'
[2019.02.14-19.10.53:731][734]LogPlayLevel: PlayLevel: No blueprints needed recompiling
[2019.02.14-19.10.53:776][734]PIE: New page: PIE session: SpaceMap (14 Feb 2019 19:10:53)
[2019.02.14-19.10.53:902][734]LogPlayLevel: Creating play world package: /Game/Kim/Maps/UEDPIE_0_SpaceMap
[2019.02.14-19.10.53:983][734]LogPlayLevel: PIE: StaticDuplicateObject took: (0.080859s)
[2019.02.14-19.10.53:983][734]LogAIModule: Creating AISystem for world SpaceMap
[2019.02.14-19.10.54:001][734]LogPlayLevel: PIE: World Init took: (0.017644s)
[2019.02.14-19.10.54:001][734]LogPlayLevel: PIE: Created PIE world by copying editor world from /Game/Kim/Maps/SpaceMap.SpaceMap to /Game/Kim/Maps/UEDPIE_0_SpaceMap.SpaceMap (0.098893s)
[2019.02.14-19.10.54:105][734]LogInit: XAudio2 using 'Speakers / Headphones (Realtek Audio)' : 2 channels at 48 kHz using 32 bits per sample (channel mask 0x3)
[2019.02.14-19.10.54:218][734]LogInit: FAudioDevice initialized.
[2019.02.14-19.10.56:277][734]LogLoad: Game class is 'BP_ProjectToastGameModeBase_C'
[2019.02.14-19.10.56:381][734]LogWorld: Bringing World /Game/Kim/Maps/UEDPIE_0_SpaceMap.SpaceMap up for play (max tick rate 0) at 2019.02.14-19.10.56
[2019.02.14-19.10.56:463][734]LogWorld: Bringing up level for play took: 0.131277
[2019.02.14-19.10.56:776][734]LogContentBrowser: Native class hierarchy updated for 'MovieSceneCapture' in 0.0007 seconds. Added 20 classes and 0 folders.
[2019.02.14-19.10.57:086][734]ProjectSpace: FPSCharacter : Initialized
[2019.02.14-19.10.57:117][734]PIE: Play in editor start time for /Game/Kim/Maps/UEDPIE_0_SpaceMap 3.98
[2019.02.14-19.10.57:118][734]LogBlueprintUserMessages: Late PlayInEditor Detection: Level '/Game/Kim/Maps/SpaceMap.SpaceMap:PersistentLevel' has LevelScriptBlueprint '/Game/Kim/Maps/SpaceMap.SpaceMap:PersistentLevel.SpaceMap' with GeneratedClass '/Game/Kim/Maps/SpaceMap.SpaceMap_C' with ClassGeneratedBy '/Game/Kim/Maps/SpaceMap.SpaceMap:PersistentLevel.SpaceMap'
[2019.02.14-19.11.52:755][383]LogBlueprintUserMessages: Early EndPlayMap Detection: Level '/Game/Kim/Maps/SpaceMap.SpaceMap:PersistentLevel' has LevelScriptBlueprint '/Game/Kim/Maps/SpaceMap.SpaceMap:PersistentLevel.SpaceMap' with GeneratedClass '/Game/Kim/Maps/SpaceMap.SpaceMap_C' with ClassGeneratedBy '/Game/Kim/Maps/SpaceMap.SpaceMap:PersistentLevel.SpaceMap'
[2019.02.14-19.11.52:755][383]LogSlate: Updating window title bar state: overlay mode, drag disabled, window buttons hidden, title bar hidden
[2019.02.14-19.11.52:852][383]LogPlayLevel: Display: Shutting down PIE online subsystems
[2019.02.14-19.11.52:852][383]LogBlueprintUserMessages: Late EndPlayMap Detection: Level '/Game/Kim/Maps/SpaceMap.SpaceMap:PersistentLevel' has LevelScriptBlueprint '/Game/Kim/Maps/SpaceMap.SpaceMap:PersistentLevel.SpaceMap' with GeneratedClass '/Game/Kim/Maps/SpaceMap.SpaceMap_C' with ClassGeneratedBy '/Game/Kim/Maps/SpaceMap.SpaceMap:PersistentLevel.SpaceMap'
[2019.02.14-19.11.52:900][383]LogSlate: Updating window title bar state: overlay mode, drag disabled, window buttons hidden, title bar hidden
[2019.02.14-19.11.53:019][384]LogPlayLevel: Display: Destroying online subsystem :Context_10
[2019.02.14-19.11.53:935][407]LogSlate: FSceneViewport::OnFocusLost() reason 0
[2019.02.14-19.11.56:140][463]LogSlate: FSceneViewport::OnFocusLost() reason 0
[2019.02.14-19.12.14:784][  3]Cmd: CAMERA ALIGN ACTIVEVIEWPORTONLY
[2019.02.14-19.12.16:618][ 56]LogSlate: FSceneViewport::OnFocusLost() reason 0
[2019.02.14-19.12.16:718][ 58]LogTemp: Repeating last play command: Selected Viewport
[2019.02.14-19.12.16:733][ 58]LogBlueprintUserMessages: Early PlayInEditor Detection: Level '/Game/Kim/Maps/SpaceMap.SpaceMap:PersistentLevel' has LevelScriptBlueprint '/Game/Kim/Maps/SpaceMap.SpaceMap:PersistentLevel.SpaceMap' with GeneratedClass '/Game/Kim/Maps/SpaceMap.SpaceMap_C' with ClassGeneratedBy '/Game/Kim/Maps/SpaceMap.SpaceMap:PersistentLevel.SpaceMap'
[2019.02.14-19.12.16:733][ 58]LogPlayLevel: PlayLevel: No blueprints needed recompiling
[2019.02.14-19.12.16:733][ 58]PIE: New page: PIE session: SpaceMap (14 Feb 2019 19:12:16)
[2019.02.14-19.12.16:733][ 58]LogPlayLevel: Creating play world package: /Game/Kim/Maps/UEDPIE_0_SpaceMap
[2019.02.14-19.12.16:796][ 58]LogPlayLevel: PIE: StaticDuplicateObject took: (0.063255s)
[2019.02.14-19.12.16:797][ 58]LogAIModule: Creating AISystem for world SpaceMap
[2019.02.14-19.12.16:798][ 58]LogPlayLevel: PIE: World Init took: (0.001960s)
[2019.02.14-19.12.16:798][ 58]LogPlayLevel: PIE: Created PIE world by copying editor world from /Game/Kim/Maps/SpaceMap.SpaceMap to /Game/Kim/Maps/UEDPIE_0_SpaceMap.SpaceMap (0.065450s)
[2019.02.14-19.12.16:839][ 58]LogInit: XAudio2 using 'Speakers / Headphones (Realtek Audio)' : 2 channels at 48 kHz using 32 bits per sample (channel mask 0x3)
[2019.02.14-19.12.16:932][ 58]LogInit: FAudioDevice initialized.
[2019.02.14-19.12.16:994][ 58]LogLoad: Game class is 'BP_ProjectToastGameModeBase_C'
[2019.02.14-19.12.17:044][ 58]LogWorld: Bringing World /Game/Kim/Maps/UEDPIE_0_SpaceMap.SpaceMap up for play (max tick rate 0) at 2019.02.14-19.12.17
[2019.02.14-19.12.17:045][ 58]LogWorld: Bringing up level for play took: 0.048343
[2019.02.14-19.12.17:059][ 58]ProjectSpace: FPSCharacter : Initialized
[2019.02.14-19.12.17:059][ 58]PIE: Play in editor start time for /Game/Kim/Maps/UEDPIE_0_SpaceMap -0.078
[2019.02.14-19.12.17:059][ 58]LogBlueprintUserMessages: Late PlayInEditor Detection: Level '/Game/Kim/Maps/SpaceMap.SpaceMap:PersistentLevel' has LevelScriptBlueprint '/Game/Kim/Maps/SpaceMap.SpaceMap:PersistentLevel.SpaceMap' with GeneratedClass '/Game/Kim/Maps/SpaceMap.SpaceMap_C' with ClassGeneratedBy '/Game/Kim/Maps/SpaceMap.SpaceMap:PersistentLevel.SpaceMap'
[2019.02.14-19.16.29:404][621]LogBlueprintUserMessages: Early EndPlayMap Detection: Level '/Game/Kim/Maps/SpaceMap.SpaceMap:PersistentLevel' has LevelScriptBlueprint '/Game/Kim/Maps/SpaceMap.SpaceMap:PersistentLevel.SpaceMap' with GeneratedClass '/Game/Kim/Maps/SpaceMap.SpaceMap_C' with ClassGeneratedBy '/Game/Kim/Maps/SpaceMap.SpaceMap:PersistentLevel.SpaceMap'
[2019.02.14-19.16.29:404][621]LogSlate: Updating window title bar state: overlay mode, drag disabled, window buttons hidden, title bar hidden
[2019.02.14-19.16.29:477][621]LogPlayLevel: Display: Shutting down PIE online subsystems
[2019.02.14-19.16.29:477][621]LogBlueprintUserMessages: Late EndPlayMap Detection: Level '/Game/Kim/Maps/SpaceMap.SpaceMap:PersistentLevel' has LevelScriptBlueprint '/Game/Kim/Maps/SpaceMap.SpaceMap:PersistentLevel.SpaceMap' with GeneratedClass '/Game/Kim/Maps/SpaceMap.SpaceMap_C' with ClassGeneratedBy '/Game/Kim/Maps/SpaceMap.SpaceMap:PersistentLevel.SpaceMap'
[2019.02.14-19.16.29:520][621]LogSlate: Updating window title bar state: overlay mode, drag disabled, window buttons hidden, title bar hidden
[2019.02.14-19.16.29:562][622]LogPlayLevel: Display: Destroying online subsystem :Context_13
[2019.02.14-19.16.32:168][697]LogSlate: FSceneViewport::OnFocusLost() reason 0
[2019.02.14-19.16.40:619][913]LogSlate: FSceneViewport::OnFocusLost() reason 0
[2019.02.14-19.16.58:068][366]LogSlate: FSceneViewport::OnFocusLost() reason 0
[2019.02.14-19.16.58:167][368]LogTemp: Repeating last play command: Selected Viewport
[2019.02.14-19.16.58:182][368]LogBlueprintUserMessages: Early PlayInEditor Detection: Level '/Game/Kim/Maps/SpaceMap.SpaceMap:PersistentLevel' has LevelScriptBlueprint '/Game/Kim/Maps/SpaceMap.SpaceMap:PersistentLevel.SpaceMap' with GeneratedClass '/Game/Kim/Maps/SpaceMap.SpaceMap_C' with ClassGeneratedBy '/Game/Kim/Maps/SpaceMap.SpaceMap:PersistentLevel.SpaceMap'
[2019.02.14-19.16.58:182][368]LogPlayLevel: PlayLevel: No blueprints needed recompiling
[2019.02.14-19.16.58:182][368]PIE: New page: PIE session: SpaceMap (14 Feb 2019 19:16:58)
[2019.02.14-19.16.58:182][368]LogPlayLevel: Creating play world package: /Game/Kim/Maps/UEDPIE_0_SpaceMap
[2019.02.14-19.16.58:244][368]LogPlayLevel: PIE: StaticDuplicateObject took: (0.061218s)
[2019.02.14-19.16.58:245][368]LogAIModule: Creating AISystem for world SpaceMap
[2019.02.14-19.16.58:245][368]LogPlayLevel: PIE: World Init took: (0.000810s)
[2019.02.14-19.16.58:245][368]LogPlayLevel: PIE: Created PIE world by copying editor world from /Game/Kim/Maps/SpaceMap.SpaceMap to /Game/Kim/Maps/UEDPIE_0_SpaceMap.SpaceMap (0.062189s)
[2019.02.14-19.16.58:284][368]LogInit: XAudio2 using 'Speakers / Headphones (Realtek Audio)' : 2 channels at 48 kHz using 32 bits per sample (channel mask 0x3)
[2019.02.14-19.16.58:392][368]LogInit: FAudioDevice initialized.
[2019.02.14-19.16.58:423][368]LogLoad: Game class is 'BP_ProjectToastGameModeBase_C'
[2019.02.14-19.16.58:462][368]LogWorld: Bringing World /Game/Kim/Maps/UEDPIE_0_SpaceMap.SpaceMap up for play (max tick rate 0) at 2019.02.14-19.16.58
[2019.02.14-19.16.58:463][368]LogWorld: Bringing up level for play took: 0.039244
[2019.02.14-19.16.58:477][368]ProjectSpace: FPSCharacter : Initialized
[2019.02.14-19.16.58:477][368]PIE: Play in editor start time for /Game/Kim/Maps/UEDPIE_0_SpaceMap -0.659
[2019.02.14-19.16.58:477][368]LogBlueprintUserMessages: Late PlayInEditor Detection: Level '/Game/Kim/Maps/SpaceMap.SpaceMap:PersistentLevel' has LevelScriptBlueprint '/Game/Kim/Maps/SpaceMap.SpaceMap:PersistentLevel.SpaceMap' with GeneratedClass '/Game/Kim/Maps/SpaceMap.SpaceMap_C' with ClassGeneratedBy '/Game/Kim/Maps/SpaceMap.SpaceMap:PersistentLevel.SpaceMap'
[2019.02.14-19.17.52:636][995]LogBlueprintUserMessages: Early EndPlayMap Detection: Level '/Game/Kim/Maps/SpaceMap.SpaceMap:PersistentLevel' has LevelScriptBlueprint '/Game/Kim/Maps/SpaceMap.SpaceMap:PersistentLevel.SpaceMap' with GeneratedClass '/Game/Kim/Maps/SpaceMap.SpaceMap_C' with ClassGeneratedBy '/Game/Kim/Maps/SpaceMap.SpaceMap:PersistentLevel.SpaceMap'
[2019.02.14-19.17.52:637][995]LogSlate: Updating window title bar state: overlay mode, drag disabled, window buttons hidden, title bar hidden
[2019.02.14-19.17.52:711][995]LogPlayLevel: Display: Shutting down PIE online subsystems
[2019.02.14-19.17.52:711][995]LogBlueprintUserMessages: Late EndPlayMap Detection: Level '/Game/Kim/Maps/SpaceMap.SpaceMap:PersistentLevel' has LevelScriptBlueprint '/Game/Kim/Maps/SpaceMap.SpaceMap:PersistentLevel.SpaceMap' with GeneratedClass '/Game/Kim/Maps/SpaceMap.SpaceMap_C' with ClassGeneratedBy '/Game/Kim/Maps/SpaceMap.SpaceMap:PersistentLevel.SpaceMap'
[2019.02.14-19.17.52:754][995]LogSlate: Updating window title bar state: overlay mode, drag disabled, window buttons hidden, title bar hidden
[2019.02.14-19.17.52:795][996]LogPlayLevel: Display: Destroying online subsystem :Context_14
[2019.02.14-19.18.42:185][480]LogEditorViewport: Clicking on Actor (LMB): BP_Medium_Side_Room_Square_C (Player Start Room)
[2019.02.14-19.18.43:168][509]LogEditorViewport: Clicking on Actor (LMB): BP_Light_01_C (BP_Light_01)
[2019.02.14-19.18.48:102][633]LogSlate: FSceneViewport::OnFocusLost() reason 0
[2019.02.14-19.18.52:017][738]LogTemp: Repeating last play command: Selected Viewport
[2019.02.14-19.18.52:032][738]LogBlueprintUserMessages: Early PlayInEditor Detection: Level '/Game/Kim/Maps/SpaceMap.SpaceMap:PersistentLevel' has LevelScriptBlueprint '/Game/Kim/Maps/SpaceMap.SpaceMap:PersistentLevel.SpaceMap' with GeneratedClass '/Game/Kim/Maps/SpaceMap.SpaceMap_C' with ClassGeneratedBy '/Game/Kim/Maps/SpaceMap.SpaceMap:PersistentLevel.SpaceMap'
[2019.02.14-19.18.52:032][738]LogPlayLevel: PlayLevel: No blueprints needed recompiling
[2019.02.14-19.18.52:032][738]PIE: New page: PIE session: SpaceMap (14 Feb 2019 19:18:52)
[2019.02.14-19.18.52:033][738]LogPlayLevel: Creating play world package: /Game/Kim/Maps/UEDPIE_0_SpaceMap
[2019.02.14-19.18.52:093][738]LogPlayLevel: PIE: StaticDuplicateObject took: (0.060175s)
[2019.02.14-19.18.52:094][738]LogAIModule: Creating AISystem for world SpaceMap
[2019.02.14-19.18.52:094][738]LogPlayLevel: PIE: World Init took: (0.000987s)
[2019.02.14-19.18.52:094][738]LogPlayLevel: PIE: Created PIE world by copying editor world from /Game/Kim/Maps/SpaceMap.SpaceMap to /Game/Kim/Maps/UEDPIE_0_SpaceMap.SpaceMap (0.061351s)
[2019.02.14-19.18.52:137][738]LogInit: XAudio2 using 'Speakers / Headphones (Realtek Audio)' : 2 channels at 48 kHz using 32 bits per sample (channel mask 0x3)
[2019.02.14-19.18.52:228][738]LogInit: FAudioDevice initialized.
[2019.02.14-19.18.52:262][738]LogLoad: Game class is 'BP_ProjectToastGameModeBase_C'
[2019.02.14-19.18.52:303][738]LogWorld: Bringing World /Game/Kim/Maps/UEDPIE_0_SpaceMap.SpaceMap up for play (max tick rate 0) at 2019.02.14-19.18.52
[2019.02.14-19.18.52:304][738]LogWorld: Bringing up level for play took: 0.041287
[2019.02.14-19.18.52:318][738]ProjectSpace: FPSCharacter : Initialized
[2019.02.14-19.18.52:318][738]PIE: Play in editor start time for /Game/Kim/Maps/UEDPIE_0_SpaceMap 1.181
[2019.02.14-19.18.52:318][738]LogBlueprintUserMessages: Late PlayInEditor Detection: Level '/Game/Kim/Maps/SpaceMap.SpaceMap:PersistentLevel' has LevelScriptBlueprint '/Game/Kim/Maps/SpaceMap.SpaceMap:PersistentLevel.SpaceMap' with GeneratedClass '/Game/Kim/Maps/SpaceMap.SpaceMap_C' with ClassGeneratedBy '/Game/Kim/Maps/SpaceMap.SpaceMap:PersistentLevel.SpaceMap'
[2019.02.14-19.19.01:403][  7]LogBlueprintUserMessages: Early EndPlayMap Detection: Level '/Game/Kim/Maps/SpaceMap.SpaceMap:PersistentLevel' has LevelScriptBlueprint '/Game/Kim/Maps/SpaceMap.SpaceMap:PersistentLevel.SpaceMap' with GeneratedClass '/Game/Kim/Maps/SpaceMap.SpaceMap_C' with ClassGeneratedBy '/Game/Kim/Maps/SpaceMap.SpaceMap:PersistentLevel.SpaceMap'
[2019.02.14-19.19.01:404][  7]LogSlate: Updating window title bar state: overlay mode, drag disabled, window buttons hidden, title bar hidden
[2019.02.14-19.19.01:479][  7]LogPlayLevel: Display: Shutting down PIE online subsystems
[2019.02.14-19.19.01:479][  7]LogBlueprintUserMessages: Late EndPlayMap Detection: Level '/Game/Kim/Maps/SpaceMap.SpaceMap:PersistentLevel' has LevelScriptBlueprint '/Game/Kim/Maps/SpaceMap.SpaceMap:PersistentLevel.SpaceMap' with GeneratedClass '/Game/Kim/Maps/SpaceMap.SpaceMap_C' with ClassGeneratedBy '/Game/Kim/Maps/SpaceMap.SpaceMap:PersistentLevel.SpaceMap'
[2019.02.14-19.19.01:521][  7]LogSlate: Updating window title bar state: overlay mode, drag disabled, window buttons hidden, title bar hidden
[2019.02.14-19.19.01:563][  8]LogPlayLevel: Display: Destroying online subsystem :Context_15
[2019.02.14-19.19.02:692][ 44]LogEditorViewport: Clicking on Actor (LMB): BP_Light_01_C (BP_Light_01)
[2019.02.14-19.19.16:036][395]LogSlate: FSceneViewport::OnFocusLost() reason 0
[2019.02.14-19.19.24:067][620]LogTemp: Repeating last play command: Selected Viewport
[2019.02.14-19.19.24:082][620]LogBlueprintUserMessages: Early PlayInEditor Detection: Level '/Game/Kim/Maps/SpaceMap.SpaceMap:PersistentLevel' has LevelScriptBlueprint '/Game/Kim/Maps/SpaceMap.SpaceMap:PersistentLevel.SpaceMap' with GeneratedClass '/Game/Kim/Maps/SpaceMap.SpaceMap_C' with ClassGeneratedBy '/Game/Kim/Maps/SpaceMap.SpaceMap:PersistentLevel.SpaceMap'
[2019.02.14-19.19.24:082][620]LogPlayLevel: PlayLevel: No blueprints needed recompiling
[2019.02.14-19.19.24:083][620]PIE: New page: PIE session: SpaceMap (14 Feb 2019 19:19:24)
[2019.02.14-19.19.24:083][620]LogPlayLevel: Creating play world package: /Game/Kim/Maps/UEDPIE_0_SpaceMap
[2019.02.14-19.19.24:144][620]LogPlayLevel: PIE: StaticDuplicateObject took: (0.061132s)
[2019.02.14-19.19.24:145][620]LogAIModule: Creating AISystem for world SpaceMap
[2019.02.14-19.19.24:145][620]LogPlayLevel: PIE: World Init took: (0.000738s)
[2019.02.14-19.19.24:145][620]LogPlayLevel: PIE: Created PIE world by copying editor world from /Game/Kim/Maps/SpaceMap.SpaceMap to /Game/Kim/Maps/UEDPIE_0_SpaceMap.SpaceMap (0.062038s)
[2019.02.14-19.19.24:184][620]LogInit: XAudio2 using 'Speakers / Headphones (Realtek Audio)' : 2 channels at 48 kHz using 32 bits per sample (channel mask 0x3)
[2019.02.14-19.19.24:276][620]LogInit: FAudioDevice initialized.
[2019.02.14-19.19.24:312][620]LogLoad: Game class is 'BP_ProjectToastGameModeBase_C'
[2019.02.14-19.19.24:354][620]LogWorld: Bringing World /Game/Kim/Maps/UEDPIE_0_SpaceMap.SpaceMap up for play (max tick rate 0) at 2019.02.14-19.19.24
[2019.02.14-19.19.24:355][620]LogWorld: Bringing up level for play took: 0.041097
[2019.02.14-19.19.24:369][620]ProjectSpace: FPSCharacter : Initialized
[2019.02.14-19.19.24:369][620]PIE: Play in editor start time for /Game/Kim/Maps/UEDPIE_0_SpaceMap 1.233
[2019.02.14-19.19.24:369][620]LogBlueprintUserMessages: Late PlayInEditor Detection: Level '/Game/Kim/Maps/SpaceMap.SpaceMap:PersistentLevel' has LevelScriptBlueprint '/Game/Kim/Maps/SpaceMap.SpaceMap:PersistentLevel.SpaceMap' with GeneratedClass '/Game/Kim/Maps/SpaceMap.SpaceMap_C' with ClassGeneratedBy '/Game/Kim/Maps/SpaceMap.SpaceMap:PersistentLevel.SpaceMap'
[2019.02.14-19.19.36:687][987]LogBlueprintUserMessages: Early EndPlayMap Detection: Level '/Game/Kim/Maps/SpaceMap.SpaceMap:PersistentLevel' has LevelScriptBlueprint '/Game/Kim/Maps/SpaceMap.SpaceMap:PersistentLevel.SpaceMap' with GeneratedClass '/Game/Kim/Maps/SpaceMap.SpaceMap_C' with ClassGeneratedBy '/Game/Kim/Maps/SpaceMap.SpaceMap:PersistentLevel.SpaceMap'
[2019.02.14-19.19.36:687][987]LogSlate: Updating window title bar state: overlay mode, drag disabled, window buttons hidden, title bar hidden
[2019.02.14-19.19.36:761][987]LogPlayLevel: Display: Shutting down PIE online subsystems
[2019.02.14-19.19.36:761][987]LogBlueprintUserMessages: Late EndPlayMap Detection: Level '/Game/Kim/Maps/SpaceMap.SpaceMap:PersistentLevel' has LevelScriptBlueprint '/Game/Kim/Maps/SpaceMap.SpaceMap:PersistentLevel.SpaceMap' with GeneratedClass '/Game/Kim/Maps/SpaceMap.SpaceMap_C' with ClassGeneratedBy '/Game/Kim/Maps/SpaceMap.SpaceMap:PersistentLevel.SpaceMap'
[2019.02.14-19.19.36:808][987]LogSlate: Updating window title bar state: overlay mode, drag disabled, window buttons hidden, title bar hidden
[2019.02.14-19.19.36:851][988]LogPlayLevel: Display: Destroying online subsystem :Context_16
[2019.02.14-19.19.39:369][ 66]LogEditorViewport: Clicking on Actor (LMB): BP_Light_01_C (BP_Light_01)
[2019.02.14-19.19.41:002][111]LogSlate: FSceneViewport::OnFocusLost() reason 0
[2019.02.14-19.19.43:234][171]LogTemp: Repeating last play command: Selected Viewport
[2019.02.14-19.19.43:249][171]LogBlueprintUserMessages: Early PlayInEditor Detection: Level '/Game/Kim/Maps/SpaceMap.SpaceMap:PersistentLevel' has LevelScriptBlueprint '/Game/Kim/Maps/SpaceMap.SpaceMap:PersistentLevel.SpaceMap' with GeneratedClass '/Game/Kim/Maps/SpaceMap.SpaceMap_C' with ClassGeneratedBy '/Game/Kim/Maps/SpaceMap.SpaceMap:PersistentLevel.SpaceMap'
[2019.02.14-19.19.43:249][171]LogPlayLevel: PlayLevel: No blueprints needed recompiling
[2019.02.14-19.19.43:249][171]PIE: New page: PIE session: SpaceMap (14 Feb 2019 19:19:43)
[2019.02.14-19.19.43:249][171]LogPlayLevel: Creating play world package: /Game/Kim/Maps/UEDPIE_0_SpaceMap
[2019.02.14-19.19.43:309][171]LogPlayLevel: PIE: StaticDuplicateObject took: (0.059297s)
[2019.02.14-19.19.43:309][171]LogAIModule: Creating AISystem for world SpaceMap
[2019.02.14-19.19.43:310][171]LogPlayLevel: PIE: World Init took: (0.000717s)
[2019.02.14-19.19.43:310][171]LogPlayLevel: PIE: Created PIE world by copying editor world from /Game/Kim/Maps/SpaceMap.SpaceMap to /Game/Kim/Maps/UEDPIE_0_SpaceMap.SpaceMap (0.060166s)
[2019.02.14-19.19.43:352][171]LogInit: XAudio2 using 'Speakers / Headphones (Realtek Audio)' : 2 channels at 48 kHz using 32 bits per sample (channel mask 0x3)
[2019.02.14-19.19.43:444][171]LogInit: FAudioDevice initialized.
[2019.02.14-19.19.43:476][171]LogLoad: Game class is 'BP_ProjectToastGameModeBase_C'
[2019.02.14-19.19.43:517][171]LogWorld: Bringing World /Game/Kim/Maps/UEDPIE_0_SpaceMap.SpaceMap up for play (max tick rate 0) at 2019.02.14-19.19.43
[2019.02.14-19.19.43:518][171]LogWorld: Bringing up level for play took: 0.040425
[2019.02.14-19.19.43:532][171]ProjectSpace: FPSCharacter : Initialized
[2019.02.14-19.19.43:532][171]PIE: Play in editor start time for /Game/Kim/Maps/UEDPIE_0_SpaceMap 0.395
[2019.02.14-19.19.43:532][171]LogBlueprintUserMessages: Late PlayInEditor Detection: Level '/Game/Kim/Maps/SpaceMap.SpaceMap:PersistentLevel' has LevelScriptBlueprint '/Game/Kim/Maps/SpaceMap.SpaceMap:PersistentLevel.SpaceMap' with GeneratedClass '/Game/Kim/Maps/SpaceMap.SpaceMap_C' with ClassGeneratedBy '/Game/Kim/Maps/SpaceMap.SpaceMap:PersistentLevel.SpaceMap'
[2019.02.14-19.19.49:036][338]LogBlueprintUserMessages: Early EndPlayMap Detection: Level '/Game/Kim/Maps/SpaceMap.SpaceMap:PersistentLevel' has LevelScriptBlueprint '/Game/Kim/Maps/SpaceMap.SpaceMap:PersistentLevel.SpaceMap' with GeneratedClass '/Game/Kim/Maps/SpaceMap.SpaceMap_C' with ClassGeneratedBy '/Game/Kim/Maps/SpaceMap.SpaceMap:PersistentLevel.SpaceMap'
[2019.02.14-19.19.49:037][338]LogSlate: Updating window title bar state: overlay mode, drag disabled, window buttons hidden, title bar hidden
[2019.02.14-19.19.49:112][338]LogPlayLevel: Display: Shutting down PIE online subsystems
[2019.02.14-19.19.49:112][338]LogBlueprintUserMessages: Late EndPlayMap Detection: Level '/Game/Kim/Maps/SpaceMap.SpaceMap:PersistentLevel' has LevelScriptBlueprint '/Game/Kim/Maps/SpaceMap.SpaceMap:PersistentLevel.SpaceMap' with GeneratedClass '/Game/Kim/Maps/SpaceMap.SpaceMap_C' with ClassGeneratedBy '/Game/Kim/Maps/SpaceMap.SpaceMap:PersistentLevel.SpaceMap'
[2019.02.14-19.19.49:155][338]LogSlate: Updating window title bar state: overlay mode, drag disabled, window buttons hidden, title bar hidden
[2019.02.14-19.19.49:194][339]LogPlayLevel: Display: Destroying online subsystem :Context_17
[2019.02.14-19.19.50:484][380]LogEditorViewport: Clicking on Actor (LMB): BP_Light_01_C (BP_Light_01)
[2019.02.14-19.19.51:920][420]LogSlate: FSceneViewport::OnFocusLost() reason 0
[2019.02.14-19.19.54:250][481]LogTemp: Repeating last play command: Selected Viewport
[2019.02.14-19.19.54:265][481]LogBlueprintUserMessages: Early PlayInEditor Detection: Level '/Game/Kim/Maps/SpaceMap.SpaceMap:PersistentLevel' has LevelScriptBlueprint '/Game/Kim/Maps/SpaceMap.SpaceMap:PersistentLevel.SpaceMap' with GeneratedClass '/Game/Kim/Maps/SpaceMap.SpaceMap_C' with ClassGeneratedBy '/Game/Kim/Maps/SpaceMap.SpaceMap:PersistentLevel.SpaceMap'
[2019.02.14-19.19.54:265][481]LogPlayLevel: PlayLevel: No blueprints needed recompiling
[2019.02.14-19.19.54:265][481]PIE: New page: PIE session: SpaceMap (14 Feb 2019 19:19:54)
[2019.02.14-19.19.54:266][481]LogPlayLevel: Creating play world package: /Game/Kim/Maps/UEDPIE_0_SpaceMap
[2019.02.14-19.19.54:326][481]LogPlayLevel: PIE: StaticDuplicateObject took: (0.059849s)
[2019.02.14-19.19.54:326][481]LogAIModule: Creating AISystem for world SpaceMap
[2019.02.14-19.19.54:326][481]LogPlayLevel: PIE: World Init took: (0.000671s)
[2019.02.14-19.19.54:326][481]LogPlayLevel: PIE: Created PIE world by copying editor world from /Game/Kim/Maps/SpaceMap.SpaceMap to /Game/Kim/Maps/UEDPIE_0_SpaceMap.SpaceMap (0.060676s)
[2019.02.14-19.19.54:366][481]LogInit: XAudio2 using 'Speakers / Headphones (Realtek Audio)' : 2 channels at 48 kHz using 32 bits per sample (channel mask 0x3)
[2019.02.14-19.19.54:458][481]LogInit: FAudioDevice initialized.
[2019.02.14-19.19.54:494][481]LogLoad: Game class is 'BP_ProjectToastGameModeBase_C'
[2019.02.14-19.19.54:535][481]LogWorld: Bringing World /Game/Kim/Maps/UEDPIE_0_SpaceMap.SpaceMap up for play (max tick rate 0) at 2019.02.14-19.19.54
[2019.02.14-19.19.54:535][481]LogWorld: Bringing up level for play took: 0.040624
[2019.02.14-19.19.54:549][481]ProjectSpace: FPSCharacter : Initialized
[2019.02.14-19.19.54:549][481]PIE: Play in editor start time for /Game/Kim/Maps/UEDPIE_0_SpaceMap -0.587
[2019.02.14-19.19.54:549][481]LogBlueprintUserMessages: Late PlayInEditor Detection: Level '/Game/Kim/Maps/SpaceMap.SpaceMap:PersistentLevel' has LevelScriptBlueprint '/Game/Kim/Maps/SpaceMap.SpaceMap:PersistentLevel.SpaceMap' with GeneratedClass '/Game/Kim/Maps/SpaceMap.SpaceMap_C' with ClassGeneratedBy '/Game/Kim/Maps/SpaceMap.SpaceMap:PersistentLevel.SpaceMap'
[2019.02.14-19.20.31:054][578]LogBlueprintUserMessages: Early EndPlayMap Detection: Level '/Game/Kim/Maps/SpaceMap.SpaceMap:PersistentLevel' has LevelScriptBlueprint '/Game/Kim/Maps/SpaceMap.SpaceMap:PersistentLevel.SpaceMap' with GeneratedClass '/Game/Kim/Maps/SpaceMap.SpaceMap_C' with ClassGeneratedBy '/Game/Kim/Maps/SpaceMap.SpaceMap:PersistentLevel.SpaceMap'
[2019.02.14-19.20.31:054][578]LogSlate: Updating window title bar state: overlay mode, drag disabled, window buttons hidden, title bar hidden
[2019.02.14-19.20.31:129][578]LogPlayLevel: Display: Shutting down PIE online subsystems
[2019.02.14-19.20.31:129][578]LogBlueprintUserMessages: Late EndPlayMap Detection: Level '/Game/Kim/Maps/SpaceMap.SpaceMap:PersistentLevel' has LevelScriptBlueprint '/Game/Kim/Maps/SpaceMap.SpaceMap:PersistentLevel.SpaceMap' with GeneratedClass '/Game/Kim/Maps/SpaceMap.SpaceMap_C' with ClassGeneratedBy '/Game/Kim/Maps/SpaceMap.SpaceMap:PersistentLevel.SpaceMap'
[2019.02.14-19.20.31:176][578]LogSlate: Updating window title bar state: overlay mode, drag disabled, window buttons hidden, title bar hidden
[2019.02.14-19.20.31:281][579]LogSlate: FSceneViewport::OnFocusLost() reason 2
[2019.02.14-19.20.31:289][579]LogPlayLevel: Display: Destroying online subsystem :Context_18
[2019.02.14-19.20.31:299][579]LogSlate: Took 0.005123 seconds to synchronously load lazily loaded font '../../../Engine/Content/Slate/Fonts/DroidSansMono.ttf' (77K)
[2019.02.14-19.20.49:585][122]LogSlate: FSceneViewport::OnFocusLost() reason 0
[2019.02.14-19.20.53:635][233]LogSlate: FSceneViewport::OnFocusLost() reason 0
[2019.02.14-19.21.21:385][ 35]LogSlate: FSceneViewport::OnFocusLost() reason 0
[2019.02.14-19.22.00:185][198]LogEditorViewport: Clicking on Actor (LMB): BP_Large_Room_Square_C (Engine Main Room)
[2019.02.14-19.22.02:935][280]Cmd: CAMERA ALIGN ACTIVEVIEWPORTONLY
[2019.02.14-19.22.46:645][502]LogSlate: FSceneViewport::OnFocusLost() reason 2
[2019.02.14-19.22.48:980][502]LogSavePackage: Moving '../../../../../GitKraken/Uni-Project Toast/ProjectToastEmpty/Saved/SpaceMap_Auto10390C3C34C609D8BF800CFA6B40C7A45.tmp' to '../../../../../GitKraken/Uni-Project Toast/ProjectToastEmpty/Saved/Autosaves/Game/Kim/Maps/SpaceMap_Auto1.umap'
[2019.02.14-19.22.49:035][502]LogFileHelpers: Editor autosave (incl. sublevels) for '/Game/Kim/Maps/SpaceMap' took 2.317
[2019.02.14-19.22.49:035][502]LogFileHelpers: Editor autosave (incl. sublevels) for all levels took 2.317
[2019.02.14-19.22.49:038][502]OBJ SavePackage: Generating thumbnails for [1] asset(s) in package [/Game/Kim/Rooms/Medium/BP_Medium_Side_Room_Square] ([1] browsable assets)...
[2019.02.14-19.22.49:107][502]OBJ SavePackage:     Rendered thumbnail for [Blueprint /Game/Kim/Rooms/Medium/BP_Medium_Side_Room_Square.BP_Medium_Side_Room_Square]
[2019.02.14-19.22.49:107][502]OBJ SavePackage: Finished generating thumbnails for package [/Game/Kim/Rooms/Medium/BP_Medium_Side_Room_Square]
[2019.02.14-19.22.49:219][502]LogSavePackage: Moving '../../../../../GitKraken/Uni-Project Toast/ProjectToastEmpty/Saved/BP_Medium_Side_Room_Square_Auto1A6C46FEE4E3A2B1C2F83FD8B18CE0505.tmp' to '../../../../../GitKraken/Uni-Project Toast/ProjectToastEmpty/Saved/Autosaves/Game/Kim/Rooms/Medium/BP_Medium_Side_Room_Square_Auto1.uasset'
[2019.02.14-19.22.49:220][502]LogFileHelpers: Auto-saving content packages took 0.183
[2019.02.14-19.22.52:928][569]LogD3D11RHI: Timed out while waiting for GPU to catch up. (0.5 s)
[2019.02.14-19.22.52:935][569]LogD3D11RHI: Error: Result failed 
 at D:\Build\++UE4\Sync\Engine\Source\Runtime\Windows\D3D11RHI\Private\D3D11Query.cpp:140 
 with error DXGI_ERROR_DEVICE_REMOVED DXGI_ERROR_DEVICE_HUNG
[2019.02.14-19.22.52:935][569]LogD3D11RHI: [Aftermath] GDynamicRHI=000001BEDC1F00C0, GDX11NVAfterMathEnabled=0, Result=0xFFFFFFFF, bDeviceActive=0
[2019.02.14-19.22.52:935][569]LogWindows: Windows GetLastError: The operation completed successfully. (0)
[2019.02.14-19.22.54:482][569]LogRHI: Error: SyncInterval 0
[2019.02.14-19.22.54:482][569]LogRHI: Error: SwapChainDesc.BufferDesc.Width 465
[2019.02.14-19.22.54:482][569]LogRHI: Error: SwapChainDesc.BufferDesc.Height 76
[2019.02.14-19.22.54:482][569]LogRHI: Error: SwapChainDesc.BufferDesc.RefreshRate.Numerator 0
[2019.02.14-19.22.54:482][569]LogRHI: Error: SwapChainDesc.BufferDesc.RefreshRate.Denominator 0
[2019.02.14-19.22.54:482][569]LogRHI: Error: SwapChainDesc.BufferDesc.Format 24
[2019.02.14-19.22.54:482][569]LogRHI: Error: SwapChainDesc.BufferDesc.ScanlineOrdering 0
[2019.02.14-19.22.54:482][569]LogRHI: Error: SwapChainDesc.BufferDesc.Scaling 0
[2019.02.14-19.22.54:482][569]LogRHI: Error: SwapChainDesc.SampleDesc.Count 1
[2019.02.14-19.22.54:482][569]LogRHI: Error: SwapChainDesc.SampleDesc.Quality 0
[2019.02.14-19.22.54:482][569]LogRHI: Error: SwapChainDesc.BufferUsage 48
[2019.02.14-19.22.54:482][569]LogRHI: Error: SwapChainDesc.BufferCount 1
[2019.02.14-19.22.54:482][569]LogRHI: Error: SwapChainDesc.OutputWindow 0000000000362774
[2019.02.14-19.22.54:482][569]LogRHI: Error: SwapChainDesc.Windowed true
[2019.02.14-19.22.54:483][569]LogRHI: Error: SwapChainDesc.SwapEffect 0
[2019.02.14-19.22.54:483][569]LogRHI: Error: SwapChainDesc.Flags 2
[2019.02.14-19.22.54:483][569]LogD3D11RHI: Error: Result failed 
 at D:\Build\++UE4\Sync\Engine\Source\Runtime\Windows\D3D11RHI\Private\D3D11Viewport.cpp:361 
 with error DXGI_ERROR_DEVICE_REMOVED DXGI_ERROR_DEVICE_HUNG
[2019.02.14-19.22.54:483][569]LogD3D11RHI: [Aftermath] GDynamicRHI=000001BEDC1F00C0, GDX11NVAfterMathEnabled=0, Result=0xFFFFFFFF, bDeviceActive=0
[2019.02.14-19.22.54:483][569]LogWindows: FPlatformMisc::RequestExit(1)
[2019.02.14-19.22.54:494][569]Log file closed, 02/14/19 19:22:54
