Log file open, 01/07/19 04:30:41
LogWindows: Failed to load 'aqProf.dll' (GetLastError=126)
LogWindows: File 'aqProf.dll' does not exist
LogWindows: Failed to load 'VtuneApi.dll' (GetLastError=126)
LogWindows: File 'VtuneApi.dll' does not exist
LogWindows: Failed to load 'VtuneApi32e.dll' (GetLastError=126)
LogWindows: File 'VtuneApi32e.dll' does not exist
LogInit: Display: Running engine for game: ProjectToastEmpty
LogPlatformFile: Not using cached read wrapper
LogInit: Display: RandInit(-1675466434) SRandInit(-1675466434).
LogInit: Read version file with build ID '3944462'
LogInit: Overriding engine version to CL 4033788, compatible CL 3944462
LogInit: Registered custom module enumerator with build ID '3944462'
LogTaskGraph: Started task graph with 5 named threads and 23 total threads with 3 sets of task threads.
LogStats: Stats thread started at 0.253459
LogD3D11RHI: Aftermath initialized
LogICUInternationalization: Display: ICU TimeZone Detection - Raw Offset: +0:00, Platform Override: ''
LogPluginManager: Mounting plugin Paper2D
LogPluginManager: Mounting plugin LiveLink
LogPluginManager: Mounting plugin LightPropagationVolume
LogPluginManager: Mounting plugin CLionSourceCodeAccess
LogPluginManager: Mounting plugin CodeLiteSourceCodeAccess
LogPluginManager: Mounting plugin GitSourceControl
LogPluginManager: Mounting plugin KDevelopSourceCodeAccess
LogPluginManager: Mounting plugin NullSourceCodeAccess
LogPluginManager: Mounting plugin PerforceSourceControl
LogPluginManager: Mounting plugin SubversionSourceControl
LogPluginManager: Mounting plugin UObjectPlugin
LogPluginManager: Mounting plugin VisualStudioCodeSourceCodeAccess
LogPluginManager: Mounting plugin VisualStudioSourceCodeAccess
LogPluginManager: Mounting plugin XCodeSourceCodeAccess
LogPluginManager: Mounting plugin AssetManagerEditor
LogPluginManager: Mounting plugin CryptoKeys
LogPluginManager: Mounting plugin DataValidation
LogPluginManager: Mounting plugin FacialAnimation
LogPluginManager: Mounting plugin GameplayTagsEditor
LogPluginManager: Mounting plugin MobileLauncherProfileWizard
LogPluginManager: Mounting plugin PluginBrowser
LogPluginManager: Mounting plugin SpeedTreeImporter
LogPluginManager: Mounting plugin DatasmithContent
LogPluginManager: Mounting plugin AlembicImporter
LogPluginManager: Mounting plugin CharacterAI
LogPluginManager: Mounting plugin HTML5Networking
LogPluginManager: Mounting plugin AndroidMedia
LogPluginManager: Mounting plugin AvfMedia
LogPluginManager: Mounting plugin ImgMedia
LogPluginManager: Mounting plugin LinearTimecode
LogPluginManager: Mounting plugin MediaCompositing
LogPluginManager: Mounting plugin MediaPlayerEditor
LogPluginManager: Mounting plugin WmfMedia
LogPluginManager: Mounting plugin TcpMessaging
LogPluginManager: Mounting plugin UdpMessaging
LogPluginManager: Mounting plugin ActorSequence
LogPluginManager: Mounting plugin LevelSequenceEditor
LogPluginManager: Mounting plugin MatineeToLevelSequence
LogPluginManager: Mounting plugin NetcodeUnitTest
LogPluginManager: Mounting plugin NUTUnrealEngine4
LogPluginManager: Mounting plugin OnlineSubsystemGooglePlay
LogPluginManager: Mounting plugin OnlineSubsystemIOS
LogPluginManager: Mounting plugin OnlineSubsystem
LogPluginManager: Mounting plugin OnlineSubsystemNull
LogPluginManager: Mounting plugin OnlineSubsystemUtils
LogPluginManager: Mounting plugin AndroidDeviceProfileSelector
LogPluginManager: Mounting plugin AndroidMoviePlayer
LogPluginManager: Mounting plugin AndroidPermission
LogPluginManager: Mounting plugin AppleARKit
LogPluginManager: Mounting plugin AppleMoviePlayer
LogPluginManager: Mounting plugin ArchVisCharacter
LogPluginManager: Mounting plugin AudioCapture
LogPluginManager: Mounting plugin CableComponent
LogPluginManager: Mounting plugin CustomMeshComponent
LogPluginManager: Mounting plugin ExampleDeviceProfileSelector
LogPluginManager: Mounting plugin GoogleCloudMessaging
LogPluginManager: Mounting plugin ImmediatePhysics
LogPluginManager: Mounting plugin IOSDeviceProfileSelector
LogPluginManager: Mounting plugin LinuxDeviceProfileSelector
LogPluginManager: Mounting plugin LocationServicesBPLibrary
LogPluginManager: Mounting plugin MobilePatchingUtils
LogPluginManager: Mounting plugin OculusVR
LogPluginManager: Plugin shader directory ../../../Engine/Plugins/Runtime/Oculus/OculusVR/Shaders found
LogPluginManager: Mapping shader source directory ../../../Engine/Plugins/Runtime/Oculus/OculusVR/Shaders to virtual directory /Plugin/OculusVR
LogPluginManager: Mounting plugin PhysXVehicles
LogPluginManager: Mounting plugin ProceduralMeshComponent
LogPluginManager: Mounting plugin RuntimePhysXCooking
LogPluginManager: Mounting plugin SteamVR
LogPluginManager: Mounting plugin WindowsMoviePlayer
LogStreaming: Display: Took  0.072s to configure plugins.
LogModuleManager: Display: Found up-to-date module file ../../../../../../Users/Kimmy/Desktop/Prototype Dev - Unreal Engine - Manfredo/v1.0 12th Oct/ProjectToastEmpty/Binaries/Win64/UE4Editor-ProjectToastEmpty-3590.dll (API version 3944462).
LogModuleManager: Display: Found up-to-date module file ../../../Engine/Plugins/2D/Paper2D/Binaries/Win64/UE4Editor-Paper2D.dll (API version 3944462).
LogModuleManager: Display: Found up-to-date module file ../../../Engine/Plugins/2D/Paper2D/Binaries/Win64/UE4Editor-Paper2DEditor.dll (API version 3944462).
LogModuleManager: Display: Found up-to-date module file ../../../Engine/Plugins/2D/Paper2D/Binaries/Win64/UE4Editor-PaperSpriteSheetImporter.dll (API version 3944462).
LogModuleManager: Display: Found up-to-date module file ../../../Engine/Plugins/2D/Paper2D/Binaries/Win64/UE4Editor-PaperTiledImporter.dll (API version 3944462).
LogModuleManager: Display: Found up-to-date module file ../../../Engine/Plugins/2D/Paper2D/Binaries/Win64/UE4Editor-SmartSnapping.dll (API version 3944462).
LogModuleManager: Display: Found up-to-date module file ../../../Engine/Plugins/Animation/LiveLink/Binaries/Win64/UE4Editor-LiveLink.dll (API version 3944462).
LogModuleManager: Display: Found up-to-date module file ../../../Engine/Plugins/Animation/LiveLink/Binaries/Win64/UE4Editor-LiveLinkEditor.dll (API version 3944462).
LogModuleManager: Display: Found up-to-date module file ../../../Engine/Plugins/Blendables/LightPropagationVolume/Binaries/Win64/UE4Editor-LightPropagationVolumeRuntime.dll (API version 3944462).
LogModuleManager: Display: Found up-to-date module file ../../../Engine/Plugins/Blendables/LightPropagationVolume/Binaries/Win64/UE4Editor-LightPropagationVolumeEditor.dll (API version 3944462).
LogModuleManager: Display: Found up-to-date module file ../../../Engine/Plugins/Developer/CLionSourceCodeAccess/Binaries/Win64/UE4Editor-CLionSourceCodeAccess.dll (API version 3944462).
LogModuleManager: Display: Found up-to-date module file ../../../Engine/Plugins/Developer/GitSourceControl/Binaries/Win64/UE4Editor-GitSourceControl.dll (API version 3944462).
LogModuleManager: Display: Found up-to-date module file ../../../Engine/Plugins/Developer/PerforceSourceControl/Binaries/Win64/UE4Editor-PerforceSourceControl.dll (API version 3944462).
LogModuleManager: Display: Found up-to-date module file ../../../Engine/Plugins/Developer/SubversionSourceControl/Binaries/Win64/UE4Editor-SubversionSourceControl.dll (API version 3944462).
LogModuleManager: Display: Found up-to-date module file ../../../Engine/Plugins/Developer/UObjectPlugin/Binaries/Win64/UE4Editor-UObjectPlugin.dll (API version 3944462).
LogModuleManager: Display: Found up-to-date module file ../../../Engine/Plugins/Developer/VisualStudioCodeSourceCodeAccess/Binaries/Win64/UE4Editor-VisualStudioCodeSourceCodeAccess.dll (API version 3944462).
LogModuleManager: Display: Found up-to-date module file ../../../Engine/Plugins/Developer/VisualStudioSourceCodeAccess/Binaries/Win64/UE4Editor-VisualStudioSourceCodeAccess.dll (API version 3944462).
LogModuleManager: Display: Found up-to-date module file ../../../Engine/Plugins/Editor/AssetManagerEditor/Binaries/Win64/UE4Editor-AssetManagerEditor.dll (API version 3944462).
LogModuleManager: Display: Found up-to-date module file ../../../Engine/Plugins/Editor/CryptoKeys/Binaries/Win64/UE4Editor-CryptoKeys.dll (API version 3944462).
LogModuleManager: Display: Found up-to-date module file ../../../Engine/Plugins/Editor/CryptoKeys/Binaries/Win64/UE4Editor-CryptoKeysOpenSSL.dll (API version 3944462).
LogModuleManager: Display: Found up-to-date module file ../../../Engine/Plugins/Editor/DataValidation/Binaries/Win64/UE4Editor-DataValidation.dll (API version 3944462).
LogModuleManager: Display: Found up-to-date module file ../../../Engine/Plugins/Editor/FacialAnimation/Binaries/Win64/UE4Editor-FacialAnimation.dll (API version 3944462).
LogModuleManager: Display: Found up-to-date module file ../../../Engine/Plugins/Editor/FacialAnimation/Binaries/Win64/UE4Editor-FacialAnimationEditor.dll (API version 3944462).
LogModuleManager: Display: Found up-to-date module file ../../../Engine/Plugins/Editor/GameplayTagsEditor/Binaries/Win64/UE4Editor-GameplayTagsEditor.dll (API version 3944462).
LogModuleManager: Display: Found up-to-date module file ../../../Engine/Plugins/Editor/MobileLauncherProfileWizard/Binaries/Win64/UE4Editor-MobileLauncherProfileWizard.dll (API version 3944462).
LogModuleManager: Display: Found up-to-date module file ../../../Engine/Plugins/Editor/PluginBrowser/Binaries/Win64/UE4Editor-PluginBrowser.dll (API version 3944462).
LogModuleManager: Display: Found up-to-date module file ../../../Engine/Plugins/Editor/SpeedTreeImporter/Binaries/Win64/UE4Editor-SpeedTreeImporter.dll (API version 3944462).
LogModuleManager: Display: Found up-to-date module file ../../../Engine/Plugins/Enterprise/DatasmithContent/Binaries/Win64/UE4Editor-DatasmithContent.dll (API version 3944462).
LogModuleManager: Display: Found up-to-date module file ../../../Engine/Plugins/Experimental/AlembicImporter/Binaries/Win64/UE4Editor-AlembicImporter.dll (API version 3944462).
LogModuleManager: Display: Found up-to-date module file ../../../Engine/Plugins/Experimental/AlembicImporter/Binaries/Win64/UE4Editor-AlembicLibrary.dll (API version 3944462).
LogModuleManager: Display: Found up-to-date module file ../../../Engine/Plugins/Experimental/CharacterAI/Binaries/Win64/UE4Editor-CharacterAI.dll (API version 3944462).
LogModuleManager: Display: Found up-to-date module file ../../../Engine/Plugins/Experimental/HTML5Networking/Binaries/Win64/UE4Editor-HTML5Networking.dll (API version 3944462).
LogModuleManager: Display: Found up-to-date module file ../../../Engine/Plugins/Media/AndroidMedia/Binaries/Win64/UE4Editor-AndroidMediaEditor.dll (API version 3944462).
LogModuleManager: Display: Found up-to-date module file ../../../Engine/Plugins/Media/AndroidMedia/Binaries/Win64/UE4Editor-AndroidMediaFactory.dll (API version 3944462).
LogModuleManager: Display: Found up-to-date module file ../../../Engine/Plugins/Media/AvfMedia/Binaries/Win64/UE4Editor-AvfMediaEditor.dll (API version 3944462).
LogModuleManager: Display: Found up-to-date module file ../../../Engine/Plugins/Media/AvfMedia/Binaries/Win64/UE4Editor-AvfMediaFactory.dll (API version 3944462).
LogModuleManager: Display: Found up-to-date module file ../../../Engine/Plugins/Media/AvfMedia/Binaries/Win64/UE4Editor-AvfMediaFactory.dll (API version 3944462).
LogModuleManager: Display: Found up-to-date module file ../../../Engine/Plugins/Media/ImgMedia/Binaries/Win64/UE4Editor-ImgMedia.dll (API version 3944462).
LogModuleManager: Display: Found up-to-date module file ../../../Engine/Plugins/Media/ImgMedia/Binaries/Win64/UE4Editor-ImgMediaEditor.dll (API version 3944462).
LogModuleManager: Display: Found up-to-date module file ../../../Engine/Plugins/Media/ImgMedia/Binaries/Win64/UE4Editor-ImgMediaFactory.dll (API version 3944462).
LogModuleManager: Display: Found up-to-date module file ../../../Engine/Plugins/Media/ImgMedia/Binaries/Win64/UE4Editor-ImgMediaFactory.dll (API version 3944462).
LogModuleManager: Display: Found up-to-date module file ../../../Engine/Plugins/Media/ImgMedia/Binaries/Win64/UE4Editor-OpenExrWrapper.dll (API version 3944462).
LogModuleManager: Display: Found up-to-date module file ../../../Engine/Plugins/Media/LinearTimecode/Binaries/Win64/UE4Editor-LinearTimecode.dll (API version 3944462).
LogModuleManager: Display: Found up-to-date module file ../../../Engine/Plugins/Media/MediaCompositing/Binaries/Win64/UE4Editor-MediaCompositing.dll (API version 3944462).
LogModuleManager: Display: Found up-to-date module file ../../../Engine/Plugins/Media/MediaCompositing/Binaries/Win64/UE4Editor-MediaCompositingEditor.dll (API version 3944462).
LogModuleManager: Display: Found up-to-date module file ../../../Engine/Plugins/Media/MediaPlayerEditor/Binaries/Win64/UE4Editor-MediaPlayerEditor.dll (API version 3944462).
LogModuleManager: Display: Found up-to-date module file ../../../Engine/Plugins/Media/WmfMedia/Binaries/Win64/UE4Editor-WmfMedia.dll (API version 3944462).
LogModuleManager: Display: Found up-to-date module file ../../../Engine/Plugins/Media/WmfMedia/Binaries/Win64/UE4Editor-WmfMediaEditor.dll (API version 3944462).
LogModuleManager: Display: Found up-to-date module file ../../../Engine/Plugins/Media/WmfMedia/Binaries/Win64/UE4Editor-WmfMediaFactory.dll (API version 3944462).
LogModuleManager: Display: Found up-to-date module file ../../../Engine/Plugins/Media/WmfMedia/Binaries/Win64/UE4Editor-WmfMediaFactory.dll (API version 3944462).
LogModuleManager: Display: Found up-to-date module file ../../../Engine/Plugins/Messaging/TcpMessaging/Binaries/Win64/UE4Editor-TcpMessaging.dll (API version 3944462).
LogModuleManager: Display: Found up-to-date module file ../../../Engine/Plugins/Messaging/UdpMessaging/Binaries/Win64/UE4Editor-UdpMessaging.dll (API version 3944462).
LogModuleManager: Display: Found up-to-date module file ../../../Engine/Plugins/MovieScene/ActorSequence/Binaries/Win64/UE4Editor-ActorSequence.dll (API version 3944462).
LogModuleManager: Display: Found up-to-date module file ../../../Engine/Plugins/MovieScene/LevelSequenceEditor/Binaries/Win64/UE4Editor-LevelSequenceEditor.dll (API version 3944462).
LogModuleManager: Display: Found up-to-date module file ../../../Engine/Plugins/MovieScene/MatineeToLevelSequence/Binaries/Win64/UE4Editor-MatineeToLevelSequence.dll (API version 3944462).
LogModuleManager: Display: Found up-to-date module file ../../../Engine/Plugins/NetcodeUnitTest/NetcodeUnitTest/Binaries/Win64/UE4Editor-NetcodeUnitTest.dll (API version 3944462).
LogModuleManager: Display: Found up-to-date module file ../../../Engine/Plugins/NetcodeUnitTest/NUTUnrealEngine4/Binaries/Win64/UE4Editor-NUTUnrealEngine4.dll (API version 3944462).
LogModuleManager: Display: Found up-to-date module file ../../../Engine/Plugins/Online/OnlineSubsystem/Binaries/Win64/UE4Editor-OnlineSubsystem.dll (API version 3944462).
LogModuleManager: Display: Found up-to-date module file ../../../Engine/Plugins/Online/OnlineSubsystemNull/Binaries/Win64/UE4Editor-OnlineSubsystemNull.dll (API version 3944462).
LogModuleManager: Display: Found up-to-date module file ../../../Engine/Plugins/Online/OnlineSubsystemUtils/Binaries/Win64/UE4Editor-OnlineSubsystemUtils.dll (API version 3944462).
LogModuleManager: Display: Found up-to-date module file ../../../Engine/Plugins/Online/OnlineSubsystemUtils/Binaries/Win64/UE4Editor-OnlineBlueprintSupport.dll (API version 3944462).
LogModuleManager: Display: Found up-to-date module file ../../../Engine/Plugins/Runtime/AndroidDeviceProfileSelector/Binaries/Win64/UE4Editor-AndroidDeviceProfileSelector.dll (API version 3944462).
LogModuleManager: Display: Found up-to-date module file ../../../Engine/Plugins/Runtime/AndroidPermission/Binaries/Win64/UE4Editor-AndroidPermission.dll (API version 3944462).
LogModuleManager: Display: Found up-to-date module file ../../../Engine/Plugins/Runtime/AppleARKit/Binaries/Win64/UE4Editor-AppleARKit.dll (API version 3944462).
LogModuleManager: Display: Found up-to-date module file ../../../Engine/Plugins/Runtime/ArchVisCharacter/Binaries/Win64/UE4Editor-ArchVisCharacter.dll (API version 3944462).
LogModuleManager: Display: Found up-to-date module file ../../../Engine/Plugins/Runtime/AudioCapture/Binaries/Win64/UE4Editor-AudioCapture.dll (API version 3944462).
LogModuleManager: Display: Found up-to-date module file ../../../Engine/Plugins/Runtime/AudioCapture/Binaries/Win64/UE4Editor-AudioCaptureEditor.dll (API version 3944462).
LogModuleManager: Display: Found up-to-date module file ../../../Engine/Plugins/Runtime/CableComponent/Binaries/Win64/UE4Editor-CableComponent.dll (API version 3944462).
LogModuleManager: Display: Found up-to-date module file ../../../Engine/Plugins/Runtime/CustomMeshComponent/Binaries/Win64/UE4Editor-CustomMeshComponent.dll (API version 3944462).
LogModuleManager: Display: Found up-to-date module file ../../../Engine/Plugins/Runtime/ExampleDeviceProfileSelector/Binaries/Win64/UE4Editor-ExampleDeviceProfileSelector.dll (API version 3944462).
LogModuleManager: Display: Found up-to-date module file ../../../Engine/Plugins/Runtime/ImmediatePhysics/Binaries/Win64/UE4Editor-ImmediatePhysics.dll (API version 3944462).
LogModuleManager: Display: Found up-to-date module file ../../../Engine/Plugins/Runtime/ImmediatePhysics/Binaries/Win64/UE4Editor-ImmediatePhysicsEditor.dll (API version 3944462).
LogModuleManager: Display: Found up-to-date module file ../../../Engine/Plugins/Runtime/LocationServicesBPLibrary/Binaries/Win64/UE4Editor-LocationServicesBPLibrary.dll (API version 3944462).
LogModuleManager: Display: Found up-to-date module file ../../../Engine/Plugins/Runtime/MobilePatchingUtils/Binaries/Win64/UE4Editor-MobilePatchingUtils.dll (API version 3944462).
LogModuleManager: Display: Found up-to-date module file ../../../Engine/Plugins/Runtime/Oculus/OculusVR/Binaries/Win64/UE4Editor-OculusHMD.dll (API version 3944462).
LogModuleManager: Display: Found up-to-date module file ../../../Engine/Plugins/Runtime/Oculus/OculusVR/Binaries/Win64/UE4Editor-OculusInput.dll (API version 3944462).
LogModuleManager: Display: Found up-to-date module file ../../../Engine/Plugins/Runtime/Oculus/OculusVR/Binaries/Win64/UE4Editor-OculusEditor.dll (API version 3944462).
LogModuleManager: Display: Found up-to-date module file ../../../Engine/Plugins/Runtime/PhysXVehicles/Binaries/Win64/UE4Editor-PhysXVehicles.dll (API version 3944462).
LogModuleManager: Display: Found up-to-date module file ../../../Engine/Plugins/Runtime/PhysXVehicles/Binaries/Win64/UE4Editor-PhysXVehiclesEditor.dll (API version 3944462).
LogModuleManager: Display: Found up-to-date module file ../../../Engine/Plugins/Runtime/ProceduralMeshComponent/Binaries/Win64/UE4Editor-ProceduralMeshComponent.dll (API version 3944462).
LogModuleManager: Display: Found up-to-date module file ../../../Engine/Plugins/Runtime/ProceduralMeshComponent/Binaries/Win64/UE4Editor-ProceduralMeshComponentEditor.dll (API version 3944462).
LogModuleManager: Display: Found up-to-date module file ../../../Engine/Plugins/Runtime/RuntimePhysXCooking/Binaries/Win64/UE4Editor-RuntimePhysXCooking.dll (API version 3944462).
LogModuleManager: Display: Found up-to-date module file ../../../Engine/Plugins/Runtime/Steam/SteamVR/Binaries/Win64/UE4Editor-SteamVR.dll (API version 3944462).
LogModuleManager: Display: Found up-to-date module file ../../../Engine/Plugins/Runtime/Steam/SteamVR/Binaries/Win64/UE4Editor-SteamVRController.dll (API version 3944462).
LogModuleManager: Display: Found up-to-date module file ../../../Engine/Plugins/Runtime/WindowsMoviePlayer/Binaries/Win64/UE4Editor-WindowsMoviePlayer.dll (API version 3944462).
LogInit: Using libcurl 7.47.1
LogInit:  - built for x86_64-pc-win32
LogInit:  - supports SSL with OpenSSL/1.0.2g
LogInit:  - supports HTTP deflate (compression) using libz 1.2.8
LogInit:  - other features:
LogInit:      CURL_VERSION_SSL
LogInit:      CURL_VERSION_LIBZ
LogInit:      CURL_VERSION_IPV6
LogInit:      CURL_VERSION_ASYNCHDNS
LogInit:      CURL_VERSION_LARGEFILE
LogInit:      CURL_VERSION_IDN
LogInit:  CurlRequestOptions (configurable via config and command line):
LogInit:  - bVerifyPeer = false  - Libcurl will NOT verify peer certificate
LogInit:  - bUseHttpProxy = false  - Libcurl will NOT use HTTP proxy
LogInit:  - bDontReuseConnections = false  - Libcurl will reuse connections
LogInit:  - CertBundlePath = nullptr  - Libcurl will use whatever was configured at build time.
LogInit:  - MaxHostConnections = 16  - Libcurl will limit the number of connections to a host
LogInit:  - LocalHostAddr = Default
LogInit: WinSock: version 1.1 (2.2), MaxSocks=32767, MaxUdp=65467
LogInit: WinSock: I am Aiden (192.168.1.72:0)
LogInit: Build: ++UE4+Release-4.19-CL-4033788
LogInit: Engine Version: 4.19.2-4033788+++UE4+Release-4.19
LogInit: Compatible Engine Version: 4.19.0-3944462+++UE4+Release-4.19
LogInit: Net CL: 3944462
LogDevObjectVersion: Number of dev versions registered: 18
LogDevObjectVersion:   Dev-Blueprints (B0D832E4-1F89-4F0D-ACCF-7EB736FD4AA2): 10
LogDevObjectVersion:   Dev-Build (E1C64328-A22C-4D53-A36C-8E866417BD8C): 0
LogDevObjectVersion:   Dev-Core (375EC13C-06E4-48FB-B500-84F0262A717E): 2
LogDevObjectVersion:   Dev-Editor (E4B068ED-F494-42E9-A231-DA0B2E46BB41): 23
LogDevObjectVersion:   Dev-Framework (CFFC743F-43B0-4480-9391-14DF171D2073): 33
LogDevObjectVersion:   Dev-Mobile (B02B49B5-BB20-44E9-A304-32B752E40360): 2
LogDevObjectVersion:   Dev-Networking (A4E4105C-59A1-49B5-A7C5-40C4547EDFEE): 0
LogDevObjectVersion:   Dev-Online (39C831C9-5AE6-47DC-9A44-9C173E1C8E7C): 0
LogDevObjectVersion:   Dev-Physics (78F01B33-EBEA-4F98-B9B4-84EACCB95AA2): 0
LogDevObjectVersion:   Dev-Platform (6631380F-2D4D-43E0-8009-CF276956A95A): 0
LogDevObjectVersion:   Dev-Rendering (12F88B9F-8875-4AFC-A67C-D90C383ABD29): 25
LogDevObjectVersion:   Dev-Sequencer (7B5AE74C-D270-4C10-A958-57980B212A5A): 6
LogDevObjectVersion:   Dev-VR (D7296918-1DD6-4BDD-9DE2-64A83CC13884): 1
LogDevObjectVersion:   Dev-LoadTimes (C2A15278-BFE7-4AFE-6C17-90FF531DF755): 1
LogDevObjectVersion:   Private-Geometry (6EACA3D4-40EC-4CC1-B786-8BED09428FC5): 2
LogDevObjectVersion:   Dev-AnimPhys (29E575DD-E0A3-4627-9D10-D276232CDCEA): 16
LogDevObjectVersion:   Dev-ReflectionCapture (6B266CEC-1EC7-4B8F-A30B-E4D90942FC07): 1
LogDevObjectVersion:   Dev-Automation (0DF73D61-A23F-47EA-B727-89E90C41499A): 1
LogInit: Compiled (64-bit): Apr 27 2018 02:06:57
LogInit: Compiled with Visual C++: 19.00.24215.01
LogInit: Build Configuration: Development
LogInit: Branch Name: ++UE4+Release-4.19
LogInit: Command Line: 
LogInit: Base Directory: C:/Program Files/Epic Games/UE_4.19/Engine/Binaries/Win64/
LogInit: Installed Engine Build: 1
LogStreaming: Display: Took  0.002s to delete old logs.
LogInit: Presizing for max 8388607 objects, including 0 objects not considered by GC, pre-allocating 0 bytes for permanent pool.
LogInit: Object subsystem initialized
[2019.01.07-04.30.42:416][  0]LogInit: Selected Device Profile: [Windows]
[2019.01.07-04.30.42:416][  0]LogInit: Applying CVar settings loaded from the selected device profile: [Windows]
[2019.01.07-04.30.42:426][  0]LogInit: Computer: AIDEN
[2019.01.07-04.30.42:426][  0]LogInit: User: Kimmy
[2019.01.07-04.30.42:426][  0]LogInit: CPU Page size=4096, Cores=4
[2019.01.07-04.30.42:426][  0]LogInit: High frequency timer resolution =4.101561 MHz
[2019.01.07-04.30.42:426][  0]LogMemory: Memory total: Physical=15.9GB (16GB approx)
[2019.01.07-04.30.42:426][  0]LogMemory: Platform Memory Stats for Windows
[2019.01.07-04.30.42:426][  0]LogMemory: Process Physical Memory: 275.07 MB used, 275.07 MB peak
[2019.01.07-04.30.42:426][  0]LogMemory: Process Virtual Memory: 264.70 MB used, 264.70 MB peak
[2019.01.07-04.30.42:426][  0]LogMemory: Physical Memory: 6411.55 MB used,  9905.49 MB free, 16317.04 MB total
[2019.01.07-04.30.42:426][  0]LogMemory: Virtual Memory: 4795.54 MB used,  9905.49 MB free, 134217728.00 MB total
[2019.01.07-04.30.42:438][  0]LogInit: Using OS detected language (en-GB).
[2019.01.07-04.30.42:438][  0]LogInit: Using OS detected locale (en-GB).
[2019.01.07-04.30.42:440][  0]LogTextLocalizationManager: No specific localization for 'en-GB' exists, so the 'en' localization will be used.
[2019.01.07-04.30.42:741][  0]LogStreaming: Display: Took  0.303s to EndInitTextLocalization.
[2019.01.07-04.30.42:741][  0]LogInit: Setting process to per monitor DPI aware
[2019.01.07-04.30.42:764][  0]LogSlate: New Slate User Created.  User Index 0, Is Virtual User: 0
[2019.01.07-04.30.42:764][  0]LogSlate: Slate User Registered.  User Index 0, Is Virtual User: 0
[2019.01.07-04.30.42:905][  0]LogD3D11RHI: D3D11 adapters:
[2019.01.07-04.30.42:984][  0]LogD3D11RHI:    0. 'NVIDIA GeForce GTX 1060 6GB' (Feature Level 11_0)
[2019.01.07-04.30.42:984][  0]LogD3D11RHI:       6061/0/8158 MB DedicatedVideo/DedicatedSystem/SharedSystem, Outputs:1, VendorId:0x10de
[2019.01.07-04.30.42:985][  0]LogD3D11RHI:    1. 'Microsoft Basic Render Driver' (Feature Level 11_0)
[2019.01.07-04.30.42:985][  0]LogD3D11RHI:       0/0/8158 MB DedicatedVideo/DedicatedSystem/SharedSystem, Outputs:0, VendorId:0x1414
[2019.01.07-04.30.42:985][  0]LogD3D11RHI: Chosen D3D11 Adapter: 0
[2019.01.07-04.30.42:991][  0]LogD3D11RHI: Creating new Direct3DDevice
[2019.01.07-04.30.42:991][  0]LogD3D11RHI:     GPU DeviceId: 0x1c03 (for the marketing name, search the web for "GPU Device Id")
[2019.01.07-04.30.42:991][  0]LogWindows: EnumDisplayDevices:
[2019.01.07-04.30.42:991][  0]LogWindows:    0. 'NVIDIA GeForce GTX 1060 6GB' (P:1 D:1)
[2019.01.07-04.30.42:991][  0]LogWindows:    1. 'NVIDIA GeForce GTX 1060 6GB' (P:0 D:0)
[2019.01.07-04.30.42:991][  0]LogWindows:    2. 'NVIDIA GeForce GTX 1060 6GB' (P:0 D:0)
[2019.01.07-04.30.42:992][  0]LogWindows:    3. 'NVIDIA GeForce GTX 1060 6GB' (P:0 D:0)
[2019.01.07-04.30.42:992][  0]LogWindows: DebugString: GetVideoDriverDetailsInvalid PrimaryIsNotTheChoosenAdapter GetVideoDriverDetailsInvalid PrimaryIsNotTheChoosenAdapter GetVideoDriverDetailsInvalid PrimaryIsNotTheChoosenAdapter GetVideoDriverDetailsInvalid PrimaryIsNotTheChoosenAdapter FoundDriverCount:0 
[2019.01.07-04.30.42:992][  0]LogD3D11RHI:     Adapter Name: NVIDIA GeForce GTX 1060 6GB
[2019.01.07-04.30.42:992][  0]LogD3D11RHI:   Driver Version: Unknown (internal:Unknown, unified:Unknown)
[2019.01.07-04.30.42:992][  0]LogD3D11RHI:      Driver Date: Unknown
[2019.01.07-04.30.42:992][  0]LogRHI: Texture pool is 4242 MB (70% of 6061 MB)
[2019.01.07-04.30.43:010][  0]LogD3D11RHI: [Aftermath] Aftermath enabled but failed to initialize
[2019.01.07-04.30.43:010][  0]LogD3D11RHI: [Aftermath] Aftermath enabled and primed
[2019.01.07-04.30.43:010][  0]LogD3D11RHI: Async texture creation enabled
[2019.01.07-04.30.43:041][  0]LogD3D11RHI: GPU Timing Frequency: 1000.000000 (Debug: 2 1)
[2019.01.07-04.30.43:088][  0]LogShaderCompilers: Guid format shader working directory is -64 characters bigger than the processId version (../../../../../../Users/Kimmy/Desktop/Prototype Dev - Unreal Engine - Manfredo/v1.0 12th Oct/ProjectToastEmpty/Intermediate/Shaders/WorkingDirectory/5856/).
[2019.01.07-04.30.43:088][  0]LogShaderCompilers: Cleaned the shader compiler working directory 'C:/Users/Kimmy/AppData/Local/Temp/UnrealShaderWorkingDir/188E873646D329FD1AC7C3BA7B9BB010/'.
[2019.01.07-04.30.43:300][  0]LogTemp: Display: Loaded TP AllDesktopTargetPlatform
[2019.01.07-04.30.43:311][  0]LogTemp: Display: Loaded TP MacClientTargetPlatform
[2019.01.07-04.30.43:322][  0]LogTemp: Display: Loaded TP MacNoEditorTargetPlatform
[2019.01.07-04.30.43:335][  0]LogTemp: Display: Loaded TP MacServerTargetPlatform
[2019.01.07-04.30.43:346][  0]LogTemp: Display: Loaded TP MacTargetPlatform
[2019.01.07-04.30.43:357][  0]LogTemp: Display: Loaded TP WindowsClientTargetPlatform
[2019.01.07-04.30.43:368][  0]LogTemp: Display: Loaded TP WindowsNoEditorTargetPlatform
[2019.01.07-04.30.43:379][  0]LogTemp: Display: Loaded TP WindowsServerTargetPlatform
[2019.01.07-04.30.43:384][  0]LogTemp: Display: Loaded TP WindowsTargetPlatform
[2019.01.07-04.30.43:394][  0]LogTemp: Display: Loaded TP Android_ASTCTargetPlatform
[2019.01.07-04.30.43:404][  0]LogTemp: Display: Loaded TP Android_ATCTargetPlatform
[2019.01.07-04.30.43:413][  0]LogTemp: Display: Loaded TP Android_DXTTargetPlatform
[2019.01.07-04.30.43:423][  0]LogTemp: Display: Loaded TP Android_ETC1aTargetPlatform
[2019.01.07-04.30.43:432][  0]LogTemp: Display: Loaded TP Android_ETC1TargetPlatform
[2019.01.07-04.30.43:442][  0]LogTemp: Display: Loaded TP Android_ETC2TargetPlatform
[2019.01.07-04.30.43:462][  0]LogTemp: Display: Loaded TP Android_MultiTargetPlatform
[2019.01.07-04.30.43:462][  0]LogTemp: Display: Loaded TP Android_PVRTCTargetPlatform
[2019.01.07-04.30.43:472][  0]LogTemp: Display: Loaded TP AndroidTargetPlatform
[2019.01.07-04.30.43:473][  0]LogTemp: Display: Loaded TP HTML5TargetPlatform
[2019.01.07-04.30.43:507][  0]LogTemp: Display: Loaded TP IOSTargetPlatform
[2019.01.07-04.30.43:515][  0]LogTemp: Display: Loaded TP TVOSTargetPlatform
[2019.01.07-04.30.43:525][  0]LogTemp: Display: Loaded TP LinuxClientTargetPlatform
[2019.01.07-04.30.43:535][  0]LogTemp: Display: Loaded TP LinuxNoEditorTargetPlatform
[2019.01.07-04.30.43:545][  0]LogTemp: Display: Loaded TP LinuxServerTargetPlatform
[2019.01.07-04.30.43:555][  0]LogTemp: Display: Loaded TP LinuxTargetPlatform
[2019.01.07-04.30.43:555][  0]LogTargetPlatformManager: Display: Building Assets For Windows
[2019.01.07-04.30.43:646][  0]LogShaderCompilers: Display: Using XGE Shader Compiler (Interception Interface).
[2019.01.07-04.30.44:137][  0]LogDerivedDataCache: Display: Max Cache Size: 512 MB
[2019.01.07-04.30.44:184][  0]LogDerivedDataCache: Loaded boot cache 0.05s 74MB C:/Users/Kimmy/AppData/Local/UnrealEngine/4.19/DerivedDataCache/Boot.ddc.
[2019.01.07-04.30.44:184][  0]LogDerivedDataCache: Display: Loaded Boot cache: C:/Users/Kimmy/AppData/Local/UnrealEngine/4.19/DerivedDataCache/Boot.ddc
[2019.01.07-04.30.44:184][  0]LogDerivedDataCache: FDerivedDataBackendGraph:  Pak pak cache file ../../../../../../Users/Kimmy/Desktop/Prototype Dev - Unreal Engine - Manfredo/v1.0 12th Oct/ProjectToastEmpty/DerivedDataCache/DDC.ddp not found, will not use a pak cache.
[2019.01.07-04.30.44:184][  0]LogDerivedDataCache: Unable to find inner node Pak for hierarchical cache Hierarchy.
[2019.01.07-04.30.44:184][  0]LogDerivedDataCache: FDerivedDataBackendGraph:  CompressedPak pak cache file ../../../../../../Users/Kimmy/Desktop/Prototype Dev - Unreal Engine - Manfredo/v1.0 12th Oct/ProjectToastEmpty/DerivedDataCache/Compressed.ddp not found, will not use a pak cache.
[2019.01.07-04.30.44:184][  0]LogDerivedDataCache: Unable to find inner node CompressedPak for hierarchical cache Hierarchy.
[2019.01.07-04.30.44:184][  0]LogDerivedDataCache: FDerivedDataBackendGraph:  EnginePak pak cache file ../../../Engine/DerivedDataCache/Compressed.ddp not found, will not use a pak cache.
[2019.01.07-04.30.44:184][  0]LogDerivedDataCache: Unable to find inner node EnginePak for hierarchical cache Hierarchy.
[2019.01.07-04.30.44:196][  0]LogDerivedDataCache: Using Local data cache path C:/Users/Kimmy/AppData/Local/UnrealEngine/Common/DerivedDataCache: Writable
[2019.01.07-04.30.44:196][  0]LogDerivedDataCache: Shared data cache path not found in *engine.ini, will not use an Shared cache.
[2019.01.07-04.30.44:196][  0]LogDerivedDataCache: Unable to find inner node Shared for hierarchical cache Hierarchy.
[2019.01.07-04.30.44:204][  0]LogMaterial: Verifying Global Shaders for PCD3D_SM5
[2019.01.07-04.30.44:204][  0]LogSlate: Using Freetype 2.6.0
[2019.01.07-04.30.44:205][  0]LogSlate: SlateFontCache - WITH_FREETYPE: 1, WITH_HARFBUZZ: 1
[2019.01.07-04.30.44:205][  0]LogSlate: SlateFontCache - WITH_FREETYPE: 1, WITH_HARFBUZZ: 1
[2019.01.07-04.30.44:298][  0]LogAssetRegistry: FAssetRegistry took 0.0250 seconds to start up
[2019.01.07-04.30.44:514][  0]LogInit: Selected Device Profile: [Windows]
[2019.01.07-04.30.44:618][  0]LogSimplygon: Simplygon DLL not present - disabling.
[2019.01.07-04.30.44:620][  0]LogMeshReduction: Using SimplygonSwarm for distributed automatic mesh merging
[2019.01.07-04.30.44:620][  0]LogMeshReduction: Using QuadricMeshReduction for automatic static mesh reduction
[2019.01.07-04.30.44:620][  0]LogMeshReduction: No automatic skeletal mesh reduction module available
[2019.01.07-04.30.44:620][  0]LogMeshReduction: No automatic mesh merging module available
[2019.01.07-04.30.44:620][  0]LogMeshMerging: No automatic mesh merging module available
[2019.01.07-04.30.44:642][  0]LogNetVersion: ProjectToastEmpty , NetCL: 3944462, EngineNetVer: 2, GameNetVer: 0 (Checksum: 925817542)
[2019.01.07-04.30.44:955][  0]LogPackageLocalizationCache: Processed 9 localized package path(s) for 2 prioritized culture(s) in 0.059985 seconds
[2019.01.07-04.30.44:959][  0]LogUObjectArray: 36728 objects as part of root set at end of initial load.
[2019.01.07-04.30.44:959][  0]LogUObjectAllocator: 7314304 out of 0 bytes used by permanent object pool.
[2019.01.07-04.30.44:960][  0]LogUObjectArray: CloseDisregardForGC: 0/0 objects in disregard for GC pool
[2019.01.07-04.30.46:099][  0]LogTcpMessaging: Initializing TcpMessaging bridge
[2019.01.07-04.30.46:124][  0]LogUdpMessaging: Initializing bridge on interface 0.0.0.0:0 to multicast group 230.0.0.1:6666.
[2019.01.07-04.30.46:411][  0]SourceControl: Source control is disabled
[2019.01.07-04.30.46:411][  0]SourceControl: Source control is disabled
[2019.01.07-04.30.46:424][  0]SourceControl: Source control is disabled
[2019.01.07-04.30.46:437][  0]SourceControl: Source control is disabled
[2019.01.07-04.30.46:808][  0]LogAndroidPermission: UAndroidPermissionCallbackProxy::GetInstance
[2019.01.07-04.30.46:918][  0]LogOcInput: OculusInput pre-init called
[2019.01.07-04.30.46:995][  0]LogEngine: Initializing Engine...
[2019.01.07-04.30.46:996][  0]LogHMD: Failed to initialize OpenVR with code 110
[2019.01.07-04.30.46:998][  0]LogStats: UGameplayTagsManager::ConstructGameplayTagTree: Construct from data asset -  0.000 s
[2019.01.07-04.30.46:998][  0]LogStats: UGameplayTagsManager::ConstructGameplayTagTree: GameplayTagTreeChangedEvent.Broadcast -  0.000 s
[2019.01.07-04.30.47:150][  0]LogAIModule: Creating AISystem for world Untitled
[2019.01.07-04.30.47:159][  0]LogInit: XAudio2 using 'Speakers (Realtek High Definition Audio)' : 2 channels at 48 kHz using 32 bits per sample (channel mask 0x3)
[2019.01.07-04.30.47:171][  0]LogInit: FAudioDevice initialized.
[2019.01.07-04.30.47:232][  0]LogDerivedDataCache: Saved boot cache 0.06s 74MB C:/Users/Kimmy/AppData/Local/UnrealEngine/4.19/DerivedDataCache/Boot.ddc.
[2019.01.07-04.30.47:237][  0]LogInit: Texture streaming: Enabled
[2019.01.07-04.30.47:248][  0]LogEngineSessionManager: EngineSessionManager initialized
[2019.01.07-04.30.47:258][  0]LogInit: Transaction tracking system initialized
[2019.01.07-04.30.47:274][  0]BlueprintLog: New page: Editor Load
[2019.01.07-04.30.47:331][  0]LocalizationService: Localization service is disabled
[2019.01.07-04.30.47:404][  0]LogConsoleResponse: Display: 
[2019.01.07-04.30.47:503][  0]LogCook: Display: Max memory allowance for cook 16384mb min free memory 0mb
[2019.01.07-04.30.47:503][  0]LogCook: Display: Mobile HDR setting 1
[2019.01.07-04.30.47:503][  0]LogGameplayTags: Display: UGameplayTagsManager::DoneAddingNativeTags. DelegateIsBound: 0
[2019.01.07-04.30.47:503][  0]LogStats: UGameplayTagsManager::ConstructGameplayTagTree: Construct from data asset -  0.000 s
[2019.01.07-04.30.47:503][  0]LogStats: UGameplayTagsManager::ConstructGameplayTagTree: GameplayTagTreeChangedEvent.Broadcast -  0.000 s
[2019.01.07-04.30.47:772][  0]LogFileCache: Scanning file cache for directory 'C:/Users/Kimmy/Desktop/Prototype Dev - Unreal Engine - Manfredo/v1.0 12th Oct/ProjectToastEmpty/Content/' took 0.01s
[2019.01.07-04.30.47:772][  0]SourceControl: Source control is disabled
[2019.01.07-04.30.47:772][  0]Cmd: MAP LOAD FILE="../../../../../../Users/Kimmy/Desktop/Prototype Dev - Unreal Engine - Manfredo/v1.0 12th Oct/ProjectToastEmpty/Content/Kim/Maps/SpaceMap.umap" TEMPLATE=0 SHOWPROGRESS=1 FEATURELEVEL=3
[2019.01.07-04.30.47:773][  0]LightingResults: New page: Lighting Build
[2019.01.07-04.30.47:774][  0]MapCheck: New page: Map Check
[2019.01.07-04.30.47:774][  0]LightingResults: New page: Lighting Build
[2019.01.07-04.30.47:813][  0]LogUObjectGlobals: Created PersistentFrame Addr=0x0000023a8a7336a0, Size=72, Default__FirstPerson_AnimBP_C Function /Game/FirstPerson/Animations/FirstPerson_AnimBP.FirstPerson_AnimBP_C:ExecuteUbergraph_FirstPerson_AnimBP
[2019.01.07-04.30.47:819][  0]LogUObjectGlobals: Destroyed PersistentFrame Addr=0x0000023a8a7336a0, Size=72
[2019.01.07-04.30.47:819][  0]LogUObjectGlobals: Created PersistentFrame Addr=0x0000023a8a6bea70, Size=72, Default__FirstPerson_AnimBP_C Function /Engine/Transient.REINST_FirstPerson_AnimBP_C_0:ExecuteUbergraph_FirstPerson_AnimBP
[2019.01.07-04.30.47:825][  0]LogUObjectGlobals: Created PersistentFrame Addr=0x0000023a8a65eca0, Size=72, Default__FirstPerson_AnimBP_C Function /Game/FirstPerson/Animations/FirstPerson_AnimBP.FirstPerson_AnimBP_C:ExecuteUbergraph_FirstPerson_AnimBP
[2019.01.07-04.30.47:865][  0]LogUObjectGlobals: Created PersistentFrame Addr=0x0000023a8a64c400, Size=232, Default__BP_FPSCharacter_C Function /Game/Kim/Blueprints/Game/BP_FPSCharacter.BP_FPSCharacter_C:ExecuteUbergraph_BP_FPSCharacter
[2019.01.07-04.30.47:868][  0]LogUObjectGlobals: Destroyed PersistentFrame Addr=0x0000023a8a64c400, Size=232
[2019.01.07-04.30.47:868][  0]LogUObjectGlobals: Created PersistentFrame Addr=0x0000023a8a64c400, Size=232, Default__BP_FPSCharacter_C Function /Engine/Transient.REINST_BP_FPSCharacter_C_6:ExecuteUbergraph_BP_FPSCharacter
[2019.01.07-04.30.47:870][  0]LogUObjectGlobals: Created PersistentFrame Addr=0x0000023a89ed7c00, Size=232, Default__BP_FPSCharacter_C Function /Game/Kim/Blueprints/Game/BP_FPSCharacter.BP_FPSCharacter_C:ExecuteUbergraph_BP_FPSCharacter
[2019.01.07-04.30.48:338][  0]LogSkeletalMesh: Skeletal Mesh found in DDC [0.823101ms] /Game/FirstPerson/FPWeapon/Mesh/SK_FPGun.SK_FPGun
[2019.01.07-04.30.48:345][  0]LogSkeletalMesh: Skeletal Mesh found in DDC [1.301700ms] /Game/FirstPerson/Character/Mesh/SK_Mannequin_Arms.SK_Mannequin_Arms
[2019.01.07-04.30.48:401][  0]LogAIModule: Creating AISystem for world SpaceMap
[2019.01.07-04.30.48:573][  0]LogEditorServer: Finished looking for orphan Actors (0.000 secs)
[2019.01.07-04.30.48:585][  0]LogUObjectGlobals: Destroyed PersistentFrame Addr=0x0000023a8a6bea70, Size=72
[2019.01.07-04.30.48:585][  0]LogUObjectGlobals: Destroyed PersistentFrame Addr=0x0000023a8a64c400, Size=232
[2019.01.07-04.30.48:588][  0]Cmd: MAP CHECKDEP NOCLEARLOG
[2019.01.07-04.30.48:636][  0]MapCheck: Map check complete: 0 Error(s), 0 Warning(s), took 47.933ms to complete.
[2019.01.07-04.30.48:636][  0]LogFileHelpers: Loading map 'SpaceMap' took 0.864
[2019.01.07-04.30.48:734][  0]LogCollectionManager: Loaded 0 collections in 0.001181 seconds
[2019.01.07-04.30.48:770][  0]LogFileCache: Scanning file cache for directory 'C:/Users/Kimmy/Desktop/Prototype Dev - Unreal Engine - Manfredo/v1.0 12th Oct/ProjectToastEmpty/Saved/Collections/' took 0.01s
[2019.01.07-04.30.48:770][  0]LogFileCache: Scanning file cache for directory 'C:/Users/Kimmy/Desktop/Prototype Dev - Unreal Engine - Manfredo/v1.0 12th Oct/ProjectToastEmpty/Content/Developers/Kimmy/Collections/' took 0.01s
[2019.01.07-04.30.48:770][  0]LogFileCache: Scanning file cache for directory 'C:/Users/Kimmy/Desktop/Prototype Dev - Unreal Engine - Manfredo/v1.0 12th Oct/ProjectToastEmpty/Content/Collections/' took 0.01s
[2019.01.07-04.30.48:770][  0]LogCollectionManager: Rebuilt the GUID cache for 0 collections in 0.000000 seconds
[2019.01.07-04.30.48:777][  0]LogContentBrowser: Native class hierarchy populated in 0.0067 seconds. Added 2455 classes and 560 folders.
[2019.01.07-04.30.48:782][  0]LogContentBrowser: Native class hierarchy updated for 'WidgetCarousel' in 0.0004 seconds. Added 0 classes and 0 folders.
[2019.01.07-04.30.48:813][  0]LogContentBrowser: Native class hierarchy updated for 'AddContentDialog' in 0.0005 seconds. Added 0 classes and 0 folders.
[2019.01.07-04.30.48:820][  0]LogContentBrowser: Native class hierarchy updated for 'SceneOutliner' in 0.0005 seconds. Added 1 classes and 2 folders.
[2019.01.07-04.30.48:875][  0]LogSlate: Took 0.000272 seconds to synchronously load lazily loaded font '../../../Engine/Content/Slate/Fonts/Roboto-Regular.ttf' (155K)
[2019.01.07-04.30.48:877][  0]LogSlate: Took 0.000210 seconds to synchronously load lazily loaded font '../../../Engine/Content/Slate/Fonts/Roboto-Bold.ttf' (160K)
[2019.01.07-04.30.48:881][  0]LogSlate: Took 0.000177 seconds to synchronously load lazily loaded font '../../../Engine/Content/Editor/Slate/Fonts/FontAwesome.ttf' (139K)
[2019.01.07-04.30.48:957][  0]LogRenderer: Reallocating scene render targets to support 972x604 Format 10 NumSamples 1 (Frame:1).
[2019.01.07-04.30.49:099][  0]LogContentBrowser: Native class hierarchy updated for 'HierarchicalLODOutliner' in 0.0005 seconds. Added 0 classes and 0 folders.
[2019.01.07-04.30.49:099][  0]LogLoad: (Engine Initialization) Total time: 8.91 seconds
[2019.01.07-04.30.49:099][  0]LogLoad: (Engine Initialization) Total Blueprint compile time: 0.00 seconds
[2019.01.07-04.30.49:109][  0]LogWindowsTextInputMethodSystem: Display: IME system now deactivated.
[2019.01.07-04.30.49:128][  0]LogContentStreaming: Texture pool size now 1000 MB
[2019.01.07-04.30.49:246][  0]LogSlate: Took 0.000162 seconds to synchronously load lazily loaded font '../../../Engine/Content/Slate/Fonts/Roboto-Light.ttf' (167K)
[2019.01.07-04.30.49:255][  1]LogAssetRegistry: Asset discovery search completed in 4.9792 seconds
[2019.01.07-04.30.49:257][  1]LogCollectionManager: Rebuilt the object cache for 0 collections in 0.000000 seconds (found 0 objects)
[2019.01.07-04.30.49:257][  1]LogCollectionManager: Fixed up redirectors for 0 collections in 0.000046 seconds (updated 0 objects)
[2019.01.07-04.30.52:296][293]LogSlate: FSceneViewport::OnFocusLost() reason 0
[2019.01.07-04.31.12:875][459]LogTemp: Repeating last play command: Selected Viewport
[2019.01.07-04.31.12:895][459]LogBlueprintUserMessages: Early PlayInEditor Detection: Level '/Game/Kim/Maps/SpaceMap.SpaceMap:PersistentLevel' has LevelScriptBlueprint '/Game/Kim/Maps/SpaceMap.SpaceMap:PersistentLevel.SpaceMap' with GeneratedClass '/Game/Kim/Maps/SpaceMap.SpaceMap_C' with ClassGeneratedBy '/Game/Kim/Maps/SpaceMap.SpaceMap:PersistentLevel.SpaceMap'
[2019.01.07-04.31.12:895][459]LogPlayLevel: PlayLevel: No blueprints needed recompiling
[2019.01.07-04.31.12:895][459]PIE: New page: PIE session: SpaceMap (7 Jan 2019 04:31:12)
[2019.01.07-04.31.12:895][459]LogPlayLevel: Creating play world package: /Game/Kim/Maps/UEDPIE_0_SpaceMap
[2019.01.07-04.31.12:930][459]LogPlayLevel: PIE: StaticDuplicateObject took: (0.034066s)
[2019.01.07-04.31.12:930][459]LogAIModule: Creating AISystem for world SpaceMap
[2019.01.07-04.31.12:930][459]LogPlayLevel: PIE: World Init took: (0.000529s)
[2019.01.07-04.31.12:930][459]LogPlayLevel: PIE: Created PIE world by copying editor world from /Game/Kim/Maps/SpaceMap.SpaceMap to /Game/Kim/Maps/UEDPIE_0_SpaceMap.SpaceMap (0.034749s)
[2019.01.07-04.31.12:943][459]LogInit: XAudio2 using 'Speakers (Realtek High Definition Audio)' : 2 channels at 48 kHz using 32 bits per sample (channel mask 0x3)
[2019.01.07-04.31.12:953][459]LogInit: FAudioDevice initialized.
[2019.01.07-04.31.13:001][459]LogLoad: Game class is 'BP_ProjectToastEmptyGameModeBase_C'
[2019.01.07-04.31.13:027][459]LogWorld: Bringing World /Game/Kim/Maps/UEDPIE_0_SpaceMap.SpaceMap up for play (max tick rate 0) at 2019.01.07-04.31.13
[2019.01.07-04.31.13:028][459]LogWorld: Bringing up level for play took: 0.025896
[2019.01.07-04.31.13:031][459]LogContentBrowser: Native class hierarchy updated for 'MovieSceneCapture' in 0.0005 seconds. Added 11 classes and 0 folders.
[2019.01.07-04.31.13:031][459]ProjectSpace: FPSCharacter : Initialized
[2019.01.07-04.31.13:031][459]ProjectSpace: Welcome to Project Space! This is a logging message
[2019.01.07-04.31.13:031][459]PIE: Play in editor start time for /Game/Kim/Maps/UEDPIE_0_SpaceMap -0.337
[2019.01.07-04.31.13:032][459]LogBlueprintUserMessages: Late PlayInEditor Detection: Level '/Game/Kim/Maps/SpaceMap.SpaceMap:PersistentLevel' has LevelScriptBlueprint '/Game/Kim/Maps/SpaceMap.SpaceMap:PersistentLevel.SpaceMap' with GeneratedClass '/Game/Kim/Maps/SpaceMap.SpaceMap_C' with ClassGeneratedBy '/Game/Kim/Maps/SpaceMap.SpaceMap:PersistentLevel.SpaceMap'
[2019.01.07-04.33.12:484][714]LogBlueprintUserMessages: Early EndPlayMap Detection: Level '/Game/Kim/Maps/SpaceMap.SpaceMap:PersistentLevel' has LevelScriptBlueprint '/Game/Kim/Maps/SpaceMap.SpaceMap:PersistentLevel.SpaceMap' with GeneratedClass '/Game/Kim/Maps/SpaceMap.SpaceMap_C' with ClassGeneratedBy '/Game/Kim/Maps/SpaceMap.SpaceMap:PersistentLevel.SpaceMap'
[2019.01.07-04.33.12:518][714]LogBlueprintUserMessages: Late EndPlayMap Detection: Level '/Game/Kim/Maps/SpaceMap.SpaceMap:PersistentLevel' has LevelScriptBlueprint '/Game/Kim/Maps/SpaceMap.SpaceMap:PersistentLevel.SpaceMap' with GeneratedClass '/Game/Kim/Maps/SpaceMap.SpaceMap_C' with ClassGeneratedBy '/Game/Kim/Maps/SpaceMap.SpaceMap:PersistentLevel.SpaceMap'
[2019.01.07-04.33.15:577][ 71]LogSlate: FSceneViewport::OnFocusLost() reason 2
[2019.01.07-04.33.17:094][243]MapCheck: New page: Map Check
[2019.01.07-04.33.17:105][243]LogSlate: FSceneViewport::OnFocusLost() reason 2
[2019.01.07-04.33.17:107][243]LightingResults: New page: Lighting Build - 7 Jan 2019 04:33:17
[2019.01.07-04.33.17:141][243]LogSwarmInterface: [OpenConnection] Registering TCP channel ...
[2019.01.07-04.33.17:231][243]LogSwarmInterface: [OpenConnection] Connecting to agent ...
[2019.01.07-04.33.17:244][243]LogSwarmInterface: [TryOpenConnection] Testing the Agent
[2019.01.07-04.33.17:770][243]LogSwarmInterface: [TryOpenConnection] Opening Connection to Agent
[2019.01.07-04.33.17:771][243]LogSwarmInterface: [TryOpenConnection] Local Process ID is 5856
[2019.01.07-04.33.22:445][243]LogStaticLightingSystem: Warning: No importance volume found, so the scene bounding box was used.  You can optimize your scene's quality and lighting build times by adding importance volumes.
[2019.01.07-04.33.22:445][243]LogStaticLightingSystem: Running Lightmass w/ ImmediateImport mode ENABLED
[2019.01.07-04.33.22:446][243]LogStaticLightingSystem: Running Lightmass w/ ImmediateProcess mode ENABLED
[2019.01.07-04.33.22:446][243]LogStaticLightingSystem: Running Lightmass w/ Sorting mode ENABLED
[2019.01.07-04.33.22:446][243]LogStaticLightingSystem: Running Lightmass w/ Mapping paddings ENABLED
[2019.01.07-04.33.22:446][243]LogStaticLightingSystem: Running Lightmass w/ Mapping debug paddings DISABLED
[2019.01.07-04.33.22:554][243]LogEditorBuildUtils: Build time 0:05
[2019.01.07-04.33.23:825][324]Job is a success!
[2019.01.07-04.33.23:846][326]LogSlate: FSceneViewport::OnFocusLost() reason 2
[2019.01.07-04.33.23:884][326]LogVolumetricLightmapImport: Imported Volumetric Lightmap in 0.005s
[2019.01.07-04.33.23:884][326]LogVolumetricLightmapImport:      Indirection Texture 16x16x16 = 0.0Mb
[2019.01.07-04.33.23:884][326]LogVolumetricLightmapImport:      BrickData 5x5x5 = 0.0Mb
[2019.01.07-04.33.23:884][326]LogVolumetricLightmapImport:      Bricks at Level
[2019.01.07-04.33.23:884][326]LogVolumetricLightmapImport:          0: 100.0% covering 100.0% of volume
[2019.01.07-04.33.23:884][326]LogVolumetricLightmapImport:          1: 0.0% covering 0.0% of volume
[2019.01.07-04.33.23:884][326]LogVolumetricLightmapImport:          2: 0.0% covering 0.0% of volume
[2019.01.07-04.33.23:905][326]LogTexture: Display: Building textures: SkyOcclusion0_1 (AutoDXT, 64X32)
[2019.01.07-04.33.23:905][326]LogTexture: Display: Building textures: HQ_Lightmap0_1 (AutoDXT, 64X64)
[2019.01.07-04.33.23:905][326]LogTexture: Display: Building textures: LQ_Lightmap_0_1 (DXT1, 64X64)
[2019.01.07-04.33.23:905][326]LogTexture: Display: Building textures: ShadowMapTexture2D_3 (G8, 32X32)
[2019.01.07-04.33.23:929][326]Lightmass on AIDEN: 856 ms total, 111 ms importing, 16 ms setup, 386 ms photons, 315 ms processing, 0 ms extra exporting [1/1 mappings]. Threads: 2.04 sec total, 71 ms processing.
[2019.01.07-04.33.23:949][326]LogStaticLightingSystem: Illumination: 6.82 sec (4 ms encoding lightmaps, 0 ms encoding shadowmaps)
[2019.01.07-04.33.23:949][326]LogStaticLightingSystem: Lightmap texture memory:  0.0 MB (0.0 MB streaming, 0.0 MB non-streaming), 2 textures
[2019.01.07-04.33.23:949][326]LogStaticLightingSystem: Shadowmap texture memory: 0.0 MB (0.0 MB streaming, 0.0 MB non-streaming), 1 textures
[2019.01.07-04.33.24:450][326]DumpUnbuiltLightIteractions
[2019.01.07-04.33.24:450][326]Lights with unbuilt interactions: 0
[2019.01.07-04.33.24:451][326]
[2019.01.07-04.33.24:451][326]Primitives with unbuilt interactions: 0
[2019.01.07-04.33.24:462][326]LogSlate: FSceneViewport::OnFocusLost() reason 2
[2019.01.07-04.33.24:566][327]Cmd: MAP CHECK NOTIFYRESULTS
[2019.01.07-04.33.24:566][327]MapCheck: New page: SpaceMap - 7 Jan 2019 04:33:24
[2019.01.07-04.33.24:619][327]MapCheck: Map check complete: 0 Error(s), 0 Warning(s), took 52.531ms to complete.
[2019.01.07-04.34.03:571][505]LogEditorViewport: Clicking on Actor (LMB): BP_Large_Room_Square_With_Side_Attachment_C (Mess Main Room)
[2019.01.07-04.34.04:883][622]Cmd: CAMERA ALIGN ACTIVEVIEWPORTONLY
[2019.01.07-04.34.21:600][597]LogSlate: FSceneViewport::OnFocusLost() reason 0
[2019.01.07-04.34.53:867][429]LogContentBrowser: Native class hierarchy updated for 'BlueprintGraph' in 0.0007 seconds. Added 116 classes and 0 folders.
[2019.01.07-04.34.54:110][429]LogUObjectGlobals: Created PersistentFrame Addr=0x0000023b1ddd9d58, Size=4, Default__SKEL_PROTO_BP_AnimBlueprint_0_C Function /Engine/Transient.SKEL_PROTO_BP_AnimBlueprint_0_C:ExecuteUbergraph_PROTO_BP_AnimBlueprint_0
[2019.01.07-04.34.54:110][429]LogUObjectGlobals: Created PersistentFrame Addr=0x0000023b1ddd9d50, Size=4, Default__PROTO_BP_AnimBlueprint_0_C Function /Engine/Transient.PROTO_BP_AnimBlueprint_0_C:ExecuteUbergraph_PROTO_BP_AnimBlueprint_0
[2019.01.07-04.34.54:474][429]LogSlate: Took 0.002807 seconds to synchronously load lazily loaded font '../../../Engine/Content/Slate/Fonts/Roboto-BoldCondensed.ttf' (158K)
[2019.01.07-04.34.55:554][527]LogRenderer: Reallocating scene render targets to support 972x712 Format 10 NumSamples 1 (Frame:1).
[2019.01.07-04.35.03:112][331]LogSlate: FSceneViewport::OnFocusLost() reason 2
[2019.01.07-04.35.15:165][384]LogSlate: FSceneViewport::OnFocusLost() reason 2
[2019.01.07-04.35.40:529][458]LogSlate: Window 'BP_Large_Room_Square_With_Side_Attachment*' being destroyed
[2019.01.07-04.35.40:531][458]LogSlate: Window 'BP_Large_Room_Square_With_Side_Attachment*' being destroyed
[2019.01.07-04.35.45:226][ 12]LogSlate: FSceneViewport::OnFocusLost() reason 0
[2019.01.07-04.35.52:989][815]LogSlate: FSceneViewport::OnFocusLost() reason 2
[2019.01.07-04.35.56:525][127]LogSlate: FSceneViewport::OnFocusLost() reason 0
[2019.01.07-04.35.56:620][137]BlueprintLog: New page: Compile BP_Large_Room_Square_With_Side_Attachment
[2019.01.07-04.35.57:238][137]LogSavePackage: Save=73.74ms
[2019.01.07-04.35.57:238][137]LogSavePackage: Moving '../../../../../../Users/Kimmy/Desktop/Prototype Dev - Unreal Engine - Manfredo/v1.0 12th Oct/ProjectToastEmpty/Saved/BP_Large_Room_Square_With_Side_AD2877EEB416F6A36AF5935A0351677A5.tmp' to '../../../../../../Users/Kimmy/Desktop/Prototype Dev - Unreal Engine - Manfredo/v1.0 12th Oct/ProjectToastEmpty/Content/Kim/Rooms/Large/BP_Large_Room_Square_With_Side_Attachment.uasset'
[2019.01.07-04.35.57:242][137]LogSavePackage: Display: Finished SavePackage ../../../../../../Users/Kimmy/Desktop/Prototype Dev - Unreal Engine - Manfredo/v1.0 12th Oct/ProjectToastEmpty/Content/Kim/Rooms/Large/BP_Large_Room_Square_With_Side_Attachment.uasset
[2019.01.07-04.35.57:576][163]LogSlate: FSceneViewport::OnFocusLost() reason 0
[2019.01.07-04.35.57:780][173]LogSavePackage: Save=70.07ms
[2019.01.07-04.35.57:780][173]LogSavePackage: Moving '../../../../../../Users/Kimmy/Desktop/Prototype Dev - Unreal Engine - Manfredo/v1.0 12th Oct/ProjectToastEmpty/Saved/BP_Large_Room_Square_With_Side_ADFC1BD9C42860DA1D1BC23A2BDD07EB4.tmp' to '../../../../../../Users/Kimmy/Desktop/Prototype Dev - Unreal Engine - Manfredo/v1.0 12th Oct/ProjectToastEmpty/Content/Kim/Rooms/Large/BP_Large_Room_Square_With_Side_Attachment.uasset'
[2019.01.07-04.35.57:781][173]LogSavePackage: Display: Finished SavePackage ../../../../../../Users/Kimmy/Desktop/Prototype Dev - Unreal Engine - Manfredo/v1.0 12th Oct/ProjectToastEmpty/Content/Kim/Rooms/Large/BP_Large_Room_Square_With_Side_Attachment.uasset
[2019.01.07-04.35.58:541][248]LogSlate: FSceneViewport::OnFocusLost() reason 0
[2019.01.07-04.35.58:646][259]LogSlate: Window 'BP_Large_Room_Square_With_Side_Attachment' being destroyed
[2019.01.07-04.35.58:648][259]LogSlate: Window 'BP_Large_Room_Square_With_Side_Attachment' being destroyed
[2019.01.07-04.36.12:136][840]LogEditorViewport: Clicking on Actor (LMB): BP_Large_Room_Square_With_Side_Attachment_C (Mess Main Room)
[2019.01.07-04.36.40:866][ 60]LogSlate: FSceneViewport::OnFocusLost() reason 0
[2019.01.07-04.36.42:054][181]LogEditorViewport: Clicking on Actor (LMB): BP_TShape_Room_C (East Tunnel Spare Room)
[2019.01.07-04.36.42:565][236]LogEditorViewport: Clicking on Actor (LMB): BP_Sky_Sphere_C (BP_Sky_Sphere)
[2019.01.07-04.36.43:858][377]LogSlate: FSceneViewport::OnFocusLost() reason 2
[2019.01.07-04.36.44:851][467]LogSlate: FSceneViewport::OnFocusLost() reason 2
[2019.01.07-04.36.45:561][467]LogSavePackage: Save=607.09ms
[2019.01.07-04.36.45:561][467]LogSavePackage: Moving '../../../../../../Users/Kimmy/Desktop/Prototype Dev - Unreal Engine - Manfredo/v1.0 12th Oct/ProjectToastEmpty/Saved/SpaceMap912D8EC9477293AF11E667A10F2FB47F.tmp' to '../../../../../../Users/Kimmy/Desktop/Prototype Dev - Unreal Engine - Manfredo/v1.0 12th Oct/ProjectToastEmpty/Content/Kim/Maps/SpaceMap.umap'
[2019.01.07-04.36.45:564][467]LogSavePackage: Display: Finished SavePackage ../../../../../../Users/Kimmy/Desktop/Prototype Dev - Unreal Engine - Manfredo/v1.0 12th Oct/ProjectToastEmpty/Content/Kim/Maps/SpaceMap.umap
[2019.01.07-04.36.45:605][467]LogFileHelpers: Saving map 'SpaceMap' took 0.750
[2019.01.07-04.36.45:642][467]LogSavePackage: Save=7.17ms
[2019.01.07-04.36.45:642][467]LogSavePackage: Moving '../../../../../../Users/Kimmy/Desktop/Prototype Dev - Unreal Engine - Manfredo/v1.0 12th Oct/ProjectToastEmpty/Saved/SpaceMap_BuiltDataC61AE1454A12C0967C92158F56A37C3B.tmp' to '../../../../../../Users/Kimmy/Desktop/Prototype Dev - Unreal Engine - Manfredo/v1.0 12th Oct/ProjectToastEmpty/Content/Kim/Maps/SpaceMap_BuiltData.uasset'
[2019.01.07-04.36.45:645][467]LogSavePackage: Display: Finished SavePackage ../../../../../../Users/Kimmy/Desktop/Prototype Dev - Unreal Engine - Manfredo/v1.0 12th Oct/ProjectToastEmpty/Content/Kim/Maps/SpaceMap_BuiltData.uasset
[2019.01.07-04.36.47:728][677]LogSlate: FSceneViewport::OnFocusLost() reason 0
[2019.01.07-04.43.41:299][303]LogSlate: FSceneViewport::OnFocusLost() reason 2
[2019.01.07-18.36.50:450][769]LogSlate: FSceneViewport::OnFocusLost() reason 2
[2019.01.07-18.36.53:798][ 66]LogSlate: FSceneViewport::OnFocusLost() reason 2
[2019.01.07-18.36.55:439][217]LogSlate: Window 'Open Level' being destroyed
[2019.01.07-18.36.56:470][325]LogSlate: FSceneViewport::OnFocusLost() reason 0
