Log file open, 01/10/19 14:57:46
LogWindows: Failed to load 'aqProf.dll' (GetLastError=126)
LogWindows: File 'aqProf.dll' does not exist
LogWindows: Failed to load 'VtuneApi.dll' (GetLastError=126)
LogWindows: File 'VtuneApi.dll' does not exist
LogWindows: Failed to load 'VtuneApi32e.dll' (GetLastError=126)
LogWindows: File 'VtuneApi32e.dll' does not exist
LogConsoleResponse: Display: Failed to find resolution value strings in scalability ini. Falling back to default.
LogInit: Display: Running engine for game: ProjectToastEmpty
LogPakFile: Registered encryption key '00000000000000000000000000000000': 0 pak files mounted, 0 remain pending
LogPlatformFile: Not using cached read wrapper
LogTaskGraph: Started task graph with 5 named threads and 23 total threads with 3 sets of task threads.
LogStats: Stats thread started at 0.286889
LogD3D11RHI: Loaded GFSDK_Aftermath_Lib.x64.dll
LogICUInternationalization: ICU TimeZone Detection - Raw Offset: +0:00, Platform Override: ''
LogPluginManager: Mounting plugin Paper2D
LogPluginManager: Mounting plugin AISupport
LogPluginManager: Mounting plugin LightPropagationVolume
LogPluginManager: Mounting plugin ActorLayerUtilities
LogPluginManager: Mounting plugin CLionSourceCodeAccess
LogPluginManager: Mounting plugin CodeLiteSourceCodeAccess
LogPluginManager: Mounting plugin GitSourceControl
LogPluginManager: Mounting plugin KDevelopSourceCodeAccess
LogPluginManager: Mounting plugin NullSourceCodeAccess
LogPluginManager: Mounting plugin PerforceSourceControl
LogPluginManager: Mounting plugin SubversionSourceControl
LogPluginManager: Mounting plugin UObjectPlugin
LogPluginManager: Mounting plugin VisualStudioCodeSourceCodeAccess
LogPluginManager: Mounting plugin VisualStudioSourceCodeAccess
LogPluginManager: Mounting plugin XCodeSourceCodeAccess
LogPluginManager: Mounting plugin AssetManagerEditor
LogPluginManager: Mounting plugin CryptoKeys
LogPluginManager: Mounting plugin DataValidation
LogPluginManager: Mounting plugin FacialAnimation
LogPluginManager: Mounting plugin GameplayTagsEditor
LogPluginManager: Mounting plugin MacGraphicsSwitching
LogPluginManager: Mounting plugin MeshEditor
LogPluginManager: Mounting plugin MobileLauncherProfileWizard
LogPluginManager: Mounting plugin PluginBrowser
LogPluginManager: Mounting plugin SpeedTreeImporter
LogPluginManager: Mounting plugin DatasmithContent
LogPluginManager: Mounting plugin VariantManagerContent
LogPluginManager: Mounting plugin AlembicImporter
LogPluginManager: Mounting plugin AppleImageUtils
LogPluginManager: Mounting plugin AppleVision
LogPluginManager: Mounting plugin BackChannel
LogPluginManager: Mounting plugin CharacterAI
LogPluginManager: Mounting plugin GeometryCache
LogPluginManager: Mounting plugin HTML5Networking
LogPluginManager: Mounting plugin ProxyLODPlugin
LogPluginManager: Mounting plugin MagicLeap
LogPluginManager: Mounting plugin MagicLeapMedia
LogPluginManager: Mounting plugin AndroidMedia
LogPluginManager: Mounting plugin AvfMedia
LogPluginManager: Mounting plugin ImgMedia
LogPluginManager: Mounting plugin LinearTimecode
LogPluginManager: Mounting plugin MediaCompositing
LogPluginManager: Mounting plugin MediaPlayerEditor
LogPluginManager: Mounting plugin WebMMedia
LogPluginManager: Mounting plugin WmfMedia
LogPluginManager: Mounting plugin TcpMessaging
LogPluginManager: Mounting plugin UdpMessaging
LogPluginManager: Mounting plugin ActorSequence
LogPluginManager: Mounting plugin LevelSequenceEditor
LogPluginManager: Mounting plugin MatineeToLevelSequence
LogPluginManager: Mounting plugin NetcodeUnitTest
LogPluginManager: Mounting plugin NUTUnrealEngine4
LogPluginManager: Mounting plugin OnlineSubsystemGooglePlay
LogPluginManager: Mounting plugin OnlineSubsystemIOS
LogPluginManager: Mounting plugin OnlineSubsystem
LogPluginManager: Mounting plugin OnlineSubsystemNull
LogPluginManager: Mounting plugin OnlineSubsystemUtils
LogPluginManager: Mounting plugin LauncherChunkInstaller
LogPluginManager: Mounting plugin AndroidDeviceProfileSelector
LogPluginManager: Mounting plugin AndroidMoviePlayer
LogPluginManager: Mounting plugin AndroidPermission
LogPluginManager: Mounting plugin AppleMoviePlayer
LogPluginManager: Mounting plugin ArchVisCharacter
LogPluginManager: Mounting plugin AudioCapture
LogPluginManager: Mounting plugin CableComponent
LogPluginManager: Mounting plugin CustomMeshComponent
LogPluginManager: Mounting plugin EditableMesh
LogPluginManager: Mounting plugin ExampleDeviceProfileSelector
LogPluginManager: Mounting plugin Firebase
LogPluginManager: Mounting plugin GoogleCloudMessaging
LogPluginManager: Mounting plugin IOSDeviceProfileSelector
LogPluginManager: Mounting plugin LinuxDeviceProfileSelector
LogPluginManager: Mounting plugin LocationServicesBPLibrary
LogPluginManager: Mounting plugin MobilePatchingUtils
LogPluginManager: Mounting plugin OculusVR
LogPluginManager: Mounting plugin PhysXVehicles
LogPluginManager: Mounting plugin ProceduralMeshComponent
LogPluginManager: Mounting plugin RuntimePhysXCooking
LogPluginManager: Mounting plugin SteamVR
LogPluginManager: Mounting plugin WebMMoviePlayer
LogPluginManager: Mounting plugin WindowsMoviePlayer
LogStreaming: Display: Took  0.150s to configure plugins.
LogInit: Using libcurl 7.55.1-DEV
LogInit:  - built for x86_64-pc-win32
LogInit:  - supports SSL with OpenSSL/1.0.2h
LogInit:  - supports HTTP deflate (compression) using libz 1.2.8
LogInit:  - other features:
LogInit:      CURL_VERSION_SSL
LogInit:      CURL_VERSION_LIBZ
LogInit:      CURL_VERSION_IPV6
LogInit:      CURL_VERSION_ASYNCHDNS
LogInit:      CURL_VERSION_LARGEFILE
LogInit:      CURL_VERSION_IDN
LogInit:  CurlRequestOptions (configurable via config and command line):
LogInit:  - bVerifyPeer = true  - Libcurl will verify peer certificate
LogInit:  - bUseHttpProxy = false  - Libcurl will NOT use HTTP proxy
LogInit:  - bDontReuseConnections = false  - Libcurl will reuse connections
LogInit:  - MaxHostConnections = 16  - Libcurl will limit the number of connections to a host
LogInit:  - LocalHostAddr = Default
LogInit:  - BufferSize = 65536
LogInit: WinSock: version 1.1 (2.2), MaxSocks=32767, MaxUdp=65467
LogInit: Build: ++UE4+Release-4.21-CL-4613538
LogInit: Engine Version: 4.21.1-4613538+++UE4+Release-4.21
LogInit: Compatible Engine Version: 4.21.0-4541578+++UE4+Release-4.21
LogInit: Net CL: 4541578
LogInit: OS: Windows 10 (), CPU: Intel(R) Core(TM) i7-7700HQ CPU @ 2.80GHz, GPU: Intel(R) HD Graphics 630
LogInit: Compiled (64-bit): Nov 30 2018 04:13:25
LogInit: Compiled with Visual C++: 19.13.26129.00
LogInit: Build Configuration: Development
LogInit: Branch Name: ++UE4+Release-4.21
LogInit: Command Line: 
LogInit: Base Directory: D:/Program Files/Epic/UE_4.21/Engine/Binaries/Win64/
LogInit: Installed Engine Build: 1
LogDevObjectVersion: Number of dev versions registered: 22
LogDevObjectVersion:   Dev-Blueprints (B0D832E4-1F89-4F0D-ACCF-7EB736FD4AA2): 10
LogDevObjectVersion:   Dev-Build (E1C64328-A22C-4D53-A36C-8E866417BD8C): 0
LogDevObjectVersion:   Dev-Core (375EC13C-06E4-48FB-B500-84F0262A717E): 2
LogDevObjectVersion:   Dev-Editor (E4B068ED-F494-42E9-A231-DA0B2E46BB41): 26
LogDevObjectVersion:   Dev-Framework (CFFC743F-43B0-4480-9391-14DF171D2073): 34
LogDevObjectVersion:   Dev-Mobile (B02B49B5-BB20-44E9-A304-32B752E40360): 2
LogDevObjectVersion:   Dev-Networking (A4E4105C-59A1-49B5-A7C5-40C4547EDFEE): 0
LogDevObjectVersion:   Dev-Online (39C831C9-5AE6-47DC-9A44-9C173E1C8E7C): 0
LogDevObjectVersion:   Dev-Physics (78F01B33-EBEA-4F98-B9B4-84EACCB95AA2): 0
LogDevObjectVersion:   Dev-Platform (6631380F-2D4D-43E0-8009-CF276956A95A): 0
LogDevObjectVersion:   Dev-Rendering (12F88B9F-8875-4AFC-A67C-D90C383ABD29): 27
LogDevObjectVersion:   Dev-Sequencer (7B5AE74C-D270-4C10-A958-57980B212A5A): 9
LogDevObjectVersion:   Dev-VR (D7296918-1DD6-4BDD-9DE2-64A83CC13884): 2
LogDevObjectVersion:   Dev-LoadTimes (C2A15278-BFE7-4AFE-6C17-90FF531DF755): 1
LogDevObjectVersion:   Private-Geometry (6EACA3D4-40EC-4CC1-B786-8BED09428FC5): 3
LogDevObjectVersion:   Dev-AnimPhys (29E575DD-E0A3-4627-9D10-D276232CDCEA): 17
LogDevObjectVersion:   Dev-Anim (AF43A65D-7FD3-4947-9873-3E8ED9C1BB05): 2
LogDevObjectVersion:   Dev-ReflectionCapture (6B266CEC-1EC7-4B8F-A30B-E4D90942FC07): 1
LogDevObjectVersion:   Dev-Automation (0DF73D61-A23F-47EA-B727-89E90C41499A): 1
LogDevObjectVersion:   FortniteMain (601D1886-AC64-4F84-AA16-D3DE0DEAC7D6): 17
LogDevObjectVersion:   Dev-Enterprise (9DFFBCD6-494F-0158-E221-12823C92A888): 4
LogDevObjectVersion:   Dev-Niagara (F2AED0AC-9AFE-416F-8664-AA7FFA26D6FC): 1
LogStreaming: Display: Took  0.004s to delete old logs.
LogInit: Presizing for max 8388607 objects, including 0 objects not considered by GC, pre-allocating 0 bytes for permanent pool.
LogInit: Object subsystem initialized
LogConfig: Setting CVar [[con.DebugEarlyDefault:1]]
LogConfig: Setting CVar [[r.setres:1280x720]]
[2019.01.10-14.57.47:455][  0]LogConfig: Setting CVar [[r.VSync:0]]
[2019.01.10-14.57.47:455][  0]LogConfig: Setting CVar [[r.RHICmdBypass:0]]
[2019.01.10-14.57.47:455][  0]LogConfig: Applying CVar settings from Section [/Script/Engine.RendererSettings] File [C:/Users/batte/Desktop/WorkToDo07012019/ProjectToastEmpty/Saved/Config/Windows/Engine.ini]
[2019.01.10-14.57.47:455][  0]LogConfig: Setting CVar [[r.GPUCrashDebugging:0]]
[2019.01.10-14.57.47:455][  0]LogConfig: Applying CVar settings from Section [/Script/Engine.RendererOverrideSettings] File [C:/Users/batte/Desktop/WorkToDo07012019/ProjectToastEmpty/Saved/Config/Windows/Engine.ini]
[2019.01.10-14.57.47:455][  0]LogConfig: Applying CVar settings from Section [/Script/Engine.StreamingSettings] File [C:/Users/batte/Desktop/WorkToDo07012019/ProjectToastEmpty/Saved/Config/Windows/Engine.ini]
[2019.01.10-14.57.47:455][  0]LogConfig: Setting CVar [[s.MinBulkDataSizeForAsyncLoading:131072]]
[2019.01.10-14.57.47:455][  0]LogConfig: Setting CVar [[s.AsyncLoadingThreadEnabled:0]]
[2019.01.10-14.57.47:455][  0]LogConfig: Setting CVar [[s.EventDrivenLoaderEnabled:1]]
[2019.01.10-14.57.47:455][  0]LogConfig: Setting CVar [[s.WarnIfTimeLimitExceeded:0]]
[2019.01.10-14.57.47:455][  0]LogConfig: Setting CVar [[s.TimeLimitExceededMultiplier:1.5]]
[2019.01.10-14.57.47:455][  0]LogConfig: Setting CVar [[s.TimeLimitExceededMinTime:0.005]]
[2019.01.10-14.57.47:455][  0]LogConfig: Setting CVar [[s.UseBackgroundLevelStreaming:1]]
[2019.01.10-14.57.47:455][  0]LogConfig: Setting CVar [[s.PriorityAsyncLoadingExtraTime:15.0]]
[2019.01.10-14.57.47:455][  0]LogConfig: Setting CVar [[s.LevelStreamingActorsUpdateTimeLimit:5.0]]
[2019.01.10-14.57.47:455][  0]LogConfig: Setting CVar [[s.PriorityLevelStreamingActorsUpdateExtraTime:5.0]]
[2019.01.10-14.57.47:455][  0]LogConfig: Setting CVar [[s.LevelStreamingComponentsRegistrationGranularity:10]]
[2019.01.10-14.57.47:455][  0]LogConfig: Setting CVar [[s.UnregisterComponentsTimeLimit:1.0]]
[2019.01.10-14.57.47:455][  0]LogConfig: Setting CVar [[s.LevelStreamingComponentsUnregistrationGranularity:5]]
[2019.01.10-14.57.47:455][  0]LogConfig: Applying CVar settings from Section [/Script/Engine.GarbageCollectionSettings] File [C:/Users/batte/Desktop/WorkToDo07012019/ProjectToastEmpty/Saved/Config/Windows/Engine.ini]
[2019.01.10-14.57.47:455][  0]LogConfig: Setting CVar [[gc.MaxObjectsNotConsideredByGC:1]]
[2019.01.10-14.57.47:455][  0]LogConfig: Setting CVar [[gc.SizeOfPermanentObjectPool:0]]
[2019.01.10-14.57.47:455][  0]LogConfig: Setting CVar [[gc.FlushStreamingOnGC:0]]
[2019.01.10-14.57.47:456][  0]LogConfig: Setting CVar [[gc.NumRetriesBeforeForcingGC:10]]
[2019.01.10-14.57.47:456][  0]LogConfig: Setting CVar [[gc.AllowParallelGC:1]]
[2019.01.10-14.57.47:456][  0]LogConfig: Setting CVar [[gc.TimeBetweenPurgingPendingKillObjects:61.1]]
[2019.01.10-14.57.47:456][  0]LogConfig: Setting CVar [[gc.MaxObjectsInEditor:8388607]]
[2019.01.10-14.57.47:456][  0]LogConfig: Setting CVar [[gc.IncrementalBeginDestroyEnabled:1]]
[2019.01.10-14.57.47:456][  0]LogConfig: Setting CVar [[gc.CreateGCClusters:1]]
[2019.01.10-14.57.47:456][  0]LogConfig: Setting CVar [[gc.MergeGCClusters:0]]
[2019.01.10-14.57.47:456][  0]LogConfig: Setting CVar [[gc.MinGCClusterSize:5]]
[2019.01.10-14.57.47:456][  0]LogConfig: Setting CVar [[gc.ActorClusteringEnabled:0]]
[2019.01.10-14.57.47:456][  0]LogConfig: Setting CVar [[gc.BlueprintClusteringEnabled:0]]
[2019.01.10-14.57.47:456][  0]LogConfig: Setting CVar [[gc.UseDisregardForGCOnDedicatedServers:0]]
[2019.01.10-14.57.47:456][  0]LogConfig: Applying CVar settings from Section [/Script/Engine.NetworkSettings] File [C:/Users/batte/Desktop/WorkToDo07012019/ProjectToastEmpty/Saved/Config/Windows/Engine.ini]
[2019.01.10-14.57.47:456][  0]LogConfig: Applying CVar settings from Section [/Script/UnrealEd.CookerSettings] File [C:/Users/batte/Desktop/WorkToDo07012019/ProjectToastEmpty/Saved/Config/Windows/Engine.ini]
[2019.01.10-14.57.47:458][  0]LogConfig: Applying CVar settings from Section [ViewDistanceQuality@3] File [C:/Users/batte/Desktop/WorkToDo07012019/ProjectToastEmpty/Saved/Config/Windows/Scalability.ini]
[2019.01.10-14.57.47:458][  0]LogConfig: Setting CVar [[r.SkeletalMeshLODBias:0]]
[2019.01.10-14.57.47:458][  0]LogConfig: Setting CVar [[r.ViewDistanceScale:1.0]]
[2019.01.10-14.57.47:458][  0]LogConfig: Applying CVar settings from Section [AntiAliasingQuality@3] File [C:/Users/batte/Desktop/WorkToDo07012019/ProjectToastEmpty/Saved/Config/Windows/Scalability.ini]
[2019.01.10-14.57.47:458][  0]LogConfig: Setting CVar [[r.PostProcessAAQuality:4]]
[2019.01.10-14.57.47:458][  0]LogConfig: Applying CVar settings from Section [ShadowQuality@3] File [C:/Users/batte/Desktop/WorkToDo07012019/ProjectToastEmpty/Saved/Config/Windows/Scalability.ini]
[2019.01.10-14.57.47:458][  0]LogConfig: Setting CVar [[r.LightFunctionQuality:1]]
[2019.01.10-14.57.47:458][  0]LogConfig: Setting CVar [[r.ShadowQuality:5]]
[2019.01.10-14.57.47:458][  0]LogConfig: Setting CVar [[r.Shadow.CSM.MaxCascades:10]]
[2019.01.10-14.57.47:458][  0]LogConfig: Setting CVar [[r.Shadow.MaxResolution:2048]]
[2019.01.10-14.57.47:458][  0]LogConfig: Setting CVar [[r.Shadow.MaxCSMResolution:2048]]
[2019.01.10-14.57.47:459][  0]LogConfig: Setting CVar [[r.Shadow.RadiusThreshold:0.01]]
[2019.01.10-14.57.47:459][  0]LogConfig: Setting CVar [[r.Shadow.DistanceScale:1.0]]
[2019.01.10-14.57.47:459][  0]LogConfig: Setting CVar [[r.Shadow.CSM.TransitionScale:1.0]]
[2019.01.10-14.57.47:459][  0]LogConfig: Setting CVar [[r.Shadow.PreShadowResolutionFactor:1.0]]
[2019.01.10-14.57.47:459][  0]LogConfig: Setting CVar [[r.DistanceFieldShadowing:1]]
[2019.01.10-14.57.47:459][  0]LogConfig: Setting CVar [[r.DistanceFieldAO:1]]
[2019.01.10-14.57.47:459][  0]LogConfig: Setting CVar [[r.AOQuality:2]]
[2019.01.10-14.57.47:459][  0]LogConfig: Setting CVar [[r.VolumetricFog:1]]
[2019.01.10-14.57.47:459][  0]LogConfig: Setting CVar [[r.VolumetricFog.GridPixelSize:8]]
[2019.01.10-14.57.47:459][  0]LogConfig: Setting CVar [[r.VolumetricFog.GridSizeZ:128]]
[2019.01.10-14.57.47:459][  0]LogConfig: Setting CVar [[r.VolumetricFog.HistoryMissSupersampleCount:4]]
[2019.01.10-14.57.47:459][  0]LogConfig: Setting CVar [[r.LightMaxDrawDistanceScale:1]]
[2019.01.10-14.57.47:459][  0]LogConfig: Setting CVar [[r.CapsuleShadows:1]]
[2019.01.10-14.57.47:459][  0]LogConfig: Applying CVar settings from Section [PostProcessQuality@3] File [C:/Users/batte/Desktop/WorkToDo07012019/ProjectToastEmpty/Saved/Config/Windows/Scalability.ini]
[2019.01.10-14.57.47:459][  0]LogConfig: Setting CVar [[r.MotionBlurQuality:4]]
[2019.01.10-14.57.47:459][  0]LogConfig: Setting CVar [[r.AmbientOcclusionMipLevelFactor:0.4]]
[2019.01.10-14.57.47:459][  0]LogConfig: Setting CVar [[r.AmbientOcclusionMaxQuality:100]]
[2019.01.10-14.57.47:459][  0]LogConfig: Setting CVar [[r.AmbientOcclusionLevels:-1]]
[2019.01.10-14.57.47:459][  0]LogConfig: Setting CVar [[r.AmbientOcclusionRadiusScale:1.0]]
[2019.01.10-14.57.47:459][  0]LogConfig: Setting CVar [[r.DepthOfFieldQuality:2]]
[2019.01.10-14.57.47:459][  0]LogConfig: Setting CVar [[r.RenderTargetPoolMin:400]]
[2019.01.10-14.57.47:459][  0]LogConfig: Setting CVar [[r.LensFlareQuality:2]]
[2019.01.10-14.57.47:459][  0]LogConfig: Setting CVar [[r.SceneColorFringeQuality:1]]
[2019.01.10-14.57.47:459][  0]LogConfig: Setting CVar [[r.EyeAdaptationQuality:2]]
[2019.01.10-14.57.47:459][  0]LogConfig: Setting CVar [[r.BloomQuality:5]]
[2019.01.10-14.57.47:459][  0]LogConfig: Setting CVar [[r.FastBlurThreshold:100]]
[2019.01.10-14.57.47:459][  0]LogConfig: Setting CVar [[r.Upscale.Quality:3]]
[2019.01.10-14.57.47:459][  0]LogConfig: Setting CVar [[r.Tonemapper.GrainQuantization:1]]
[2019.01.10-14.57.47:459][  0]LogConfig: Setting CVar [[r.LightShaftQuality:1]]
[2019.01.10-14.57.47:459][  0]LogConfig: Setting CVar [[r.Filter.SizeScale:1]]
[2019.01.10-14.57.47:459][  0]LogConfig: Setting CVar [[r.Tonemapper.Quality:5]]
[2019.01.10-14.57.47:459][  0]LogConfig: Setting CVar [[r.DOF.Gather.AccumulatorQuality:1        ; higher gathering accumulator quality]]
[2019.01.10-14.57.47:459][  0]LogConfig: Setting CVar [[r.DOF.Gather.PostfilterMethod:1          ; Median3x3 postfilering method]]
[2019.01.10-14.57.47:459][  0]LogConfig: Setting CVar [[r.DOF.Gather.EnableBokehSettings:0       ; no bokeh simulation when gathering]]
[2019.01.10-14.57.47:459][  0]LogConfig: Setting CVar [[r.DOF.Gather.RingCount:4                 ; medium number of samples when gathering]]
[2019.01.10-14.57.47:459][  0]LogConfig: Setting CVar [[r.DOF.Scatter.ForegroundCompositing:1    ; additive foreground scattering]]
[2019.01.10-14.57.47:459][  0]LogConfig: Setting CVar [[r.DOF.Scatter.BackgroundCompositing:2    ; additive background scattering]]
[2019.01.10-14.57.47:459][  0]LogConfig: Setting CVar [[r.DOF.Scatter.EnableBokehSettings:1      ; bokeh simulation when scattering]]
[2019.01.10-14.57.47:459][  0]LogConfig: Setting CVar [[r.DOF.Scatter.MaxSpriteRatio:0.1         ; only a maximum of 10% of scattered bokeh]]
[2019.01.10-14.57.47:459][  0]LogConfig: Setting CVar [[r.DOF.Recombine.Quality:1                ; cheap slight out of focus]]
[2019.01.10-14.57.47:459][  0]LogConfig: Setting CVar [[r.DOF.Recombine.EnableBokehSettings:0    ; no bokeh simulation on slight out of focus]]
[2019.01.10-14.57.47:459][  0]LogConfig: Setting CVar [[r.DOF.TemporalAAQuality:1                ; more stable temporal accumulation]]
[2019.01.10-14.57.47:459][  0]LogConfig: Setting CVar [[r.DOF.Kernel.MaxForegroundRadius:0.025]]
[2019.01.10-14.57.47:459][  0]LogConfig: Setting CVar [[r.DOF.Kernel.MaxBackgroundRadius:0.025]]
[2019.01.10-14.57.47:459][  0]LogConfig: Applying CVar settings from Section [TextureQuality@3] File [C:/Users/batte/Desktop/WorkToDo07012019/ProjectToastEmpty/Saved/Config/Windows/Scalability.ini]
[2019.01.10-14.57.47:459][  0]LogConfig: Setting CVar [[r.Streaming.MipBias:0]]
[2019.01.10-14.57.47:459][  0]LogConfig: Setting CVar [[r.Streaming.AmortizeCPUToGPUCopy:0]]
[2019.01.10-14.57.47:459][  0]LogConfig: Setting CVar [[r.Streaming.MaxNumTexturesToStreamPerFrame:0]]
[2019.01.10-14.57.47:459][  0]LogConfig: Setting CVar [[r.Streaming.Boost:1]]
[2019.01.10-14.57.47:459][  0]LogConfig: Setting CVar [[r.MaxAnisotropy:8]]
[2019.01.10-14.57.47:459][  0]LogConfig: Setting CVar [[r.Streaming.LimitPoolSizeToVRAM:0]]
[2019.01.10-14.57.47:459][  0]LogConfig: Setting CVar [[r.Streaming.PoolSize:1000]]
[2019.01.10-14.57.47:459][  0]LogConfig: Setting CVar [[r.Streaming.MaxEffectiveScreenSize:0]]
[2019.01.10-14.57.47:459][  0]LogConfig: Applying CVar settings from Section [EffectsQuality@3] File [C:/Users/batte/Desktop/WorkToDo07012019/ProjectToastEmpty/Saved/Config/Windows/Scalability.ini]
[2019.01.10-14.57.47:459][  0]LogConfig: Setting CVar [[r.TranslucencyLightingVolumeDim:64]]
[2019.01.10-14.57.47:459][  0]LogConfig: Setting CVar [[r.RefractionQuality:2]]
[2019.01.10-14.57.47:459][  0]LogConfig: Setting CVar [[r.SSR.Quality:3]]
[2019.01.10-14.57.47:459][  0]LogConfig: Setting CVar [[r.SceneColorFormat:4]]
[2019.01.10-14.57.47:459][  0]LogConfig: Setting CVar [[r.DetailMode:2]]
[2019.01.10-14.57.47:459][  0]LogConfig: Setting CVar [[r.TranslucencyVolumeBlur:1]]
[2019.01.10-14.57.47:459][  0]LogConfig: Setting CVar [[r.MaterialQualityLevel:1 ; High quality]]
[2019.01.10-14.57.47:459][  0]LogConfig: Setting CVar [[r.SSS.Scale:1]]
[2019.01.10-14.57.47:459][  0]LogConfig: Setting CVar [[r.SSS.SampleSet:2]]
[2019.01.10-14.57.47:459][  0]LogConfig: Setting CVar [[r.SSS.Quality:1]]
[2019.01.10-14.57.47:459][  0]LogConfig: Setting CVar [[r.SSS.HalfRes:1]]
[2019.01.10-14.57.47:459][  0]LogConfig: Setting CVar [[r.EmitterSpawnRateScale:1.0]]
[2019.01.10-14.57.47:459][  0]LogConfig: Setting CVar [[r.ParticleLightQuality:2]]
[2019.01.10-14.57.47:459][  0]LogConfig: Applying CVar settings from Section [FoliageQuality@3] File [C:/Users/batte/Desktop/WorkToDo07012019/ProjectToastEmpty/Saved/Config/Windows/Scalability.ini]
[2019.01.10-14.57.47:459][  0]LogConfig: Setting CVar [[foliage.DensityScale:1.0]]
[2019.01.10-14.57.47:459][  0]LogConfig: Setting CVar [[grass.DensityScale:1.0]]
[2019.01.10-14.57.47:459][  0]LogInit: Selected Device Profile: [Windows]
[2019.01.10-14.57.47:460][  0]LogInit: Applying CVar settings loaded from the selected device profile: [Windows]
[2019.01.10-14.57.47:488][  0]LogHAL: Display: Platform has ~ 8 GB [8445181952 / 8589934592 / 8], which maps to Default [LargestMinGB=32, LargerMinGB=12, DefaultMinGB=8, SmallerMinGB=6, SmallestMinGB=0)
[2019.01.10-14.57.47:488][  0]LogConfig: Setting CVar [[r.Vulkan.UseRealUBs:1]]
[2019.01.10-14.57.47:488][  0]LogInit: Going up to parent DeviceProfile []
[2019.01.10-14.57.47:488][  0]LogConfig: Applying CVar settings from Section [ViewDistanceQuality@3] File [C:/Users/batte/Desktop/WorkToDo07012019/ProjectToastEmpty/Saved/Config/Windows/Scalability.ini]
[2019.01.10-14.57.47:488][  0]LogConfig: Setting CVar [[r.SkeletalMeshLODBias:0]]
[2019.01.10-14.57.47:488][  0]LogConfig: Setting CVar [[r.ViewDistanceScale:1.0]]
[2019.01.10-14.57.47:488][  0]LogConfig: Applying CVar settings from Section [AntiAliasingQuality@3] File [C:/Users/batte/Desktop/WorkToDo07012019/ProjectToastEmpty/Saved/Config/Windows/Scalability.ini]
[2019.01.10-14.57.47:488][  0]LogConfig: Setting CVar [[r.PostProcessAAQuality:4]]
[2019.01.10-14.57.47:488][  0]LogConfig: Applying CVar settings from Section [ShadowQuality@3] File [C:/Users/batte/Desktop/WorkToDo07012019/ProjectToastEmpty/Saved/Config/Windows/Scalability.ini]
[2019.01.10-14.57.47:488][  0]LogConfig: Setting CVar [[r.LightFunctionQuality:1]]
[2019.01.10-14.57.47:488][  0]LogConfig: Setting CVar [[r.ShadowQuality:5]]
[2019.01.10-14.57.47:488][  0]LogConfig: Setting CVar [[r.Shadow.CSM.MaxCascades:10]]
[2019.01.10-14.57.47:488][  0]LogConfig: Setting CVar [[r.Shadow.MaxResolution:2048]]
[2019.01.10-14.57.47:488][  0]LogConfig: Setting CVar [[r.Shadow.MaxCSMResolution:2048]]
[2019.01.10-14.57.47:488][  0]LogConfig: Setting CVar [[r.Shadow.RadiusThreshold:0.01]]
[2019.01.10-14.57.47:488][  0]LogConfig: Setting CVar [[r.Shadow.DistanceScale:1.0]]
[2019.01.10-14.57.47:488][  0]LogConfig: Setting CVar [[r.Shadow.CSM.TransitionScale:1.0]]
[2019.01.10-14.57.47:488][  0]LogConfig: Setting CVar [[r.Shadow.PreShadowResolutionFactor:1.0]]
[2019.01.10-14.57.47:488][  0]LogConfig: Setting CVar [[r.DistanceFieldShadowing:1]]
[2019.01.10-14.57.47:488][  0]LogConfig: Setting CVar [[r.DistanceFieldAO:1]]
[2019.01.10-14.57.47:488][  0]LogConfig: Setting CVar [[r.AOQuality:2]]
[2019.01.10-14.57.47:488][  0]LogConfig: Setting CVar [[r.VolumetricFog:1]]
[2019.01.10-14.57.47:488][  0]LogConfig: Setting CVar [[r.VolumetricFog.GridPixelSize:8]]
[2019.01.10-14.57.47:488][  0]LogConfig: Setting CVar [[r.VolumetricFog.GridSizeZ:128]]
[2019.01.10-14.57.47:488][  0]LogConfig: Setting CVar [[r.VolumetricFog.HistoryMissSupersampleCount:4]]
[2019.01.10-14.57.47:488][  0]LogConfig: Setting CVar [[r.LightMaxDrawDistanceScale:1]]
[2019.01.10-14.57.47:488][  0]LogConfig: Setting CVar [[r.CapsuleShadows:1]]
[2019.01.10-14.57.47:488][  0]LogConfig: Applying CVar settings from Section [PostProcessQuality@3] File [C:/Users/batte/Desktop/WorkToDo07012019/ProjectToastEmpty/Saved/Config/Windows/Scalability.ini]
[2019.01.10-14.57.47:488][  0]LogConfig: Setting CVar [[r.MotionBlurQuality:4]]
[2019.01.10-14.57.47:488][  0]LogConfig: Setting CVar [[r.AmbientOcclusionMipLevelFactor:0.4]]
[2019.01.10-14.57.47:488][  0]LogConfig: Setting CVar [[r.AmbientOcclusionMaxQuality:100]]
[2019.01.10-14.57.47:488][  0]LogConfig: Setting CVar [[r.AmbientOcclusionLevels:-1]]
[2019.01.10-14.57.47:488][  0]LogConfig: Setting CVar [[r.AmbientOcclusionRadiusScale:1.0]]
[2019.01.10-14.57.47:488][  0]LogConfig: Setting CVar [[r.DepthOfFieldQuality:2]]
[2019.01.10-14.57.47:488][  0]LogConfig: Setting CVar [[r.RenderTargetPoolMin:400]]
[2019.01.10-14.57.47:489][  0]LogConfig: Setting CVar [[r.LensFlareQuality:2]]
[2019.01.10-14.57.47:489][  0]LogConfig: Setting CVar [[r.SceneColorFringeQuality:1]]
[2019.01.10-14.57.47:490][  0]LogConfig: Setting CVar [[r.EyeAdaptationQuality:2]]
[2019.01.10-14.57.47:490][  0]LogConfig: Setting CVar [[r.BloomQuality:5]]
[2019.01.10-14.57.47:490][  0]LogConfig: Setting CVar [[r.FastBlurThreshold:100]]
[2019.01.10-14.57.47:490][  0]LogConfig: Setting CVar [[r.Upscale.Quality:3]]
[2019.01.10-14.57.47:490][  0]LogConfig: Setting CVar [[r.Tonemapper.GrainQuantization:1]]
[2019.01.10-14.57.47:490][  0]LogConfig: Setting CVar [[r.LightShaftQuality:1]]
[2019.01.10-14.57.47:490][  0]LogConfig: Setting CVar [[r.Filter.SizeScale:1]]
[2019.01.10-14.57.47:490][  0]LogConfig: Setting CVar [[r.Tonemapper.Quality:5]]
[2019.01.10-14.57.47:490][  0]LogConfig: Setting CVar [[r.DOF.Gather.AccumulatorQuality:1        ; higher gathering accumulator quality]]
[2019.01.10-14.57.47:490][  0]LogConfig: Setting CVar [[r.DOF.Gather.PostfilterMethod:1          ; Median3x3 postfilering method]]
[2019.01.10-14.57.47:490][  0]LogConfig: Setting CVar [[r.DOF.Gather.EnableBokehSettings:0       ; no bokeh simulation when gathering]]
[2019.01.10-14.57.47:490][  0]LogConfig: Setting CVar [[r.DOF.Gather.RingCount:4                 ; medium number of samples when gathering]]
[2019.01.10-14.57.47:490][  0]LogConfig: Setting CVar [[r.DOF.Scatter.ForegroundCompositing:1    ; additive foreground scattering]]
[2019.01.10-14.57.47:490][  0]LogConfig: Setting CVar [[r.DOF.Scatter.BackgroundCompositing:2    ; additive background scattering]]
[2019.01.10-14.57.47:490][  0]LogConfig: Setting CVar [[r.DOF.Scatter.EnableBokehSettings:1      ; bokeh simulation when scattering]]
[2019.01.10-14.57.47:490][  0]LogConfig: Setting CVar [[r.DOF.Scatter.MaxSpriteRatio:0.1         ; only a maximum of 10% of scattered bokeh]]
[2019.01.10-14.57.47:490][  0]LogConfig: Setting CVar [[r.DOF.Recombine.Quality:1                ; cheap slight out of focus]]
[2019.01.10-14.57.47:490][  0]LogConfig: Setting CVar [[r.DOF.Recombine.EnableBokehSettings:0    ; no bokeh simulation on slight out of focus]]
[2019.01.10-14.57.47:490][  0]LogConfig: Setting CVar [[r.DOF.TemporalAAQuality:1                ; more stable temporal accumulation]]
[2019.01.10-14.57.47:490][  0]LogConfig: Setting CVar [[r.DOF.Kernel.MaxForegroundRadius:0.025]]
[2019.01.10-14.57.47:490][  0]LogConfig: Setting CVar [[r.DOF.Kernel.MaxBackgroundRadius:0.025]]
[2019.01.10-14.57.47:490][  0]LogConfig: Applying CVar settings from Section [TextureQuality@3] File [C:/Users/batte/Desktop/WorkToDo07012019/ProjectToastEmpty/Saved/Config/Windows/Scalability.ini]
[2019.01.10-14.57.47:490][  0]LogConfig: Setting CVar [[r.Streaming.MipBias:0]]
[2019.01.10-14.57.47:490][  0]LogConfig: Setting CVar [[r.Streaming.AmortizeCPUToGPUCopy:0]]
[2019.01.10-14.57.47:490][  0]LogConfig: Setting CVar [[r.Streaming.MaxNumTexturesToStreamPerFrame:0]]
[2019.01.10-14.57.47:490][  0]LogConfig: Setting CVar [[r.Streaming.Boost:1]]
[2019.01.10-14.57.47:490][  0]LogConfig: Setting CVar [[r.MaxAnisotropy:8]]
[2019.01.10-14.57.47:490][  0]LogConfig: Setting CVar [[r.Streaming.LimitPoolSizeToVRAM:0]]
[2019.01.10-14.57.47:490][  0]LogConfig: Setting CVar [[r.Streaming.PoolSize:1000]]
[2019.01.10-14.57.47:490][  0]LogConfig: Setting CVar [[r.Streaming.MaxEffectiveScreenSize:0]]
[2019.01.10-14.57.47:490][  0]LogConfig: Applying CVar settings from Section [EffectsQuality@3] File [C:/Users/batte/Desktop/WorkToDo07012019/ProjectToastEmpty/Saved/Config/Windows/Scalability.ini]
[2019.01.10-14.57.47:490][  0]LogConfig: Setting CVar [[r.TranslucencyLightingVolumeDim:64]]
[2019.01.10-14.57.47:490][  0]LogConfig: Setting CVar [[r.RefractionQuality:2]]
[2019.01.10-14.57.47:490][  0]LogConfig: Setting CVar [[r.SSR.Quality:3]]
[2019.01.10-14.57.47:490][  0]LogConfig: Setting CVar [[r.SceneColorFormat:4]]
[2019.01.10-14.57.47:490][  0]LogConfig: Setting CVar [[r.DetailMode:2]]
[2019.01.10-14.57.47:490][  0]LogConfig: Setting CVar [[r.TranslucencyVolumeBlur:1]]
[2019.01.10-14.57.47:491][  0]LogConfig: Setting CVar [[r.MaterialQualityLevel:1 ; High quality]]
[2019.01.10-14.57.47:491][  0]LogConfig: Setting CVar [[r.SSS.Scale:1]]
[2019.01.10-14.57.47:491][  0]LogConfig: Setting CVar [[r.SSS.SampleSet:2]]
[2019.01.10-14.57.47:491][  0]LogConfig: Setting CVar [[r.SSS.Quality:1]]
[2019.01.10-14.57.47:491][  0]LogConfig: Setting CVar [[r.SSS.HalfRes:1]]
[2019.01.10-14.57.47:491][  0]LogConfig: Setting CVar [[r.EmitterSpawnRateScale:1.0]]
[2019.01.10-14.57.47:491][  0]LogConfig: Setting CVar [[r.ParticleLightQuality:2]]
[2019.01.10-14.57.47:491][  0]LogConfig: Applying CVar settings from Section [FoliageQuality@3] File [C:/Users/batte/Desktop/WorkToDo07012019/ProjectToastEmpty/Saved/Config/Windows/Scalability.ini]
[2019.01.10-14.57.47:491][  0]LogConfig: Setting CVar [[foliage.DensityScale:1.0]]
[2019.01.10-14.57.47:491][  0]LogConfig: Setting CVar [[grass.DensityScale:1.0]]
[2019.01.10-14.57.47:491][  0]LogConfig: Applying CVar settings from Section [Startup] File [../../../Engine/Config/ConsoleVariables.ini]
[2019.01.10-14.57.47:491][  0]LogConfig: Setting CVar [[net.UseAdaptiveNetUpdateFrequency:0]]
[2019.01.10-14.57.47:491][  0]LogConfig: Applying CVar settings from Section [ConsoleVariables] File [C:/Users/batte/Desktop/WorkToDo07012019/ProjectToastEmpty/Saved/Config/Windows/Engine.ini]
[2019.01.10-14.57.47:491][  0]LogInit: Computer: DESKTOP-NP50MTH
[2019.01.10-14.57.47:491][  0]LogInit: User: batte
[2019.01.10-14.57.47:491][  0]LogInit: CPU Page size=4096, Cores=4
[2019.01.10-14.57.47:491][  0]LogInit: High frequency timer resolution =2.742186 MHz
[2019.01.10-14.57.47:493][  0]LogMemory: Memory total: Physical=7.9GB (8GB approx)
[2019.01.10-14.57.47:493][  0]LogMemory: Platform Memory Stats for Windows
[2019.01.10-14.57.47:493][  0]LogMemory: Process Physical Memory: 103.71 MB used, 103.71 MB peak
[2019.01.10-14.57.47:493][  0]LogMemory: Process Virtual Memory: 97.21 MB used, 97.21 MB peak
[2019.01.10-14.57.47:493][  0]LogMemory: Physical Memory: 4823.60 MB used,  3230.35 MB free, 8053.95 MB total
[2019.01.10-14.57.47:493][  0]LogMemory: Virtual Memory: 4643.89 MB used,  134213080.00 MB free, 134217728.00 MB total
[2019.01.10-14.57.47:637][  0]LogInit: Using OS detected language (en-US).
[2019.01.10-14.57.47:637][  0]LogInit: Using OS detected locale (en-GB).
[2019.01.10-14.57.47:639][  0]LogTextLocalizationManager: No specific localization for 'en-US' exists, so the 'en' localization will be used.
[2019.01.10-14.57.49:106][  0]LogStreaming: Display: Took  1.469s to InitEngineTextLocalization.
[2019.01.10-14.57.49:107][  0]LogInit: Setting process to per monitor DPI aware
[2019.01.10-14.57.49:226][  0]LogSlate: New Slate User Created.  User Index 0, Is Virtual User: 0
[2019.01.10-14.57.49:226][  0]LogSlate: Slate User Registered.  User Index 0, Is Virtual User: 0
[2019.01.10-14.57.50:494][  0]LogHMD: Failed to initialize OpenVR with code 110
[2019.01.10-14.57.50:494][  0]LogD3D11RHI: D3D11 adapters:
[2019.01.10-14.57.51:614][  0]LogD3D11RHI:    0. 'NVIDIA GeForce GTX 1050' (Feature Level 11_0)
[2019.01.10-14.57.51:614][  0]LogD3D11RHI:       4021/0/4026 MB DedicatedVideo/DedicatedSystem/SharedSystem, Outputs:1, VendorId:0x10de
[2019.01.10-14.57.51:628][  0]LogD3D11RHI:    1. 'Intel(R) HD Graphics 630' (Feature Level 11_0)
[2019.01.10-14.57.51:628][  0]LogD3D11RHI:       128/0/4026 MB DedicatedVideo/DedicatedSystem/SharedSystem, Outputs:0, VendorId:0x8086
[2019.01.10-14.57.51:634][  0]LogD3D11RHI:    2. 'Microsoft Basic Render Driver' (Feature Level 11_0)
[2019.01.10-14.57.51:634][  0]LogD3D11RHI:       0/0/4026 MB DedicatedVideo/DedicatedSystem/SharedSystem, Outputs:0, VendorId:0x1414
[2019.01.10-14.57.51:634][  0]LogD3D11RHI: Chosen D3D11 Adapter: 0
[2019.01.10-14.57.51:680][  0]LogD3D11RHI: Creating new Direct3DDevice
[2019.01.10-14.57.51:680][  0]LogD3D11RHI:     GPU DeviceId: 0x1c8d (for the marketing name, search the web for "GPU Device Id")
[2019.01.10-14.57.51:680][  0]LogWindows: EnumDisplayDevices:
[2019.01.10-14.57.51:680][  0]LogWindows:    0. 'Intel(R) HD Graphics 630' (P:1 D:1)
[2019.01.10-14.57.51:680][  0]LogWindows:    1. 'Intel(R) HD Graphics 630' (P:0 D:0)
[2019.01.10-14.57.51:681][  0]LogWindows:    2. 'Intel(R) HD Graphics 630' (P:0 D:0)
[2019.01.10-14.57.51:681][  0]LogWindows: DebugString: PrimaryIsNotTheChoosenAdapter PrimaryIsNotTheChoosenAdapter PrimaryIsNotTheChoosenAdapter FoundDriverCount:0 
[2019.01.10-14.57.51:681][  0]LogD3D11RHI:     Adapter Name: NVIDIA GeForce GTX 1050
[2019.01.10-14.57.51:681][  0]LogD3D11RHI:   Driver Version: Unknown (internal:Unknown, unified:Unknown)
[2019.01.10-14.57.51:681][  0]LogD3D11RHI:      Driver Date: Unknown
[2019.01.10-14.57.51:681][  0]LogRHI: Texture pool is 2814 MB (70% of 4021 MB)
[2019.01.10-14.57.51:734][  0]LogD3D11RHI: Async texture creation enabled
[2019.01.10-14.57.51:752][  0]LogD3D11RHI: GPU Timing Frequency: 1000.000000 (Debug: 2 2)
[2019.01.10-14.57.52:752][  0]LogTemp: Display: Loaded TP AllDesktopTargetPlatform
[2019.01.10-14.57.52:765][  0]LogTemp: Display: Loaded TP MacClientTargetPlatform
[2019.01.10-14.57.52:777][  0]LogTemp: Display: Loaded TP MacNoEditorTargetPlatform
[2019.01.10-14.57.52:789][  0]LogTemp: Display: Loaded TP MacServerTargetPlatform
[2019.01.10-14.57.52:802][  0]LogTemp: Display: Loaded TP MacTargetPlatform
[2019.01.10-14.57.52:814][  0]LogTemp: Display: Loaded TP WindowsClientTargetPlatform
[2019.01.10-14.57.52:827][  0]LogTemp: Display: Loaded TP WindowsNoEditorTargetPlatform
[2019.01.10-14.57.52:839][  0]LogTemp: Display: Loaded TP WindowsServerTargetPlatform
[2019.01.10-14.57.52:846][  0]LogTemp: Display: Loaded TP WindowsTargetPlatform
[2019.01.10-14.57.52:916][  0]LogTemp: Display: Loaded TP AndroidTargetPlatform
[2019.01.10-14.57.52:916][  0]LogTemp: Display: Loaded TP AndroidTargetPlatform
[2019.01.10-14.57.52:916][  0]LogTemp: Display: Loaded TP AndroidTargetPlatform
[2019.01.10-14.57.52:916][  0]LogTemp: Display: Loaded TP AndroidTargetPlatform
[2019.01.10-14.57.52:916][  0]LogTemp: Display: Loaded TP AndroidTargetPlatform
[2019.01.10-14.57.52:916][  0]LogTemp: Display: Loaded TP AndroidTargetPlatform
[2019.01.10-14.57.52:916][  0]LogTemp: Display: Loaded TP AndroidTargetPlatform
[2019.01.10-14.57.52:916][  0]LogTemp: Display: Loaded TP AndroidTargetPlatform
[2019.01.10-14.57.52:916][  0]LogTemp: Display: Loaded TP AndroidTargetPlatform
[2019.01.10-14.57.52:916][  0]LogTemp: Display: Loaded TP AndroidTargetPlatform
[2019.01.10-14.57.52:916][  0]LogTemp: Display: Loaded TP AndroidTargetPlatform
[2019.01.10-14.57.52:916][  0]LogTemp: Display: Loaded TP AndroidTargetPlatform
[2019.01.10-14.57.52:916][  0]LogTemp: Display: Loaded TP AndroidTargetPlatform
[2019.01.10-14.57.52:916][  0]LogTemp: Display: Loaded TP AndroidTargetPlatform
[2019.01.10-14.57.52:916][  0]LogTemp: Display: Loaded TP AndroidTargetPlatform
[2019.01.10-14.57.52:916][  0]LogTemp: Display: Loaded TP AndroidTargetPlatform
[2019.01.10-14.57.52:916][  0]LogTemp: Display: Loaded TP AndroidTargetPlatform
[2019.01.10-14.57.52:916][  0]LogTemp: Display: Loaded TP AndroidTargetPlatform
[2019.01.10-14.57.52:918][  0]LogTemp: Display: Loaded TP HTML5TargetPlatform
[2019.01.10-14.57.52:981][  0]LogTemp: Display: Loaded TP IOSTargetPlatform
[2019.01.10-14.57.52:981][  0]LogTemp: Display: Loaded TP IOSTargetPlatform
[2019.01.10-14.57.53:028][  0]LogTemp: Display: Loaded TP TVOSTargetPlatform
[2019.01.10-14.57.53:029][  0]LogTemp: Display: Loaded TP TVOSTargetPlatform
[2019.01.10-14.57.53:049][  0]LogTemp: Display: Loaded TP LinuxClientTargetPlatform
[2019.01.10-14.57.53:062][  0]LogTemp: Display: Loaded TP LinuxNoEditorTargetPlatform
[2019.01.10-14.57.53:074][  0]LogTemp: Display: Loaded TP LinuxServerTargetPlatform
[2019.01.10-14.57.53:086][  0]LogTemp: Display: Loaded TP LinuxTargetPlatform
[2019.01.10-14.57.53:131][  0]LogTemp: Display: Loaded TP LuminTargetPlatform
[2019.01.10-14.57.53:131][  0]LogTemp: Display: Loaded TP LuminTargetPlatform
[2019.01.10-14.57.53:131][  0]LogTargetPlatformManager: Display: Building Assets For Windows
[2019.01.10-14.57.53:184][  0]LogShaderCompilers: Guid format shader working directory is -12 characters bigger than the processId version (C:/Users/batte/Desktop/WorkToDo07012019/ProjectToastEmpty/Intermediate/Shaders/WorkingDirectory/78504/).
[2019.01.10-14.57.53:184][  0]LogShaderCompilers: Cleaned the shader compiler working directory 'C:/Users/batte/AppData/Local/Temp/UnrealShaderWorkingDir/ED29D4E54655EF97BB4B769FEAEB1B19/'.
[2019.01.10-14.57.53:185][  0]LogXGEController: Cleaning working directory: C:/Users/batte/AppData/Local/Temp/UnrealXGEWorkingDir/
[2019.01.10-14.57.53:185][  0]LogXGEController: Cannot use XGE Controller as Incredibuild is not installed on this machine.
[2019.01.10-14.57.53:185][  0]LogShaderCompilers: Cannot use XGE Shader Compiler as Incredibuild is not installed on this machine.
[2019.01.10-14.57.53:185][  0]LogShaderCompilers: Display: Using Local Shader Compiler.
[2019.01.10-14.57.53:913][  0]LogDerivedDataCache: Display: Max Cache Size: 512 MB
[2019.01.10-14.57.53:970][  0]LogDerivedDataCache: Loaded boot cache 0.06s 71MB C:/Users/batte/AppData/Local/UnrealEngine/4.21/DerivedDataCache/Boot.ddc.
[2019.01.10-14.57.53:970][  0]LogDerivedDataCache: Display: Loaded Boot cache: C:/Users/batte/AppData/Local/UnrealEngine/4.21/DerivedDataCache/Boot.ddc
[2019.01.10-14.57.53:970][  0]LogDerivedDataCache: FDerivedDataBackendGraph:  Pak pak cache file C:/Users/batte/Desktop/WorkToDo07012019/ProjectToastEmpty/DerivedDataCache/DDC.ddp not found, will not use a pak cache.
[2019.01.10-14.57.53:970][  0]LogDerivedDataCache: Unable to find inner node Pak for hierarchical cache Hierarchy.
[2019.01.10-14.57.53:970][  0]LogDerivedDataCache: FDerivedDataBackendGraph:  CompressedPak pak cache file C:/Users/batte/Desktop/WorkToDo07012019/ProjectToastEmpty/DerivedDataCache/Compressed.ddp not found, will not use a pak cache.
[2019.01.10-14.57.53:970][  0]LogDerivedDataCache: Unable to find inner node CompressedPak for hierarchical cache Hierarchy.
[2019.01.10-14.57.53:985][  0]LogDerivedDataCache: Display: Pak cache opened for reading ../../../Engine/DerivedDataCache/Compressed.ddp.
[2019.01.10-14.57.53:985][  0]LogDerivedDataCache: FDerivedDataBackendGraph:  EnterprisePak pak cache file ../../../Enterprise/DerivedDataCache/Compressed.ddp not found, will not use a pak cache.
[2019.01.10-14.57.53:985][  0]LogDerivedDataCache: Unable to find inner node EnterprisePak for hierarchical cache Hierarchy.
[2019.01.10-14.57.53:997][  0]LogDerivedDataCache: Using Local data cache path C:/Users/batte/AppData/Local/UnrealEngine/Common/DerivedDataCache: Writable
[2019.01.10-14.57.53:997][  0]LogDerivedDataCache: Shared data cache path not found in *engine.ini, will not use an Shared cache.
[2019.01.10-14.57.53:997][  0]LogDerivedDataCache: Unable to find inner node Shared for hierarchical cache Hierarchy.
[2019.01.10-14.57.54:039][  0]LogMaterial: Verifying Global Shaders for PCD3D_SM5
[2019.01.10-14.57.54:044][  0]LogSlate: Using FreeType 2.6.0
[2019.01.10-14.57.54:046][  0]LogSlate: SlateFontServices - WITH_FREETYPE: 1, WITH_HARFBUZZ: 1
[2019.01.10-14.57.54:226][  0]LogAssetRegistry: FAssetRegistry took 0.0438 seconds to start up
[2019.01.10-14.57.54:717][  0]LogInit: Selected Device Profile: [Windows]
[2019.01.10-14.57.55:064][  0]LogSimplygon: Simplygon DLL not present - disabling.
[2019.01.10-14.57.55:068][  0]LogMeshReduction: Using SimplygonSwarm for distributed automatic mesh merging
[2019.01.10-14.57.55:068][  0]LogMeshReduction: Using ProxyLODMeshReduction for automatic mesh merging
[2019.01.10-14.57.55:069][  0]LogMeshReduction: Using QuadricMeshReduction for automatic static mesh reduction
[2019.01.10-14.57.55:069][  0]LogMeshReduction: No automatic skeletal mesh reduction module available
[2019.01.10-14.57.55:092][  0]LogNetVersion: ProjectToastEmpty 1.0.0, NetCL: 4541578, EngineNetVer: 5, GameNetVer: 0 (Checksum: 2432841483)
[2019.01.10-14.57.56:625][  0]LogPackageLocalizationCache: Processed 11 localized package path(s) for 2 prioritized culture(s) in 0.150750 seconds
[2019.01.10-14.57.56:631][  0]LogUObjectArray: 39775 objects as part of root set at end of initial load.
[2019.01.10-14.57.56:631][  0]LogUObjectAllocator: 6914656 out of 0 bytes used by permanent object pool.
[2019.01.10-14.57.56:631][  0]LogUObjectArray: CloseDisregardForGC: 0/0 objects in disregard for GC pool
[2019.01.10-14.57.58:243][  0]LogTcpMessaging: Initializing TcpMessaging bridge
[2019.01.10-14.57.58:260][  0]LogUdpMessaging: Initializing bridge on interface 0.0.0.0:0 to multicast group 230.0.0.1:6666.
[2019.01.10-14.57.59:393][  0]SourceControl: Source control is disabled
[2019.01.10-14.57.59:393][  0]SourceControl: Source control is disabled
[2019.01.10-14.57.59:395][  0]SourceControl: Source control is disabled
[2019.01.10-14.57.59:396][  0]SourceControl: Source control is disabled
[2019.01.10-14.57.59:596][  0]LogAndroidPermission: UAndroidPermissionCallbackProxy::GetInstance
[2019.01.10-14.57.59:729][  0]LogOcInput: OculusInput pre-init called
[2019.01.10-14.57.59:884][  0]LogEngine: Initializing Engine...
[2019.01.10-14.57.59:887][  0]LogHMD: Failed to initialize OpenVR with code 110
[2019.01.10-14.57.59:893][  0]LogStats: UGameplayTagsManager::ConstructGameplayTagTree: ImportINI prefixes -  0.000 s
[2019.01.10-14.57.59:894][  0]LogStats: UGameplayTagsManager::ConstructGameplayTagTree: Construct from data asset -  0.000 s
[2019.01.10-14.57.59:894][  0]LogStats: UGameplayTagsManager::ConstructGameplayTagTree: ImportINI -  0.000 s
[2019.01.10-14.57.59:894][  0]LogStats: UGameplayTagsManager::ConstructGameplayTagTree: GameplayTagTreeChangedEvent.Broadcast -  0.000 s
[2019.01.10-14.58.00:378][  0]LogInit: Initializing FReadOnlyCVARCache
[2019.01.10-14.58.00:392][  0]LogAIModule: Creating AISystem for world Untitled
[2019.01.10-14.58.00:403][  0]LogInit: XAudio2 using 'Speakers / Headphones (Realtek Audio)' : 2 channels at 48 kHz using 32 bits per sample (channel mask 0x3)
[2019.01.10-14.58.01:040][  0]LogInit: FAudioDevice initialized.
[2019.01.10-14.58.01:041][  0]LogNetVersion: Set ProjectVersion to 1.0.0.0. Version Checksum will be recalculated on next use.
[2019.01.10-14.58.01:220][  0]LogDerivedDataCache: Saved boot cache 0.18s 71MB C:/Users/batte/AppData/Local/UnrealEngine/4.21/DerivedDataCache/Boot.ddc.
[2019.01.10-14.58.01:225][  0]LogInit: Texture streaming: Enabled
[2019.01.10-14.58.01:249][  0]LogEngineSessionManager: EngineSessionManager initialized
[2019.01.10-14.58.01:249][  0]LogEngineSessionManager: EngineSessionManager sent abnormal shutdown report. Type=Crashed, SessionId={4E166B49-4240-7372-A01D-638E936E6D07}
[2019.01.10-14.58.01:268][  0]LogInit: Transaction tracking system initialized
[2019.01.10-14.58.01:320][  0]BlueprintLog: New page: Editor Load
[2019.01.10-14.58.01:489][  0]LocalizationService: Localization service is disabled
[2019.01.10-14.58.02:172][  0]LogCook: Display: Max memory allowance for cook 16384mb min free memory 0mb
[2019.01.10-14.58.02:172][  0]LogCook: Display: Mobile HDR setting 1
[2019.01.10-14.58.02:173][  0]LogGameplayTags: Display: UGameplayTagsManager::DoneAddingNativeTags. DelegateIsBound: 0
[2019.01.10-14.58.02:173][  0]LogStats: UGameplayTagsManager::ConstructGameplayTagTree: ImportINI prefixes -  0.000 s
[2019.01.10-14.58.02:173][  0]LogStats: UGameplayTagsManager::ConstructGameplayTagTree: Construct from data asset -  0.000 s
[2019.01.10-14.58.02:173][  0]LogStats: UGameplayTagsManager::ConstructGameplayTagTree: ImportINI -  0.000 s
[2019.01.10-14.58.02:173][  0]LogStats: UGameplayTagsManager::ConstructGameplayTagTree: GameplayTagTreeChangedEvent.Broadcast -  0.000 s
[2019.01.10-14.58.02:296][  0]LogFileCache: Scanning file cache for directory 'C:/Users/batte/Desktop/WorkToDo07012019/ProjectToastEmpty/Content/' took 0.03s
[2019.01.10-14.58.02:296][  0]SourceControl: Source control is disabled
[2019.01.10-14.58.02:296][  0]Cmd: MAP LOAD FILE="C:/Users/batte/Desktop/WorkToDo07012019/ProjectToastEmpty/Content/Kim/Maps/SpaceMap.umap" TEMPLATE=0 SHOWPROGRESS=1 FEATURELEVEL=3
[2019.01.10-14.58.02:297][  0]LightingResults: New page: Lighting Build
[2019.01.10-14.58.02:300][  0]MapCheck: New page: Map Check
[2019.01.10-14.58.02:300][  0]LightingResults: New page: Lighting Build
[2019.01.10-14.58.03:703][  0]LogAIModule: Creating AISystem for world SpaceMap
[2019.01.10-14.58.04:046][  0]LogEditorServer: Finished looking for orphan Actors (0.000 secs)
[2019.01.10-14.58.04:126][  0]Cmd: MAP CHECKDEP NOCLEARLOG
[2019.01.10-14.58.04:126][  0]MapCheck: Map check complete: 0 Error(s), 0 Warning(s), took 0.315ms to complete.
[2019.01.10-14.58.04:127][  0]LogFileHelpers: Loading map 'SpaceMap' took 1.830
[2019.01.10-14.58.04:242][  0]LogSlate: Updating window title bar state: overlay mode, drag disabled, window buttons hidden, title bar hidden
[2019.01.10-14.58.04:250][  0]LogSlate: Updating window title bar state: overlay mode, drag disabled, window buttons hidden, title bar hidden
[2019.01.10-14.58.04:259][  0]LogSlate: Updating window title bar state: overlay mode, drag disabled, window buttons hidden, title bar hidden
[2019.01.10-14.58.04:267][  0]LogSlate: Updating window title bar state: overlay mode, drag disabled, window buttons hidden, title bar hidden
[2019.01.10-14.58.04:275][  0]LogCollectionManager: Loaded 0 collections in 0.002124 seconds
[2019.01.10-14.58.04:312][  0]LogFileCache: Scanning file cache for directory 'C:/Users/batte/Desktop/WorkToDo07012019/ProjectToastEmpty/Saved/Collections/' took 0.01s
[2019.01.10-14.58.04:312][  0]LogFileCache: Scanning file cache for directory 'C:/Users/batte/Desktop/WorkToDo07012019/ProjectToastEmpty/Content/Developers/batte/Collections/' took 0.00s
[2019.01.10-14.58.04:312][  0]LogFileCache: Scanning file cache for directory 'C:/Users/batte/Desktop/WorkToDo07012019/ProjectToastEmpty/Content/Collections/' took 0.01s
[2019.01.10-14.58.04:312][  0]LogCollectionManager: Rebuilt the GUID cache for 0 collections in 0.000001 seconds
[2019.01.10-14.58.04:345][  0]LogContentBrowser: Native class hierarchy populated in 0.0326 seconds. Added 2654 classes and 622 folders.
[2019.01.10-14.58.04:365][  0]LogContentBrowser: Native class hierarchy updated for 'WidgetCarousel' in 0.0016 seconds. Added 0 classes and 0 folders.
[2019.01.10-14.58.04:371][  0]LogPakFile: Registered encryption key '00000000000000000000000000000000': 0 pak files mounted, 0 remain pending
[2019.01.10-14.58.04:374][  0]LogPakFile: Registered encryption key '00000000000000000000000000000000': 0 pak files mounted, 0 remain pending
[2019.01.10-14.58.04:376][  0]LogPakFile: Registered encryption key '00000000000000000000000000000000': 0 pak files mounted, 0 remain pending
[2019.01.10-14.58.04:377][  0]LogPakFile: Registered encryption key '00000000000000000000000000000000': 0 pak files mounted, 0 remain pending
[2019.01.10-14.58.04:379][  0]LogPakFile: Registered encryption key '00000000000000000000000000000000': 0 pak files mounted, 0 remain pending
[2019.01.10-14.58.04:380][  0]LogPakFile: Registered encryption key '00000000000000000000000000000000': 0 pak files mounted, 0 remain pending
[2019.01.10-14.58.04:383][  0]LogPakFile: Registered encryption key '00000000000000000000000000000000': 0 pak files mounted, 0 remain pending
[2019.01.10-14.58.04:384][  0]LogPakFile: Registered encryption key '00000000000000000000000000000000': 0 pak files mounted, 0 remain pending
[2019.01.10-14.58.04:387][  0]LogPakFile: Registered encryption key '00000000000000000000000000000000': 0 pak files mounted, 0 remain pending
[2019.01.10-14.58.04:387][  0]LogPakFile: Registered encryption key '00000000000000000000000000000000': 0 pak files mounted, 0 remain pending
[2019.01.10-14.58.04:389][  0]LogPakFile: Registered encryption key '00000000000000000000000000000000': 0 pak files mounted, 0 remain pending
[2019.01.10-14.58.04:391][  0]LogPakFile: Registered encryption key '00000000000000000000000000000000': 0 pak files mounted, 0 remain pending
[2019.01.10-14.58.04:394][  0]LogPakFile: Registered encryption key '00000000000000000000000000000000': 0 pak files mounted, 0 remain pending
[2019.01.10-14.58.04:395][  0]LogPakFile: Registered encryption key '00000000000000000000000000000000': 0 pak files mounted, 0 remain pending
[2019.01.10-14.58.04:398][  0]LogPakFile: Registered encryption key '00000000000000000000000000000000': 0 pak files mounted, 0 remain pending
[2019.01.10-14.58.04:399][  0]LogPakFile: Registered encryption key '00000000000000000000000000000000': 0 pak files mounted, 0 remain pending
[2019.01.10-14.58.04:401][  0]LogPakFile: Registered encryption key '00000000000000000000000000000000': 0 pak files mounted, 0 remain pending
[2019.01.10-14.58.04:402][  0]LogPakFile: Registered encryption key '00000000000000000000000000000000': 0 pak files mounted, 0 remain pending
[2019.01.10-14.58.04:404][  0]LogPakFile: Registered encryption key '00000000000000000000000000000000': 0 pak files mounted, 0 remain pending
[2019.01.10-14.58.04:406][  0]LogPakFile: Registered encryption key '00000000000000000000000000000000': 0 pak files mounted, 0 remain pending
[2019.01.10-14.58.04:408][  0]LogPakFile: Registered encryption key '00000000000000000000000000000000': 0 pak files mounted, 0 remain pending
[2019.01.10-14.58.04:410][  0]LogPakFile: Registered encryption key '00000000000000000000000000000000': 0 pak files mounted, 0 remain pending
[2019.01.10-14.58.04:412][  0]LogPakFile: Registered encryption key '00000000000000000000000000000000': 0 pak files mounted, 0 remain pending
[2019.01.10-14.58.04:414][  0]LogPakFile: Registered encryption key '00000000000000000000000000000000': 0 pak files mounted, 0 remain pending
[2019.01.10-14.58.04:416][  0]LogPakFile: Registered encryption key '00000000000000000000000000000000': 0 pak files mounted, 0 remain pending
[2019.01.10-14.58.04:417][  0]LogPakFile: Registered encryption key '00000000000000000000000000000000': 0 pak files mounted, 0 remain pending
[2019.01.10-14.58.04:600][  0]LogContentBrowser: Native class hierarchy updated for 'AddContentDialog' in 0.0016 seconds. Added 0 classes and 0 folders.
[2019.01.10-14.58.04:622][  0]LogContentBrowser: Native class hierarchy updated for 'SceneOutliner' in 0.0007 seconds. Added 1 classes and 2 folders.
[2019.01.10-14.58.04:639][  0]LogSlate: Took 0.000288 seconds to synchronously load lazily loaded font '../../../Engine/Content/Slate/Fonts/Roboto-Regular.ttf' (155K)
[2019.01.10-14.58.04:642][  0]LogSlate: Took 0.000311 seconds to synchronously load lazily loaded font '../../../Engine/Content/Slate/Fonts/Roboto-Bold.ttf' (160K)
[2019.01.10-14.58.04:648][  0]LogSlate: Took 0.000263 seconds to synchronously load lazily loaded font '../../../Engine/Content/Editor/Slate/Fonts/FontAwesome.ttf' (139K)
[2019.01.10-14.58.04:752][  0]LogRenderer: Reallocating scene render targets to support 1208x576 Format 10 NumSamples 1 (Frame:1).
[2019.01.10-14.58.05:270][  0]LogContentBrowser: Native class hierarchy updated for 'HierarchicalLODOutliner' in 0.0007 seconds. Added 0 classes and 0 folders.
[2019.01.10-14.58.05:270][  0]LogLoad: (Engine Initialization) Total time: 33.51 seconds
[2019.01.10-14.58.05:270][  0]LogLoad: (Engine Initialization) Total Blueprint compile time: 0.00 seconds
[2019.01.10-14.58.05:321][  0]LogWindowsTextInputMethodSystem: Display: IME system now deactivated.
[2019.01.10-14.58.05:446][  0]LogContentStreaming: Texture pool size now 1000 MB
[2019.01.10-14.58.05:477][  0]LogSlate: Took 0.000208 seconds to synchronously load lazily loaded font '../../../Engine/Content/Slate/Fonts/Roboto-Light.ttf' (167K)
[2019.01.10-14.58.05:799][  3]LogAssetRegistry: Asset discovery search completed in 11.5957 seconds
[2019.01.10-14.58.05:803][  3]LogCollectionManager: Rebuilt the object cache for 0 collections in 0.000001 seconds (found 0 objects)
[2019.01.10-14.58.05:804][  3]LogCollectionManager: Fixed up redirectors for 0 collections in 0.000271 seconds (updated 0 objects)
[2019.01.10-15.00.44:761][580]LogSlate: FSceneViewport::OnFocusLost() reason 0
[2019.01.10-15.02.32:512][ 90]LogSlate: FSceneViewport::OnFocusLost() reason 0
[2019.01.10-15.02.33:983][115]LogEditorViewport: Clicking on Actor (LMB): BP_Large_Room_Square_With_Side_Attachment_C (BP_Large_Room_Square_With_Side_Attachment)
[2019.01.10-15.02.39:725][265]LogSlate: FSceneViewport::OnFocusLost() reason 0
[2019.01.10-15.02.42:428][313]LogEditorViewport: Clicking on Actor (LMB): BP_Large_Room_Square_With_Side_Attachment_C (BP_Large_Room_Square_With_Side_Attachment)
[2019.01.10-15.02.45:840][403]LogEditorViewport: Clicking on Actor (LMB): BP_Large_Room_Square_With_Side_Attachment_C (BP_Large_Room_Square_With_Side_Attachment)
[2019.01.10-15.02.46:840][429]Cmd: DELETE
[2019.01.10-15.02.46:840][429]Cmd: ACTOR DELETE
[2019.01.10-15.02.47:151][429]LogEditorActor: Deleted Actor: BP_Large_Room_Square_With_Side_Attachment_C
[2019.01.10-15.02.47:208][429]LogEditorActor: Deleted 1 Actors (0.145 secs)
[2019.01.10-15.02.53:828][606]LogSlate: FSceneViewport::OnFocusLost() reason 0
[2019.01.10-15.03.11:077][ 17]Cmd: DELETE
[2019.01.10-15.03.11:077][ 17]Cmd: ACTOR DELETE
[2019.01.10-15.03.11:109][ 17]LogEditorActor: Deleted Actor: BP_Doorway_Crossroads_C
[2019.01.10-15.03.11:159][ 17]LogEditorActor: Deleted 1 Actors (0.081 secs)
[2019.01.10-15.03.31:210][499]LogSlate: FSceneViewport::OnFocusLost() reason 0
[2019.01.10-15.05.21:699][619]LogSlate: Window 'Save Content' being destroyed
[2019.01.10-15.05.21:966][619]LogSlate: Window 'ProjectToastEmpty - Unreal Editor' being destroyed
[2019.01.10-15.05.22:479][620]Cmd: QUIT_EDITOR
[2019.01.10-15.05.22:846][620]LogWindowsTextInputMethodSystem: Display: IME system now deactivated.
[2019.01.10-15.05.22:941][620]LogExit: Preparing to exit.
[2019.01.10-15.05.24:203][620]LogExit: Editor shut down
[2019.01.10-15.05.24:203][620]LogExit: Transaction tracking system shut down
[2019.01.10-15.05.25:822][620]LogExit: Object subsystem successfully closed.
[2019.01.10-15.05.25:997][620]LogShaderCompilers: Display: Shaders left to compile 0
[2019.01.10-15.05.26:012][620]LogD3D11RHI: Shutdown
[2019.01.10-15.05.26:012][620]LogD3D11RHI: CleanupD3DDevice
[2019.01.10-15.05.26:098][620]LogD3D11RHI: ~FD3D11DynamicRHI
[2019.01.10-15.05.27:331][620]LogModuleManager: Shutting down and abandoning module HierarchicalLODOutliner (624)
[2019.01.10-15.05.27:331][620]LogModuleManager: Shutting down and abandoning module SceneOutliner (622)
[2019.01.10-15.05.27:331][620]LogModuleManager: Shutting down and abandoning module AddContentDialog (620)
[2019.01.10-15.05.27:342][620]LogModuleManager: Shutting down and abandoning module WidgetCarousel (619)
[2019.01.10-15.05.27:343][620]LogModuleManager: Shutting down and abandoning module EditorWidgets (616)
[2019.01.10-15.05.27:343][620]LogModuleManager: Shutting down and abandoning module CollectionManager (614)
[2019.01.10-15.05.27:360][620]LogModuleManager: Shutting down and abandoning module StatsViewer (612)
[2019.01.10-15.05.27:367][620]LogModuleManager: Shutting down and abandoning module FoliageEdit (610)
[2019.01.10-15.05.27:367][620]LogModuleManager: Shutting down and abandoning module LandscapeEditor (608)
[2019.01.10-15.05.27:400][620]LogModuleManager: Shutting down and abandoning module MeshPaintMode (606)
[2019.01.10-15.05.27:414][620]LogModuleManager: Shutting down and abandoning module SceneDepthPickerMode (604)
[2019.01.10-15.05.27:414][620]LogModuleManager: Shutting down and abandoning module ActorPickerMode (602)
[2019.01.10-15.05.27:414][620]LogModuleManager: Shutting down and abandoning module GeometryMode (600)
[2019.01.10-15.05.27:414][620]LogModuleManager: Shutting down and abandoning module TextureAlignMode (598)
[2019.01.10-15.05.27:414][620]LogModuleManager: Shutting down and abandoning module BspMode (596)
[2019.01.10-15.05.27:414][620]LogModuleManager: Shutting down and abandoning module PIEPreviewDeviceProfileSelector (594)
[2019.01.10-15.05.27:427][620]LogModuleManager: Shutting down and abandoning module SequenceRecorderSections (592)
[2019.01.10-15.05.27:438][620]LogModuleManager: Shutting down and abandoning module AutomationWorker (590)
[2019.01.10-15.05.27:438][620]LogModuleManager: Shutting down and abandoning module AudioCaptureEditor (588)
[2019.01.10-15.05.27:438][620]LogModuleManager: Shutting down and abandoning module MatineeToLevelSequence (586)
[2019.01.10-15.05.27:449][620]LogModuleManager: Shutting down and abandoning module LevelSequenceEditor (584)
[2019.01.10-15.05.27:477][620]LogModuleManager: Shutting down and abandoning module PlacementMode (583)
[2019.01.10-15.05.27:477][620]LogModuleManager: Shutting down and abandoning module MaterialEditor (582)
[2019.01.10-15.05.27:503][620]LogModuleManager: Shutting down and abandoning module WmfMediaFactory (578)
[2019.01.10-15.05.27:503][620]LogModuleManager: Shutting down and abandoning module WmfMediaEditor (576)
[2019.01.10-15.05.27:503][620]LogModuleManager: Shutting down and abandoning module WebMMediaFactory (574)
[2019.01.10-15.05.27:503][620]LogModuleManager: Shutting down and abandoning module WebMMediaEditor (572)
[2019.01.10-15.05.27:503][620]LogModuleManager: Shutting down and abandoning module WebMMedia (570)
[2019.01.10-15.05.27:514][620]LogModuleManager: Shutting down and abandoning module MediaPlayerEditor (568)
[2019.01.10-15.05.27:536][620]LogModuleManager: Shutting down and abandoning module MediaCompositingEditor (566)
[2019.01.10-15.05.27:561][620]LogModuleManager: Shutting down and abandoning module SequenceRecorder (565)
[2019.01.10-15.05.27:562][620]LogModuleManager: Shutting down and abandoning module OpenExrWrapper (562)
[2019.01.10-15.05.27:562][620]LogModuleManager: Shutting down and abandoning module ImgMediaFactory (560)
[2019.01.10-15.05.27:562][620]LogModuleManager: Shutting down and abandoning module ImgMediaEditor (558)
[2019.01.10-15.05.27:563][620]LogModuleManager: Shutting down and abandoning module AvfMediaFactory (556)
[2019.01.10-15.05.27:563][620]LogModuleManager: Shutting down and abandoning module AvfMediaEditor (554)
[2019.01.10-15.05.27:563][620]LogModuleManager: Shutting down and abandoning module AndroidMediaFactory (552)
[2019.01.10-15.05.27:563][620]LogModuleManager: Shutting down and abandoning module AndroidMediaEditor (550)
[2019.01.10-15.05.27:563][620]LogModuleManager: Shutting down and abandoning module MagicLeapCameraPreviewFactory (548)
[2019.01.10-15.05.27:563][620]LogModuleManager: Shutting down and abandoning module MagicLeapMediaFactory (546)
[2019.01.10-15.05.27:563][620]LogModuleManager: Shutting down and abandoning module MagicLeapMediaEditor (544)
[2019.01.10-15.05.27:563][620]LogModuleManager: Shutting down and abandoning module CharacterAI (542)
[2019.01.10-15.05.27:563][620]LogModuleManager: Shutting down and abandoning module SmartSnapping (540)
[2019.01.10-15.05.27:563][620]LogModuleManager: Shutting down and abandoning module SessionServices (538)
[2019.01.10-15.05.27:563][620]LogModuleManager: Shutting down and abandoning module ViewportSnapping (536)
[2019.01.10-15.05.27:563][620]LogModuleManager: Shutting down and abandoning module ViewportInteraction (534)
[2019.01.10-15.05.27:563][620]LogModuleManager: Shutting down and abandoning module ClothPainter (532)
[2019.01.10-15.05.27:580][620]LogModuleManager: Shutting down and abandoning module SkeletalMeshEditor (531)
[2019.01.10-15.05.27:601][620]LogModuleManager: Shutting down and abandoning module LogVisualizer (528)
[2019.01.10-15.05.27:616][620]LogModuleManager: Shutting down and abandoning module IntroTutorials (526)
[2019.01.10-15.05.27:660][620]LogModuleManager: Shutting down and abandoning module GameProjectGeneration (525)
[2019.01.10-15.05.27:670][620]LogModuleManager: Shutting down and abandoning module LuminPlatformEditor (522)
[2019.01.10-15.05.27:670][620]LogModuleManager: Shutting down and abandoning module IOSPlatformEditor (520)
[2019.01.10-15.05.27:670][620]LogModuleManager: Shutting down and abandoning module HTML5PlatformEditor (518)
[2019.01.10-15.05.27:670][620]LogModuleManager: Shutting down and abandoning module AndroidPlatformEditor (516)
[2019.01.10-15.05.27:671][620]LogModuleManager: Shutting down and abandoning module AndroidDeviceDetection (515)
[2019.01.10-15.05.28:050][620]LogModuleManager: Shutting down and abandoning module WindowsPlatformEditor (512)
[2019.01.10-15.05.28:050][620]LogModuleManager: Shutting down and abandoning module LuminRuntimeSettings (510)
[2019.01.10-15.05.28:050][620]LogModuleManager: Shutting down and abandoning module IOSRuntimeSettings (508)
[2019.01.10-15.05.28:050][620]LogModuleManager: Shutting down and abandoning module AndroidRuntimeSettings (506)
[2019.01.10-15.05.28:051][620]LogModuleManager: Shutting down and abandoning module TimeManagementEditor (504)
[2019.01.10-15.05.28:051][620]LogModuleManager: Shutting down and abandoning module InputBindingEditor (502)
[2019.01.10-15.05.28:094][620]LogModuleManager: Shutting down and abandoning module MergeActors (500)
[2019.01.10-15.05.28:110][620]LogModuleManager: Shutting down and abandoning module LocalizationDashboard (498)
[2019.01.10-15.05.28:125][620]LogModuleManager: Shutting down and abandoning module LocalizationService (497)
[2019.01.10-15.05.28:137][620]LogModuleManager: Shutting down and abandoning module HardwareTargeting (494)
[2019.01.10-15.05.28:138][620]LogModuleManager: Shutting down and abandoning module DeviceProfileEditor (492)
[2019.01.10-15.05.28:150][620]LogModuleManager: Shutting down and abandoning module UndoHistory (490)
[2019.01.10-15.05.28:164][620]LogModuleManager: Shutting down and abandoning module XmlParser (488)
[2019.01.10-15.05.28:164][620]LogModuleManager: Shutting down and abandoning module Blutility (486)
[2019.01.10-15.05.28:171][620]LogModuleManager: Shutting down and abandoning module ProjectSettingsViewer (484)
[2019.01.10-15.05.28:171][620]LogModuleManager: Shutting down and abandoning module ProjectTargetPlatformEditor (483)
[2019.01.10-15.05.28:171][620]LogModuleManager: Shutting down and abandoning module EditorSettingsViewer (480)
[2019.01.10-15.05.28:171][620]LogModuleManager: Shutting down and abandoning module SettingsEditor (478)
[2019.01.10-15.05.28:186][620]LogModuleManager: Shutting down and abandoning module ProjectLauncher (476)
[2019.01.10-15.05.28:192][620]LogModuleManager: Shutting down and abandoning module SessionFrontend (474)
[2019.01.10-15.05.28:202][620]LogModuleManager: Shutting down and abandoning module ProfilerClient (472)
[2019.01.10-15.05.28:214][620]LogModuleManager: Shutting down and abandoning module DeviceManager (470)
[2019.01.10-15.05.28:224][620]LogModuleManager: Shutting down and abandoning module TargetDeviceServices (469)
[2019.01.10-15.05.28:278][620]LogModuleManager: Shutting down and abandoning module AutomationController (466)
[2019.01.10-15.05.28:300][620]LogModuleManager: Shutting down and abandoning module AutomationWindow (464)
[2019.01.10-15.05.28:325][620]LogModuleManager: Shutting down and abandoning module Layers (462)
[2019.01.10-15.05.28:394][620]LogModuleManager: Shutting down and abandoning module ComponentVisualizers (460)
[2019.01.10-15.05.28:394][620]LogModuleManager: Shutting down and abandoning module DetailCustomizations (458)
[2019.01.10-15.05.28:394][620]LogModuleManager: Shutting down and abandoning module PackagesDialog (456)
[2019.01.10-15.05.28:403][620]LogModuleManager: Shutting down and abandoning module Persona (454)
[2019.01.10-15.05.28:438][620]LogModuleManager: Shutting down and abandoning module AdvancedPreviewScene (453)
[2019.01.10-15.05.28:438][620]LogModuleManager: Shutting down and abandoning module AnimGraph (451)
[2019.01.10-15.05.28:439][620]LogModuleManager: Shutting down and abandoning module Kismet (448)
[2019.01.10-15.05.28:458][620]LogModuleManager: Shutting down and abandoning module GraphEditor (446)
[2019.01.10-15.05.28:500][620]LogModuleManager: Shutting down and abandoning module ClassViewer (444)
[2019.01.10-15.05.28:500][620]LogModuleManager: Shutting down and abandoning module Toolbox (442)
[2019.01.10-15.05.28:500][620]LogModuleManager: Shutting down and abandoning module DesktopPlatform (441)
[2019.01.10-15.05.28:513][620]LogModuleManager: Shutting down and abandoning module ModuleUI (438)
[2019.01.10-15.05.28:517][620]LogModuleManager: Shutting down and abandoning module MovieSceneTools (436)
[2019.01.10-15.05.28:517][620]LogModuleManager: Shutting down and abandoning module OutputLog (434)
[2019.01.10-15.05.28:517][620]LogModuleManager: Shutting down and abandoning module GammaUI (432)
[2019.01.10-15.05.28:533][620]LogModuleManager: Shutting down and abandoning module Documentation (430)
[2019.01.10-15.05.28:533][620]LogModuleManager: Shutting down and abandoning module MovieSceneTracks (428)
[2019.01.10-15.05.28:533][620]LogModuleManager: Shutting down and abandoning module MovieScene (426)
[2019.01.10-15.05.28:544][620]LogModuleManager: Shutting down and abandoning module StreamingPauseRendering (424)
[2019.01.10-15.05.28:557][620]LogModuleManager: Shutting down and abandoning module LauncherPlatform (422)
[2019.01.10-15.05.28:557][620]LogModuleManager: Shutting down and abandoning module AnalyticsET (420)
[2019.01.10-15.05.28:557][620]LogModuleManager: Shutting down and abandoning module PortalServices (418)
[2019.01.10-15.05.28:558][620]LogModuleManager: Shutting down and abandoning module PortalRpc (416)
[2019.01.10-15.05.28:558][620]LogModuleManager: Shutting down and abandoning module MessagingRpc (414)
[2019.01.10-15.05.28:558][620]LogModuleManager: Shutting down and abandoning module AIModule (412)
[2019.01.10-15.05.28:568][620]LogModuleManager: Shutting down and abandoning module GameplayDebugger (411)
[2019.01.10-15.05.28:568][620]LogModuleManager: Shutting down and abandoning module AITestSuite (409)
[2019.01.10-15.05.28:568][620]LogModuleManager: Shutting down and abandoning module NavigationSystem (407)
[2019.01.10-15.05.28:568][620]LogModuleManager: Shutting down and abandoning module ImageWriteQueue (404)
[2019.01.10-15.05.28:576][620]LogModuleManager: Shutting down and abandoning module ProfilerService (402)
[2019.01.10-15.05.28:685][620]LogModuleManager: Shutting down and abandoning module TaskGraph (400)
[2019.01.10-15.05.28:705][620]LogModuleManager: Shutting down and abandoning module SteamVRController (398)
[2019.01.10-15.05.28:705][620]LogModuleManager: Shutting down and abandoning module ProceduralMeshComponentEditor (396)
[2019.01.10-15.05.28:705][620]LogModuleManager: Shutting down and abandoning module ProceduralMeshComponent (394)
[2019.01.10-15.05.28:711][620]LogModuleManager: Shutting down and abandoning module OculusInput (392)
[2019.01.10-15.05.28:711][620]LogModuleManager: Shutting down and abandoning module MobilePatchingUtils (390)
[2019.01.10-15.05.28:711][620]LogModuleManager: Shutting down and abandoning module EditableMesh (388)
[2019.01.10-15.05.28:725][620]LogModuleManager: Shutting down and abandoning module CustomMeshComponent (386)
[2019.01.10-15.05.28:725][620]LogModuleManager: Shutting down and abandoning module CableComponent (384)
[2019.01.10-15.05.28:741][620]LogModuleManager: Shutting down and abandoning module AudioCapture (382)
[2019.01.10-15.05.28:741][620]LogModuleManager: Shutting down and abandoning module ArchVisCharacter (380)
[2019.01.10-15.05.28:741][620]LogModuleManager: Shutting down and abandoning module AndroidPermission (378)
[2019.01.10-15.05.28:741][620]LogModuleManager: Shutting down and abandoning module NUTUnrealEngine4 (376)
[2019.01.10-15.05.28:755][620]LogModuleManager: Shutting down and abandoning module NetcodeUnitTest (374)
[2019.01.10-15.05.28:759][620]LogModuleManager: Shutting down and abandoning module MediaCompositing (372)
[2019.01.10-15.05.28:759][620]LogModuleManager: Shutting down and abandoning module LinearTimecode (370)
[2019.01.10-15.05.28:759][620]LogModuleManager: Shutting down and abandoning module ImgMedia (368)
[2019.01.10-15.05.28:769][620]LogModuleManager: Shutting down and abandoning module HTML5Networking (366)
[2019.01.10-15.05.28:769][620]LogModuleManager: Shutting down and abandoning module GeometryCacheTracks (364)
[2019.01.10-15.05.28:769][620]LogModuleManager: Shutting down and abandoning module GeometryCacheSequencer (362)
[2019.01.10-15.05.28:770][620]LogModuleManager: Shutting down and abandoning module BackChannel (360)
[2019.01.10-15.05.28:776][620]LogModuleManager: Shutting down and abandoning module AppleVision (358)
[2019.01.10-15.05.28:776][620]LogModuleManager: Shutting down and abandoning module AppleImageUtilsBlueprintSupport (356)
[2019.01.10-15.05.28:776][620]LogModuleManager: Shutting down and abandoning module AppleImageUtils (354)
[2019.01.10-15.05.28:776][620]LogModuleManager: Shutting down and abandoning module AlembicImporter (352)
[2019.01.10-15.05.28:776][620]LogModuleManager: Shutting down and abandoning module AlembicLibrary (351)
[2019.01.10-15.05.28:776][620]LogModuleManager: Shutting down and abandoning module GeometryCache (350)
[2019.01.10-15.05.28:776][620]LogModuleManager: Shutting down and abandoning module GeometryCacheEd (349)
[2019.01.10-15.05.28:777][620]LogModuleManager: Shutting down and abandoning module VariantManagerContent (344)
[2019.01.10-15.05.28:777][620]LogModuleManager: Shutting down and abandoning module DatasmithContentEditor (342)
[2019.01.10-15.05.28:793][620]LogModuleManager: Shutting down and abandoning module SpeedTreeImporter (340)
[2019.01.10-15.05.28:793][620]LogModuleManager: Shutting down and abandoning module PluginBrowser (338)
[2019.01.10-15.05.28:847][620]LogModuleManager: Shutting down and abandoning module MobileLauncherProfileWizard (336)
[2019.01.10-15.05.28:856][620]LogModuleManager: Shutting down and abandoning module PolygonModeling (334)
[2019.01.10-15.05.28:857][620]LogModuleManager: Shutting down and abandoning module MeshEditor (332)
[2019.01.10-15.05.28:866][620]LogModuleManager: Shutting down and abandoning module CryptoKeysOpenSSL (330)
[2019.01.10-15.05.28:876][620]LogModuleManager: Shutting down and abandoning module CryptoKeys (328)
[2019.01.10-15.05.28:876][620]LogModuleManager: Shutting down and abandoning module VisualStudioSourceCodeAccess (326)
[2019.01.10-15.05.28:876][620]LogModuleManager: Shutting down and abandoning module VisualStudioCodeSourceCodeAccess (324)
[2019.01.10-15.05.28:876][620]LogModuleManager: Shutting down and abandoning module UObjectPlugin (322)
[2019.01.10-15.05.28:876][620]LogModuleManager: Shutting down and abandoning module SubversionSourceControl (320)
[2019.01.10-15.05.28:887][620]LogModuleManager: Shutting down and abandoning module PerforceSourceControl (318)
[2019.01.10-15.05.28:907][620]LogModuleManager: Shutting down and abandoning module GitSourceControl (316)
[2019.01.10-15.05.28:919][620]LogModuleManager: Shutting down and abandoning module SourceControl (315)
[2019.01.10-15.05.28:919][620]LogModuleManager: Shutting down and abandoning module CLionSourceCodeAccess (312)
[2019.01.10-15.05.28:925][620]LogModuleManager: Shutting down and abandoning module ActorLayerUtilitiesEditor (310)
[2019.01.10-15.05.28:925][620]LogModuleManager: Shutting down and abandoning module ActorLayerUtilities (308)
[2019.01.10-15.05.28:925][620]LogModuleManager: Shutting down and abandoning module LightPropagationVolumeEditor (306)
[2019.01.10-15.05.28:925][620]LogModuleManager: Shutting down and abandoning module PaperTiledImporter (304)
[2019.01.10-15.05.28:925][620]LogModuleManager: Shutting down and abandoning module PaperSpriteSheetImporter (302)
[2019.01.10-15.05.28:935][620]LogModuleManager: Shutting down and abandoning module Paper2DEditor (300)
[2019.01.10-15.05.28:955][620]LogModuleManager: Shutting down and abandoning module MeshPaint (299)
[2019.01.10-15.05.28:968][620]LogModuleManager: Shutting down and abandoning module ProjectToastEmpty (296)
[2019.01.10-15.05.28:968][620]LogModuleManager: Shutting down and abandoning module RuntimePhysXCooking (294)
[2019.01.10-15.05.28:968][620]LogModuleManager: Shutting down and abandoning module PhysXVehiclesEditor (292)
[2019.01.10-15.05.28:968][620]LogModuleManager: Shutting down and abandoning module PhysXVehicles (290)
[2019.01.10-15.05.28:968][620]LogModuleManager: Shutting down and abandoning module OculusEditor (288)
[2019.01.10-15.05.28:982][620]LogModuleManager: Shutting down and abandoning module LocationServicesBPLibrary (286)
[2019.01.10-15.05.28:982][620]LogModuleManager: Shutting down and abandoning module ActorSequence (284)
[2019.01.10-15.05.28:982][620]LogModuleManager: Shutting down and abandoning module UdpMessaging (282)
[2019.01.10-15.05.29:082][620]LogModuleManager: Shutting down and abandoning module TcpMessaging (280)
[2019.01.10-15.05.29:190][620]LogModuleManager: Shutting down and abandoning module MagicLeapAudio (278)
[2019.01.10-15.05.29:190][620]LogModuleManager: Shutting down and abandoning module GameplayTagsEditor (276)
[2019.01.10-15.05.29:197][620]LogModuleManager: Shutting down and abandoning module FacialAnimationEditor (274)
[2019.01.10-15.05.29:197][620]LogModuleManager: Shutting down and abandoning module FacialAnimation (272)
[2019.01.10-15.05.29:197][620]LogModuleManager: Shutting down and abandoning module DataValidation (270)
[2019.01.10-15.05.29:197][620]LogModuleManager: Shutting down and abandoning module AssetManagerEditor (268)
[2019.01.10-15.05.29:216][620]LogModuleManager: Shutting down and abandoning module LevelEditor (267)
[2019.01.10-15.05.29:233][620]LogModuleManager: Shutting down and abandoning module PixelInspectorModule (266)
[2019.01.10-15.05.29:256][620]LogModuleManager: Shutting down and abandoning module CommonMenuExtensions (264)
[2019.01.10-15.05.29:256][620]LogModuleManager: Shutting down and abandoning module MainFrame (262)
[2019.01.10-15.05.29:256][620]LogModuleManager: Shutting down and abandoning module HotReload (261)
[2019.01.10-15.05.29:276][620]LogModuleManager: Shutting down and abandoning module ContentBrowser (257)
[2019.01.10-15.05.29:278][620]LogModuleManager: Shutting down and abandoning module TreeMap (255)
[2019.01.10-15.05.29:288][620]LogModuleManager: Shutting down and abandoning module LightPropagationVolumeRuntime (252)
[2019.01.10-15.05.29:288][620]LogModuleManager: Shutting down and abandoning module AISupportModule (250)
[2019.01.10-15.05.29:288][620]LogModuleManager: Shutting down and abandoning module Paper2D (248)
[2019.01.10-15.05.29:304][620]LogModuleManager: Shutting down and abandoning module WindowsMoviePlayer (246)
[2019.01.10-15.05.29:318][620]LogModuleManager: Shutting down and abandoning module WebMMoviePlayer (244)
[2019.01.10-15.05.29:318][620]LogModuleManager: Shutting down and abandoning module WmfMedia (242)
[2019.01.10-15.05.29:340][620]LogModuleManager: Shutting down and abandoning module Media (241)
[2019.01.10-15.05.29:347][620]LogModuleManager: Shutting down and abandoning module PacketHandler (238)
[2019.01.10-15.05.29:347][620]LogModuleManager: Shutting down and abandoning module ClothingSystemEditor (236)
[2019.01.10-15.05.29:347][620]LogModuleManager: Shutting down and abandoning module ClothingSystemRuntime (234)
[2019.01.10-15.05.29:366][620]LogModuleManager: Shutting down and abandoning module MediaAssets (232)
[2019.01.10-15.05.29:366][620]LogModuleManager: Shutting down and abandoning module Overlay (230)
[2019.01.10-15.05.29:366][620]LogModuleManager: Shutting down and abandoning module OverlayEditor (229)
[2019.01.10-15.05.29:366][620]LogModuleManager: Shutting down and abandoning module VREditor (226)
[2019.01.10-15.05.29:386][620]LogModuleManager: Shutting down and abandoning module StringTableEditor (224)
[2019.01.10-15.05.29:407][620]LogModuleManager: Shutting down and abandoning module GameplayTasksEditor (222)
[2019.01.10-15.05.29:407][620]LogModuleManager: Shutting down and abandoning module BehaviorTreeEditor (220)
[2019.01.10-15.05.29:428][620]LogModuleManager: Shutting down and abandoning module FunctionalTesting (218)
[2019.01.10-15.05.29:440][620]LogModuleManager: Shutting down and abandoning module CollisionAnalyzer (216)
[2019.01.10-15.05.29:446][620]LogModuleManager: Shutting down and abandoning module WorkspaceMenuStructure (215)
[2019.01.10-15.05.29:446][620]LogModuleManager: Shutting down and abandoning module UMG (212)
[2019.01.10-15.05.29:453][620]LogModuleManager: Shutting down and abandoning module UMGEditor (211)
[2019.01.10-15.05.29:488][620]LogModuleManager: Shutting down and abandoning module Sequencer (210)
[2019.01.10-15.05.29:539][620]LogModuleManager: Shutting down and abandoning module MessageLog (207)
[2019.01.10-15.05.29:546][620]LogModuleManager: Shutting down and abandoning module SlateReflector (202)
[2019.01.10-15.05.29:582][620]LogModuleManager: Shutting down and abandoning module Slate (200)
[2019.01.10-15.05.29:582][620]LogModuleManager: Shutting down and abandoning module EditorStyle (198)
[2019.01.10-15.05.29:586][620]LogModuleManager: Shutting down and abandoning module MRMesh (196)
[2019.01.10-15.05.29:592][620]LogModuleManager: Shutting down and abandoning module SourceCodeAccess (194)
[2019.01.10-15.05.29:592][620]LogModuleManager: Shutting down and abandoning module HeadMountedDisplay (192)
[2019.01.10-15.05.29:592][620]LogModuleManager: Shutting down and abandoning module XAudio2 (190)
[2019.01.10-15.05.29:592][620]LogModuleManager: Shutting down and abandoning module Networking (188)
[2019.01.10-15.05.29:592][620]LogModuleManager: Shutting down and abandoning module Core (186)
[2019.01.10-15.05.29:593][620]LogModuleManager: Shutting down and abandoning module LevelSequence (184)
[2019.01.10-15.05.29:593][620]LogModuleManager: Shutting down and abandoning module KismetCompiler (182)
[2019.01.10-15.05.29:593][620]LogModuleManager: Shutting down and abandoning module MeshUtilities (180)
[2019.01.10-15.05.29:609][620]LogModuleManager: Shutting down and abandoning module MeshMergeUtilities (179)
[2019.01.10-15.05.29:618][620]LogModuleManager: Shutting down and abandoning module MeshReductionInterface (178)
[2019.01.10-15.05.29:618][620]LogModuleManager: Shutting down and abandoning module SimplygonSwarm (177)
[2019.01.10-15.05.29:632][620]LogModuleManager: Shutting down and abandoning module ProxyLODMeshReduction (175)
[2019.01.10-15.05.29:655][620]LogModuleManager: Shutting down and abandoning module SimplygonMeshReduction (173)
[2019.01.10-15.05.29:656][620]LogModuleManager: Shutting down and abandoning module QuadricMeshReduction (171)
[2019.01.10-15.05.29:671][620]LogModuleManager: Shutting down and abandoning module MaterialBaking (167)
[2019.01.10-15.05.29:686][620]LogModuleManager: Shutting down and abandoning module DirectoryWatcher (163)
[2019.01.10-15.05.29:687][620]LogModuleManager: Shutting down and abandoning module DerivedDataCache (160)
[2019.01.10-15.05.29:726][620]LogDerivedDataCache: Shutdown
[2019.01.10-15.05.29:727][620]LogModuleManager: Shutting down and abandoning module XGEController (158)
[2019.01.10-15.05.29:748][620]LogXGEController: Cleaning working directory: C:/Users/batte/AppData/Local/Temp/UnrealXGEWorkingDir/
[2019.01.10-15.05.29:748][620]LogModuleManager: Shutting down and abandoning module TargetPlatform (156)
[2019.01.10-15.05.29:748][620]LogModuleManager: Shutting down and abandoning module VulkanShaderFormat (155)
[2019.01.10-15.05.29:756][620]LogModuleManager: Shutting down and abandoning module ShaderFormatVectorVM (153)
[2019.01.10-15.05.29:765][620]LogModuleManager: Shutting down and abandoning module ShaderFormatOpenGL (151)
[2019.01.10-15.05.29:773][620]LogModuleManager: Shutting down and abandoning module ShaderFormatD3D (149)
[2019.01.10-15.05.29:773][620]LogModuleManager: Shutting down and abandoning module MetalShaderFormat (147)
[2019.01.10-15.05.29:792][620]LogModuleManager: Shutting down and abandoning module TextureFormatUncompressed (145)
[2019.01.10-15.05.29:792][620]LogModuleManager: Shutting down and abandoning module TextureFormatPVR (143)
[2019.01.10-15.05.29:792][620]LogModuleManager: Shutting down and abandoning module TextureFormatDXT (141)
[2019.01.10-15.05.29:792][620]LogModuleManager: Shutting down and abandoning module TextureFormatIntelISPCTexComp (139)
[2019.01.10-15.05.29:800][620]LogModuleManager: Shutting down and abandoning module TextureFormatASTC (137)
[2019.01.10-15.05.29:801][620]LogModuleManager: Shutting down and abandoning module ImageWrapper (136)
[2019.01.10-15.05.29:801][620]LogModuleManager: Shutting down and abandoning module TextureFormatAndroid (133)
[2019.01.10-15.05.29:801][620]LogModuleManager: Shutting down and abandoning module AudioFormatOpus (131)
[2019.01.10-15.05.29:801][620]LogModuleManager: Shutting down and abandoning module AudioFormatOgg (129)
[2019.01.10-15.05.29:801][620]LogModuleManager: Shutting down and abandoning module AudioFormatADPCM (127)
[2019.01.10-15.05.29:801][620]LogModuleManager: Shutting down and abandoning module LuminTargetPlatform (125)
[2019.01.10-15.05.29:809][620]LogModuleManager: Shutting down and abandoning module LinuxTargetPlatform (123)
[2019.01.10-15.05.29:809][620]LogModuleManager: Shutting down and abandoning module LinuxServerTargetPlatform (121)
[2019.01.10-15.05.29:809][620]LogModuleManager: Shutting down and abandoning module LinuxNoEditorTargetPlatform (119)
[2019.01.10-15.05.29:809][620]LogModuleManager: Shutting down and abandoning module LinuxClientTargetPlatform (117)
[2019.01.10-15.05.29:810][620]LogModuleManager: Shutting down and abandoning module TVOSTargetPlatform (115)
[2019.01.10-15.05.29:825][620]LogModuleManager: Shutting down and abandoning module Messaging (113)
[2019.01.10-15.05.29:825][620]LogModuleManager: Shutting down and abandoning module IOSTargetPlatform (111)
[2019.01.10-15.05.29:827][620]LogModuleManager: Shutting down and abandoning module HTML5TargetPlatform (109)
[2019.01.10-15.05.29:827][620]LogModuleManager: Shutting down and abandoning module AndroidTargetPlatform (107)
[2019.01.10-15.05.29:841][620]LogModuleManager: Shutting down and abandoning module WindowsTargetPlatform (105)
[2019.01.10-15.05.29:841][620]LogModuleManager: Shutting down and abandoning module WindowsServerTargetPlatform (103)
[2019.01.10-15.05.29:841][620]LogModuleManager: Shutting down and abandoning module WindowsNoEditorTargetPlatform (101)
[2019.01.10-15.05.29:841][620]LogModuleManager: Shutting down and abandoning module WindowsClientTargetPlatform (99)
[2019.01.10-15.05.29:841][620]LogModuleManager: Shutting down and abandoning module MacTargetPlatform (97)
[2019.01.10-15.05.29:841][620]LogModuleManager: Shutting down and abandoning module MacServerTargetPlatform (95)
[2019.01.10-15.05.29:841][620]LogModuleManager: Shutting down and abandoning module MacNoEditorTargetPlatform (93)
[2019.01.10-15.05.29:841][620]LogModuleManager: Shutting down and abandoning module MacClientTargetPlatform (91)
[2019.01.10-15.05.29:842][620]LogModuleManager: Shutting down and abandoning module AllDesktopTargetPlatform (89)
[2019.01.10-15.05.29:842][620]LogModuleManager: Shutting down and abandoning module InputCore (86)
[2019.01.10-15.05.29:842][620]LogModuleManager: Shutting down and abandoning module Settings (84)
[2019.01.10-15.05.29:842][620]LogModuleManager: Shutting down and abandoning module PhysXCooking (82)
[2019.01.10-15.05.29:842][620]LogModuleManager: Shutting down and abandoning module SteamVR (80)
[2019.01.10-15.05.29:857][620]LogHMD: Freeing OpenVRDLLHandle.
[2019.01.10-15.05.29:857][620]LogModuleManager: Shutting down and abandoning module OculusHMD (78)
[2019.01.10-15.05.29:870][620]LogModuleManager: Shutting down and abandoning module ExampleDeviceProfileSelector (76)
[2019.01.10-15.05.29:870][620]LogModuleManager: Shutting down and abandoning module LauncherChunkInstaller (74)
[2019.01.10-15.05.29:870][620]LogModuleManager: Shutting down and abandoning module OnlineBlueprintSupport (72)
[2019.01.10-15.05.29:870][620]LogModuleManager: Shutting down and abandoning module OnlineSubsystem (68)
[2019.01.10-15.05.29:872][620]LogModuleManager: Shutting down and abandoning module XMPP (63)
[2019.01.10-15.05.29:885][620]LogModuleManager: Shutting down and abandoning module WebSockets (62)
[2019.01.10-15.05.29:928][620]LogModuleManager: Shutting down and abandoning module HTTP (59)
[2019.01.10-15.05.29:929][620]LogHttp: Display: Http module shutting down, but needs to wait on 1 outstanding Http requests:
[2019.01.10-15.05.29:929][620]LogHttp: Display: 	verb=[POST] url=[https://datarouter.ol.epicgames.com/datarouter/api/v1/public/data?SessionID=%7B2D0D9AD1-4BBF-0909-9B58-C58907E17650%7D&AppID=UEEditor.Rocket.Release&AppVersion=4.21.1-4613538%2B%2B%2BUE4%2BRelease-4.21&UserID=0e8cf7b748d4f716e93eac831de4c79e%7Cd20c02a09f4748e58852f2c704835002%7C14bf8046-3108-43df-8038-953928f4a485&AppEnvironment=datacollector-binary&UploadType=eteventstream] status=Processing
[2019.01.10-15.05.29:946][620]LogModuleManager: Shutting down and abandoning module SSL (58)
[2019.01.10-15.05.29:949][620]LogModuleManager: Shutting down and abandoning module MagicLeapIdentity (54)
[2019.01.10-15.05.29:949][620]LogModuleManager: Shutting down and abandoning module MagicLeapHelperVulkan (52)
[2019.01.10-15.05.29:949][620]LogModuleManager: Shutting down and abandoning module MagicLeapHelperOpenGL (50)
[2019.01.10-15.05.29:949][620]LogModuleManager: Shutting down and abandoning module MagicLeapSecureStorage (48)
[2019.01.10-15.05.29:949][620]LogModuleManager: Shutting down and abandoning module MagicLeapHandTracking (46)
[2019.01.10-15.05.29:949][620]LogModuleManager: Shutting down and abandoning module MagicLeapEyeTracker (44)
[2019.01.10-15.05.29:949][620]LogModuleManager: Shutting down and abandoning module MagicLeapController (42)
[2019.01.10-15.05.29:950][620]LogSlate: Slate User Destroyed.  User Index 0, Is Virtual User: 0
[2019.01.10-15.05.29:950][620]LogModuleManager: Shutting down and abandoning module MagicLeap (40)
[2019.01.10-15.05.29:973][620]LogModuleManager: Shutting down and abandoning module DatasmithContent (38)
[2019.01.10-15.05.29:974][620]LogModuleManager: Shutting down and abandoning module AnimationModifiers (36)
[2019.01.10-15.05.29:994][620]LogModuleManager: Shutting down and abandoning module PropertyEditor (35)
[2019.01.10-15.05.30:001][620]LogModuleManager: Shutting down and abandoning module AudioEditor (32)
[2019.01.10-15.05.30:020][620]LogModuleManager: Shutting down and abandoning module TextureCompressor (30)
[2019.01.10-15.05.30:027][620]LogModuleManager: Shutting down and abandoning module ShaderCore (28)
[2019.01.10-15.05.30:027][620]LogModuleManager: Shutting down and abandoning module Landscape (26)
[2019.01.10-15.05.30:027][620]LogModuleManager: Shutting down and abandoning module SlateRHIRenderer (24)
[2019.01.10-15.05.30:051][620]LogModuleManager: Shutting down and abandoning module OpenGLDrv (22)
[2019.01.10-15.05.30:070][620]LogModuleManager: Shutting down and abandoning module D3D11RHI (20)
[2019.01.10-15.05.30:070][620]LogModuleManager: Shutting down and abandoning module AnimGraphRuntime (18)
[2019.01.10-15.05.30:086][620]LogModuleManager: Shutting down and abandoning module Renderer (16)
[2019.01.10-15.05.30:086][620]LogModuleManager: Shutting down and abandoning module Engine (14)
[2019.01.10-15.05.30:086][620]LogModuleManager: Shutting down and abandoning module CoreUObject (12)
[2019.01.10-15.05.30:086][620]LogModuleManager: Shutting down and abandoning module NetworkFile (10)
[2019.01.10-15.05.30:086][620]LogModuleManager: Shutting down and abandoning module CookedIterativeFile (8)
[2019.01.10-15.05.30:086][620]LogModuleManager: Shutting down and abandoning module StreamingFile (6)
[2019.01.10-15.05.30:086][620]LogModuleManager: Shutting down and abandoning module SandboxFile (4)
[2019.01.10-15.05.30:086][620]LogModuleManager: Shutting down and abandoning module PakFile (2)
[2019.01.10-15.05.30:128][620]LogExit: Exiting.
[2019.01.10-15.05.30:190][620]Log file closed, 01/10/19 15:05:30
