Log file open, 01/10/19 14:42:46
LogWindows: Failed to load 'aqProf.dll' (GetLastError=126)
LogWindows: File 'aqProf.dll' does not exist
LogWindows: Failed to load 'VtuneApi.dll' (GetLastError=126)
LogWindows: File 'VtuneApi.dll' does not exist
LogWindows: Failed to load 'VtuneApi32e.dll' (GetLastError=126)
LogWindows: File 'VtuneApi32e.dll' does not exist
LogConsoleResponse: Display: Failed to find resolution value strings in scalability ini. Falling back to default.
LogInit: Display: Running engine for game: ProjectToastEmpty
LogPakFile: Registered encryption key '00000000000000000000000000000000': 0 pak files mounted, 0 remain pending
LogPlatformFile: Not using cached read wrapper
LogTaskGraph: Started task graph with 5 named threads and 23 total threads with 3 sets of task threads.
LogStats: Stats thread started at 0.308515
LogD3D11RHI: Loaded GFSDK_Aftermath_Lib.x64.dll
LogICUInternationalization: ICU TimeZone Detection - Raw Offset: +0:00, Platform Override: ''
LogPluginManager: Mounting plugin Paper2D
LogPluginManager: Mounting plugin AISupport
LogPluginManager: Mounting plugin LightPropagationVolume
LogPluginManager: Mounting plugin ActorLayerUtilities
LogPluginManager: Mounting plugin CLionSourceCodeAccess
LogPluginManager: Mounting plugin CodeLiteSourceCodeAccess
LogPluginManager: Mounting plugin GitSourceControl
LogPluginManager: Mounting plugin KDevelopSourceCodeAccess
LogPluginManager: Mounting plugin NullSourceCodeAccess
LogPluginManager: Mounting plugin PerforceSourceControl
LogPluginManager: Mounting plugin SubversionSourceControl
LogPluginManager: Mounting plugin UObjectPlugin
LogPluginManager: Mounting plugin VisualStudioCodeSourceCodeAccess
LogPluginManager: Mounting plugin VisualStudioSourceCodeAccess
LogPluginManager: Mounting plugin XCodeSourceCodeAccess
LogPluginManager: Mounting plugin AssetManagerEditor
LogPluginManager: Mounting plugin CryptoKeys
LogPluginManager: Mounting plugin DataValidation
LogPluginManager: Mounting plugin FacialAnimation
LogPluginManager: Mounting plugin GameplayTagsEditor
LogPluginManager: Mounting plugin MacGraphicsSwitching
LogPluginManager: Mounting plugin MeshEditor
LogPluginManager: Mounting plugin MobileLauncherProfileWizard
LogPluginManager: Mounting plugin PluginBrowser
LogPluginManager: Mounting plugin SpeedTreeImporter
LogPluginManager: Mounting plugin DatasmithContent
LogPluginManager: Mounting plugin VariantManagerContent
LogPluginManager: Mounting plugin AlembicImporter
LogPluginManager: Mounting plugin AppleImageUtils
LogPluginManager: Mounting plugin AppleVision
LogPluginManager: Mounting plugin BackChannel
LogPluginManager: Mounting plugin CharacterAI
LogPluginManager: Mounting plugin GeometryCache
LogPluginManager: Mounting plugin HTML5Networking
LogPluginManager: Mounting plugin ProxyLODPlugin
LogPluginManager: Mounting plugin MagicLeap
LogPluginManager: Mounting plugin MagicLeapMedia
LogPluginManager: Mounting plugin AndroidMedia
LogPluginManager: Mounting plugin AvfMedia
LogPluginManager: Mounting plugin ImgMedia
LogPluginManager: Mounting plugin LinearTimecode
LogPluginManager: Mounting plugin MediaCompositing
LogPluginManager: Mounting plugin MediaPlayerEditor
LogPluginManager: Mounting plugin WebMMedia
LogPluginManager: Mounting plugin WmfMedia
LogPluginManager: Mounting plugin TcpMessaging
LogPluginManager: Mounting plugin UdpMessaging
LogPluginManager: Mounting plugin ActorSequence
LogPluginManager: Mounting plugin LevelSequenceEditor
LogPluginManager: Mounting plugin MatineeToLevelSequence
LogPluginManager: Mounting plugin NetcodeUnitTest
LogPluginManager: Mounting plugin NUTUnrealEngine4
LogPluginManager: Mounting plugin OnlineSubsystemGooglePlay
LogPluginManager: Mounting plugin OnlineSubsystemIOS
LogPluginManager: Mounting plugin OnlineSubsystem
LogPluginManager: Mounting plugin OnlineSubsystemNull
LogPluginManager: Mounting plugin OnlineSubsystemUtils
LogPluginManager: Mounting plugin LauncherChunkInstaller
LogPluginManager: Mounting plugin AndroidDeviceProfileSelector
LogPluginManager: Mounting plugin AndroidMoviePlayer
LogPluginManager: Mounting plugin AndroidPermission
LogPluginManager: Mounting plugin AppleMoviePlayer
LogPluginManager: Mounting plugin ArchVisCharacter
LogPluginManager: Mounting plugin AudioCapture
LogPluginManager: Mounting plugin CableComponent
LogPluginManager: Mounting plugin CustomMeshComponent
LogPluginManager: Mounting plugin EditableMesh
LogPluginManager: Mounting plugin ExampleDeviceProfileSelector
LogPluginManager: Mounting plugin Firebase
LogPluginManager: Mounting plugin GoogleCloudMessaging
LogPluginManager: Mounting plugin IOSDeviceProfileSelector
LogPluginManager: Mounting plugin LinuxDeviceProfileSelector
LogPluginManager: Mounting plugin LocationServicesBPLibrary
LogPluginManager: Mounting plugin MobilePatchingUtils
LogPluginManager: Mounting plugin OculusVR
LogPluginManager: Mounting plugin PhysXVehicles
LogPluginManager: Mounting plugin ProceduralMeshComponent
LogPluginManager: Mounting plugin RuntimePhysXCooking
LogPluginManager: Mounting plugin SteamVR
LogPluginManager: Mounting plugin WebMMoviePlayer
LogPluginManager: Mounting plugin WindowsMoviePlayer
LogStreaming: Display: Took  0.245s to configure plugins.
LogInit: Warning: Incompatible or missing module: ProjectToastEmpty
Running D:/Program Files/Epic/UE_4.21/Engine/Binaries/DotNET/UnrealBuildTool.exe Development Win64 -Project="C:/Users/batte/Desktop/WorkToDo07012019/ProjectToastEmpty/ProjectToastEmpty.uproject" -TargetType=Editor -Progress -NoHotReloadFromIDE
Performing full C++ include scan (building a new target)
Creating makefile for ProjectToastEmptyEditor (no existing makefile)
Using Visual Studio 2017 14.16.27023 toolchain (C:\Program Files (x86)\Microsoft Visual Studio\2017\Community\VC\Tools\MSVC\14.16.27023) and Windows 10.0.16299.0 SDK (C:\Program Files (x86)\Windows Kits\10).
@progress push 5%
Parsing headers for ProjectToastEmptyEditor
  Running UnrealHeaderTool "C:\Users\batte\Desktop\WorkToDo07012019\ProjectToastEmpty\ProjectToastEmpty.uproject" "C:\Users\batte\Desktop\WorkToDo07012019\ProjectToastEmpty\Intermediate\Build\Win64\ProjectToastEmptyEditor\Development\ProjectToastEmptyEditor.uhtmanifest" -LogCmds="loginit warning, logexit warning, logdatabase error" -Unattended -WarningsAsErrors -installed
Reflection code generated for ProjectToastEmptyEditor in 26.0290195 seconds
@progress pop
Deleting old hot reload file: "C:\Users\batte\Desktop\WorkToDo07012019\ProjectToastEmpty\Binaries\Win64\UE4Editor-ProjectToastEmpty-3232.dll".
Deleting old hot reload file: "C:\Users\batte\Desktop\WorkToDo07012019\ProjectToastEmpty\Binaries\Win64\UE4Editor-ProjectToastEmpty-3232.pdb".
Deleting old hot reload file: "C:\Users\batte\Desktop\WorkToDo07012019\ProjectToastEmpty\Binaries\Win64\UE4Editor-ProjectToastEmpty-330.dll".
Deleting old hot reload file: "C:\Users\batte\Desktop\WorkToDo07012019\ProjectToastEmpty\Binaries\Win64\UE4Editor-ProjectToastEmpty-330.pdb".
Deleting old hot reload file: "C:\Users\batte\Desktop\WorkToDo07012019\ProjectToastEmpty\Binaries\Win64\UE4Editor-ProjectToastEmpty-3590.dll".
Deleting old hot reload file: "C:\Users\batte\Desktop\WorkToDo07012019\ProjectToastEmpty\Binaries\Win64\UE4Editor-ProjectToastEmpty-3590.pdb".
Deleting old hot reload file: "C:\Users\batte\Desktop\WorkToDo07012019\ProjectToastEmpty\Binaries\Win64\UE4Editor-ProjectToastEmpty-384.dll".
Deleting old hot reload file: "C:\Users\batte\Desktop\WorkToDo07012019\ProjectToastEmpty\Binaries\Win64\UE4Editor-ProjectToastEmpty-384.pdb".
Deleting old hot reload file: "C:\Users\batte\Desktop\WorkToDo07012019\ProjectToastEmpty\Binaries\Win64\UE4Editor-ProjectToastEmpty-4252.dll".
Deleting old hot reload file: "C:\Users\batte\Desktop\WorkToDo07012019\ProjectToastEmpty\Binaries\Win64\UE4Editor-ProjectToastEmpty-4252.pdb".
Deleting old hot reload file: "C:\Users\batte\Desktop\WorkToDo07012019\ProjectToastEmpty\Binaries\Win64\UE4Editor-ProjectToastEmpty-4284.dll".
Deleting old hot reload file: "C:\Users\batte\Desktop\WorkToDo07012019\ProjectToastEmpty\Binaries\Win64\UE4Editor-ProjectToastEmpty-4284.pdb".
Deleting old hot reload file: "C:\Users\batte\Desktop\WorkToDo07012019\ProjectToastEmpty\Binaries\Win64\UE4Editor-ProjectToastEmpty-5417.dll".
Deleting old hot reload file: "C:\Users\batte\Desktop\WorkToDo07012019\ProjectToastEmpty\Binaries\Win64\UE4Editor-ProjectToastEmpty-5417.pdb".
Deleting old hot reload file: "C:\Users\batte\Desktop\WorkToDo07012019\ProjectToastEmpty\Binaries\Win64\UE4Editor-ProjectToastEmpty-6343.dll".
Deleting old hot reload file: "C:\Users\batte\Desktop\WorkToDo07012019\ProjectToastEmpty\Binaries\Win64\UE4Editor-ProjectToastEmpty-6343.pdb".
Deleting old hot reload file: "C:\Users\batte\Desktop\WorkToDo07012019\ProjectToastEmpty\Binaries\Win64\UE4Editor-ProjectToastEmpty-6722.dll".
Deleting old hot reload file: "C:\Users\batte\Desktop\WorkToDo07012019\ProjectToastEmpty\Binaries\Win64\UE4Editor-ProjectToastEmpty-6722.pdb".
Deleting old hot reload file: "C:\Users\batte\Desktop\WorkToDo07012019\ProjectToastEmpty\Binaries\Win64\UE4Editor-ProjectToastEmpty-761.dll".
Deleting old hot reload file: "C:\Users\batte\Desktop\WorkToDo07012019\ProjectToastEmpty\Binaries\Win64\UE4Editor-ProjectToastEmpty-761.pdb".
Deleting old hot reload file: "C:\Users\batte\Desktop\WorkToDo07012019\ProjectToastEmpty\Binaries\Win64\UE4Editor-ProjectToastEmpty-9358.dll".
Deleting old hot reload file: "C:\Users\batte\Desktop\WorkToDo07012019\ProjectToastEmpty\Binaries\Win64\UE4Editor-ProjectToastEmpty-9358.pdb".
Deleting old hot reload file: "C:\Users\batte\Desktop\WorkToDo07012019\ProjectToastEmpty\Binaries\Win64\UE4Editor-ProjectToastEmpty-997.dll".
Deleting old hot reload file: "C:\Users\batte\Desktop\WorkToDo07012019\ProjectToastEmpty\Binaries\Win64\UE4Editor-ProjectToastEmpty-997.pdb".
Deleting old hot reload file: "C:\Users\batte\Desktop\WorkToDo07012019\ProjectToastEmpty\Binaries\Win64\UE4Editor-ProjectToastEmpty-9974.dll".
Deleting old hot reload file: "C:\Users\batte\Desktop\WorkToDo07012019\ProjectToastEmpty\Binaries\Win64\UE4Editor-ProjectToastEmpty-9974.pdb".
Building 13 actions with 8 processes...
  @progress 'Compiling C++ source code...' 0%
  @progress 'Compiling C++ source code...' 8%
  [1/13] PCLaunch.rc
  @progress 'Compiling C++ source code...' 15%
  [2/13] SharedPCH.Engine.cpp
  @progress 'Compiling C++ source code...' 23%
  [3/13] ProjectToastEmpty.cpp
  @progress 'Compiling C++ source code...' 31%
  [4/13] ProjectToastEmptyGameModeBase.cpp
  @progress 'Compiling C++ source code...' 38%
  [5/13] ProjectToastEmpty.init.gen.cpp
  @progress 'Compiling C++ source code...' 46%
  [6/13] Projectile.gen.cpp
  @progress 'Compiling C++ source code...' 54%
  [7/13] ProjectToastEmptyGameModeBase.gen.cpp
  @progress 'Compiling C++ source code...' 62%
  [8/13] FPSCharacter.gen.cpp
  @progress 'Compiling C++ source code...' 69%
  [9/13] Projectile.cpp
  @progress 'Compiling C++ source code...' 77%
  [10/13] Debug.cpp
  @progress 'Compiling C++ source code...' 85%
  [11/13] FPSCharacter.cpp
  @progress 'Compiling C++ source code...' 92%
  [12/13] UE4Editor-ProjectToastEmpty.lib
     Creating library C:\Users\batte\Desktop\WorkToDo07012019\ProjectToastEmpty\Intermediate\Build\Win64\UE4Editor\Development\ProjectToastEmpty\UE4Editor-ProjectToastEmpty.lib and object C:\Users\batte\Desktop\WorkToDo07012019\ProjectToastEmpty\Intermediate\Build\Win64\UE4Editor\Development\ProjectToastEmpty\UE4Editor-ProjectToastEmpty.exp
  @progress 'Compiling C++ source code...' 100%
  [13/13] UE4Editor-ProjectToastEmpty.dll
     Creating library C:\Users\batte\Desktop\WorkToDo07012019\ProjectToastEmpty\Intermediate\Build\Win64\UE4Editor\Development\ProjectToastEmpty\UE4Editor-ProjectToastEmpty.suppressed.lib and object C:\Users\batte\Desktop\WorkToDo07012019\ProjectToastEmpty\Intermediate\Build\Win64\UE4Editor\Development\ProjectToastEmpty\UE4Editor-ProjectToastEmpty.suppressed.exp
Total build time: 157.76 seconds (Parallel executor: 83.44 seconds)
LogInit: Using libcurl 7.55.1-DEV
LogInit:  - built for x86_64-pc-win32
LogInit:  - supports SSL with OpenSSL/1.0.2h
LogInit:  - supports HTTP deflate (compression) using libz 1.2.8
LogInit:  - other features:
LogInit:      CURL_VERSION_SSL
LogInit:      CURL_VERSION_LIBZ
LogInit:      CURL_VERSION_IPV6
LogInit:      CURL_VERSION_ASYNCHDNS
LogInit:      CURL_VERSION_LARGEFILE
LogInit:      CURL_VERSION_IDN
LogInit:  CurlRequestOptions (configurable via config and command line):
LogInit:  - bVerifyPeer = true  - Libcurl will verify peer certificate
LogInit:  - bUseHttpProxy = false  - Libcurl will NOT use HTTP proxy
LogInit:  - bDontReuseConnections = false  - Libcurl will reuse connections
LogInit:  - MaxHostConnections = 16  - Libcurl will limit the number of connections to a host
LogInit:  - LocalHostAddr = Default
LogInit:  - BufferSize = 65536
LogInit: WinSock: version 1.1 (2.2), MaxSocks=32767, MaxUdp=65467
LogInit: Build: ++UE4+Release-4.21-CL-4613538
LogInit: Engine Version: 4.21.1-4613538+++UE4+Release-4.21
LogInit: Compatible Engine Version: 4.21.0-4541578+++UE4+Release-4.21
LogInit: Net CL: 4541578
LogInit: OS: Windows 10 (), CPU: Intel(R) Core(TM) i7-7700HQ CPU @ 2.80GHz, GPU: Intel(R) HD Graphics 630
LogInit: Compiled (64-bit): Nov 30 2018 04:13:25
LogInit: Compiled with Visual C++: 19.13.26129.00
LogInit: Build Configuration: Development
LogInit: Branch Name: ++UE4+Release-4.21
LogInit: Command Line: 
LogInit: Base Directory: D:/Program Files/Epic/UE_4.21/Engine/Binaries/Win64/
LogInit: Installed Engine Build: 1
LogDevObjectVersion: Number of dev versions registered: 22
LogDevObjectVersion:   Dev-Blueprints (B0D832E4-1F89-4F0D-ACCF-7EB736FD4AA2): 10
LogDevObjectVersion:   Dev-Build (E1C64328-A22C-4D53-A36C-8E866417BD8C): 0
LogDevObjectVersion:   Dev-Core (375EC13C-06E4-48FB-B500-84F0262A717E): 2
LogDevObjectVersion:   Dev-Editor (E4B068ED-F494-42E9-A231-DA0B2E46BB41): 26
LogDevObjectVersion:   Dev-Framework (CFFC743F-43B0-4480-9391-14DF171D2073): 34
LogDevObjectVersion:   Dev-Mobile (B02B49B5-BB20-44E9-A304-32B752E40360): 2
LogDevObjectVersion:   Dev-Networking (A4E4105C-59A1-49B5-A7C5-40C4547EDFEE): 0
LogDevObjectVersion:   Dev-Online (39C831C9-5AE6-47DC-9A44-9C173E1C8E7C): 0
LogDevObjectVersion:   Dev-Physics (78F01B33-EBEA-4F98-B9B4-84EACCB95AA2): 0
LogDevObjectVersion:   Dev-Platform (6631380F-2D4D-43E0-8009-CF276956A95A): 0
LogDevObjectVersion:   Dev-Rendering (12F88B9F-8875-4AFC-A67C-D90C383ABD29): 27
LogDevObjectVersion:   Dev-Sequencer (7B5AE74C-D270-4C10-A958-57980B212A5A): 9
LogDevObjectVersion:   Dev-VR (D7296918-1DD6-4BDD-9DE2-64A83CC13884): 2
LogDevObjectVersion:   Dev-LoadTimes (C2A15278-BFE7-4AFE-6C17-90FF531DF755): 1
LogDevObjectVersion:   Private-Geometry (6EACA3D4-40EC-4CC1-B786-8BED09428FC5): 3
LogDevObjectVersion:   Dev-AnimPhys (29E575DD-E0A3-4627-9D10-D276232CDCEA): 17
LogDevObjectVersion:   Dev-Anim (AF43A65D-7FD3-4947-9873-3E8ED9C1BB05): 2
LogDevObjectVersion:   Dev-ReflectionCapture (6B266CEC-1EC7-4B8F-A30B-E4D90942FC07): 1
LogDevObjectVersion:   Dev-Automation (0DF73D61-A23F-47EA-B727-89E90C41499A): 1
LogDevObjectVersion:   FortniteMain (601D1886-AC64-4F84-AA16-D3DE0DEAC7D6): 17
LogDevObjectVersion:   Dev-Enterprise (9DFFBCD6-494F-0158-E221-12823C92A888): 4
LogDevObjectVersion:   Dev-Niagara (F2AED0AC-9AFE-416F-8664-AA7FFA26D6FC): 1
LogStreaming: Display: Took  0.021s to delete old logs.
LogInit: Presizing for max 8388607 objects, including 0 objects not considered by GC, pre-allocating 0 bytes for permanent pool.
LogInit: Object subsystem initialized
LogConfig: Setting CVar [[con.DebugEarlyDefault:1]]
LogConfig: Setting CVar [[r.setres:1280x720]]
[2019.01.10-14.45.36:760][  0]LogConfig: Setting CVar [[r.VSync:0]]
[2019.01.10-14.45.36:760][  0]LogConfig: Setting CVar [[r.RHICmdBypass:0]]
[2019.01.10-14.45.36:760][  0]LogConfig: Applying CVar settings from Section [/Script/Engine.RendererSettings] File [C:/Users/batte/Desktop/WorkToDo07012019/ProjectToastEmpty/Saved/Config/Windows/Engine.ini]
[2019.01.10-14.45.36:760][  0]LogConfig: Setting CVar [[r.GPUCrashDebugging:0]]
[2019.01.10-14.45.36:761][  0]LogConfig: Applying CVar settings from Section [/Script/Engine.RendererOverrideSettings] File [C:/Users/batte/Desktop/WorkToDo07012019/ProjectToastEmpty/Saved/Config/Windows/Engine.ini]
[2019.01.10-14.45.36:761][  0]LogConfig: Applying CVar settings from Section [/Script/Engine.StreamingSettings] File [C:/Users/batte/Desktop/WorkToDo07012019/ProjectToastEmpty/Saved/Config/Windows/Engine.ini]
[2019.01.10-14.45.36:761][  0]LogConfig: Setting CVar [[s.MinBulkDataSizeForAsyncLoading:131072]]
[2019.01.10-14.45.36:761][  0]LogConfig: Setting CVar [[s.AsyncLoadingThreadEnabled:0]]
[2019.01.10-14.45.36:761][  0]LogConfig: Setting CVar [[s.EventDrivenLoaderEnabled:1]]
[2019.01.10-14.45.36:761][  0]LogConfig: Setting CVar [[s.WarnIfTimeLimitExceeded:0]]
[2019.01.10-14.45.36:761][  0]LogConfig: Setting CVar [[s.TimeLimitExceededMultiplier:1.5]]
[2019.01.10-14.45.36:761][  0]LogConfig: Setting CVar [[s.TimeLimitExceededMinTime:0.005]]
[2019.01.10-14.45.36:761][  0]LogConfig: Setting CVar [[s.UseBackgroundLevelStreaming:1]]
[2019.01.10-14.45.36:761][  0]LogConfig: Setting CVar [[s.PriorityAsyncLoadingExtraTime:15.0]]
[2019.01.10-14.45.36:761][  0]LogConfig: Setting CVar [[s.LevelStreamingActorsUpdateTimeLimit:5.0]]
[2019.01.10-14.45.36:761][  0]LogConfig: Setting CVar [[s.PriorityLevelStreamingActorsUpdateExtraTime:5.0]]
[2019.01.10-14.45.36:761][  0]LogConfig: Setting CVar [[s.LevelStreamingComponentsRegistrationGranularity:10]]
[2019.01.10-14.45.36:761][  0]LogConfig: Setting CVar [[s.UnregisterComponentsTimeLimit:1.0]]
[2019.01.10-14.45.36:761][  0]LogConfig: Setting CVar [[s.LevelStreamingComponentsUnregistrationGranularity:5]]
[2019.01.10-14.45.36:761][  0]LogConfig: Applying CVar settings from Section [/Script/Engine.GarbageCollectionSettings] File [C:/Users/batte/Desktop/WorkToDo07012019/ProjectToastEmpty/Saved/Config/Windows/Engine.ini]
[2019.01.10-14.45.36:761][  0]LogConfig: Setting CVar [[gc.MaxObjectsNotConsideredByGC:1]]
[2019.01.10-14.45.36:761][  0]LogConfig: Setting CVar [[gc.SizeOfPermanentObjectPool:0]]
[2019.01.10-14.45.36:761][  0]LogConfig: Setting CVar [[gc.FlushStreamingOnGC:0]]
[2019.01.10-14.45.36:761][  0]LogConfig: Setting CVar [[gc.NumRetriesBeforeForcingGC:10]]
[2019.01.10-14.45.36:761][  0]LogConfig: Setting CVar [[gc.AllowParallelGC:1]]
[2019.01.10-14.45.36:762][  0]LogConfig: Setting CVar [[gc.TimeBetweenPurgingPendingKillObjects:61.1]]
[2019.01.10-14.45.36:762][  0]LogConfig: Setting CVar [[gc.MaxObjectsInEditor:8388607]]
[2019.01.10-14.45.36:762][  0]LogConfig: Setting CVar [[gc.IncrementalBeginDestroyEnabled:1]]
[2019.01.10-14.45.36:762][  0]LogConfig: Setting CVar [[gc.CreateGCClusters:1]]
[2019.01.10-14.45.36:762][  0]LogConfig: Setting CVar [[gc.MergeGCClusters:0]]
[2019.01.10-14.45.36:762][  0]LogConfig: Setting CVar [[gc.MinGCClusterSize:5]]
[2019.01.10-14.45.36:762][  0]LogConfig: Setting CVar [[gc.ActorClusteringEnabled:0]]
[2019.01.10-14.45.36:762][  0]LogConfig: Setting CVar [[gc.BlueprintClusteringEnabled:0]]
[2019.01.10-14.45.36:762][  0]LogConfig: Setting CVar [[gc.UseDisregardForGCOnDedicatedServers:0]]
[2019.01.10-14.45.36:762][  0]LogConfig: Applying CVar settings from Section [/Script/Engine.NetworkSettings] File [C:/Users/batte/Desktop/WorkToDo07012019/ProjectToastEmpty/Saved/Config/Windows/Engine.ini]
[2019.01.10-14.45.36:762][  0]LogConfig: Applying CVar settings from Section [/Script/UnrealEd.CookerSettings] File [C:/Users/batte/Desktop/WorkToDo07012019/ProjectToastEmpty/Saved/Config/Windows/Engine.ini]
[2019.01.10-14.45.36:910][  0]LogConfig: Applying CVar settings from Section [ViewDistanceQuality@3] File [C:/Users/batte/Desktop/WorkToDo07012019/ProjectToastEmpty/Saved/Config/Windows/Scalability.ini]
[2019.01.10-14.45.36:910][  0]LogConfig: Setting CVar [[r.SkeletalMeshLODBias:0]]
[2019.01.10-14.45.36:910][  0]LogConfig: Setting CVar [[r.ViewDistanceScale:1.0]]
[2019.01.10-14.45.36:910][  0]LogConfig: Applying CVar settings from Section [AntiAliasingQuality@3] File [C:/Users/batte/Desktop/WorkToDo07012019/ProjectToastEmpty/Saved/Config/Windows/Scalability.ini]
[2019.01.10-14.45.36:910][  0]LogConfig: Setting CVar [[r.PostProcessAAQuality:4]]
[2019.01.10-14.45.36:910][  0]LogConfig: Applying CVar settings from Section [ShadowQuality@3] File [C:/Users/batte/Desktop/WorkToDo07012019/ProjectToastEmpty/Saved/Config/Windows/Scalability.ini]
[2019.01.10-14.45.36:910][  0]LogConfig: Setting CVar [[r.LightFunctionQuality:1]]
[2019.01.10-14.45.36:910][  0]LogConfig: Setting CVar [[r.ShadowQuality:5]]
[2019.01.10-14.45.36:910][  0]LogConfig: Setting CVar [[r.Shadow.CSM.MaxCascades:10]]
[2019.01.10-14.45.36:910][  0]LogConfig: Setting CVar [[r.Shadow.MaxResolution:2048]]
[2019.01.10-14.45.36:910][  0]LogConfig: Setting CVar [[r.Shadow.MaxCSMResolution:2048]]
[2019.01.10-14.45.36:910][  0]LogConfig: Setting CVar [[r.Shadow.RadiusThreshold:0.01]]
[2019.01.10-14.45.36:910][  0]LogConfig: Setting CVar [[r.Shadow.DistanceScale:1.0]]
[2019.01.10-14.45.36:910][  0]LogConfig: Setting CVar [[r.Shadow.CSM.TransitionScale:1.0]]
[2019.01.10-14.45.36:910][  0]LogConfig: Setting CVar [[r.Shadow.PreShadowResolutionFactor:1.0]]
[2019.01.10-14.45.36:910][  0]LogConfig: Setting CVar [[r.DistanceFieldShadowing:1]]
[2019.01.10-14.45.36:910][  0]LogConfig: Setting CVar [[r.DistanceFieldAO:1]]
[2019.01.10-14.45.36:910][  0]LogConfig: Setting CVar [[r.AOQuality:2]]
[2019.01.10-14.45.36:910][  0]LogConfig: Setting CVar [[r.VolumetricFog:1]]
[2019.01.10-14.45.36:910][  0]LogConfig: Setting CVar [[r.VolumetricFog.GridPixelSize:8]]
[2019.01.10-14.45.36:910][  0]LogConfig: Setting CVar [[r.VolumetricFog.GridSizeZ:128]]
[2019.01.10-14.45.36:910][  0]LogConfig: Setting CVar [[r.VolumetricFog.HistoryMissSupersampleCount:4]]
[2019.01.10-14.45.36:910][  0]LogConfig: Setting CVar [[r.LightMaxDrawDistanceScale:1]]
[2019.01.10-14.45.36:910][  0]LogConfig: Setting CVar [[r.CapsuleShadows:1]]
[2019.01.10-14.45.36:910][  0]LogConfig: Applying CVar settings from Section [PostProcessQuality@3] File [C:/Users/batte/Desktop/WorkToDo07012019/ProjectToastEmpty/Saved/Config/Windows/Scalability.ini]
[2019.01.10-14.45.36:910][  0]LogConfig: Setting CVar [[r.MotionBlurQuality:4]]
[2019.01.10-14.45.36:911][  0]LogConfig: Setting CVar [[r.AmbientOcclusionMipLevelFactor:0.4]]
[2019.01.10-14.45.36:911][  0]LogConfig: Setting CVar [[r.AmbientOcclusionMaxQuality:100]]
[2019.01.10-14.45.36:911][  0]LogConfig: Setting CVar [[r.AmbientOcclusionLevels:-1]]
[2019.01.10-14.45.36:911][  0]LogConfig: Setting CVar [[r.AmbientOcclusionRadiusScale:1.0]]
[2019.01.10-14.45.36:911][  0]LogConfig: Setting CVar [[r.DepthOfFieldQuality:2]]
[2019.01.10-14.45.36:911][  0]LogConfig: Setting CVar [[r.RenderTargetPoolMin:400]]
[2019.01.10-14.45.36:911][  0]LogConfig: Setting CVar [[r.LensFlareQuality:2]]
[2019.01.10-14.45.36:911][  0]LogConfig: Setting CVar [[r.SceneColorFringeQuality:1]]
[2019.01.10-14.45.36:911][  0]LogConfig: Setting CVar [[r.EyeAdaptationQuality:2]]
[2019.01.10-14.45.36:911][  0]LogConfig: Setting CVar [[r.BloomQuality:5]]
[2019.01.10-14.45.36:911][  0]LogConfig: Setting CVar [[r.FastBlurThreshold:100]]
[2019.01.10-14.45.36:911][  0]LogConfig: Setting CVar [[r.Upscale.Quality:3]]
[2019.01.10-14.45.36:911][  0]LogConfig: Setting CVar [[r.Tonemapper.GrainQuantization:1]]
[2019.01.10-14.45.36:911][  0]LogConfig: Setting CVar [[r.LightShaftQuality:1]]
[2019.01.10-14.45.36:911][  0]LogConfig: Setting CVar [[r.Filter.SizeScale:1]]
[2019.01.10-14.45.36:911][  0]LogConfig: Setting CVar [[r.Tonemapper.Quality:5]]
[2019.01.10-14.45.36:911][  0]LogConfig: Setting CVar [[r.DOF.Gather.AccumulatorQuality:1        ; higher gathering accumulator quality]]
[2019.01.10-14.45.36:911][  0]LogConfig: Setting CVar [[r.DOF.Gather.PostfilterMethod:1          ; Median3x3 postfilering method]]
[2019.01.10-14.45.36:911][  0]LogConfig: Setting CVar [[r.DOF.Gather.EnableBokehSettings:0       ; no bokeh simulation when gathering]]
[2019.01.10-14.45.36:911][  0]LogConfig: Setting CVar [[r.DOF.Gather.RingCount:4                 ; medium number of samples when gathering]]
[2019.01.10-14.45.36:912][  0]LogConfig: Setting CVar [[r.DOF.Scatter.ForegroundCompositing:1    ; additive foreground scattering]]
[2019.01.10-14.45.36:912][  0]LogConfig: Setting CVar [[r.DOF.Scatter.BackgroundCompositing:2    ; additive background scattering]]
[2019.01.10-14.45.36:912][  0]LogConfig: Setting CVar [[r.DOF.Scatter.EnableBokehSettings:1      ; bokeh simulation when scattering]]
[2019.01.10-14.45.36:912][  0]LogConfig: Setting CVar [[r.DOF.Scatter.MaxSpriteRatio:0.1         ; only a maximum of 10% of scattered bokeh]]
[2019.01.10-14.45.36:912][  0]LogConfig: Setting CVar [[r.DOF.Recombine.Quality:1                ; cheap slight out of focus]]
[2019.01.10-14.45.36:912][  0]LogConfig: Setting CVar [[r.DOF.Recombine.EnableBokehSettings:0    ; no bokeh simulation on slight out of focus]]
[2019.01.10-14.45.36:912][  0]LogConfig: Setting CVar [[r.DOF.TemporalAAQuality:1                ; more stable temporal accumulation]]
[2019.01.10-14.45.36:912][  0]LogConfig: Setting CVar [[r.DOF.Kernel.MaxForegroundRadius:0.025]]
[2019.01.10-14.45.36:912][  0]LogConfig: Setting CVar [[r.DOF.Kernel.MaxBackgroundRadius:0.025]]
[2019.01.10-14.45.36:912][  0]LogConfig: Applying CVar settings from Section [TextureQuality@3] File [C:/Users/batte/Desktop/WorkToDo07012019/ProjectToastEmpty/Saved/Config/Windows/Scalability.ini]
[2019.01.10-14.45.36:912][  0]LogConfig: Setting CVar [[r.Streaming.MipBias:0]]
[2019.01.10-14.45.36:912][  0]LogConfig: Setting CVar [[r.Streaming.AmortizeCPUToGPUCopy:0]]
[2019.01.10-14.45.36:912][  0]LogConfig: Setting CVar [[r.Streaming.MaxNumTexturesToStreamPerFrame:0]]
[2019.01.10-14.45.36:912][  0]LogConfig: Setting CVar [[r.Streaming.Boost:1]]
[2019.01.10-14.45.36:912][  0]LogConfig: Setting CVar [[r.MaxAnisotropy:8]]
[2019.01.10-14.45.36:912][  0]LogConfig: Setting CVar [[r.Streaming.LimitPoolSizeToVRAM:0]]
[2019.01.10-14.45.36:912][  0]LogConfig: Setting CVar [[r.Streaming.PoolSize:1000]]
[2019.01.10-14.45.36:912][  0]LogConfig: Setting CVar [[r.Streaming.MaxEffectiveScreenSize:0]]
[2019.01.10-14.45.36:912][  0]LogConfig: Applying CVar settings from Section [EffectsQuality@3] File [C:/Users/batte/Desktop/WorkToDo07012019/ProjectToastEmpty/Saved/Config/Windows/Scalability.ini]
[2019.01.10-14.45.36:912][  0]LogConfig: Setting CVar [[r.TranslucencyLightingVolumeDim:64]]
[2019.01.10-14.45.36:913][  0]LogConfig: Setting CVar [[r.RefractionQuality:2]]
[2019.01.10-14.45.36:913][  0]LogConfig: Setting CVar [[r.SSR.Quality:3]]
[2019.01.10-14.45.36:913][  0]LogConfig: Setting CVar [[r.SceneColorFormat:4]]
[2019.01.10-14.45.36:913][  0]LogConfig: Setting CVar [[r.DetailMode:2]]
[2019.01.10-14.45.36:913][  0]LogConfig: Setting CVar [[r.TranslucencyVolumeBlur:1]]
[2019.01.10-14.45.36:913][  0]LogConfig: Setting CVar [[r.MaterialQualityLevel:1 ; High quality]]
[2019.01.10-14.45.36:913][  0]LogConfig: Setting CVar [[r.SSS.Scale:1]]
[2019.01.10-14.45.36:913][  0]LogConfig: Setting CVar [[r.SSS.SampleSet:2]]
[2019.01.10-14.45.36:913][  0]LogConfig: Setting CVar [[r.SSS.Quality:1]]
[2019.01.10-14.45.36:913][  0]LogConfig: Setting CVar [[r.SSS.HalfRes:1]]
[2019.01.10-14.45.36:913][  0]LogConfig: Setting CVar [[r.EmitterSpawnRateScale:1.0]]
[2019.01.10-14.45.36:913][  0]LogConfig: Setting CVar [[r.ParticleLightQuality:2]]
[2019.01.10-14.45.36:913][  0]LogConfig: Applying CVar settings from Section [FoliageQuality@3] File [C:/Users/batte/Desktop/WorkToDo07012019/ProjectToastEmpty/Saved/Config/Windows/Scalability.ini]
[2019.01.10-14.45.36:913][  0]LogConfig: Setting CVar [[foliage.DensityScale:1.0]]
[2019.01.10-14.45.36:913][  0]LogConfig: Setting CVar [[grass.DensityScale:1.0]]
[2019.01.10-14.45.36:930][  0]LogInit: Selected Device Profile: [Windows]
[2019.01.10-14.45.36:940][  0]LogInit: Applying CVar settings loaded from the selected device profile: [Windows]
[2019.01.10-14.45.37:052][  0]LogHAL: Display: Platform has ~ 8 GB [8445181952 / 8589934592 / 8], which maps to Default [LargestMinGB=32, LargerMinGB=12, DefaultMinGB=8, SmallerMinGB=6, SmallestMinGB=0)
[2019.01.10-14.45.37:061][  0]LogConfig: Setting CVar [[r.Vulkan.UseRealUBs:1]]
[2019.01.10-14.45.37:061][  0]LogInit: Going up to parent DeviceProfile []
[2019.01.10-14.45.37:074][  0]LogConfig: Applying CVar settings from Section [ViewDistanceQuality@3] File [C:/Users/batte/Desktop/WorkToDo07012019/ProjectToastEmpty/Saved/Config/Windows/Scalability.ini]
[2019.01.10-14.45.37:074][  0]LogConfig: Setting CVar [[r.SkeletalMeshLODBias:0]]
[2019.01.10-14.45.37:074][  0]LogConfig: Setting CVar [[r.ViewDistanceScale:1.0]]
[2019.01.10-14.45.37:074][  0]LogConfig: Applying CVar settings from Section [AntiAliasingQuality@3] File [C:/Users/batte/Desktop/WorkToDo07012019/ProjectToastEmpty/Saved/Config/Windows/Scalability.ini]
[2019.01.10-14.45.37:074][  0]LogConfig: Setting CVar [[r.PostProcessAAQuality:4]]
[2019.01.10-14.45.37:074][  0]LogConfig: Applying CVar settings from Section [ShadowQuality@3] File [C:/Users/batte/Desktop/WorkToDo07012019/ProjectToastEmpty/Saved/Config/Windows/Scalability.ini]
[2019.01.10-14.45.37:074][  0]LogConfig: Setting CVar [[r.LightFunctionQuality:1]]
[2019.01.10-14.45.37:074][  0]LogConfig: Setting CVar [[r.ShadowQuality:5]]
[2019.01.10-14.45.37:074][  0]LogConfig: Setting CVar [[r.Shadow.CSM.MaxCascades:10]]
[2019.01.10-14.45.37:074][  0]LogConfig: Setting CVar [[r.Shadow.MaxResolution:2048]]
[2019.01.10-14.45.37:075][  0]LogConfig: Setting CVar [[r.Shadow.MaxCSMResolution:2048]]
[2019.01.10-14.45.37:075][  0]LogConfig: Setting CVar [[r.Shadow.RadiusThreshold:0.01]]
[2019.01.10-14.45.37:075][  0]LogConfig: Setting CVar [[r.Shadow.DistanceScale:1.0]]
[2019.01.10-14.45.37:075][  0]LogConfig: Setting CVar [[r.Shadow.CSM.TransitionScale:1.0]]
[2019.01.10-14.45.37:075][  0]LogConfig: Setting CVar [[r.Shadow.PreShadowResolutionFactor:1.0]]
[2019.01.10-14.45.37:075][  0]LogConfig: Setting CVar [[r.DistanceFieldShadowing:1]]
[2019.01.10-14.45.37:075][  0]LogConfig: Setting CVar [[r.DistanceFieldAO:1]]
[2019.01.10-14.45.37:075][  0]LogConfig: Setting CVar [[r.AOQuality:2]]
[2019.01.10-14.45.37:075][  0]LogConfig: Setting CVar [[r.VolumetricFog:1]]
[2019.01.10-14.45.37:075][  0]LogConfig: Setting CVar [[r.VolumetricFog.GridPixelSize:8]]
[2019.01.10-14.45.37:075][  0]LogConfig: Setting CVar [[r.VolumetricFog.GridSizeZ:128]]
[2019.01.10-14.45.37:075][  0]LogConfig: Setting CVar [[r.VolumetricFog.HistoryMissSupersampleCount:4]]
[2019.01.10-14.45.37:075][  0]LogConfig: Setting CVar [[r.LightMaxDrawDistanceScale:1]]
[2019.01.10-14.45.37:075][  0]LogConfig: Setting CVar [[r.CapsuleShadows:1]]
[2019.01.10-14.45.37:075][  0]LogConfig: Applying CVar settings from Section [PostProcessQuality@3] File [C:/Users/batte/Desktop/WorkToDo07012019/ProjectToastEmpty/Saved/Config/Windows/Scalability.ini]
[2019.01.10-14.45.37:075][  0]LogConfig: Setting CVar [[r.MotionBlurQuality:4]]
[2019.01.10-14.45.37:075][  0]LogConfig: Setting CVar [[r.AmbientOcclusionMipLevelFactor:0.4]]
[2019.01.10-14.45.37:075][  0]LogConfig: Setting CVar [[r.AmbientOcclusionMaxQuality:100]]
[2019.01.10-14.45.37:075][  0]LogConfig: Setting CVar [[r.AmbientOcclusionLevels:-1]]
[2019.01.10-14.45.37:075][  0]LogConfig: Setting CVar [[r.AmbientOcclusionRadiusScale:1.0]]
[2019.01.10-14.45.37:076][  0]LogConfig: Setting CVar [[r.DepthOfFieldQuality:2]]
[2019.01.10-14.45.37:076][  0]LogConfig: Setting CVar [[r.RenderTargetPoolMin:400]]
[2019.01.10-14.45.37:076][  0]LogConfig: Setting CVar [[r.LensFlareQuality:2]]
[2019.01.10-14.45.37:076][  0]LogConfig: Setting CVar [[r.SceneColorFringeQuality:1]]
[2019.01.10-14.45.37:076][  0]LogConfig: Setting CVar [[r.EyeAdaptationQuality:2]]
[2019.01.10-14.45.37:076][  0]LogConfig: Setting CVar [[r.BloomQuality:5]]
[2019.01.10-14.45.37:076][  0]LogConfig: Setting CVar [[r.FastBlurThreshold:100]]
[2019.01.10-14.45.37:076][  0]LogConfig: Setting CVar [[r.Upscale.Quality:3]]
[2019.01.10-14.45.37:076][  0]LogConfig: Setting CVar [[r.Tonemapper.GrainQuantization:1]]
[2019.01.10-14.45.37:076][  0]LogConfig: Setting CVar [[r.LightShaftQuality:1]]
[2019.01.10-14.45.37:076][  0]LogConfig: Setting CVar [[r.Filter.SizeScale:1]]
[2019.01.10-14.45.37:076][  0]LogConfig: Setting CVar [[r.Tonemapper.Quality:5]]
[2019.01.10-14.45.37:076][  0]LogConfig: Setting CVar [[r.DOF.Gather.AccumulatorQuality:1        ; higher gathering accumulator quality]]
[2019.01.10-14.45.37:076][  0]LogConfig: Setting CVar [[r.DOF.Gather.PostfilterMethod:1          ; Median3x3 postfilering method]]
[2019.01.10-14.45.37:076][  0]LogConfig: Setting CVar [[r.DOF.Gather.EnableBokehSettings:0       ; no bokeh simulation when gathering]]
[2019.01.10-14.45.37:076][  0]LogConfig: Setting CVar [[r.DOF.Gather.RingCount:4                 ; medium number of samples when gathering]]
[2019.01.10-14.45.37:076][  0]LogConfig: Setting CVar [[r.DOF.Scatter.ForegroundCompositing:1    ; additive foreground scattering]]
[2019.01.10-14.45.37:076][  0]LogConfig: Setting CVar [[r.DOF.Scatter.BackgroundCompositing:2    ; additive background scattering]]
[2019.01.10-14.45.37:077][  0]LogConfig: Setting CVar [[r.DOF.Scatter.EnableBokehSettings:1      ; bokeh simulation when scattering]]
[2019.01.10-14.45.37:077][  0]LogConfig: Setting CVar [[r.DOF.Scatter.MaxSpriteRatio:0.1         ; only a maximum of 10% of scattered bokeh]]
[2019.01.10-14.45.37:077][  0]LogConfig: Setting CVar [[r.DOF.Recombine.Quality:1                ; cheap slight out of focus]]
[2019.01.10-14.45.37:077][  0]LogConfig: Setting CVar [[r.DOF.Recombine.EnableBokehSettings:0    ; no bokeh simulation on slight out of focus]]
[2019.01.10-14.45.37:077][  0]LogConfig: Setting CVar [[r.DOF.TemporalAAQuality:1                ; more stable temporal accumulation]]
[2019.01.10-14.45.37:077][  0]LogConfig: Setting CVar [[r.DOF.Kernel.MaxForegroundRadius:0.025]]
[2019.01.10-14.45.37:077][  0]LogConfig: Setting CVar [[r.DOF.Kernel.MaxBackgroundRadius:0.025]]
[2019.01.10-14.45.37:077][  0]LogConfig: Applying CVar settings from Section [TextureQuality@3] File [C:/Users/batte/Desktop/WorkToDo07012019/ProjectToastEmpty/Saved/Config/Windows/Scalability.ini]
[2019.01.10-14.45.37:077][  0]LogConfig: Setting CVar [[r.Streaming.MipBias:0]]
[2019.01.10-14.45.37:077][  0]LogConfig: Setting CVar [[r.Streaming.AmortizeCPUToGPUCopy:0]]
[2019.01.10-14.45.37:077][  0]LogConfig: Setting CVar [[r.Streaming.MaxNumTexturesToStreamPerFrame:0]]
[2019.01.10-14.45.37:077][  0]LogConfig: Setting CVar [[r.Streaming.Boost:1]]
[2019.01.10-14.45.37:077][  0]LogConfig: Setting CVar [[r.MaxAnisotropy:8]]
[2019.01.10-14.45.37:077][  0]LogConfig: Setting CVar [[r.Streaming.LimitPoolSizeToVRAM:0]]
[2019.01.10-14.45.37:077][  0]LogConfig: Setting CVar [[r.Streaming.PoolSize:1000]]
[2019.01.10-14.45.37:077][  0]LogConfig: Setting CVar [[r.Streaming.MaxEffectiveScreenSize:0]]
[2019.01.10-14.45.37:077][  0]LogConfig: Applying CVar settings from Section [EffectsQuality@3] File [C:/Users/batte/Desktop/WorkToDo07012019/ProjectToastEmpty/Saved/Config/Windows/Scalability.ini]
[2019.01.10-14.45.37:077][  0]LogConfig: Setting CVar [[r.TranslucencyLightingVolumeDim:64]]
[2019.01.10-14.45.37:077][  0]LogConfig: Setting CVar [[r.RefractionQuality:2]]
[2019.01.10-14.45.37:077][  0]LogConfig: Setting CVar [[r.SSR.Quality:3]]
[2019.01.10-14.45.37:078][  0]LogConfig: Setting CVar [[r.SceneColorFormat:4]]
[2019.01.10-14.45.37:078][  0]LogConfig: Setting CVar [[r.DetailMode:2]]
[2019.01.10-14.45.37:078][  0]LogConfig: Setting CVar [[r.TranslucencyVolumeBlur:1]]
[2019.01.10-14.45.37:078][  0]LogConfig: Setting CVar [[r.MaterialQualityLevel:1 ; High quality]]
[2019.01.10-14.45.37:078][  0]LogConfig: Setting CVar [[r.SSS.Scale:1]]
[2019.01.10-14.45.37:078][  0]LogConfig: Setting CVar [[r.SSS.SampleSet:2]]
[2019.01.10-14.45.37:078][  0]LogConfig: Setting CVar [[r.SSS.Quality:1]]
[2019.01.10-14.45.37:078][  0]LogConfig: Setting CVar [[r.SSS.HalfRes:1]]
[2019.01.10-14.45.37:078][  0]LogConfig: Setting CVar [[r.EmitterSpawnRateScale:1.0]]
[2019.01.10-14.45.37:078][  0]LogConfig: Setting CVar [[r.ParticleLightQuality:2]]
[2019.01.10-14.45.37:078][  0]LogConfig: Applying CVar settings from Section [FoliageQuality@3] File [C:/Users/batte/Desktop/WorkToDo07012019/ProjectToastEmpty/Saved/Config/Windows/Scalability.ini]
[2019.01.10-14.45.37:078][  0]LogConfig: Setting CVar [[foliage.DensityScale:1.0]]
[2019.01.10-14.45.37:078][  0]LogConfig: Setting CVar [[grass.DensityScale:1.0]]
[2019.01.10-14.45.37:078][  0]LogConfig: Applying CVar settings from Section [Startup] File [../../../Engine/Config/ConsoleVariables.ini]
[2019.01.10-14.45.37:108][  0]LogConfig: Setting CVar [[net.UseAdaptiveNetUpdateFrequency:0]]
[2019.01.10-14.45.37:109][  0]LogConfig: Applying CVar settings from Section [ConsoleVariables] File [C:/Users/batte/Desktop/WorkToDo07012019/ProjectToastEmpty/Saved/Config/Windows/Engine.ini]
[2019.01.10-14.45.37:154][  0]LogInit: Computer: DESKTOP-NP50MTH
[2019.01.10-14.45.37:154][  0]LogInit: User: batte
[2019.01.10-14.45.37:154][  0]LogInit: CPU Page size=4096, Cores=4
[2019.01.10-14.45.37:154][  0]LogInit: High frequency timer resolution =2.742186 MHz
[2019.01.10-14.45.37:168][  0]LogMemory: Memory total: Physical=7.9GB (8GB approx)
[2019.01.10-14.45.37:168][  0]LogMemory: Platform Memory Stats for Windows
[2019.01.10-14.45.37:168][  0]LogMemory: Process Physical Memory: 106.02 MB used, 106.02 MB peak
[2019.01.10-14.45.37:168][  0]LogMemory: Process Virtual Memory: 86.93 MB used, 86.93 MB peak
[2019.01.10-14.45.37:169][  0]LogMemory: Physical Memory: 6353.23 MB used,  1700.72 MB free, 8053.95 MB total
[2019.01.10-14.45.37:169][  0]LogMemory: Virtual Memory: 4683.31 MB used,  134213048.00 MB free, 134217728.00 MB total
[2019.01.10-14.45.38:218][  0]LogInit: Using OS detected language (en-US).
[2019.01.10-14.45.38:219][  0]LogInit: Using OS detected locale (en-GB).
[2019.01.10-14.45.38:328][  0]LogTextLocalizationManager: No specific localization for 'en-US' exists, so the 'en' localization will be used.
[2019.01.10-14.45.40:306][  0]LogStreaming: Display: Took  2.093s to InitEngineTextLocalization.
[2019.01.10-14.45.40:332][  0]LogInit: Setting process to per monitor DPI aware
[2019.01.10-14.45.41:327][  0]LogSlate: New Slate User Created.  User Index 0, Is Virtual User: 0
[2019.01.10-14.45.41:327][  0]LogSlate: Slate User Registered.  User Index 0, Is Virtual User: 0
[2019.01.10-14.45.43:756][  0]LogHMD: Failed to initialize OpenVR with code 110
[2019.01.10-14.45.43:756][  0]LogD3D11RHI: D3D11 adapters:
[2019.01.10-14.45.45:279][  0]LogD3D11RHI:    0. 'NVIDIA GeForce GTX 1050' (Feature Level 11_0)
[2019.01.10-14.45.45:280][  0]LogD3D11RHI:       4021/0/4026 MB DedicatedVideo/DedicatedSystem/SharedSystem, Outputs:1, VendorId:0x10de
[2019.01.10-14.45.45:368][  0]LogD3D11RHI:    1. 'Intel(R) HD Graphics 630' (Feature Level 11_0)
[2019.01.10-14.45.45:368][  0]LogD3D11RHI:       128/0/4026 MB DedicatedVideo/DedicatedSystem/SharedSystem, Outputs:0, VendorId:0x8086
[2019.01.10-14.45.45:385][  0]LogD3D11RHI:    2. 'Microsoft Basic Render Driver' (Feature Level 11_0)
[2019.01.10-14.45.45:385][  0]LogD3D11RHI:       0/0/4026 MB DedicatedVideo/DedicatedSystem/SharedSystem, Outputs:0, VendorId:0x1414
[2019.01.10-14.45.45:385][  0]LogD3D11RHI: Chosen D3D11 Adapter: 0
[2019.01.10-14.45.45:535][  0]LogD3D11RHI: Creating new Direct3DDevice
[2019.01.10-14.45.45:536][  0]LogD3D11RHI:     GPU DeviceId: 0x1c8d (for the marketing name, search the web for "GPU Device Id")
[2019.01.10-14.45.45:536][  0]LogWindows: EnumDisplayDevices:
[2019.01.10-14.45.45:537][  0]LogWindows:    0. 'Intel(R) HD Graphics 630' (P:1 D:1)
[2019.01.10-14.45.45:544][  0]LogWindows:    1. 'Intel(R) HD Graphics 630' (P:0 D:0)
[2019.01.10-14.45.45:545][  0]LogWindows:    2. 'Intel(R) HD Graphics 630' (P:0 D:0)
[2019.01.10-14.45.45:546][  0]LogWindows: DebugString: PrimaryIsNotTheChoosenAdapter PrimaryIsNotTheChoosenAdapter PrimaryIsNotTheChoosenAdapter FoundDriverCount:0 
[2019.01.10-14.45.45:546][  0]LogD3D11RHI:     Adapter Name: NVIDIA GeForce GTX 1050
[2019.01.10-14.45.45:546][  0]LogD3D11RHI:   Driver Version: Unknown (internal:Unknown, unified:Unknown)
[2019.01.10-14.45.45:546][  0]LogD3D11RHI:      Driver Date: Unknown
[2019.01.10-14.45.45:546][  0]LogRHI: Texture pool is 2814 MB (70% of 4021 MB)
[2019.01.10-14.45.45:738][  0]LogD3D11RHI: Async texture creation enabled
[2019.01.10-14.45.46:157][  0]LogD3D11RHI: GPU Timing Frequency: 1000.000000 (Debug: 2 2)
[2019.01.10-14.45.49:154][  0]LogTemp: Display: Loaded TP AllDesktopTargetPlatform
[2019.01.10-14.45.49:231][  0]LogTemp: Display: Loaded TP MacClientTargetPlatform
[2019.01.10-14.45.49:303][  0]LogTemp: Display: Loaded TP MacNoEditorTargetPlatform
[2019.01.10-14.45.49:369][  0]LogTemp: Display: Loaded TP MacServerTargetPlatform
[2019.01.10-14.45.49:474][  0]LogTemp: Display: Loaded TP MacTargetPlatform
[2019.01.10-14.45.49:532][  0]LogTemp: Display: Loaded TP WindowsClientTargetPlatform
[2019.01.10-14.45.49:583][  0]LogTemp: Display: Loaded TP WindowsNoEditorTargetPlatform
[2019.01.10-14.45.49:639][  0]LogTemp: Display: Loaded TP WindowsServerTargetPlatform
[2019.01.10-14.45.49:669][  0]LogTemp: Display: Loaded TP WindowsTargetPlatform
[2019.01.10-14.45.49:964][  0]LogTemp: Display: Loaded TP AndroidTargetPlatform
[2019.01.10-14.45.49:964][  0]LogTemp: Display: Loaded TP AndroidTargetPlatform
[2019.01.10-14.45.49:964][  0]LogTemp: Display: Loaded TP AndroidTargetPlatform
[2019.01.10-14.45.49:964][  0]LogTemp: Display: Loaded TP AndroidTargetPlatform
[2019.01.10-14.45.49:964][  0]LogTemp: Display: Loaded TP AndroidTargetPlatform
[2019.01.10-14.45.49:964][  0]LogTemp: Display: Loaded TP AndroidTargetPlatform
[2019.01.10-14.45.49:964][  0]LogTemp: Display: Loaded TP AndroidTargetPlatform
[2019.01.10-14.45.49:964][  0]LogTemp: Display: Loaded TP AndroidTargetPlatform
[2019.01.10-14.45.49:964][  0]LogTemp: Display: Loaded TP AndroidTargetPlatform
[2019.01.10-14.45.49:964][  0]LogTemp: Display: Loaded TP AndroidTargetPlatform
[2019.01.10-14.45.49:964][  0]LogTemp: Display: Loaded TP AndroidTargetPlatform
[2019.01.10-14.45.49:964][  0]LogTemp: Display: Loaded TP AndroidTargetPlatform
[2019.01.10-14.45.49:964][  0]LogTemp: Display: Loaded TP AndroidTargetPlatform
[2019.01.10-14.45.49:964][  0]LogTemp: Display: Loaded TP AndroidTargetPlatform
[2019.01.10-14.45.49:964][  0]LogTemp: Display: Loaded TP AndroidTargetPlatform
[2019.01.10-14.45.49:964][  0]LogTemp: Display: Loaded TP AndroidTargetPlatform
[2019.01.10-14.45.49:964][  0]LogTemp: Display: Loaded TP AndroidTargetPlatform
[2019.01.10-14.45.49:964][  0]LogTemp: Display: Loaded TP AndroidTargetPlatform
[2019.01.10-14.45.50:000][  0]LogTemp: Display: Loaded TP HTML5TargetPlatform
[2019.01.10-14.45.50:199][  0]LogTemp: Display: Loaded TP IOSTargetPlatform
[2019.01.10-14.45.50:199][  0]LogTemp: Display: Loaded TP IOSTargetPlatform
[2019.01.10-14.45.50:306][  0]LogTemp: Display: Loaded TP TVOSTargetPlatform
[2019.01.10-14.45.50:306][  0]LogTemp: Display: Loaded TP TVOSTargetPlatform
[2019.01.10-14.45.50:342][  0]LogTemp: Display: Loaded TP LinuxClientTargetPlatform
[2019.01.10-14.45.50:395][  0]LogTemp: Display: Loaded TP LinuxNoEditorTargetPlatform
[2019.01.10-14.45.50:461][  0]LogTemp: Display: Loaded TP LinuxServerTargetPlatform
[2019.01.10-14.45.50:544][  0]LogTemp: Display: Loaded TP LinuxTargetPlatform
[2019.01.10-14.45.50:663][  0]LogTemp: Display: Loaded TP LuminTargetPlatform
[2019.01.10-14.45.50:663][  0]LogTemp: Display: Loaded TP LuminTargetPlatform
[2019.01.10-14.45.50:663][  0]LogTargetPlatformManager: Display: Building Assets For Windows
[2019.01.10-14.45.51:617][  0]LogShaderCompilers: Guid format shader working directory is -12 characters bigger than the processId version (C:/Users/batte/Desktop/WorkToDo07012019/ProjectToastEmpty/Intermediate/Shaders/WorkingDirectory/95772/).
[2019.01.10-14.45.51:617][  0]LogShaderCompilers: Cleaned the shader compiler working directory 'C:/Users/batte/AppData/Local/Temp/UnrealShaderWorkingDir/BC8FD4584B43514B6DA854A4E491018E/'.
[2019.01.10-14.45.51:650][  0]LogXGEController: Cannot use XGE Controller as Incredibuild is not installed on this machine.
[2019.01.10-14.45.51:650][  0]LogShaderCompilers: Cannot use XGE Shader Compiler as Incredibuild is not installed on this machine.
[2019.01.10-14.45.51:650][  0]LogShaderCompilers: Display: Using Local Shader Compiler.
[2019.01.10-14.45.56:243][  0]LogDerivedDataCache: Display: Max Cache Size: 512 MB
[2019.01.10-14.45.56:874][  0]LogDerivedDataCache: Loaded boot cache 0.62s 71MB C:/Users/batte/AppData/Local/UnrealEngine/4.21/DerivedDataCache/Boot.ddc.
[2019.01.10-14.45.56:874][  0]LogDerivedDataCache: Display: Loaded Boot cache: C:/Users/batte/AppData/Local/UnrealEngine/4.21/DerivedDataCache/Boot.ddc
[2019.01.10-14.45.56:874][  0]LogDerivedDataCache: FDerivedDataBackendGraph:  Pak pak cache file C:/Users/batte/Desktop/WorkToDo07012019/ProjectToastEmpty/DerivedDataCache/DDC.ddp not found, will not use a pak cache.
[2019.01.10-14.45.56:874][  0]LogDerivedDataCache: Unable to find inner node Pak for hierarchical cache Hierarchy.
[2019.01.10-14.45.56:875][  0]LogDerivedDataCache: FDerivedDataBackendGraph:  CompressedPak pak cache file C:/Users/batte/Desktop/WorkToDo07012019/ProjectToastEmpty/DerivedDataCache/Compressed.ddp not found, will not use a pak cache.
[2019.01.10-14.45.56:875][  0]LogDerivedDataCache: Unable to find inner node CompressedPak for hierarchical cache Hierarchy.
[2019.01.10-14.45.57:046][  0]LogDerivedDataCache: Display: Pak cache opened for reading ../../../Engine/DerivedDataCache/Compressed.ddp.
[2019.01.10-14.45.57:047][  0]LogDerivedDataCache: FDerivedDataBackendGraph:  EnterprisePak pak cache file ../../../Enterprise/DerivedDataCache/Compressed.ddp not found, will not use a pak cache.
[2019.01.10-14.45.57:047][  0]LogDerivedDataCache: Unable to find inner node EnterprisePak for hierarchical cache Hierarchy.
[2019.01.10-14.45.57:074][  0]LogDerivedDataCache: Using Local data cache path C:/Users/batte/AppData/Local/UnrealEngine/Common/DerivedDataCache: Writable
[2019.01.10-14.45.57:074][  0]LogDerivedDataCache: Shared data cache path not found in *engine.ini, will not use an Shared cache.
[2019.01.10-14.45.57:074][  0]LogDerivedDataCache: Unable to find inner node Shared for hierarchical cache Hierarchy.
[2019.01.10-14.45.57:243][  0]LogMaterial: Verifying Global Shaders for PCD3D_SM5
[2019.01.10-14.45.57:324][  0]LogSlate: Using FreeType 2.6.0
[2019.01.10-14.45.57:438][  0]LogSlate: SlateFontServices - WITH_FREETYPE: 1, WITH_HARFBUZZ: 1
[2019.01.10-14.45.59:407][  0]LogAssetRegistry: FAssetRegistry took 0.0784 seconds to start up
[2019.01.10-14.46.09:510][  0]LogInit: Selected Device Profile: [Windows]
[2019.01.10-14.46.14:306][  0]LogSimplygon: Simplygon DLL not present - disabling.
[2019.01.10-14.46.14:686][  0]LogMeshReduction: Using SimplygonSwarm for distributed automatic mesh merging
[2019.01.10-14.46.14:725][  0]LogMeshReduction: Using ProxyLODMeshReduction for automatic mesh merging
[2019.01.10-14.46.14:747][  0]LogMeshReduction: Using QuadricMeshReduction for automatic static mesh reduction
[2019.01.10-14.46.14:747][  0]LogMeshReduction: No automatic skeletal mesh reduction module available
[2019.01.10-14.46.15:715][  0]LogNetVersion: ProjectToastEmpty 1.0.0, NetCL: 4541578, EngineNetVer: 5, GameNetVer: 0 (Checksum: 2432841483)
[2019.01.10-14.46.24:811][  0]LogPackageLocalizationCache: Processed 11 localized package path(s) for 2 prioritized culture(s) in 0.271392 seconds
[2019.01.10-14.46.24:882][  0]LogUObjectArray: 39775 objects as part of root set at end of initial load.
[2019.01.10-14.46.24:883][  0]LogUObjectAllocator: 6914656 out of 0 bytes used by permanent object pool.
[2019.01.10-14.46.24:883][  0]LogUObjectArray: CloseDisregardForGC: 0/0 objects in disregard for GC pool
[2019.01.10-14.46.45:795][  0]LogTcpMessaging: Initializing TcpMessaging bridge
[2019.01.10-14.46.45:842][  0]LogUdpMessaging: Initializing bridge on interface 0.0.0.0:0 to multicast group 230.0.0.1:6666.
[2019.01.10-14.46.49:112][  0]SourceControl: Source control is disabled
[2019.01.10-14.46.49:138][  0]SourceControl: Source control is disabled
[2019.01.10-14.46.49:283][  0]SourceControl: Source control is disabled
[2019.01.10-14.46.49:305][  0]SourceControl: Source control is disabled
[2019.01.10-14.46.51:244][  0]LogAndroidPermission: UAndroidPermissionCallbackProxy::GetInstance
[2019.01.10-14.46.51:496][  0]LogOcInput: OculusInput pre-init called
[2019.01.10-14.46.54:066][  0]LogEngine: Initializing Engine...
[2019.01.10-14.46.54:117][  0]LogHMD: Failed to initialize OpenVR with code 110
[2019.01.10-14.46.54:191][  0]LogStats: UGameplayTagsManager::ConstructGameplayTagTree: ImportINI prefixes -  0.000 s
[2019.01.10-14.46.54:191][  0]LogStats: UGameplayTagsManager::ConstructGameplayTagTree: Construct from data asset -  0.000 s
[2019.01.10-14.46.54:197][  0]LogStats: UGameplayTagsManager::ConstructGameplayTagTree: ImportINI -  0.006 s
[2019.01.10-14.46.54:197][  0]LogStats: UGameplayTagsManager::ConstructGameplayTagTree: GameplayTagTreeChangedEvent.Broadcast -  0.000 s
[2019.01.10-14.46.54:810][  0]LogInit: Initializing FReadOnlyCVARCache
[2019.01.10-14.46.55:830][  0]LogAIModule: Creating AISystem for world Untitled
[2019.01.10-14.46.56:368][  0]LogInit: XAudio2 using 'Speakers / Headphones (Realtek Audio)' : 2 channels at 48 kHz using 32 bits per sample (channel mask 0x3)
[2019.01.10-14.46.56:946][  0]LogInit: FAudioDevice initialized.
[2019.01.10-14.46.56:957][  0]LogNetVersion: Set ProjectVersion to 1.0.0.0. Version Checksum will be recalculated on next use.
[2019.01.10-14.46.57:222][  0]LogDerivedDataCache: Saved boot cache 0.26s 71MB C:/Users/batte/AppData/Local/UnrealEngine/4.21/DerivedDataCache/Boot.ddc.
[2019.01.10-14.46.57:231][  0]LogInit: Texture streaming: Enabled
[2019.01.10-14.46.57:555][  0]LogEngineSessionManager: EngineSessionManager initialized
[2019.01.10-14.46.58:029][  0]LogInit: Transaction tracking system initialized
[2019.01.10-14.46.58:782][  0]BlueprintLog: New page: Editor Load
[2019.01.10-14.47.02:908][  0]LocalizationService: Localization service is disabled
[2019.01.10-14.47.06:045][  0]LogFileCache: Scanning file cache for directory 'C:/Users/batte/Desktop/WorkToDo07012019/ProjectToastEmpty/Content/' took 0.04s
[2019.01.10-14.47.06:045][  0]LogCook: Display: Max memory allowance for cook 16384mb min free memory 0mb
[2019.01.10-14.47.06:054][  0]LogCook: Display: Mobile HDR setting 1
[2019.01.10-14.47.06:089][  0]LogGameplayTags: Display: UGameplayTagsManager::DoneAddingNativeTags. DelegateIsBound: 0
[2019.01.10-14.47.06:090][  0]LogStats: UGameplayTagsManager::ConstructGameplayTagTree: ImportINI prefixes -  0.000 s
[2019.01.10-14.47.06:090][  0]LogStats: UGameplayTagsManager::ConstructGameplayTagTree: Construct from data asset -  0.000 s
[2019.01.10-14.47.06:091][  0]LogStats: UGameplayTagsManager::ConstructGameplayTagTree: ImportINI -  0.000 s
[2019.01.10-14.47.06:091][  0]LogStats: UGameplayTagsManager::ConstructGameplayTagTree: GameplayTagTreeChangedEvent.Broadcast -  0.000 s
[2019.01.10-14.47.09:548][  0]SourceControl: Source control is disabled
[2019.01.10-14.47.09:576][  0]Cmd: MAP LOAD FILE="C:/Users/batte/Desktop/WorkToDo07012019/ProjectToastEmpty/Content/Kim/Maps/SpaceMap.umap" TEMPLATE=0 SHOWPROGRESS=1 FEATURELEVEL=3
[2019.01.10-14.47.09:613][  0]LightingResults: New page: Lighting Build
[2019.01.10-14.47.09:951][  0]MapCheck: New page: Map Check
[2019.01.10-14.47.09:951][  0]LightingResults: New page: Lighting Build
[2019.01.10-14.47.14:663][  0]LogTexture: Display: Building textures: SkyOcclusion0_1 (AutoDXT, 64X32)
[2019.01.10-14.47.14:664][  0]LogTexture: Display: Building textures: ShadowMapTexture2D_3 (G8, 32X32)
[2019.01.10-14.47.14:664][  0]LogTexture: Display: Building textures: HQ_Lightmap0_1 (AutoDXT, 64X64)
[2019.01.10-14.47.14:664][  0]LogTexture: Display: Building textures: LQ_Lightmap_0_1 (DXT1, 64X64)
[2019.01.10-14.47.14:664][  0]LogStaticMesh: Building static mesh SM_Ceiling_OneSide_Concaved_USING...
[2019.01.10-14.47.14:762][  0]LogStaticMesh: Built static mesh [0.10s] /Game/Kim/Models/Ceilings/Concaved/SM_Ceiling_OneSide_Concaved_USING.SM_Ceiling_OneSide_Concaved_USING
[2019.01.10-14.47.14:871][  0]LogStaticMesh: Building static mesh SM_Concave_Left_USING...
[2019.01.10-14.47.14:876][  0]LogStaticMesh: Built static mesh [0.01s] /Game/Kim/Models/Concaves/SM_Concave_Left_USING.SM_Concave_Left_USING
[2019.01.10-14.47.14:880][  0]LogStaticMesh: Building static mesh SM_Concave_Right_USING...
[2019.01.10-14.47.14:885][  0]LogStaticMesh: Built static mesh [0.01s] /Game/Kim/Models/Concaves/SM_Concave_Right_USING.SM_Concave_Right_USING
[2019.01.10-14.47.14:888][  0]LogStaticMesh: Building static mesh SM_Floor_OneSide_Concaved_USING...
[2019.01.10-14.47.14:891][  0]LogStaticMesh: Built static mesh [0.00s] /Game/Kim/Models/Floors/Concaved/SM_Floor_OneSide_Concaved_USING.SM_Floor_OneSide_Concaved_USING
[2019.01.10-14.47.14:895][  0]LogStaticMesh: Building static mesh SM_Floor_TwoSides_Concaved_USING...
[2019.01.10-14.47.14:897][  0]LogStaticMesh: Built static mesh [0.00s] /Game/Kim/Models/Floors/Concaved/SM_Floor_TwoSides_Concaved_USING.SM_Floor_TwoSides_Concaved_USING
[2019.01.10-14.47.14:901][  0]LogStaticMesh: Building static mesh SM_Wall_Corner_Divider_USING...
[2019.01.10-14.47.14:906][  0]LogStaticMesh: Built static mesh [0.01s] /Game/Kim/Models/Walls/SM_Wall_Corner_Divider_USING.SM_Wall_Corner_Divider_USING
[2019.01.10-14.47.14:910][  0]LogStaticMesh: Building static mesh SM_Ceiling_Corner_Concaved...
[2019.01.10-14.47.14:912][  0]LogStaticMesh: Built static mesh [0.00s] /Game/Kim/Models/Ceilings/Concaved/SM_Ceiling_Corner_Concaved.SM_Ceiling_Corner_Concaved
[2019.01.10-14.47.14:917][  0]LogStaticMesh: Building static mesh SM_Corner_Concave_Bottom_USING...
[2019.01.10-14.47.14:924][  0]LogStaticMesh: Built static mesh [0.01s] /Game/Kim/Models/Concaves/SM_Corner_Concave_Bottom_USING.SM_Corner_Concave_Bottom_USING
[2019.01.10-14.47.14:928][  0]LogStaticMesh: Building static mesh SM_Corner_Concave_Divider_Top_USING...
[2019.01.10-14.47.14:933][  0]LogStaticMesh: Built static mesh [0.01s] /Game/Kim/Models/Concaves/SM_Corner_Concave_Divider_Top_USING.SM_Corner_Concave_Divider_Top_USING
[2019.01.10-14.47.14:938][  0]LogStaticMesh: Building static mesh SM_Floor_Corner_Concaved_USING...
[2019.01.10-14.47.14:940][  0]LogStaticMesh: Built static mesh [0.00s] /Game/Kim/Models/Floors/Concaved/SM_Floor_Corner_Concaved_USING.SM_Floor_Corner_Concaved_USING
[2019.01.10-14.47.14:944][  0]LogStaticMesh: Building static mesh SM_Corner_Concave_Top_USING...
[2019.01.10-14.47.14:949][  0]LogStaticMesh: Built static mesh [0.01s] /Game/Kim/Models/Concaves/SM_Corner_Concave_Top_USING.SM_Corner_Concave_Top_USING
[2019.01.10-14.47.14:952][  0]LogStaticMesh: Building static mesh SM_Wall_Plain_Corner_USING...
[2019.01.10-14.47.14:956][  0]LogStaticMesh: Built static mesh [0.00s] /Game/Kim/Models/Walls/SM_Wall_Plain_Corner_USING.SM_Wall_Plain_Corner_USING
[2019.01.10-14.47.14:959][  0]LogStaticMesh: Building static mesh SM_Corner_Concave_Divider_Bottom_USING...
[2019.01.10-14.47.14:964][  0]LogStaticMesh: Built static mesh [0.01s] /Game/Kim/Models/Concaves/SM_Corner_Concave_Divider_Bottom_USING.SM_Corner_Concave_Divider_Bottom_USING
[2019.01.10-14.47.14:966][  0]LogStaticMesh: Building static mesh SM_Wall_Plain_Left_USING...
[2019.01.10-14.47.14:969][  0]LogStaticMesh: Built static mesh [0.00s] /Game/Kim/Models/Walls/SM_Wall_Plain_Left_USING.SM_Wall_Plain_Left_USING
[2019.01.10-14.47.15:331][  0]LogStaticMesh: Building static mesh SM_Ceiling_TwoSides_Concaved_USING...
[2019.01.10-14.47.15:333][  0]LogStaticMesh: Built static mesh [0.00s] /Game/Kim/Models/Ceilings/Concaved/SM_Ceiling_TwoSides_Concaved_USING.SM_Ceiling_TwoSides_Concaved_USING
[2019.01.10-14.47.15:357][  0]LogStaticMesh: Building static mesh SM_Wall_Plain_Right_USING...
[2019.01.10-14.47.15:360][  0]LogStaticMesh: Built static mesh [0.00s] /Game/Kim/Models/Walls/SM_Wall_Plain_Right_USING.SM_Wall_Plain_Right_USING
[2019.01.10-14.47.15:364][  0]LogStaticMesh: Building static mesh SM_Bridge_Ceiling_TwoSides_Concave_USING...
[2019.01.10-14.47.15:368][  0]LogStaticMesh: Built static mesh [0.00s] /Game/Kim/Models/Ceilings/Concaved/SM_Bridge_Ceiling_TwoSides_Concave_USING.SM_Bridge_Ceiling_TwoSides_Concave_USING
[2019.01.10-14.47.15:373][  0]LogStaticMesh: Building static mesh SM_Bridge_Ceiling_Triangle_45d_USING...
[2019.01.10-14.47.15:377][  0]LogStaticMesh: Built static mesh [0.00s] /Game/Kim/Models/Ceilings/Concaved/SM_Bridge_Ceiling_Triangle_45d_USING.SM_Bridge_Ceiling_Triangle_45d_USING
[2019.01.10-14.47.15:380][  0]LogStaticMesh: Building static mesh SM_Bridge_Ceiling_OneSide_Concaved_USING...
[2019.01.10-14.47.15:382][  0]LogStaticMesh: Built static mesh [0.00s] /Game/Kim/Models/Ceilings/Concaved/SM_Bridge_Ceiling_OneSide_Concaved_USING.SM_Bridge_Ceiling_OneSide_Concaved_USING
[2019.01.10-14.47.15:386][  0]LogStaticMesh: Building static mesh SM_Concave_Right_45d_With_Pillar_USING...
[2019.01.10-14.47.15:392][  0]LogStaticMesh: Built static mesh [0.01s] /Game/Kim/Models/Concaves/SM_Concave_Right_45d_With_Pillar_USING.SM_Concave_Right_45d_With_Pillar_USING
[2019.01.10-14.47.15:396][  0]LogStaticMesh: Building static mesh SM_Concave_Right_45d_Top_USING...
[2019.01.10-14.47.15:400][  0]LogStaticMesh: Built static mesh [0.00s] /Game/Kim/Models/Concaves/SM_Concave_Right_45d_Top_USING.SM_Concave_Right_45d_Top_USING
[2019.01.10-14.47.15:404][  0]LogStaticMesh: Building static mesh SM_Bridge_Concave_Corner_Bottom_USING...
[2019.01.10-14.47.15:411][  0]LogStaticMesh: Built static mesh [0.01s] /Game/Kim/Models/Concaves/SM_Bridge_Concave_Corner_Bottom_USING.SM_Bridge_Concave_Corner_Bottom_USING
[2019.01.10-14.47.15:412][  0]LogStaticMesh: Building static mesh SM_Bridge_Concave_Corner_Top_USING...
[2019.01.10-14.47.15:420][  0]LogStaticMesh: Built static mesh [0.01s] /Game/Kim/Models/Concaves/SM_Bridge_Concave_Corner_Top_USING.SM_Bridge_Concave_Corner_Top_USING
[2019.01.10-14.47.15:423][  0]LogStaticMesh: Building static mesh SM_Bridge_Floor_TwoSides_Concaved_USING...
[2019.01.10-14.47.15:426][  0]LogStaticMesh: Built static mesh [0.00s] /Game/Kim/Models/Floors/Concaved/SM_Bridge_Floor_TwoSides_Concaved_USING.SM_Bridge_Floor_TwoSides_Concaved_USING
[2019.01.10-14.47.15:430][  0]LogStaticMesh: Building static mesh SM_Bridge_Floor_OneSide_Concaved_USING...
[2019.01.10-14.47.15:433][  0]LogStaticMesh: Built static mesh [0.00s] /Game/Kim/Models/Floors/Concaved/SM_Bridge_Floor_OneSide_Concaved_USING.SM_Bridge_Floor_OneSide_Concaved_USING
[2019.01.10-14.47.15:436][  0]LogStaticMesh: Building static mesh SM_Floor_Triangle_45d_USING...
[2019.01.10-14.47.15:440][  0]LogStaticMesh: Built static mesh [0.00s] /Game/Kim/Models/Floors/Concaved/SM_Floor_Triangle_45d_USING.SM_Floor_Triangle_45d_USING
[2019.01.10-14.47.15:442][  0]LogStaticMesh: Building static mesh SM_Pillar_45d_Bottom_USING...
[2019.01.10-14.47.15:448][  0]LogStaticMesh: Built static mesh [0.01s] /Game/Kim/Models/Shapes/SM_Pillar_45d_Bottom_USING.SM_Pillar_45d_Bottom_USING
[2019.01.10-14.47.15:451][  0]LogStaticMesh: Building static mesh SM_Pillar_45d_Top_USING...
[2019.01.10-14.47.15:458][  0]LogStaticMesh: Built static mesh [0.01s] /Game/Kim/Models/Shapes/SM_Pillar_45d_Top_USING.SM_Pillar_45d_Top_USING
[2019.01.10-14.47.15:461][  0]LogStaticMesh: Building static mesh SM_Pillar_90d_Bottom_USING...
[2019.01.10-14.47.15:465][  0]LogStaticMesh: Built static mesh [0.00s] /Game/Kim/Models/Shapes/SM_Pillar_90d_Bottom_USING.SM_Pillar_90d_Bottom_USING
[2019.01.10-14.47.15:468][  0]LogStaticMesh: Building static mesh SM_Pillar_90d_Top_USING...
[2019.01.10-14.47.15:475][  0]LogStaticMesh: Built static mesh [0.01s] /Game/Kim/Models/Shapes/SM_Pillar_90d_Top_USING.SM_Pillar_90d_Top_USING
[2019.01.10-14.47.15:479][  0]LogStaticMesh: Building static mesh SM_Wall_Window_Right_USING...
[2019.01.10-14.47.15:484][  0]LogStaticMesh: Built static mesh [0.00s] /Game/Kim/Models/Walls/SM_Wall_Window_Right_USING.SM_Wall_Window_Right_USING
[2019.01.10-14.47.15:487][  0]LogStaticMesh: Building static mesh SM_Bridge_Wall_Corner_Windows_USING...
[2019.01.10-14.47.15:504][  0]LogStaticMesh: Built static mesh [0.02s] /Game/Kim/Models/Walls/SM_Bridge_Wall_Corner_Windows_USING.SM_Bridge_Wall_Corner_Windows_USING
[2019.01.10-14.47.15:519][  0]LogStaticMesh: Building static mesh SM_Wall_Plain_Corner_TShape_USING...
[2019.01.10-14.47.15:525][  0]LogStaticMesh: Built static mesh [0.01s] /Game/Kim/Models/Walls/SM_Wall_Plain_Corner_TShape_USING.SM_Wall_Plain_Corner_TShape_USING
[2019.01.10-14.47.15:528][  0]LogStaticMesh: Building static mesh SM_Concave_Corner_Divider_TShape_Bottom_USING...
[2019.01.10-14.47.15:537][  0]LogStaticMesh: Built static mesh [0.01s] /Game/Kim/Models/Concaves/SM_Concave_Corner_Divider_TShape_Bottom_USING.SM_Concave_Corner_Divider_TShape_Bottom_USING
[2019.01.10-14.47.15:540][  0]LogStaticMesh: Building static mesh SM_Ceiling_ThreeSides_Concaved_USING...
[2019.01.10-14.47.15:541][  0]LogStaticMesh: Built static mesh [0.00s] /Game/Kim/Models/Ceilings/Concaved/SM_Ceiling_ThreeSides_Concaved_USING.SM_Ceiling_ThreeSides_Concaved_USING
[2019.01.10-14.47.15:544][  0]LogStaticMesh: Building static mesh SM_Floor_ThreeSides_Concaved_USING...
[2019.01.10-14.47.15:546][  0]LogStaticMesh: Built static mesh [0.00s] /Game/Kim/Models/Floors/Concaved/SM_Floor_ThreeSides_Concaved_USING.SM_Floor_ThreeSides_Concaved_USING
[2019.01.10-14.47.15:548][  0]LogStaticMesh: Building static mesh SM_Concave_Corner_Divider_TShape_Top_USING...
[2019.01.10-14.47.15:555][  0]LogStaticMesh: Built static mesh [0.01s] /Game/Kim/Models/Concaves/SM_Concave_Corner_Divider_TShape_Top_USING.SM_Concave_Corner_Divider_TShape_Top_USING
[2019.01.10-14.47.16:358][  0]LogAIModule: Creating AISystem for world SpaceMap
[2019.01.10-14.47.19:731][  0]LogEditorServer: Finished looking for orphan Actors (0.011 secs)
[2019.01.10-14.47.20:642][  0]Cmd: MAP CHECKDEP NOCLEARLOG
[2019.01.10-14.47.20:676][  0]MapCheck: Map check complete: 0 Error(s), 0 Warning(s), took 4.948ms to complete.
[2019.01.10-14.47.20:689][  0]LogFileHelpers: Loading map 'SpaceMap' took 11.135
[2019.01.10-14.47.27:375][  0]LogSlate: Updating window title bar state: overlay mode, drag disabled, window buttons hidden, title bar hidden
[2019.01.10-14.47.27:453][  0]LogSlate: Updating window title bar state: overlay mode, drag disabled, window buttons hidden, title bar hidden
[2019.01.10-14.47.27:463][  0]LogSlate: Updating window title bar state: overlay mode, drag disabled, window buttons hidden, title bar hidden
[2019.01.10-14.47.27:472][  0]LogSlate: Updating window title bar state: overlay mode, drag disabled, window buttons hidden, title bar hidden
[2019.01.10-14.47.27:767][  0]LogCollectionManager: Loaded 0 collections in 0.002714 seconds
[2019.01.10-14.47.28:227][  0]LogFileCache: Scanning file cache for directory 'C:/Users/batte/Desktop/WorkToDo07012019/ProjectToastEmpty/Saved/Collections/' took 0.02s
[2019.01.10-14.47.28:227][  0]LogFileCache: Scanning file cache for directory 'C:/Users/batte/Desktop/WorkToDo07012019/ProjectToastEmpty/Content/Developers/batte/Collections/' took 0.01s
[2019.01.10-14.47.28:227][  0]LogFileCache: Scanning file cache for directory 'C:/Users/batte/Desktop/WorkToDo07012019/ProjectToastEmpty/Content/Collections/' took 0.00s
[2019.01.10-14.47.28:227][  0]LogCollectionManager: Rebuilt the GUID cache for 0 collections in 0.000001 seconds
[2019.01.10-14.47.28:489][  0]LogContentBrowser: Native class hierarchy populated in 0.1422 seconds. Added 2654 classes and 622 folders.
[2019.01.10-14.47.28:970][  0]LogContentBrowser: Native class hierarchy updated for 'WidgetCarousel' in 0.0010 seconds. Added 0 classes and 0 folders.
[2019.01.10-14.47.29:045][  0]LogPakFile: Registered encryption key '00000000000000000000000000000000': 0 pak files mounted, 0 remain pending
[2019.01.10-14.47.29:127][  0]LogPakFile: Registered encryption key '00000000000000000000000000000000': 0 pak files mounted, 0 remain pending
[2019.01.10-14.47.29:147][  0]LogPakFile: Registered encryption key '00000000000000000000000000000000': 0 pak files mounted, 0 remain pending
[2019.01.10-14.47.29:161][  0]LogPakFile: Registered encryption key '00000000000000000000000000000000': 0 pak files mounted, 0 remain pending
[2019.01.10-14.47.29:172][  0]LogPakFile: Registered encryption key '00000000000000000000000000000000': 0 pak files mounted, 0 remain pending
[2019.01.10-14.47.29:225][  0]LogPakFile: Registered encryption key '00000000000000000000000000000000': 0 pak files mounted, 0 remain pending
[2019.01.10-14.47.29:230][  0]LogPakFile: Registered encryption key '00000000000000000000000000000000': 0 pak files mounted, 0 remain pending
[2019.01.10-14.47.29:241][  0]LogPakFile: Registered encryption key '00000000000000000000000000000000': 0 pak files mounted, 0 remain pending
[2019.01.10-14.47.29:249][  0]LogPakFile: Registered encryption key '00000000000000000000000000000000': 0 pak files mounted, 0 remain pending
[2019.01.10-14.47.29:259][  0]LogPakFile: Registered encryption key '00000000000000000000000000000000': 0 pak files mounted, 0 remain pending
[2019.01.10-14.47.29:265][  0]LogPakFile: Registered encryption key '00000000000000000000000000000000': 0 pak files mounted, 0 remain pending
[2019.01.10-14.47.29:270][  0]LogPakFile: Registered encryption key '00000000000000000000000000000000': 0 pak files mounted, 0 remain pending
[2019.01.10-14.47.29:280][  0]LogPakFile: Registered encryption key '00000000000000000000000000000000': 0 pak files mounted, 0 remain pending
[2019.01.10-14.47.29:290][  0]LogPakFile: Registered encryption key '00000000000000000000000000000000': 0 pak files mounted, 0 remain pending
[2019.01.10-14.47.29:305][  0]LogPakFile: Registered encryption key '00000000000000000000000000000000': 0 pak files mounted, 0 remain pending
[2019.01.10-14.47.29:308][  0]LogPakFile: Registered encryption key '00000000000000000000000000000000': 0 pak files mounted, 0 remain pending
[2019.01.10-14.47.29:319][  0]LogPakFile: Registered encryption key '00000000000000000000000000000000': 0 pak files mounted, 0 remain pending
[2019.01.10-14.47.29:340][  0]LogPakFile: Registered encryption key '00000000000000000000000000000000': 0 pak files mounted, 0 remain pending
[2019.01.10-14.47.29:341][  0]LogPakFile: Registered encryption key '00000000000000000000000000000000': 0 pak files mounted, 0 remain pending
[2019.01.10-14.47.29:360][  0]LogPakFile: Registered encryption key '00000000000000000000000000000000': 0 pak files mounted, 0 remain pending
[2019.01.10-14.47.29:403][  0]LogPakFile: Registered encryption key '00000000000000000000000000000000': 0 pak files mounted, 0 remain pending
[2019.01.10-14.47.29:413][  0]LogPakFile: Registered encryption key '00000000000000000000000000000000': 0 pak files mounted, 0 remain pending
[2019.01.10-14.47.29:435][  0]LogPakFile: Registered encryption key '00000000000000000000000000000000': 0 pak files mounted, 0 remain pending
[2019.01.10-14.47.29:459][  0]LogPakFile: Registered encryption key '00000000000000000000000000000000': 0 pak files mounted, 0 remain pending
[2019.01.10-14.47.29:486][  0]LogPakFile: Registered encryption key '00000000000000000000000000000000': 0 pak files mounted, 0 remain pending
[2019.01.10-14.47.29:524][  0]LogPakFile: Registered encryption key '00000000000000000000000000000000': 0 pak files mounted, 0 remain pending
[2019.01.10-14.47.31:348][  0]LogContentBrowser: Native class hierarchy updated for 'AddContentDialog' in 0.0007 seconds. Added 0 classes and 0 folders.
[2019.01.10-14.47.31:491][  0]LogContentBrowser: Native class hierarchy updated for 'SceneOutliner' in 0.0009 seconds. Added 1 classes and 2 folders.
[2019.01.10-14.47.34:116][  0]LogSlate: Took 0.015396 seconds to synchronously load lazily loaded font '../../../Engine/Content/Slate/Fonts/Roboto-Regular.ttf' (155K)
[2019.01.10-14.47.34:215][  0]LogSlate: Took 0.023010 seconds to synchronously load lazily loaded font '../../../Engine/Content/Slate/Fonts/Roboto-Bold.ttf' (160K)
[2019.01.10-14.47.34:354][  0]LogSlate: Took 0.016675 seconds to synchronously load lazily loaded font '../../../Engine/Content/Editor/Slate/Fonts/FontAwesome.ttf' (139K)
[2019.01.10-14.47.35:313][  0]LogRenderer: Reallocating scene render targets to support 1208x576 Format 10 NumSamples 1 (Frame:1).
[2019.01.10-14.47.37:622][  0]LogContentBrowser: Native class hierarchy updated for 'HierarchicalLODOutliner' in 0.0006 seconds. Added 0 classes and 0 folders.
[2019.01.10-14.47.37:622][  0]LogLoad: (Engine Initialization) Total time: 298.20 seconds
[2019.01.10-14.47.37:623][  0]LogLoad: (Engine Initialization) Total Blueprint compile time: 0.00 seconds
[2019.01.10-14.47.38:389][  0]LogEditorViewport: Clicking on Actor (LMB): BP_Sky_Sphere_C (BP_Sky_Sphere)
[2019.01.10-14.47.40:138][  0]LogContentStreaming: Texture pool size now 1000 MB
[2019.01.10-14.47.40:508][  0]LogSlate: Took 0.015580 seconds to synchronously load lazily loaded font '../../../Engine/Content/Slate/Fonts/Roboto-Light.ttf' (167K)
[2019.01.10-14.47.41:882][  5]LogAssetRegistry: Asset discovery search completed in 102.4992 seconds
[2019.01.10-14.47.41:917][  5]LogCollectionManager: Rebuilt the object cache for 0 collections in 0.000000 seconds (found 0 objects)
[2019.01.10-14.47.41:917][  5]LogCollectionManager: Fixed up redirectors for 0 collections in 0.007458 seconds (updated 0 objects)
[2019.01.10-14.47.42:125][  9]LogSlate: FSceneViewport::OnFocusLost() reason 0
[2019.01.10-14.54.08:603][473]LogEditorViewport: Clicking on Actor (LMB): BP_Large_Room_Square_With_Side_Attachment_C (Crew Privates)
[2019.01.10-14.54.11:427][546]LogSlate: FSceneViewport::OnFocusLost() reason 0
[2019.01.10-14.54.11:522][548]LogTemp: Repeating last play command: Selected Viewport
[2019.01.10-14.54.11:597][548]LogBlueprintUserMessages: Early PlayInEditor Detection: Level '/Game/Kim/Maps/SpaceMap.SpaceMap:PersistentLevel' has LevelScriptBlueprint '/Game/Kim/Maps/SpaceMap.SpaceMap:PersistentLevel.SpaceMap' with GeneratedClass '/Game/Kim/Maps/SpaceMap.SpaceMap_C' with ClassGeneratedBy '/Game/Kim/Maps/SpaceMap.SpaceMap:PersistentLevel.SpaceMap'
[2019.01.10-14.54.11:639][548]LogPlayLevel: PlayLevel: No blueprints needed recompiling
[2019.01.10-14.54.11:747][548]PIE: New page: PIE session: SpaceMap (10 Jan 2019 14:54:11)
[2019.01.10-14.54.11:884][548]LogPlayLevel: Creating play world package: /Game/Kim/Maps/UEDPIE_0_SpaceMap
[2019.01.10-14.54.12:010][548]LogPlayLevel: PIE: StaticDuplicateObject took: (0.126360s)
[2019.01.10-14.54.12:011][548]LogAIModule: Creating AISystem for world SpaceMap
[2019.01.10-14.54.12:026][548]LogPlayLevel: PIE: World Init took: (0.015106s)
[2019.01.10-14.54.12:026][548]LogPlayLevel: PIE: Created PIE world by copying editor world from /Game/Kim/Maps/SpaceMap.SpaceMap to /Game/Kim/Maps/UEDPIE_0_SpaceMap.SpaceMap (0.141937s)
[2019.01.10-14.54.12:090][548]LogInit: XAudio2 using 'Speakers / Headphones (Realtek Audio)' : 2 channels at 48 kHz using 32 bits per sample (channel mask 0x3)
[2019.01.10-14.54.12:182][548]LogInit: FAudioDevice initialized.
[2019.01.10-14.54.12:352][548]LogLoad: Game class is 'BP_ProjectToastEmptyGameModeBase_C'
[2019.01.10-14.54.12:582][548]LogWorld: Bringing World /Game/Kim/Maps/UEDPIE_0_SpaceMap.SpaceMap up for play (max tick rate 60) at 2019.01.10-14.54.12
[2019.01.10-14.54.12:696][548]LogWorld: Bringing up level for play took: 0.206441
[2019.01.10-14.54.13:023][548]LogContentBrowser: Native class hierarchy updated for 'MovieSceneCapture' in 0.0009 seconds. Added 20 classes and 0 folders.
[2019.01.10-14.54.13:073][548]ProjectSpace: FPSCharacter : Initialized
[2019.01.10-14.54.13:073][548]ProjectSpace: Welcome to Project Space! This is a logging message
[2019.01.10-14.54.13:083][548]PIE: Play in editor start time for /Game/Kim/Maps/UEDPIE_0_SpaceMap 2.193
[2019.01.10-14.54.13:083][548]LogBlueprintUserMessages: Late PlayInEditor Detection: Level '/Game/Kim/Maps/SpaceMap.SpaceMap:PersistentLevel' has LevelScriptBlueprint '/Game/Kim/Maps/SpaceMap.SpaceMap:PersistentLevel.SpaceMap' with GeneratedClass '/Game/Kim/Maps/SpaceMap.SpaceMap_C' with ClassGeneratedBy '/Game/Kim/Maps/SpaceMap.SpaceMap:PersistentLevel.SpaceMap'
[2019.01.10-14.56.57:009][430]LogBlueprintUserMessages: Early EndPlayMap Detection: Level '/Game/Kim/Maps/SpaceMap.SpaceMap:PersistentLevel' has LevelScriptBlueprint '/Game/Kim/Maps/SpaceMap.SpaceMap:PersistentLevel.SpaceMap' with GeneratedClass '/Game/Kim/Maps/SpaceMap.SpaceMap_C' with ClassGeneratedBy '/Game/Kim/Maps/SpaceMap.SpaceMap:PersistentLevel.SpaceMap'
[2019.01.10-14.56.57:042][430]LogSlate: Updating window title bar state: overlay mode, drag disabled, window buttons hidden, title bar hidden
[2019.01.10-14.56.57:248][430]LogPlayLevel: Display: Shutting down PIE online subsystems
[2019.01.10-14.56.57:248][430]LogBlueprintUserMessages: Late EndPlayMap Detection: Level '/Game/Kim/Maps/SpaceMap.SpaceMap:PersistentLevel' has LevelScriptBlueprint '/Game/Kim/Maps/SpaceMap.SpaceMap:PersistentLevel.SpaceMap' with GeneratedClass '/Game/Kim/Maps/SpaceMap.SpaceMap_C' with ClassGeneratedBy '/Game/Kim/Maps/SpaceMap.SpaceMap:PersistentLevel.SpaceMap'
[2019.01.10-14.56.57:392][430]LogSlate: Updating window title bar state: overlay mode, drag disabled, window buttons hidden, title bar hidden
[2019.01.10-14.56.57:621][431]LogPlayLevel: Display: Destroying online subsystem :Context_1
[2019.01.10-14.56.59:559][475]LogSlate: FSceneViewport::OnFocusLost() reason 0
[2019.01.10-14.57.08:602][618]LogD3D11RHI: Timed out while waiting for GPU to catch up. (0.5 s)
[2019.01.10-14.57.08:613][618]LogD3D11RHI: Error: Result failed 
 at D:\Build\++UE4\Sync\Engine\Source\Runtime\Windows\D3D11RHI\Private\D3D11Query.cpp:140 
 with error DXGI_ERROR_DEVICE_REMOVED DXGI_ERROR_DEVICE_HUNG
[2019.01.10-14.57.08:613][618]LogD3D11RHI: [Aftermath] GDynamicRHI=0000021B7AA340C0, GDX11NVAfterMathEnabled=0, Result=0xFFFFFFFF, bDeviceActive=0
[2019.01.10-14.57.08:727][618]LogWindows: Windows GetLastError: The operation completed successfully. (0)
[2019.01.10-14.57.20:666][618]LogOutputDevice: Warning: 

Script Stack (0 frames):

[2019.01.10-14.57.20:666][618]LogWindows: Windows GetLastError: The operation completed successfully. (0)
[2019.01.10-14.57.20:742][618]LogRHI: Error: SyncInterval 0
[2019.01.10-14.57.20:742][618]LogRHI: Error: SwapChainDesc.BufferDesc.Width 204
[2019.01.10-14.57.20:742][618]LogRHI: Error: SwapChainDesc.BufferDesc.Height 425
[2019.01.10-14.57.20:742][618]LogRHI: Error: SwapChainDesc.BufferDesc.RefreshRate.Numerator 0
[2019.01.10-14.57.20:742][618]LogRHI: Error: SwapChainDesc.BufferDesc.RefreshRate.Denominator 0
[2019.01.10-14.57.20:742][618]LogRHI: Error: SwapChainDesc.BufferDesc.Format 24
[2019.01.10-14.57.20:742][618]LogRHI: Error: SwapChainDesc.BufferDesc.ScanlineOrdering 0
[2019.01.10-14.57.20:742][618]LogRHI: Error: SwapChainDesc.BufferDesc.Scaling 0
[2019.01.10-14.57.20:742][618]LogRHI: Error: SwapChainDesc.SampleDesc.Count 1
[2019.01.10-14.57.20:742][618]LogRHI: Error: SwapChainDesc.SampleDesc.Quality 0
[2019.01.10-14.57.20:742][618]LogRHI: Error: SwapChainDesc.BufferUsage 48
[2019.01.10-14.57.20:742][618]LogRHI: Error: SwapChainDesc.BufferCount 1
[2019.01.10-14.57.20:742][618]LogRHI: Error: SwapChainDesc.OutputWindow 00000000004007C6
[2019.01.10-14.57.20:742][618]LogRHI: Error: SwapChainDesc.Windowed true
[2019.01.10-14.57.20:742][618]LogRHI: Error: SwapChainDesc.SwapEffect 0
[2019.01.10-14.57.20:742][618]LogRHI: Error: SwapChainDesc.Flags 2
[2019.01.10-14.57.20:742][618]LogD3D11RHI: Error: Result failed 
 at D:\Build\++UE4\Sync\Engine\Source\Runtime\Windows\D3D11RHI\Private\D3D11Viewport.cpp:361 
 with error DXGI_ERROR_DEVICE_REMOVED DXGI_ERROR_DEVICE_HUNG
[2019.01.10-14.57.20:742][618]LogD3D11RHI: [Aftermath] GDynamicRHI=0000021B7AA340C0, GDX11NVAfterMathEnabled=0, Result=0xFFFFFFFF, bDeviceActive=0
[2019.01.10-14.57.20:742][618]LogWindows: FPlatformMisc::RequestExit(1)
[2019.01.10-14.57.20:743][618]Log file closed, 01/10/19 14:57:20
