Log file open, 05/28/19 19:01:49
LogWindows: Failed to load 'aqProf.dll' (GetLastError=126)
LogWindows: File 'aqProf.dll' does not exist
LogWindows: Failed to load 'VtuneApi.dll' (GetLastError=126)
LogWindows: File 'VtuneApi.dll' does not exist
LogWindows: Failed to load 'VtuneApi32e.dll' (GetLastError=126)
LogWindows: File 'VtuneApi32e.dll' does not exist
LogConsoleResponse: Display: Failed to find resolution value strings in scalability ini. Falling back to default.
LogInit: Display: Running engine for game: ProjectToast
LogPakFile: Registered encryption key '00000000000000000000000000000000': 0 pak files mounted, 0 remain pending
LogPlatformFile: Not using cached read wrapper
LogTaskGraph: Started task graph with 5 named threads and 23 total threads with 3 sets of task threads.
LogStats: Stats thread started at 0.298306
LogD3D11RHI: Loaded GFSDK_Aftermath_Lib.x64.dll
LogICUInternationalization: ICU TimeZone Detection - Raw Offset: +0:00, Platform Override: ''
LogPluginManager: Mounting plugin Paper2D
LogPluginManager: Mounting plugin AISupport
LogPluginManager: Mounting plugin LightPropagationVolume
LogPluginManager: Mounting plugin ActorLayerUtilities
LogPluginManager: Mounting plugin AnimationSharing
LogPluginManager: Mounting plugin CLionSourceCodeAccess
LogPluginManager: Mounting plugin CodeLiteSourceCodeAccess
LogPluginManager: Mounting plugin GitSourceControl
LogPluginManager: Mounting plugin KDevelopSourceCodeAccess
LogPluginManager: Mounting plugin NullSourceCodeAccess
LogPluginManager: Mounting plugin PerforceSourceControl
LogPluginManager: Mounting plugin SubversionSourceControl
LogPluginManager: Mounting plugin UObjectPlugin
LogPluginManager: Mounting plugin VisualStudioCodeSourceCodeAccess
LogPluginManager: Mounting plugin VisualStudioSourceCodeAccess
LogPluginManager: Mounting plugin XCodeSourceCodeAccess
LogPluginManager: Mounting plugin AssetManagerEditor
LogPluginManager: Mounting plugin CryptoKeys
LogPluginManager: Mounting plugin DataValidation
LogPluginManager: Mounting plugin FacialAnimation
LogPluginManager: Mounting plugin GameplayTagsEditor
LogPluginManager: Mounting plugin MacGraphicsSwitching
LogPluginManager: Mounting plugin MaterialAnalyzer
LogPluginManager: Mounting plugin MobileLauncherProfileWizard
LogPluginManager: Mounting plugin PluginBrowser
LogPluginManager: Mounting plugin SpeedTreeImporter
LogPluginManager: Mounting plugin DatasmithContent
LogPluginManager: Mounting plugin VariantManagerContent
LogPluginManager: Mounting plugin AlembicImporter
LogPluginManager: Mounting plugin AppleImageUtils
LogPluginManager: Mounting plugin AppleVision
LogPluginManager: Mounting plugin BackChannel
LogPluginManager: Mounting plugin CharacterAI
LogPluginManager: Mounting plugin GeometryCache
LogPluginManager: Mounting plugin HTML5Networking
LogPluginManager: Mounting plugin ProxyLODPlugin
LogPluginManager: Mounting plugin SkeletalReduction
LogPluginManager: Mounting plugin MagicLeap
LogPluginManager: Mounting plugin MagicLeapMedia
LogPluginManager: Mounting plugin AndroidMedia
LogPluginManager: Mounting plugin AvfMedia
LogPluginManager: Mounting plugin ImgMedia
LogPluginManager: Mounting plugin LinearTimecode
LogPluginManager: Mounting plugin MediaCompositing
LogPluginManager: Mounting plugin MediaPlayerEditor
LogPluginManager: Mounting plugin WebMMedia
LogPluginManager: Mounting plugin WmfMedia
LogPluginManager: Mounting plugin TcpMessaging
LogPluginManager: Mounting plugin UdpMessaging
LogPluginManager: Mounting plugin ActorSequence
LogPluginManager: Mounting plugin LevelSequenceEditor
LogPluginManager: Mounting plugin MatineeToLevelSequence
LogPluginManager: Mounting plugin NetcodeUnitTest
LogPluginManager: Mounting plugin NUTUnrealEngine4
LogPluginManager: Mounting plugin OnlineSubsystemGooglePlay
LogPluginManager: Mounting plugin OnlineSubsystemIOS
LogPluginManager: Mounting plugin OnlineSubsystem
LogPluginManager: Mounting plugin OnlineSubsystemNull
LogPluginManager: Mounting plugin OnlineSubsystemUtils
LogPluginManager: Mounting plugin LauncherChunkInstaller
LogPluginManager: Mounting plugin AndroidDeviceProfileSelector
LogPluginManager: Mounting plugin AndroidMoviePlayer
LogPluginManager: Mounting plugin AndroidPermission
LogPluginManager: Mounting plugin AppleMoviePlayer
LogPluginManager: Mounting plugin ArchVisCharacter
LogPluginManager: Mounting plugin AudioCapture
LogPluginManager: Mounting plugin CableComponent
LogPluginManager: Mounting plugin CustomMeshComponent
LogPluginManager: Mounting plugin EditableMesh
LogPluginManager: Mounting plugin ExampleDeviceProfileSelector
LogPluginManager: Mounting plugin Firebase
LogPluginManager: Mounting plugin GoogleCloudMessaging
LogPluginManager: Mounting plugin IOSDeviceProfileSelector
LogPluginManager: Mounting plugin LinuxDeviceProfileSelector
LogPluginManager: Mounting plugin LocationServicesBPLibrary
LogPluginManager: Mounting plugin MobilePatchingUtils
LogPluginManager: Mounting plugin OculusVR
LogPluginManager: Mounting plugin PhysXVehicles
LogPluginManager: Mounting plugin ProceduralMeshComponent
LogPluginManager: Mounting plugin RuntimePhysXCooking
LogPluginManager: Mounting plugin SignificanceManager
LogPluginManager: Mounting plugin SteamVR
LogPluginManager: Mounting plugin WebMMoviePlayer
LogPluginManager: Mounting plugin WindowsMoviePlayer
LogInit: Using libcurl 7.55.1-DEV
LogInit:  - built for x86_64-pc-win32
LogInit:  - supports SSL with OpenSSL/1.1.1
LogInit:  - supports HTTP deflate (compression) using libz 1.2.8
LogInit:  - other features:
LogInit:      CURL_VERSION_SSL
LogInit:      CURL_VERSION_LIBZ
LogInit:      CURL_VERSION_IPV6
LogInit:      CURL_VERSION_ASYNCHDNS
LogInit:      CURL_VERSION_LARGEFILE
LogInit:      CURL_VERSION_IDN
LogInit:  CurlRequestOptions (configurable via config and command line):
LogInit:  - bVerifyPeer = true  - Libcurl will verify peer certificate
LogInit:  - bUseHttpProxy = false  - Libcurl will NOT use HTTP proxy
LogInit:  - bDontReuseConnections = false  - Libcurl will reuse connections
LogInit:  - MaxHostConnections = 16  - Libcurl will limit the number of connections to a host
LogInit:  - LocalHostAddr = Default
LogInit:  - BufferSize = 65536
LogInit: WinSock: version 1.1 (2.2), MaxSocks=32767, MaxUdp=65467
LogInit: Build: ++UE4+Release-4.22-CL-6063286
LogInit: Engine Version: 4.22.1-6063286+++UE4+Release-4.22
LogInit: Compatible Engine Version: 4.22.0-5660361+++UE4+Release-4.22
LogInit: Net CL: 5660361
LogInit: OS: Windows 10 (Release 1803) (), CPU: Intel(R) Core(TM) i7-7700HQ CPU @ 2.80GHz, GPU: Intel(R) HD Graphics 630
LogInit: Compiled (64-bit): Apr 24 2019 04:36:48
LogInit: Compiled with Visual C++: 19.16.27025.01
LogInit: Build Configuration: Development
LogInit: Branch Name: ++UE4+Release-4.22
LogInit: Command Line: 
LogInit: Base Directory: D:/Program Files/Epic/UE_4.22/Engine/Binaries/Win64/
LogInit: Installed Engine Build: 1
LogDevObjectVersion: Number of dev versions registered: 23
LogDevObjectVersion:   Dev-Blueprints (B0D832E4-1F89-4F0D-ACCF-7EB736FD4AA2): 10
LogDevObjectVersion:   Dev-Build (E1C64328-A22C-4D53-A36C-8E866417BD8C): 0
LogDevObjectVersion:   Dev-Core (375EC13C-06E4-48FB-B500-84F0262A717E): 3
LogDevObjectVersion:   Dev-Editor (E4B068ED-F494-42E9-A231-DA0B2E46BB41): 30
LogDevObjectVersion:   Dev-Framework (CFFC743F-43B0-4480-9391-14DF171D2073): 35
LogDevObjectVersion:   Dev-Mobile (B02B49B5-BB20-44E9-A304-32B752E40360): 2
LogDevObjectVersion:   Dev-Networking (A4E4105C-59A1-49B5-A7C5-40C4547EDFEE): 0
LogDevObjectVersion:   Dev-Online (39C831C9-5AE6-47DC-9A44-9C173E1C8E7C): 0
LogDevObjectVersion:   Dev-Physics (78F01B33-EBEA-4F98-B9B4-84EACCB95AA2): 0
LogDevObjectVersion:   Dev-Platform (6631380F-2D4D-43E0-8009-CF276956A95A): 0
LogDevObjectVersion:   Dev-Rendering (12F88B9F-8875-4AFC-A67C-D90C383ABD29): 28
LogDevObjectVersion:   Dev-Sequencer (7B5AE74C-D270-4C10-A958-57980B212A5A): 11
LogDevObjectVersion:   Dev-VR (D7296918-1DD6-4BDD-9DE2-64A83CC13884): 2
LogDevObjectVersion:   Dev-LoadTimes (C2A15278-BFE7-4AFE-6C17-90FF531DF755): 1
LogDevObjectVersion:   Private-Geometry (6EACA3D4-40EC-4CC1-B786-8BED09428FC5): 3
LogDevObjectVersion:   Dev-AnimPhys (29E575DD-E0A3-4627-9D10-D276232CDCEA): 17
LogDevObjectVersion:   Dev-Anim (AF43A65D-7FD3-4947-9873-3E8ED9C1BB05): 2
LogDevObjectVersion:   Dev-ReflectionCapture (6B266CEC-1EC7-4B8F-A30B-E4D90942FC07): 1
LogDevObjectVersion:   Dev-Automation (0DF73D61-A23F-47EA-B727-89E90C41499A): 1
LogDevObjectVersion:   FortniteMain (601D1886-AC64-4F84-AA16-D3DE0DEAC7D6): 25
LogDevObjectVersion:   Dev-Enterprise (9DFFBCD6-494F-0158-E221-12823C92A888): 6
LogDevObjectVersion:   Dev-Niagara (F2AED0AC-9AFE-416F-8664-AA7FFA26D6FC): 1
LogDevObjectVersion:   Dev-Destruction (174F1F0B-B4C6-45A5-B13F-2EE8D0FB917D): 2
LogInit: Presizing for max 16777216 objects, including 0 objects not considered by GC, pre-allocating 0 bytes for permanent pool.
LogInit: Object subsystem initialized
LogConfig: Setting CVar [[con.DebugEarlyDefault:1]]
LogConfig: Setting CVar [[r.setres:1280x720]]
[2019.05.28-18.01.50:169][  0]LogConfig: Setting CVar [[r.VSync:0]]
[2019.05.28-18.01.50:169][  0]LogConfig: Setting CVar [[r.RHICmdBypass:0]]
[2019.05.28-18.01.50:169][  0]LogConfig: Applying CVar settings from Section [/Script/Engine.RendererSettings] File [D:/Program Files/GitKraken/Uni-Project Toast/ProjectToastEmpty/Saved/Config/Windows/Engine.ini]
[2019.05.28-18.01.50:169][  0]LogConfig: Setting CVar [[r.GPUCrashDebugging:0]]
[2019.05.28-18.01.50:169][  0]LogConfig: Applying CVar settings from Section [/Script/Engine.RendererOverrideSettings] File [D:/Program Files/GitKraken/Uni-Project Toast/ProjectToastEmpty/Saved/Config/Windows/Engine.ini]
[2019.05.28-18.01.50:169][  0]LogConfig: Applying CVar settings from Section [/Script/Engine.StreamingSettings] File [D:/Program Files/GitKraken/Uni-Project Toast/ProjectToastEmpty/Saved/Config/Windows/Engine.ini]
[2019.05.28-18.01.50:169][  0]LogConfig: Setting CVar [[s.MinBulkDataSizeForAsyncLoading:131072]]
[2019.05.28-18.01.50:169][  0]LogConfig: Setting CVar [[s.AsyncLoadingThreadEnabled:0]]
[2019.05.28-18.01.50:169][  0]LogConfig: Setting CVar [[s.EventDrivenLoaderEnabled:1]]
[2019.05.28-18.01.50:169][  0]LogConfig: Setting CVar [[s.WarnIfTimeLimitExceeded:0]]
[2019.05.28-18.01.50:169][  0]LogConfig: Setting CVar [[s.TimeLimitExceededMultiplier:1.5]]
[2019.05.28-18.01.50:169][  0]LogConfig: Setting CVar [[s.TimeLimitExceededMinTime:0.005]]
[2019.05.28-18.01.50:169][  0]LogConfig: Setting CVar [[s.UseBackgroundLevelStreaming:1]]
[2019.05.28-18.01.50:169][  0]LogConfig: Setting CVar [[s.PriorityAsyncLoadingExtraTime:15.0]]
[2019.05.28-18.01.50:169][  0]LogConfig: Setting CVar [[s.LevelStreamingActorsUpdateTimeLimit:5.0]]
[2019.05.28-18.01.50:169][  0]LogConfig: Setting CVar [[s.PriorityLevelStreamingActorsUpdateExtraTime:5.0]]
[2019.05.28-18.01.50:169][  0]LogConfig: Setting CVar [[s.LevelStreamingComponentsRegistrationGranularity:10]]
[2019.05.28-18.01.50:169][  0]LogConfig: Setting CVar [[s.UnregisterComponentsTimeLimit:1.0]]
[2019.05.28-18.01.50:169][  0]LogConfig: Setting CVar [[s.LevelStreamingComponentsUnregistrationGranularity:5]]
[2019.05.28-18.01.50:169][  0]LogConfig: Applying CVar settings from Section [/Script/Engine.GarbageCollectionSettings] File [D:/Program Files/GitKraken/Uni-Project Toast/ProjectToastEmpty/Saved/Config/Windows/Engine.ini]
[2019.05.28-18.01.50:169][  0]LogConfig: Setting CVar [[gc.MaxObjectsNotConsideredByGC:1]]
[2019.05.28-18.01.50:169][  0]LogConfig: Setting CVar [[gc.SizeOfPermanentObjectPool:0]]
[2019.05.28-18.01.50:169][  0]LogConfig: Setting CVar [[gc.FlushStreamingOnGC:0]]
[2019.05.28-18.01.50:169][  0]LogConfig: Setting CVar [[gc.NumRetriesBeforeForcingGC:10]]
[2019.05.28-18.01.50:169][  0]LogConfig: Setting CVar [[gc.AllowParallelGC:1]]
[2019.05.28-18.01.50:169][  0]LogConfig: Setting CVar [[gc.TimeBetweenPurgingPendingKillObjects:61.1]]
[2019.05.28-18.01.50:169][  0]LogConfig: Setting CVar [[gc.MaxObjectsInEditor:16777216]]
[2019.05.28-18.01.50:169][  0]LogConfig: Setting CVar [[gc.IncrementalBeginDestroyEnabled:1]]
[2019.05.28-18.01.50:169][  0]LogConfig: Setting CVar [[gc.CreateGCClusters:1]]
[2019.05.28-18.01.50:169][  0]LogConfig: Setting CVar [[gc.MinGCClusterSize:5]]
[2019.05.28-18.01.50:169][  0]LogConfig: Setting CVar [[gc.ActorClusteringEnabled:0]]
[2019.05.28-18.01.50:169][  0]LogConfig: Setting CVar [[gc.BlueprintClusteringEnabled:0]]
[2019.05.28-18.01.50:169][  0]LogConfig: Setting CVar [[gc.UseDisregardForGCOnDedicatedServers:0]]
[2019.05.28-18.01.50:169][  0]LogConfig: Applying CVar settings from Section [/Script/Engine.NetworkSettings] File [D:/Program Files/GitKraken/Uni-Project Toast/ProjectToastEmpty/Saved/Config/Windows/Engine.ini]
[2019.05.28-18.01.50:169][  0]LogConfig: Applying CVar settings from Section [/Script/UnrealEd.CookerSettings] File [D:/Program Files/GitKraken/Uni-Project Toast/ProjectToastEmpty/Saved/Config/Windows/Engine.ini]
[2019.05.28-18.01.50:172][  0]LogConfig: Applying CVar settings from Section [ViewDistanceQuality@3] File [D:/Program Files/GitKraken/Uni-Project Toast/ProjectToastEmpty/Saved/Config/Windows/Scalability.ini]
[2019.05.28-18.01.50:172][  0]LogConfig: Setting CVar [[r.SkeletalMeshLODBias:0]]
[2019.05.28-18.01.50:172][  0]LogConfig: Setting CVar [[r.ViewDistanceScale:1.0]]
[2019.05.28-18.01.50:172][  0]LogConfig: Applying CVar settings from Section [AntiAliasingQuality@3] File [D:/Program Files/GitKraken/Uni-Project Toast/ProjectToastEmpty/Saved/Config/Windows/Scalability.ini]
[2019.05.28-18.01.50:172][  0]LogConfig: Setting CVar [[r.PostProcessAAQuality:4]]
[2019.05.28-18.01.50:172][  0]LogConfig: Applying CVar settings from Section [ShadowQuality@3] File [D:/Program Files/GitKraken/Uni-Project Toast/ProjectToastEmpty/Saved/Config/Windows/Scalability.ini]
[2019.05.28-18.01.50:172][  0]LogConfig: Setting CVar [[r.LightFunctionQuality:1]]
[2019.05.28-18.01.50:172][  0]LogConfig: Setting CVar [[r.ShadowQuality:5]]
[2019.05.28-18.01.50:172][  0]LogConfig: Setting CVar [[r.Shadow.CSM.MaxCascades:10]]
[2019.05.28-18.01.50:172][  0]LogConfig: Setting CVar [[r.Shadow.MaxResolution:2048]]
[2019.05.28-18.01.50:172][  0]LogConfig: Setting CVar [[r.Shadow.MaxCSMResolution:2048]]
[2019.05.28-18.01.50:172][  0]LogConfig: Setting CVar [[r.Shadow.RadiusThreshold:0.01]]
[2019.05.28-18.01.50:172][  0]LogConfig: Setting CVar [[r.Shadow.DistanceScale:1.0]]
[2019.05.28-18.01.50:172][  0]LogConfig: Setting CVar [[r.Shadow.CSM.TransitionScale:1.0]]
[2019.05.28-18.01.50:172][  0]LogConfig: Setting CVar [[r.Shadow.PreShadowResolutionFactor:1.0]]
[2019.05.28-18.01.50:172][  0]LogConfig: Setting CVar [[r.DistanceFieldShadowing:1]]
[2019.05.28-18.01.50:172][  0]LogConfig: Setting CVar [[r.DistanceFieldAO:1]]
[2019.05.28-18.01.50:172][  0]LogConfig: Setting CVar [[r.AOQuality:2]]
[2019.05.28-18.01.50:172][  0]LogConfig: Setting CVar [[r.VolumetricFog:1]]
[2019.05.28-18.01.50:172][  0]LogConfig: Setting CVar [[r.VolumetricFog.GridPixelSize:8]]
[2019.05.28-18.01.50:172][  0]LogConfig: Setting CVar [[r.VolumetricFog.GridSizeZ:128]]
[2019.05.28-18.01.50:172][  0]LogConfig: Setting CVar [[r.VolumetricFog.HistoryMissSupersampleCount:4]]
[2019.05.28-18.01.50:172][  0]LogConfig: Setting CVar [[r.LightMaxDrawDistanceScale:1]]
[2019.05.28-18.01.50:172][  0]LogConfig: Setting CVar [[r.CapsuleShadows:1]]
[2019.05.28-18.01.50:172][  0]LogConfig: Applying CVar settings from Section [PostProcessQuality@3] File [D:/Program Files/GitKraken/Uni-Project Toast/ProjectToastEmpty/Saved/Config/Windows/Scalability.ini]
[2019.05.28-18.01.50:172][  0]LogConfig: Setting CVar [[r.MotionBlurQuality:4]]
[2019.05.28-18.01.50:172][  0]LogConfig: Setting CVar [[r.AmbientOcclusionMipLevelFactor:0.4]]
[2019.05.28-18.01.50:172][  0]LogConfig: Setting CVar [[r.AmbientOcclusionMaxQuality:100]]
[2019.05.28-18.01.50:172][  0]LogConfig: Setting CVar [[r.AmbientOcclusionLevels:-1]]
[2019.05.28-18.01.50:172][  0]LogConfig: Setting CVar [[r.AmbientOcclusionRadiusScale:1.0]]
[2019.05.28-18.01.50:172][  0]LogConfig: Setting CVar [[r.DepthOfFieldQuality:2]]
[2019.05.28-18.01.50:172][  0]LogConfig: Setting CVar [[r.RenderTargetPoolMin:400]]
[2019.05.28-18.01.50:172][  0]LogConfig: Setting CVar [[r.LensFlareQuality:2]]
[2019.05.28-18.01.50:172][  0]LogConfig: Setting CVar [[r.SceneColorFringeQuality:1]]
[2019.05.28-18.01.50:172][  0]LogConfig: Setting CVar [[r.EyeAdaptationQuality:2]]
[2019.05.28-18.01.50:172][  0]LogConfig: Setting CVar [[r.BloomQuality:5]]
[2019.05.28-18.01.50:172][  0]LogConfig: Setting CVar [[r.FastBlurThreshold:100]]
[2019.05.28-18.01.50:173][  0]LogConfig: Setting CVar [[r.Upscale.Quality:3]]
[2019.05.28-18.01.50:173][  0]LogConfig: Setting CVar [[r.Tonemapper.GrainQuantization:1]]
[2019.05.28-18.01.50:173][  0]LogConfig: Setting CVar [[r.LightShaftQuality:1]]
[2019.05.28-18.01.50:173][  0]LogConfig: Setting CVar [[r.Filter.SizeScale:1]]
[2019.05.28-18.01.50:173][  0]LogConfig: Setting CVar [[r.Tonemapper.Quality:5]]
[2019.05.28-18.01.50:173][  0]LogConfig: Setting CVar [[r.DOF.Gather.AccumulatorQuality:1        ; higher gathering accumulator quality]]
[2019.05.28-18.01.50:173][  0]LogConfig: Setting CVar [[r.DOF.Gather.PostfilterMethod:1          ; Median3x3 postfilering method]]
[2019.05.28-18.01.50:173][  0]LogConfig: Setting CVar [[r.DOF.Gather.EnableBokehSettings:0       ; no bokeh simulation when gathering]]
[2019.05.28-18.01.50:173][  0]LogConfig: Setting CVar [[r.DOF.Gather.RingCount:4                 ; medium number of samples when gathering]]
[2019.05.28-18.01.50:173][  0]LogConfig: Setting CVar [[r.DOF.Scatter.ForegroundCompositing:1    ; additive foreground scattering]]
[2019.05.28-18.01.50:173][  0]LogConfig: Setting CVar [[r.DOF.Scatter.BackgroundCompositing:2    ; additive background scattering]]
[2019.05.28-18.01.50:173][  0]LogConfig: Setting CVar [[r.DOF.Scatter.EnableBokehSettings:1      ; bokeh simulation when scattering]]
[2019.05.28-18.01.50:173][  0]LogConfig: Setting CVar [[r.DOF.Scatter.MaxSpriteRatio:0.1         ; only a maximum of 10% of scattered bokeh]]
[2019.05.28-18.01.50:173][  0]LogConfig: Setting CVar [[r.DOF.Recombine.Quality:1                ; cheap slight out of focus]]
[2019.05.28-18.01.50:173][  0]LogConfig: Setting CVar [[r.DOF.Recombine.EnableBokehSettings:0    ; no bokeh simulation on slight out of focus]]
[2019.05.28-18.01.50:173][  0]LogConfig: Setting CVar [[r.DOF.TemporalAAQuality:1                ; more stable temporal accumulation]]
[2019.05.28-18.01.50:173][  0]LogConfig: Setting CVar [[r.DOF.Kernel.MaxForegroundRadius:0.025]]
[2019.05.28-18.01.50:173][  0]LogConfig: Setting CVar [[r.DOF.Kernel.MaxBackgroundRadius:0.025]]
[2019.05.28-18.01.50:173][  0]LogConfig: Applying CVar settings from Section [TextureQuality@3] File [D:/Program Files/GitKraken/Uni-Project Toast/ProjectToastEmpty/Saved/Config/Windows/Scalability.ini]
[2019.05.28-18.01.50:173][  0]LogConfig: Setting CVar [[r.Streaming.MipBias:0]]
[2019.05.28-18.01.50:173][  0]LogConfig: Setting CVar [[r.Streaming.AmortizeCPUToGPUCopy:0]]
[2019.05.28-18.01.50:173][  0]LogConfig: Setting CVar [[r.Streaming.MaxNumTexturesToStreamPerFrame:0]]
[2019.05.28-18.01.50:173][  0]LogConfig: Setting CVar [[r.Streaming.Boost:1]]
[2019.05.28-18.01.50:173][  0]LogConfig: Setting CVar [[r.MaxAnisotropy:8]]
[2019.05.28-18.01.50:173][  0]LogConfig: Setting CVar [[r.Streaming.LimitPoolSizeToVRAM:0]]
[2019.05.28-18.01.50:173][  0]LogConfig: Setting CVar [[r.Streaming.PoolSize:1000]]
[2019.05.28-18.01.50:173][  0]LogConfig: Setting CVar [[r.Streaming.MaxEffectiveScreenSize:0]]
[2019.05.28-18.01.50:173][  0]LogConfig: Applying CVar settings from Section [EffectsQuality@3] File [D:/Program Files/GitKraken/Uni-Project Toast/ProjectToastEmpty/Saved/Config/Windows/Scalability.ini]
[2019.05.28-18.01.50:173][  0]LogConfig: Setting CVar [[r.TranslucencyLightingVolumeDim:64]]
[2019.05.28-18.01.50:173][  0]LogConfig: Setting CVar [[r.RefractionQuality:2]]
[2019.05.28-18.01.50:173][  0]LogConfig: Setting CVar [[r.SSR.Quality:3]]
[2019.05.28-18.01.50:173][  0]LogConfig: Setting CVar [[r.SceneColorFormat:4]]
[2019.05.28-18.01.50:173][  0]LogConfig: Setting CVar [[r.DetailMode:2]]
[2019.05.28-18.01.50:173][  0]LogConfig: Setting CVar [[r.TranslucencyVolumeBlur:1]]
[2019.05.28-18.01.50:173][  0]LogConfig: Setting CVar [[r.MaterialQualityLevel:1 ; High quality]]
[2019.05.28-18.01.50:173][  0]LogConfig: Setting CVar [[r.SSS.Scale:1]]
[2019.05.28-18.01.50:173][  0]LogConfig: Setting CVar [[r.SSS.SampleSet:2]]
[2019.05.28-18.01.50:173][  0]LogConfig: Setting CVar [[r.SSS.Quality:1]]
[2019.05.28-18.01.50:173][  0]LogConfig: Setting CVar [[r.SSS.HalfRes:1]]
[2019.05.28-18.01.50:173][  0]LogConfig: Setting CVar [[r.EmitterSpawnRateScale:1.0]]
[2019.05.28-18.01.50:173][  0]LogConfig: Setting CVar [[r.ParticleLightQuality:2]]
[2019.05.28-18.01.50:173][  0]LogConfig: Applying CVar settings from Section [FoliageQuality@3] File [D:/Program Files/GitKraken/Uni-Project Toast/ProjectToastEmpty/Saved/Config/Windows/Scalability.ini]
[2019.05.28-18.01.50:173][  0]LogConfig: Setting CVar [[foliage.DensityScale:1.0]]
[2019.05.28-18.01.50:173][  0]LogConfig: Setting CVar [[grass.DensityScale:1.0]]
[2019.05.28-18.01.50:173][  0]LogInit: Selected Device Profile: [Windows]
[2019.05.28-18.01.50:173][  0]LogInit: Applying CVar settings loaded from the selected device profile: [Windows]
[2019.05.28-18.01.50:181][  0]LogHAL: Display: Platform has ~ 8 GB [8445181952 / 8589934592 / 8], which maps to Default [LargestMinGB=32, LargerMinGB=12, DefaultMinGB=8, SmallerMinGB=6, SmallestMinGB=0)
[2019.05.28-18.01.50:181][  0]LogConfig: Setting CVar [[r.Vulkan.UseRealUBs:0		; Required until we fix HLR fall-out]]
[2019.05.28-18.01.50:181][  0]LogInit: Going up to parent DeviceProfile []
[2019.05.28-18.01.50:181][  0]LogConfig: Applying CVar settings from Section [ViewDistanceQuality@3] File [D:/Program Files/GitKraken/Uni-Project Toast/ProjectToastEmpty/Saved/Config/Windows/Scalability.ini]
[2019.05.28-18.01.50:181][  0]LogConfig: Setting CVar [[r.SkeletalMeshLODBias:0]]
[2019.05.28-18.01.50:181][  0]LogConfig: Setting CVar [[r.ViewDistanceScale:1.0]]
[2019.05.28-18.01.50:181][  0]LogConfig: Applying CVar settings from Section [AntiAliasingQuality@3] File [D:/Program Files/GitKraken/Uni-Project Toast/ProjectToastEmpty/Saved/Config/Windows/Scalability.ini]
[2019.05.28-18.01.50:181][  0]LogConfig: Setting CVar [[r.PostProcessAAQuality:4]]
[2019.05.28-18.01.50:181][  0]LogConfig: Applying CVar settings from Section [ShadowQuality@3] File [D:/Program Files/GitKraken/Uni-Project Toast/ProjectToastEmpty/Saved/Config/Windows/Scalability.ini]
[2019.05.28-18.01.50:181][  0]LogConfig: Setting CVar [[r.LightFunctionQuality:1]]
[2019.05.28-18.01.50:181][  0]LogConfig: Setting CVar [[r.ShadowQuality:5]]
[2019.05.28-18.01.50:181][  0]LogConfig: Setting CVar [[r.Shadow.CSM.MaxCascades:10]]
[2019.05.28-18.01.50:181][  0]LogConfig: Setting CVar [[r.Shadow.MaxResolution:2048]]
[2019.05.28-18.01.50:181][  0]LogConfig: Setting CVar [[r.Shadow.MaxCSMResolution:2048]]
[2019.05.28-18.01.50:181][  0]LogConfig: Setting CVar [[r.Shadow.RadiusThreshold:0.01]]
[2019.05.28-18.01.50:181][  0]LogConfig: Setting CVar [[r.Shadow.DistanceScale:1.0]]
[2019.05.28-18.01.50:181][  0]LogConfig: Setting CVar [[r.Shadow.CSM.TransitionScale:1.0]]
[2019.05.28-18.01.50:181][  0]LogConfig: Setting CVar [[r.Shadow.PreShadowResolutionFactor:1.0]]
[2019.05.28-18.01.50:181][  0]LogConfig: Setting CVar [[r.DistanceFieldShadowing:1]]
[2019.05.28-18.01.50:181][  0]LogConfig: Setting CVar [[r.DistanceFieldAO:1]]
[2019.05.28-18.01.50:181][  0]LogConfig: Setting CVar [[r.AOQuality:2]]
[2019.05.28-18.01.50:181][  0]LogConfig: Setting CVar [[r.VolumetricFog:1]]
[2019.05.28-18.01.50:181][  0]LogConfig: Setting CVar [[r.VolumetricFog.GridPixelSize:8]]
[2019.05.28-18.01.50:181][  0]LogConfig: Setting CVar [[r.VolumetricFog.GridSizeZ:128]]
[2019.05.28-18.01.50:181][  0]LogConfig: Setting CVar [[r.VolumetricFog.HistoryMissSupersampleCount:4]]
[2019.05.28-18.01.50:181][  0]LogConfig: Setting CVar [[r.LightMaxDrawDistanceScale:1]]
[2019.05.28-18.01.50:181][  0]LogConfig: Setting CVar [[r.CapsuleShadows:1]]
[2019.05.28-18.01.50:181][  0]LogConfig: Applying CVar settings from Section [PostProcessQuality@3] File [D:/Program Files/GitKraken/Uni-Project Toast/ProjectToastEmpty/Saved/Config/Windows/Scalability.ini]
[2019.05.28-18.01.50:181][  0]LogConfig: Setting CVar [[r.MotionBlurQuality:4]]
[2019.05.28-18.01.50:181][  0]LogConfig: Setting CVar [[r.AmbientOcclusionMipLevelFactor:0.4]]
[2019.05.28-18.01.50:181][  0]LogConfig: Setting CVar [[r.AmbientOcclusionMaxQuality:100]]
[2019.05.28-18.01.50:181][  0]LogConfig: Setting CVar [[r.AmbientOcclusionLevels:-1]]
[2019.05.28-18.01.50:181][  0]LogConfig: Setting CVar [[r.AmbientOcclusionRadiusScale:1.0]]
[2019.05.28-18.01.50:181][  0]LogConfig: Setting CVar [[r.DepthOfFieldQuality:2]]
[2019.05.28-18.01.50:181][  0]LogConfig: Setting CVar [[r.RenderTargetPoolMin:400]]
[2019.05.28-18.01.50:181][  0]LogConfig: Setting CVar [[r.LensFlareQuality:2]]
[2019.05.28-18.01.50:181][  0]LogConfig: Setting CVar [[r.SceneColorFringeQuality:1]]
[2019.05.28-18.01.50:181][  0]LogConfig: Setting CVar [[r.EyeAdaptationQuality:2]]
[2019.05.28-18.01.50:181][  0]LogConfig: Setting CVar [[r.BloomQuality:5]]
[2019.05.28-18.01.50:181][  0]LogConfig: Setting CVar [[r.FastBlurThreshold:100]]
[2019.05.28-18.01.50:181][  0]LogConfig: Setting CVar [[r.Upscale.Quality:3]]
[2019.05.28-18.01.50:181][  0]LogConfig: Setting CVar [[r.Tonemapper.GrainQuantization:1]]
[2019.05.28-18.01.50:181][  0]LogConfig: Setting CVar [[r.LightShaftQuality:1]]
[2019.05.28-18.01.50:181][  0]LogConfig: Setting CVar [[r.Filter.SizeScale:1]]
[2019.05.28-18.01.50:181][  0]LogConfig: Setting CVar [[r.Tonemapper.Quality:5]]
[2019.05.28-18.01.50:181][  0]LogConfig: Setting CVar [[r.DOF.Gather.AccumulatorQuality:1        ; higher gathering accumulator quality]]
[2019.05.28-18.01.50:181][  0]LogConfig: Setting CVar [[r.DOF.Gather.PostfilterMethod:1          ; Median3x3 postfilering method]]
[2019.05.28-18.01.50:181][  0]LogConfig: Setting CVar [[r.DOF.Gather.EnableBokehSettings:0       ; no bokeh simulation when gathering]]
[2019.05.28-18.01.50:181][  0]LogConfig: Setting CVar [[r.DOF.Gather.RingCount:4                 ; medium number of samples when gathering]]
[2019.05.28-18.01.50:181][  0]LogConfig: Setting CVar [[r.DOF.Scatter.ForegroundCompositing:1    ; additive foreground scattering]]
[2019.05.28-18.01.50:181][  0]LogConfig: Setting CVar [[r.DOF.Scatter.BackgroundCompositing:2    ; additive background scattering]]
[2019.05.28-18.01.50:181][  0]LogConfig: Setting CVar [[r.DOF.Scatter.EnableBokehSettings:1      ; bokeh simulation when scattering]]
[2019.05.28-18.01.50:181][  0]LogConfig: Setting CVar [[r.DOF.Scatter.MaxSpriteRatio:0.1         ; only a maximum of 10% of scattered bokeh]]
[2019.05.28-18.01.50:181][  0]LogConfig: Setting CVar [[r.DOF.Recombine.Quality:1                ; cheap slight out of focus]]
[2019.05.28-18.01.50:181][  0]LogConfig: Setting CVar [[r.DOF.Recombine.EnableBokehSettings:0    ; no bokeh simulation on slight out of focus]]
[2019.05.28-18.01.50:181][  0]LogConfig: Setting CVar [[r.DOF.TemporalAAQuality:1                ; more stable temporal accumulation]]
[2019.05.28-18.01.50:182][  0]LogConfig: Setting CVar [[r.DOF.Kernel.MaxForegroundRadius:0.025]]
[2019.05.28-18.01.50:182][  0]LogConfig: Setting CVar [[r.DOF.Kernel.MaxBackgroundRadius:0.025]]
[2019.05.28-18.01.50:182][  0]LogConfig: Applying CVar settings from Section [TextureQuality@3] File [D:/Program Files/GitKraken/Uni-Project Toast/ProjectToastEmpty/Saved/Config/Windows/Scalability.ini]
[2019.05.28-18.01.50:182][  0]LogConfig: Setting CVar [[r.Streaming.MipBias:0]]
[2019.05.28-18.01.50:182][  0]LogConfig: Setting CVar [[r.Streaming.AmortizeCPUToGPUCopy:0]]
[2019.05.28-18.01.50:182][  0]LogConfig: Setting CVar [[r.Streaming.MaxNumTexturesToStreamPerFrame:0]]
[2019.05.28-18.01.50:182][  0]LogConfig: Setting CVar [[r.Streaming.Boost:1]]
[2019.05.28-18.01.50:182][  0]LogConfig: Setting CVar [[r.MaxAnisotropy:8]]
[2019.05.28-18.01.50:182][  0]LogConfig: Setting CVar [[r.Streaming.LimitPoolSizeToVRAM:0]]
[2019.05.28-18.01.50:182][  0]LogConfig: Setting CVar [[r.Streaming.PoolSize:1000]]
[2019.05.28-18.01.50:182][  0]LogConfig: Setting CVar [[r.Streaming.MaxEffectiveScreenSize:0]]
[2019.05.28-18.01.50:182][  0]LogConfig: Applying CVar settings from Section [EffectsQuality@3] File [D:/Program Files/GitKraken/Uni-Project Toast/ProjectToastEmpty/Saved/Config/Windows/Scalability.ini]
[2019.05.28-18.01.50:182][  0]LogConfig: Setting CVar [[r.TranslucencyLightingVolumeDim:64]]
[2019.05.28-18.01.50:182][  0]LogConfig: Setting CVar [[r.RefractionQuality:2]]
[2019.05.28-18.01.50:182][  0]LogConfig: Setting CVar [[r.SSR.Quality:3]]
[2019.05.28-18.01.50:182][  0]LogConfig: Setting CVar [[r.SceneColorFormat:4]]
[2019.05.28-18.01.50:182][  0]LogConfig: Setting CVar [[r.DetailMode:2]]
[2019.05.28-18.01.50:182][  0]LogConfig: Setting CVar [[r.TranslucencyVolumeBlur:1]]
[2019.05.28-18.01.50:182][  0]LogConfig: Setting CVar [[r.MaterialQualityLevel:1 ; High quality]]
[2019.05.28-18.01.50:182][  0]LogConfig: Setting CVar [[r.SSS.Scale:1]]
[2019.05.28-18.01.50:182][  0]LogConfig: Setting CVar [[r.SSS.SampleSet:2]]
[2019.05.28-18.01.50:182][  0]LogConfig: Setting CVar [[r.SSS.Quality:1]]
[2019.05.28-18.01.50:182][  0]LogConfig: Setting CVar [[r.SSS.HalfRes:1]]
[2019.05.28-18.01.50:182][  0]LogConfig: Setting CVar [[r.EmitterSpawnRateScale:1.0]]
[2019.05.28-18.01.50:182][  0]LogConfig: Setting CVar [[r.ParticleLightQuality:2]]
[2019.05.28-18.01.50:182][  0]LogConfig: Applying CVar settings from Section [FoliageQuality@3] File [D:/Program Files/GitKraken/Uni-Project Toast/ProjectToastEmpty/Saved/Config/Windows/Scalability.ini]
[2019.05.28-18.01.50:182][  0]LogConfig: Setting CVar [[foliage.DensityScale:1.0]]
[2019.05.28-18.01.50:182][  0]LogConfig: Setting CVar [[grass.DensityScale:1.0]]
[2019.05.28-18.01.50:182][  0]LogConfig: Applying CVar settings from Section [Startup] File [../../../Engine/Config/ConsoleVariables.ini]
[2019.05.28-18.01.50:182][  0]LogConfig: Setting CVar [[net.UseAdaptiveNetUpdateFrequency:0]]
[2019.05.28-18.01.50:182][  0]LogConfig: Setting CVar [[p.chaos.AllowCreatePhysxBodies:1]]
[2019.05.28-18.01.50:182][  0]LogConfig: Applying CVar settings from Section [ConsoleVariables] File [D:/Program Files/GitKraken/Uni-Project Toast/ProjectToastEmpty/Saved/Config/Windows/Engine.ini]
[2019.05.28-18.01.50:182][  0]LogInit: Computer: DESKTOP-NP50MTH
[2019.05.28-18.01.50:182][  0]LogInit: User: batte
[2019.05.28-18.01.50:182][  0]LogInit: CPU Page size=4096, Cores=4
[2019.05.28-18.01.50:182][  0]LogInit: High frequency timer resolution =2.742184 MHz
[2019.05.28-18.01.50:182][  0]LogMemory: Memory total: Physical=7.9GB (8GB approx)
[2019.05.28-18.01.50:182][  0]LogMemory: Platform Memory Stats for Windows
[2019.05.28-18.01.50:182][  0]LogMemory: Process Physical Memory: 97.71 MB used, 97.71 MB peak
[2019.05.28-18.01.50:183][  0]LogMemory: Process Virtual Memory: 89.32 MB used, 89.32 MB peak
[2019.05.28-18.01.50:183][  0]LogMemory: Physical Memory: 5086.23 MB used,  2967.72 MB free, 8053.95 MB total
[2019.05.28-18.01.50:183][  0]LogMemory: Virtual Memory: 4644.81 MB used,  134213080.00 MB free, 134217728.00 MB total
[2019.05.28-18.01.50:206][  0]LogInit: Using OS detected language (en-US).
[2019.05.28-18.01.50:206][  0]LogInit: Using OS detected locale (en-GB).
[2019.05.28-18.01.50:207][  0]LogTextLocalizationManager: No specific localization for 'en-US' exists, so the 'en' localization will be used.
[2019.05.28-18.01.50:365][  0]LogInit: Setting process to per monitor DPI aware
[2019.05.28-18.01.50:404][  0]LogSlate: New Slate User Created.  User Index 0, Is Virtual User: 0
[2019.05.28-18.01.50:404][  0]LogSlate: Slate User Registered.  User Index 0, Is Virtual User: 0
[2019.05.28-18.01.50:638][  0]LogHMD: Failed to initialize OpenVR with code 110
[2019.05.28-18.01.50:638][  0]LogD3D11RHI: D3D11 adapters:
[2019.05.28-18.01.50:712][  0]LogD3D11RHI:    0. 'NVIDIA GeForce GTX 1050' (Feature Level 11_0)
[2019.05.28-18.01.50:712][  0]LogD3D11RHI:       4021/0/4026 MB DedicatedVideo/DedicatedSystem/SharedSystem, Outputs:1, VendorId:0x10de
[2019.05.28-18.01.50:727][  0]LogD3D11RHI:    1. 'Intel(R) HD Graphics 630' (Feature Level 11_0)
[2019.05.28-18.01.50:727][  0]LogD3D11RHI:       128/0/4026 MB DedicatedVideo/DedicatedSystem/SharedSystem, Outputs:0, VendorId:0x8086
[2019.05.28-18.01.50:729][  0]LogD3D11RHI:    2. 'Microsoft Basic Render Driver' (Feature Level 11_0)
[2019.05.28-18.01.50:729][  0]LogD3D11RHI:       0/0/4026 MB DedicatedVideo/DedicatedSystem/SharedSystem, Outputs:0, VendorId:0x1414
[2019.05.28-18.01.50:729][  0]LogD3D11RHI: Chosen D3D11 Adapter: 0
[2019.05.28-18.01.50:765][  0]LogD3D11RHI: Creating new Direct3DDevice
[2019.05.28-18.01.50:765][  0]LogD3D11RHI:     GPU DeviceId: 0x1c8d (for the marketing name, search the web for "GPU Device Id")
[2019.05.28-18.01.50:765][  0]LogWindows: EnumDisplayDevices:
[2019.05.28-18.01.50:765][  0]LogWindows:    0. 'Intel(R) HD Graphics 630' (P:1 D:1)
[2019.05.28-18.01.50:766][  0]LogWindows:    1. 'Intel(R) HD Graphics 630' (P:0 D:0)
[2019.05.28-18.01.50:766][  0]LogWindows:    2. 'Intel(R) HD Graphics 630' (P:0 D:0)
[2019.05.28-18.01.50:766][  0]LogWindows: DebugString: PrimaryIsNotTheChoosenAdapter PrimaryIsNotTheChoosenAdapter PrimaryIsNotTheChoosenAdapter FoundDriverCount:0 
[2019.05.28-18.01.50:766][  0]LogD3D11RHI:     Adapter Name: NVIDIA GeForce GTX 1050
[2019.05.28-18.01.50:766][  0]LogD3D11RHI:   Driver Version: Unknown (internal:Unknown, unified:Unknown)
[2019.05.28-18.01.50:766][  0]LogD3D11RHI:      Driver Date: Unknown
[2019.05.28-18.01.50:766][  0]LogRHI: Texture pool is 2814 MB (70% of 4021 MB)
[2019.05.28-18.01.50:811][  0]LogD3D11RHI: Async texture creation enabled
[2019.05.28-18.01.50:817][  0]LogRendererCore: FGlobalReadBuffer::InitRHI
[2019.05.28-18.01.50:818][  0]LogRendererCore: FGlobalReadBuffer::InitRHI
[2019.05.28-18.01.50:818][  0]LogRendererCore: FGlobalReadBuffer::InitRHI
[2019.05.28-18.01.50:826][  0]LogD3D11RHI: GPU Timing Frequency: 1000.000000 (Debug: 2 1)
[2019.05.28-18.01.51:198][  0]LogTemp: Display: Module 'AllDesktopTargetPlatform' loaded TargetPlatform 'AllDesktop'
[2019.05.28-18.01.51:214][  0]LogTemp: Display: Module 'MacClientTargetPlatform' loaded TargetPlatform 'MacClient'
[2019.05.28-18.01.51:229][  0]LogTemp: Display: Module 'MacNoEditorTargetPlatform' loaded TargetPlatform 'MacNoEditor'
[2019.05.28-18.01.51:243][  0]LogTemp: Display: Module 'MacServerTargetPlatform' loaded TargetPlatform 'MacServer'
[2019.05.28-18.01.51:258][  0]LogTemp: Display: Module 'MacTargetPlatform' loaded TargetPlatform 'Mac'
[2019.05.28-18.01.51:273][  0]LogTemp: Display: Module 'WindowsClientTargetPlatform' loaded TargetPlatform 'WindowsClient'
[2019.05.28-18.01.51:288][  0]LogTemp: Display: Module 'WindowsNoEditorTargetPlatform' loaded TargetPlatform 'WindowsNoEditor'
[2019.05.28-18.01.51:302][  0]LogTemp: Display: Module 'WindowsServerTargetPlatform' loaded TargetPlatform 'WindowsServer'
[2019.05.28-18.01.51:309][  0]LogTemp: Display: Module 'WindowsTargetPlatform' loaded TargetPlatform 'Windows'
[2019.05.28-18.01.51:393][  0]LogTemp: Display: Module 'AndroidTargetPlatform' loaded TargetPlatform 'Android'
[2019.05.28-18.01.51:393][  0]LogTemp: Display: Module 'AndroidTargetPlatform' loaded TargetPlatform 'Android_ASTC'
[2019.05.28-18.01.51:394][  0]LogTemp: Display: Module 'AndroidTargetPlatform' loaded TargetPlatform 'Android_ATC'
[2019.05.28-18.01.51:394][  0]LogTemp: Display: Module 'AndroidTargetPlatform' loaded TargetPlatform 'Android_DXT'
[2019.05.28-18.01.51:394][  0]LogTemp: Display: Module 'AndroidTargetPlatform' loaded TargetPlatform 'Android_ETC1'
[2019.05.28-18.01.51:394][  0]LogTemp: Display: Module 'AndroidTargetPlatform' loaded TargetPlatform 'Android_ETC1a'
[2019.05.28-18.01.51:394][  0]LogTemp: Display: Module 'AndroidTargetPlatform' loaded TargetPlatform 'Android_ETC2'
[2019.05.28-18.01.51:394][  0]LogTemp: Display: Module 'AndroidTargetPlatform' loaded TargetPlatform 'Android_PVRTC'
[2019.05.28-18.01.51:394][  0]LogTemp: Display: Module 'AndroidTargetPlatform' loaded TargetPlatform 'AndroidClient'
[2019.05.28-18.01.51:394][  0]LogTemp: Display: Module 'AndroidTargetPlatform' loaded TargetPlatform 'Android_ASTCClient'
[2019.05.28-18.01.51:394][  0]LogTemp: Display: Module 'AndroidTargetPlatform' loaded TargetPlatform 'Android_ATCClient'
[2019.05.28-18.01.51:394][  0]LogTemp: Display: Module 'AndroidTargetPlatform' loaded TargetPlatform 'Android_DXTClient'
[2019.05.28-18.01.51:394][  0]LogTemp: Display: Module 'AndroidTargetPlatform' loaded TargetPlatform 'Android_ETC1Client'
[2019.05.28-18.01.51:394][  0]LogTemp: Display: Module 'AndroidTargetPlatform' loaded TargetPlatform 'Android_ETC1aClient'
[2019.05.28-18.01.51:394][  0]LogTemp: Display: Module 'AndroidTargetPlatform' loaded TargetPlatform 'Android_ETC2Client'
[2019.05.28-18.01.51:394][  0]LogTemp: Display: Module 'AndroidTargetPlatform' loaded TargetPlatform 'Android_PVRTCClient'
[2019.05.28-18.01.51:394][  0]LogTemp: Display: Module 'AndroidTargetPlatform' loaded TargetPlatform 'Android_Multi'
[2019.05.28-18.01.51:394][  0]LogTemp: Display: Module 'AndroidTargetPlatform' loaded TargetPlatform 'Android_MultiClient'
[2019.05.28-18.01.51:395][  0]LogTemp: Display: Module 'HTML5TargetPlatform' loaded TargetPlatform 'HTML5'
[2019.05.28-18.01.51:447][  0]LogTemp: Display: Module 'IOSTargetPlatform' loaded TargetPlatform 'IOSClient'
[2019.05.28-18.01.51:447][  0]LogTemp: Display: Module 'IOSTargetPlatform' loaded TargetPlatform 'IOS'
[2019.05.28-18.01.51:471][  0]LogTemp: Display: Module 'TVOSTargetPlatform' loaded TargetPlatform 'TVOSClient'
[2019.05.28-18.01.51:471][  0]LogTemp: Display: Module 'TVOSTargetPlatform' loaded TargetPlatform 'TVOS'
[2019.05.28-18.01.51:484][  0]LogTemp: Display: Module 'LinuxClientTargetPlatform' loaded TargetPlatform 'LinuxClient'
[2019.05.28-18.01.51:497][  0]LogTemp: Display: Module 'LinuxNoEditorTargetPlatform' loaded TargetPlatform 'LinuxNoEditor'
[2019.05.28-18.01.51:510][  0]LogTemp: Display: Module 'LinuxServerTargetPlatform' loaded TargetPlatform 'LinuxServer'
[2019.05.28-18.01.51:524][  0]LogTemp: Display: Module 'LinuxTargetPlatform' loaded TargetPlatform 'Linux'
[2019.05.28-18.01.51:572][  0]LogTemp: Display: Module 'LuminTargetPlatform' loaded TargetPlatform 'Lumin'
[2019.05.28-18.01.51:572][  0]LogTemp: Display: Module 'LuminTargetPlatform' loaded TargetPlatform 'LuminClient'
[2019.05.28-18.01.51:572][  0]LogTargetPlatformManager: Display: Building Assets For Windows
[2019.05.28-18.01.51:581][  0]LogAudioDebug: Display: Lib vorbis DLL was dynamically loaded.
[2019.05.28-18.01.51:631][  0]LogShaderCompilers: Guid format shader working directory is -14 characters bigger than the processId version (../../../../../GitKraken/Uni-Project Toast/ProjectToastEmpty/Intermediate/Shaders/WorkingDirectory/6588/).
[2019.05.28-18.01.51:631][  0]LogShaderCompilers: Cleaned the shader compiler working directory 'C:/Users/batte/AppData/Local/Temp/UnrealShaderWorkingDir/EA547BF5485F9A3F28B0D287A8E6D661/'.
[2019.05.28-18.01.51:633][  0]LogXGEController: Cannot use XGE Controller as Incredibuild is not installed on this machine.
[2019.05.28-18.01.51:633][  0]LogShaderCompilers: Cannot use XGE Shader Compiler as Incredibuild is not installed on this machine.
[2019.05.28-18.01.51:633][  0]LogShaderCompilers: Display: Using Local Shader Compiler.
[2019.05.28-18.01.52:195][  0]LogDerivedDataCache: Display: Max Cache Size: 512 MB
[2019.05.28-18.01.52:253][  0]LogDerivedDataCache: Loaded boot cache 0.06s 71MB C:/Users/batte/AppData/Local/UnrealEngine/4.22/DerivedDataCache/Boot.ddc.
[2019.05.28-18.01.52:253][  0]LogDerivedDataCache: Display: Loaded Boot cache: C:/Users/batte/AppData/Local/UnrealEngine/4.22/DerivedDataCache/Boot.ddc
[2019.05.28-18.01.52:253][  0]LogDerivedDataCache: FDerivedDataBackendGraph:  Pak pak cache file ../../../../../GitKraken/Uni-Project Toast/ProjectToastEmpty/DerivedDataCache/DDC.ddp not found, will not use a pak cache.
[2019.05.28-18.01.52:253][  0]LogDerivedDataCache: Unable to find inner node Pak for hierarchical cache Hierarchy.
[2019.05.28-18.01.52:253][  0]LogDerivedDataCache: FDerivedDataBackendGraph:  CompressedPak pak cache file ../../../../../GitKraken/Uni-Project Toast/ProjectToastEmpty/DerivedDataCache/Compressed.ddp not found, will not use a pak cache.
[2019.05.28-18.01.52:253][  0]LogDerivedDataCache: Unable to find inner node CompressedPak for hierarchical cache Hierarchy.
[2019.05.28-18.01.52:268][  0]LogDerivedDataCache: Display: Pak cache opened for reading ../../../Engine/DerivedDataCache/Compressed.ddp.
[2019.05.28-18.01.52:268][  0]LogDerivedDataCache: FDerivedDataBackendGraph:  EnterprisePak pak cache file ../../../Enterprise/DerivedDataCache/Compressed.ddp not found, will not use a pak cache.
[2019.05.28-18.01.52:268][  0]LogDerivedDataCache: Unable to find inner node EnterprisePak for hierarchical cache Hierarchy.
[2019.05.28-18.01.52:280][  0]LogDerivedDataCache: Using Local data cache path C:/Users/batte/AppData/Local/UnrealEngine/Common/DerivedDataCache: Writable
[2019.05.28-18.01.52:280][  0]LogDerivedDataCache: Shared data cache path not found in *engine.ini, will not use an Shared cache.
[2019.05.28-18.01.52:280][  0]LogDerivedDataCache: Unable to find inner node Shared for hierarchical cache Hierarchy.
[2019.05.28-18.01.52:302][  0]LogMaterial: Verifying Global Shaders for PCD3D_SM5
[2019.05.28-18.01.52:303][  0]LogSlate: Using FreeType 2.6.0
[2019.05.28-18.01.52:304][  0]LogSlate: SlateFontServices - WITH_FREETYPE: 1, WITH_HARFBUZZ: 1
[2019.05.28-18.01.52:396][  0]LogAssetRegistry: FAssetRegistry took 0.0332 seconds to start up
[2019.05.28-18.01.52:710][  0]LogInit: Selected Device Profile: [Windows]
[2019.05.28-18.01.52:837][  0]LogMeshReduction: Using QuadricMeshReduction for automatic static mesh reduction
[2019.05.28-18.01.52:837][  0]LogMeshReduction: Using SimplygonMeshReduction for automatic skeletal mesh reduction
[2019.05.28-18.01.52:837][  0]LogMeshReduction: Using ProxyLODMeshReduction for automatic mesh merging
[2019.05.28-18.01.52:837][  0]LogMeshReduction: No distributed automatic mesh merging module available
[2019.05.28-18.01.52:837][  0]LogMeshMerging: No distributed automatic mesh merging module available
[2019.05.28-18.01.52:848][  0]LogNetVersion: ProjectToast 1.0.0, NetCL: 5660361, EngineNetVer: 10, GameNetVer: 0 (Checksum: 655234771)
[2019.05.28-18.01.53:224][  0]LogPackageLocalizationCache: Processed 10 localized package path(s) for 1 prioritized culture(s) in 0.031017 seconds
[2019.05.28-18.01.53:231][  0]LogUObjectArray: 42205 objects as part of root set at end of initial load.
[2019.05.28-18.01.53:231][  0]LogUObjectAllocator: 7325032 out of 0 bytes used by permanent object pool.
[2019.05.28-18.01.53:231][  0]LogUObjectArray: CloseDisregardForGC: 0/0 objects in disregard for GC pool
[2019.05.28-18.01.54:151][  0]LogTcpMessaging: Initializing TcpMessaging bridge
[2019.05.28-18.01.54:164][  0]LogUdpMessaging: Initializing bridge on interface 0.0.0.0:0 to multicast group 230.0.0.1:6666.
[2019.05.28-18.01.54:277][  0]SourceControl: Source control is disabled
[2019.05.28-18.01.54:277][  0]SourceControl: Source control is disabled
[2019.05.28-18.01.54:279][  0]SourceControl: Source control is disabled
[2019.05.28-18.01.54:280][  0]SourceControl: Source control is disabled
[2019.05.28-18.01.54:363][  0]LogAndroidPermission: UAndroidPermissionCallbackProxy::GetInstance
[2019.05.28-18.01.54:439][  0]LogOcInput: OculusInput pre-init called
[2019.05.28-18.01.55:230][  0]LogEngine: Initializing Engine...
[2019.05.28-18.01.55:231][  0]LogHMD: Failed to initialize OpenVR with code 110
[2019.05.28-18.01.55:232][  0]LogStats: UGameplayTagsManager::InitializeManager -  0.000 s
[2019.05.28-18.01.55:444][  0]LogInit: Initializing FReadOnlyCVARCache
[2019.05.28-18.01.55:459][  0]LogAIModule: Creating AISystem for world Untitled
[2019.05.28-18.01.55:508][  0]LogInit: XAudio2 using 'Speakers / Headphones (Realtek Audio)' : 2 channels at 48 kHz using 32 bits per sample (channel mask 0x3)
[2019.05.28-18.01.55:932][  0]LogInit: FAudioDevice initialized.
[2019.05.28-18.01.55:932][  0]LogNetVersion: Set ProjectVersion to 1.0.0.0. Version Checksum will be recalculated on next use.
[2019.05.28-18.01.56:095][  0]LogDerivedDataCache: Saved boot cache 0.16s 71MB C:/Users/batte/AppData/Local/UnrealEngine/4.22/DerivedDataCache/Boot.ddc.
[2019.05.28-18.01.56:217][  0]LogInit: Texture streaming: Enabled
[2019.05.28-18.01.56:239][  0]LogEngineSessionManager: EngineSessionManager initialized
[2019.05.28-18.01.56:263][  0]LogInit: Transaction tracking system initialized
[2019.05.28-18.01.56:292][  0]BlueprintLog: New page: Editor Load
[2019.05.28-18.01.56:376][  0]LocalizationService: Localization service is disabled
[2019.05.28-18.01.56:683][  0]LogCook: Display: Max memory allowance for cook 16384mb min free memory 0mb
[2019.05.28-18.01.56:683][  0]LogCook: Display: Mobile HDR setting 1
[2019.05.28-18.01.56:874][  0]LogFileCache: Scanning file cache for directory 'D:/Program Files/GitKraken/Uni-Project Toast/ProjectToastEmpty/Content/' took 0.04s
[2019.05.28-18.01.56:874][  0]SourceControl: Source control is disabled
[2019.05.28-18.01.56:874][  0]Cmd: MAP LOAD FILE="../../../../../GitKraken/Uni-Project Toast/ProjectToastEmpty/Content/Chris/Levels/Game/Game.umap" TEMPLATE=0 SHOWPROGRESS=1 FEATURELEVEL=3
[2019.05.28-18.01.56:874][  0]LightingResults: New page: Lighting Build
[2019.05.28-18.01.56:877][  0]MapCheck: New page: Map Check
[2019.05.28-18.01.56:877][  0]LightingResults: New page: Lighting Build
[2019.05.28-18.01.56:904][  0]LogUObjectHash: Compacting FUObjectHashTables data took   1.43ms
[2019.05.28-18.01.57:999][  0]LogLinker: Warning: Can't find file '/Script/EnvironmentQueryEditor'
[2019.05.28-18.01.57:999][  0]LogLinker: Warning: Can't find file for asset '/Script/EnvironmentQueryEditor' while loading NULL.
[2019.05.28-18.01.57:999][  0]LogLinker: Warning: Can't find file '/Script/EnvironmentQueryEditor'
[2019.05.28-18.01.57:999][  0]LogLinker: Warning: Can't find file for asset '/Script/EnvironmentQueryEditor' while loading NULL.
[2019.05.28-18.01.57:999][  0]LogLinker: Warning: Can't find file '/Script/EnvironmentQueryEditor'
[2019.05.28-18.01.57:999][  0]LogLinker: Warning: Can't find file for asset '/Script/EnvironmentQueryEditor' while loading NULL.
[2019.05.28-18.01.57:999][  0]LogLinker: Warning: Can't find file '/Script/EnvironmentQueryEditor'
[2019.05.28-18.01.57:999][  0]LogLinker: Warning: Can't find file for asset '/Script/EnvironmentQueryEditor' while loading NULL.
[2019.05.28-18.01.57:999][  0]LogLinker: Warning: Can't find file '/Script/EnvironmentQueryEditor'
[2019.05.28-18.01.58:000][  0]LogLinker: Warning: Can't find file for asset '/Script/EnvironmentQueryEditor' while loading NULL.
[2019.05.28-18.01.58:000][  0]LogLinker: Warning: Can't find file '/Script/EnvironmentQueryEditor'
[2019.05.28-18.01.58:000][  0]LogLinker: Warning: Can't find file for asset '/Script/EnvironmentQueryEditor' while loading NULL.
[2019.05.28-18.01.58:000][  0]LogLinker: Warning: Can't find file '/Script/EnvironmentQueryEditor'
[2019.05.28-18.01.58:000][  0]LogLinker: Warning: Can't find file for asset '/Script/EnvironmentQueryEditor' while loading NULL.
[2019.05.28-18.01.58:000][  0]LogLinker: Warning: Can't find file '/Script/EnvironmentQueryEditor'
[2019.05.28-18.01.58:000][  0]LogLinker: Warning: Can't find file for asset '/Script/EnvironmentQueryEditor' while loading NULL.
[2019.05.28-18.01.58:000][  0]LogLinker: Warning: Can't find file '/Script/EnvironmentQueryEditor'
[2019.05.28-18.01.58:000][  0]LogLinker: Warning: Can't find file for asset '/Script/EnvironmentQueryEditor' while loading NULL.
[2019.05.28-18.01.58:000][  0]LogLinker: Warning: Can't find file '/Script/EnvironmentQueryEditor'
[2019.05.28-18.01.58:000][  0]LogLinker: Warning: Can't find file for asset '/Script/EnvironmentQueryEditor' while loading NULL.
[2019.05.28-18.01.58:000][  0]LogLinker: Warning: Can't find file '/Script/EnvironmentQueryEditor'
[2019.05.28-18.01.58:000][  0]LogLinker: Warning: Can't find file for asset '/Script/EnvironmentQueryEditor' while loading NULL.
[2019.05.28-18.01.58:000][  0]LogLinker: Warning: Can't find file '/Script/EnvironmentQueryEditor'
[2019.05.28-18.01.58:000][  0]LogLinker: Warning: Can't find file for asset '/Script/EnvironmentQueryEditor' while loading NULL.
[2019.05.28-18.01.58:000][  0]LogLinker: Warning: Can't find file '/Script/EnvironmentQueryEditor'
[2019.05.28-18.01.58:000][  0]LogLinker: Warning: Can't find file for asset '/Script/EnvironmentQueryEditor' while loading NULL.
[2019.05.28-18.01.58:000][  0]LogLinker: Warning: Can't find file '/Script/EnvironmentQueryEditor'
[2019.05.28-18.01.58:000][  0]LogLinker: Warning: Can't find file for asset '/Script/EnvironmentQueryEditor' while loading NULL.
[2019.05.28-18.01.58:000][  0]LogLinker: Warning: Can't find file '/Script/EnvironmentQueryEditor'
[2019.05.28-18.01.58:000][  0]LogLinker: Warning: Can't find file for asset '/Script/EnvironmentQueryEditor' while loading NULL.
[2019.05.28-18.01.58:000][  0]LogLinker: Warning: Can't find file '/Script/EnvironmentQueryEditor'
[2019.05.28-18.01.58:000][  0]LogLinker: Warning: Can't find file for asset '/Script/EnvironmentQueryEditor' while loading NULL.
[2019.05.28-18.01.58:000][  0]LogLinker: Warning: Can't find file '/Script/EnvironmentQueryEditor'
[2019.05.28-18.01.58:000][  0]LogLinker: Warning: Can't find file for asset '/Script/EnvironmentQueryEditor' while loading NULL.
[2019.05.28-18.01.58:000][  0]LogLinker: Warning: Can't find file '/Script/EnvironmentQueryEditor'
[2019.05.28-18.01.58:000][  0]LogLinker: Warning: Can't find file for asset '/Script/EnvironmentQueryEditor' while loading NULL.
[2019.05.28-18.01.58:000][  0]LogLinker: Warning: Can't find file '/Script/EnvironmentQueryEditor'
[2019.05.28-18.01.58:000][  0]LogLinker: Warning: Can't find file for asset '/Script/EnvironmentQueryEditor' while loading NULL.
[2019.05.28-18.01.58:000][  0]LogLinker: Warning: Can't find file '/Script/EnvironmentQueryEditor'
[2019.05.28-18.01.58:000][  0]LogLinker: Warning: Can't find file for asset '/Script/EnvironmentQueryEditor' while loading NULL.
[2019.05.28-18.01.58:000][  0]LogLinker: Warning: Can't find file '/Script/EnvironmentQueryEditor'
[2019.05.28-18.01.58:001][  0]LogLinker: Warning: Can't find file for asset '/Script/EnvironmentQueryEditor' while loading NULL.
[2019.05.28-18.01.58:001][  0]LogLinker: Warning: Can't find file '/Script/EnvironmentQueryEditor'
[2019.05.28-18.01.58:001][  0]LogLinker: Warning: Can't find file for asset '/Script/EnvironmentQueryEditor' while loading NULL.
[2019.05.28-18.01.58:001][  0]LogLinker: Warning: Can't find file '/Script/EnvironmentQueryEditor'
[2019.05.28-18.01.58:001][  0]LogLinker: Warning: Can't find file for asset '/Script/EnvironmentQueryEditor' while loading NULL.
[2019.05.28-18.01.58:002][  0]LogLinker: Warning: Can't find file '/Script/EnvironmentQueryEditor'
[2019.05.28-18.01.58:002][  0]LogLinker: Warning: Can't find file for asset '/Script/EnvironmentQueryEditor' while loading NULL.
[2019.05.28-18.01.58:002][  0]LogLinker: Warning: Can't find file '/Script/EnvironmentQueryEditor'
[2019.05.28-18.01.58:002][  0]LogLinker: Warning: Can't find file for asset '/Script/EnvironmentQueryEditor' while loading NULL.
[2019.05.28-18.01.58:002][  0]LogLinker: Warning: Can't find file '/Script/EnvironmentQueryEditor'
[2019.05.28-18.01.58:002][  0]LogLinker: Warning: Can't find file for asset '/Script/EnvironmentQueryEditor' while loading NULL.
[2019.05.28-18.01.58:002][  0]LogLinker: Warning: Can't find file '/Script/EnvironmentQueryEditor'
[2019.05.28-18.01.58:002][  0]LogLinker: Warning: Can't find file for asset '/Script/EnvironmentQueryEditor' while loading NULL.
[2019.05.28-18.01.58:002][  0]LogLinker: Warning: Can't find file '/Script/EnvironmentQueryEditor'
[2019.05.28-18.01.58:002][  0]LogLinker: Warning: Can't find file for asset '/Script/EnvironmentQueryEditor' while loading NULL.
[2019.05.28-18.01.58:002][  0]LogLinker: Warning: Can't find file '/Script/EnvironmentQueryEditor'
[2019.05.28-18.01.58:002][  0]LogLinker: Warning: Can't find file for asset '/Script/EnvironmentQueryEditor' while loading NULL.
[2019.05.28-18.01.58:002][  0]LogLinker: Warning: Can't find file '/Script/EnvironmentQueryEditor'
[2019.05.28-18.01.58:002][  0]LogLinker: Warning: Can't find file for asset '/Script/EnvironmentQueryEditor' while loading NULL.
[2019.05.28-18.01.58:002][  0]LogLinker: Warning: Can't find file '/Script/EnvironmentQueryEditor'
[2019.05.28-18.01.58:002][  0]LogLinker: Warning: Can't find file for asset '/Script/EnvironmentQueryEditor' while loading NULL.
[2019.05.28-18.01.58:002][  0]LogLinker: Warning: Can't find file '/Script/EnvironmentQueryEditor'
[2019.05.28-18.01.58:002][  0]LogLinker: Warning: Can't find file for asset '/Script/EnvironmentQueryEditor' while loading NULL.
[2019.05.28-18.01.58:002][  0]LogLinker: Warning: Can't find file '/Script/EnvironmentQueryEditor'
[2019.05.28-18.01.58:002][  0]LogLinker: Warning: Can't find file for asset '/Script/EnvironmentQueryEditor' while loading NULL.
[2019.05.28-18.01.58:002][  0]LogLinker: Warning: Can't find file '/Script/EnvironmentQueryEditor'
[2019.05.28-18.01.58:002][  0]LogLinker: Warning: Can't find file for asset '/Script/EnvironmentQueryEditor' while loading NULL.
[2019.05.28-18.01.58:002][  0]LogLinker: Warning: Can't find file '/Script/EnvironmentQueryEditor'
[2019.05.28-18.01.58:002][  0]LogLinker: Warning: Can't find file for asset '/Script/EnvironmentQueryEditor' while loading NULL.
[2019.05.28-18.01.58:002][  0]LogLinker: Warning: Can't find file '/Script/EnvironmentQueryEditor'
[2019.05.28-18.01.58:002][  0]LogLinker: Warning: Can't find file for asset '/Script/EnvironmentQueryEditor' while loading NULL.
[2019.05.28-18.02.01:523][  0]LogAIModule: Creating AISystem for world Game
[2019.05.28-18.02.02:383][  0]LogEditorServer: Finished looking for orphan Actors (0.000 secs)
[2019.05.28-18.02.02:484][  0]LogUObjectHash: Compacting FUObjectHashTables data took   4.57ms
[2019.05.28-18.02.02:484][  0]Cmd: MAP CHECKDEP NOCLEARLOG
[2019.05.28-18.02.02:485][  0]MapCheck: Map check complete: 0 Error(s), 0 Warning(s), took 0.158ms to complete.
[2019.05.28-18.02.02:485][  0]LogFileHelpers: Loading map 'Game' took 5.611
[2019.05.28-18.02.03:226][  0]LogSlate: Updating window title bar state: overlay mode, drag disabled, window buttons hidden, title bar hidden
[2019.05.28-18.02.03:234][  0]LogSlate: Updating window title bar state: overlay mode, drag disabled, window buttons hidden, title bar hidden
[2019.05.28-18.02.03:243][  0]LogSlate: Updating window title bar state: overlay mode, drag disabled, window buttons hidden, title bar hidden
[2019.05.28-18.02.03:252][  0]LogSlate: Updating window title bar state: overlay mode, drag disabled, window buttons hidden, title bar hidden
[2019.05.28-18.02.03:259][  0]LogCollectionManager: Loaded 0 collections in 0.001972 seconds
[2019.05.28-18.02.03:303][  0]LogFileCache: Scanning file cache for directory 'D:/Program Files/GitKraken/Uni-Project Toast/ProjectToastEmpty/Saved/Collections/' took 0.01s
[2019.05.28-18.02.03:303][  0]LogFileCache: Scanning file cache for directory 'D:/Program Files/GitKraken/Uni-Project Toast/ProjectToastEmpty/Content/Developers/batte/Collections/' took 0.01s
[2019.05.28-18.02.03:303][  0]LogFileCache: Scanning file cache for directory 'D:/Program Files/GitKraken/Uni-Project Toast/ProjectToastEmpty/Content/Collections/' took 0.00s
[2019.05.28-18.02.03:303][  0]LogCollectionManager: Rebuilt the GUID cache for 0 collections in 0.000000 seconds
[2019.05.28-18.02.03:314][  0]LogContentBrowser: Native class hierarchy populated in 0.0106 seconds. Added 2737 classes and 663 folders.
[2019.05.28-18.02.03:352][  0]LogContentBrowser: Native class hierarchy updated for 'WidgetCarousel' in 0.0006 seconds. Added 0 classes and 0 folders.
[2019.05.28-18.02.03:452][  0]LogPakFile: Registered encryption key '00000000000000000000000000000000': 0 pak files mounted, 0 remain pending
[2019.05.28-18.02.03:473][  0]LogPakFile: Registered encryption key '00000000000000000000000000000000': 0 pak files mounted, 0 remain pending
[2019.05.28-18.02.03:487][  0]LogPakFile: Registered encryption key '00000000000000000000000000000000': 0 pak files mounted, 0 remain pending
[2019.05.28-18.02.03:507][  0]LogPakFile: Registered encryption key '00000000000000000000000000000000': 0 pak files mounted, 0 remain pending
[2019.05.28-18.02.03:522][  0]LogPakFile: Registered encryption key '00000000000000000000000000000000': 0 pak files mounted, 0 remain pending
[2019.05.28-18.02.03:525][  0]LogPakFile: Registered encryption key '00000000000000000000000000000000': 0 pak files mounted, 0 remain pending
[2019.05.28-18.02.03:543][  0]LogPakFile: Registered encryption key '00000000000000000000000000000000': 0 pak files mounted, 0 remain pending
[2019.05.28-18.02.03:568][  0]LogPakFile: Registered encryption key '00000000000000000000000000000000': 0 pak files mounted, 0 remain pending
[2019.05.28-18.02.03:589][  0]LogPakFile: Registered encryption key '00000000000000000000000000000000': 0 pak files mounted, 0 remain pending
[2019.05.28-18.02.03:610][  0]LogPakFile: Registered encryption key '00000000000000000000000000000000': 0 pak files mounted, 0 remain pending
[2019.05.28-18.02.03:619][  0]LogPakFile: Registered encryption key '00000000000000000000000000000000': 0 pak files mounted, 0 remain pending
[2019.05.28-18.02.03:642][  0]LogPakFile: Registered encryption key '00000000000000000000000000000000': 0 pak files mounted, 0 remain pending
[2019.05.28-18.02.03:704][  0]LogPakFile: Registered encryption key '00000000000000000000000000000000': 0 pak files mounted, 0 remain pending
[2019.05.28-18.02.03:732][  0]LogPakFile: Registered encryption key '00000000000000000000000000000000': 0 pak files mounted, 0 remain pending
[2019.05.28-18.02.03:735][  0]LogPakFile: Registered encryption key '00000000000000000000000000000000': 0 pak files mounted, 0 remain pending
[2019.05.28-18.02.03:737][  0]LogPakFile: Registered encryption key '00000000000000000000000000000000': 0 pak files mounted, 0 remain pending
[2019.05.28-18.02.03:754][  0]LogPakFile: Registered encryption key '00000000000000000000000000000000': 0 pak files mounted, 0 remain pending
[2019.05.28-18.02.03:777][  0]LogPakFile: Registered encryption key '00000000000000000000000000000000': 0 pak files mounted, 0 remain pending
[2019.05.28-18.02.03:793][  0]LogPakFile: Registered encryption key '00000000000000000000000000000000': 0 pak files mounted, 0 remain pending
[2019.05.28-18.02.03:812][  0]LogPakFile: Registered encryption key '00000000000000000000000000000000': 0 pak files mounted, 0 remain pending
[2019.05.28-18.02.03:839][  0]LogPakFile: Registered encryption key '00000000000000000000000000000000': 0 pak files mounted, 0 remain pending
[2019.05.28-18.02.03:872][  0]LogPakFile: Registered encryption key '00000000000000000000000000000000': 0 pak files mounted, 0 remain pending
[2019.05.28-18.02.03:933][  0]LogPakFile: Registered encryption key '00000000000000000000000000000000': 0 pak files mounted, 0 remain pending
[2019.05.28-18.02.03:958][  0]LogPakFile: Registered encryption key '00000000000000000000000000000000': 0 pak files mounted, 0 remain pending
[2019.05.28-18.02.03:983][  0]LogPakFile: Registered encryption key '00000000000000000000000000000000': 0 pak files mounted, 0 remain pending
[2019.05.28-18.02.04:002][  0]LogPakFile: Registered encryption key '00000000000000000000000000000000': 0 pak files mounted, 0 remain pending
[2019.05.28-18.02.04:727][  0]LogContentBrowser: Native class hierarchy updated for 'AddContentDialog' in 0.0006 seconds. Added 0 classes and 0 folders.
[2019.05.28-18.02.04:741][  0]LogSlate: Took 0.000276 seconds to synchronously load lazily loaded font '../../../Engine/Content/Slate/Fonts/Roboto-Regular.ttf' (155K)
[2019.05.28-18.02.04:743][  0]LogSlate: Took 0.000252 seconds to synchronously load lazily loaded font '../../../Engine/Content/Slate/Fonts/Roboto-Bold.ttf' (160K)
[2019.05.28-18.02.04:806][  0]LogSlate: Took 0.011312 seconds to synchronously load lazily loaded font '../../../Engine/Content/Editor/Slate/Fonts/FontAwesome.ttf' (139K)
[2019.05.28-18.02.05:205][  0]LogRenderer: Reallocating scene render targets to support 1020x552 Format 10 NumSamples 1 (Frame:1).
[2019.05.28-18.02.05:751][  0]LogContentBrowser: Native class hierarchy updated for 'HierarchicalLODOutliner' in 0.0006 seconds. Added 0 classes and 0 folders.
[2019.05.28-18.02.05:751][  0]LogLoad: (Engine Initialization) Total time: 17.89 seconds
[2019.05.28-18.02.05:751][  0]LogLoad: (Engine Initialization) Total Blueprint compile time: 0.00 seconds
[2019.05.28-18.02.05:771][  0]LogWindowsTextInputMethodSystem: Display: IME system now deactivated.
[2019.05.28-18.02.05:829][  0]LogAssetRegistry: Asset discovery search completed in 13.4552 seconds
[2019.05.28-18.02.05:831][  0]LogCollectionManager: Rebuilt the object cache for 0 collections in 0.000000 seconds (found 0 objects)
[2019.05.28-18.02.05:831][  0]LogCollectionManager: Fixed up redirectors for 0 collections in 0.000078 seconds (updated 0 objects)
[2019.05.28-18.02.05:873][  0]LogContentStreaming: Texture pool size now 1000 MB
[2019.05.28-18.02.06:085][  0]LogSlate: Took 0.025618 seconds to synchronously load lazily loaded font '../../../Engine/Content/Slate/Fonts/Roboto-Light.ttf' (167K)
[2019.05.28-18.02.16:166][172]LogFileCache: Retrieving MD5 hashes for directory 'D:/Program Files/GitKraken/Uni-Project Toast/ProjectToastEmpty/Content/' took 10.38s
[2019.05.28-18.02.24:746][328]LogSlate: FSceneViewport::OnFocusLost() reason 0
[2019.05.28-18.02.43:060][686]LogSlate: FSceneViewport::OnFocusLost() reason 0
[2019.05.28-18.03.48:551][721]LogSlate: FSceneViewport::OnFocusLost() reason 0
[2019.05.28-18.04.18:082][641]LogSlate: Took 0.000278 seconds to synchronously load lazily loaded font '../../../Engine/Content/Slate/Fonts/Roboto-Light.ttf' (167K)
[2019.05.28-18.04.18:094][641]LogAssetEditorManager: Opening Asset editor for Blueprint /Game/Chris/Levels/Game/CrewZone/BP_2x2_Room_B.BP_2x2_Room_B
[2019.05.28-18.04.19:105][641]LogContentBrowser: Native class hierarchy updated for 'BlueprintGraph' in 0.0012 seconds. Added 121 classes and 0 folders.
[2019.05.28-18.04.21:609][641]LogSlate: Took 0.014114 seconds to synchronously load lazily loaded font '../../../Engine/Content/Slate/Fonts/Roboto-BoldCondensed.ttf' (158K)
[2019.05.28-18.04.24:250][754]LogRenderer: Reallocating scene render targets to support 1276x552 Format 10 NumSamples 1 (Frame:1).
[2019.05.28-18.04.28:040][964]LogSlate: FSceneViewport::OnFocusLost() reason 0
[2019.05.28-18.04.29:614][999]LogAssetEditorManager: Opening Asset editor for Blueprint /Game/Chris/Levels/Game/CrewZone/BP_2x2_Room_C.BP_2x2_Room_C
[2019.05.28-18.04.47:017][301]LogSlate: Took 0.032943 seconds to synchronously load lazily loaded font '../../../Engine/Content/Slate/Fonts/Roboto-Italic.ttf' (157K)
[2019.05.28-18.04.48:258][324]LogSlate: FSceneViewport::OnFocusLost() reason 0
[2019.05.28-18.05.55:739][539]LogSlate: FSceneViewport::OnFocusLost() reason 0
[2019.05.28-18.06.09:970][763]LogSlate: FSceneViewport::OnFocusLost() reason 0
[2019.05.28-18.06.41:145][524]LogSavePackage: Moving '../../../../../GitKraken/Uni-Project Toast/ProjectToastEmpty/Saved/BP_2x2_Room_C89A786C4464BF58EB0429A9A6D404F23.tmp' to '../../../../../GitKraken/Uni-Project Toast/ProjectToastEmpty/Content/Chris/Levels/Game/CrewZone/BP_2x2_Room_C.uasset'
[2019.05.28-18.06.41:642][534]BlueprintLog: New page: Compile BP_2x2_Room_C
[2019.05.28-18.06.42:235][534]LogUObjectHash: Compacting FUObjectHashTables data took   4.89ms
[2019.05.28-18.06.43:076][546]LogSlate: Window 'BP_2x2_Room_C' being destroyed
[2019.05.28-18.06.45:056][586]LogAssetEditorManager: Opening Asset editor for Blueprint /Game/Chris/Levels/Game/CrewZone/BP_2x2_Room_D.BP_2x2_Room_D
[2019.05.28-18.06.56:998][874]LogSlate: FSceneViewport::OnFocusLost() reason 0
[2019.05.28-18.09.54:700][442]LogSlate: FSceneViewport::OnFocusLost() reason 0
[2019.05.28-18.10.09:181][794]LogSlate: FSceneViewport::OnFocusLost() reason 0
[2019.05.28-18.10.10:178][841]LogSlate: Window 'BP_2x2_Room_D' being destroyed
[2019.05.28-18.10.12:979][925]LogAssetEditorManager: Opening Asset editor for Blueprint /Game/Chris/Levels/Game/CrewZone/BP_2x2_Room_C.BP_2x2_Room_C
[2019.05.28-18.12.06:091][204]LogSlate: FSceneViewport::OnFocusLost() reason 2
[2019.05.28-18.12.06:200][204]LogUObjectHash: Compacting FUObjectHashTables data took   5.56ms
[2019.05.28-18.12.07:289][204]LogSavePackage: Moving '../../../../../GitKraken/Uni-Project Toast/ProjectToastEmpty/Saved/Game_Auto1038254AE4F88823D980304A28C69EC42.tmp' to '../../../../../GitKraken/Uni-Project Toast/ProjectToastEmpty/Saved/Autosaves/Game/Chris/Levels/Game/Game_Auto1.umap'
[2019.05.28-18.12.07:309][204]LogFileHelpers: Editor autosave (incl. sublevels) for '/Game/Chris/Levels/Game/Game' took 1.185
[2019.05.28-18.12.07:309][204]LogFileHelpers: Editor autosave (incl. sublevels) for all levels took 1.185
[2019.05.28-18.12.07:313][204]OBJ SavePackage: Generating thumbnails for [1] asset(s) in package [/Game/Chris/Levels/Game/CrewZone/BP_2x2_Room_D] ([1] browsable assets)...
[2019.05.28-18.12.07:338][204]OBJ SavePackage:     Rendered thumbnail for [Blueprint /Game/Chris/Levels/Game/CrewZone/BP_2x2_Room_D.BP_2x2_Room_D]
[2019.05.28-18.12.07:338][204]OBJ SavePackage: Finished generating thumbnails for package [/Game/Chris/Levels/Game/CrewZone/BP_2x2_Room_D]
[2019.05.28-18.12.07:398][204]LogSavePackage: Moving '../../../../../GitKraken/Uni-Project Toast/ProjectToastEmpty/Saved/BP_2x2_Room_D_Auto1F1E6C9C74C7949B6AA0D4FB56D050373.tmp' to '../../../../../GitKraken/Uni-Project Toast/ProjectToastEmpty/Saved/Autosaves/Game/Chris/Levels/Game/CrewZone/BP_2x2_Room_D_Auto1.uasset'
[2019.05.28-18.12.07:430][204]LogFileHelpers: Auto-saving content packages took 0.118
[2019.05.28-18.12.20:370][804]LogSlate: FSceneViewport::OnFocusLost() reason 0
[2019.05.28-18.14.43:453][335]LogSlate: FSceneViewport::OnFocusLost() reason 0
[2019.05.28-18.15.13:197][110]LogSlate: FSceneViewport::OnFocusLost() reason 2
[2019.05.28-18.15.34:398][357]LogSlate: FSceneViewport::OnFocusLost() reason 0
[2019.05.28-18.16.34:756][873]LogSlate: FSceneViewport::OnFocusLost() reason 2
[2019.05.28-18.16.37:416][ 27]LogSlate: FSceneViewport::OnFocusLost() reason 2
[2019.05.28-18.16.38:730][104]LogSlate: FSceneViewport::OnFocusLost() reason 0
[2019.05.28-18.17.28:009][974]LogSlate: FSceneViewport::OnFocusLost() reason 0
[2019.05.28-18.17.32:156][218]LogSlate: FSceneViewport::OnFocusLost() reason 0
[2019.05.28-18.17.40:712][678]LogSlate: FSceneViewport::OnFocusLost() reason 0
[2019.05.28-18.17.46:827][ 32]LogEditorTransaction: Undo Modify Component(s)
[2019.05.28-18.17.47:894][ 86]LogSlate: FSceneViewport::OnFocusLost() reason 0
[2019.05.28-18.17.53:166][397]LogSlate: FSceneViewport::OnFocusLost() reason 0
[2019.05.28-18.18.30:686][582]LogSlate: FSceneViewport::OnFocusLost() reason 0
[2019.05.28-18.18.37:336][880]LogSlate: FSceneViewport::OnFocusLost() reason 0
[2019.05.28-18.18.40:552][ 66]LogSlate: FSceneViewport::OnFocusLost() reason 0
[2019.05.28-18.18.55:034][889]LogSlate: FSceneViewport::OnFocusLost() reason 0
[2019.05.28-18.19.02:315][318]LogSlate: FSceneViewport::OnFocusLost() reason 0
[2019.05.28-18.19.35:313][229]LogSlate: FSceneViewport::OnFocusLost() reason 0
[2019.05.28-18.19.47:042][907]LogSavePackage: Moving '../../../../../GitKraken/Uni-Project Toast/ProjectToastEmpty/Saved/BP_2x2_Room_DA2BBD15A4E8C34D48AE8158BAE18611B.tmp' to '../../../../../GitKraken/Uni-Project Toast/ProjectToastEmpty/Content/Chris/Levels/Game/CrewZone/BP_2x2_Room_D.uasset'
[2019.05.28-18.19.47:838][954]LogSlate: FSceneViewport::OnFocusLost() reason 0
[2019.05.28-18.19.47:920][959]BlueprintLog: New page: Compile BP_2x2_Room_D
[2019.05.28-18.19.48:703][959]LogUObjectHash: Compacting FUObjectHashTables data took   5.72ms
[2019.05.28-18.19.52:463][175]LogSlate: FSceneViewport::OnFocusLost() reason 0
[2019.05.28-18.20.01:446][579]LogSlate: FSceneViewport::OnFocusLost() reason 0
[2019.05.28-18.20.06:764][890]LogSlate: FSceneViewport::OnFocusLost() reason 0
[2019.05.28-18.22.07:625][103]LogSlate: FSceneViewport::OnFocusLost() reason 2
[2019.05.28-18.22.07:712][103]LogUObjectHash: Compacting FUObjectHashTables data took   4.57ms
[2019.05.28-18.22.08:841][103]LogSavePackage: Moving '../../../../../GitKraken/Uni-Project Toast/ProjectToastEmpty/Saved/Game_Auto28E14E3C84D74CE4CCEFD1282F4DDE03C.tmp' to '../../../../../GitKraken/Uni-Project Toast/ProjectToastEmpty/Saved/Autosaves/Game/Chris/Levels/Game/Game_Auto2.umap'
[2019.05.28-18.22.08:843][103]LogFileHelpers: Editor autosave (incl. sublevels) for '/Game/Chris/Levels/Game/Game' took 1.195
[2019.05.28-18.22.08:843][103]LogFileHelpers: Editor autosave (incl. sublevels) for all levels took 1.195
[2019.05.28-18.22.08:846][103]OBJ SavePackage: Generating thumbnails for [1] asset(s) in package [/Game/Chris/Levels/Game/CrewZone/BP_2x2_Room_D] ([1] browsable assets)...
[2019.05.28-18.22.08:860][103]OBJ SavePackage:     Rendered thumbnail for [Blueprint /Game/Chris/Levels/Game/CrewZone/BP_2x2_Room_D.BP_2x2_Room_D]
[2019.05.28-18.22.08:860][103]OBJ SavePackage: Finished generating thumbnails for package [/Game/Chris/Levels/Game/CrewZone/BP_2x2_Room_D]
[2019.05.28-18.22.08:901][103]LogSavePackage: Moving '../../../../../GitKraken/Uni-Project Toast/ProjectToastEmpty/Saved/BP_2x2_Room_D_Auto29C3B7984480E62E9DF4F7BAD012E5F02.tmp' to '../../../../../GitKraken/Uni-Project Toast/ProjectToastEmpty/Saved/Autosaves/Game/Chris/Levels/Game/CrewZone/BP_2x2_Room_D_Auto2.uasset'
[2019.05.28-18.22.08:902][103]LogFileHelpers: Auto-saving content packages took 0.056
[2019.05.28-18.22.24:383][ 16]LogSlate: FSceneViewport::OnFocusLost() reason 2
[2019.05.28-18.22.34:341][612]LogSlate: FSceneViewport::OnFocusLost() reason 0
[2019.05.28-18.22.56:597][926]LogSlate: FSceneViewport::OnFocusLost() reason 0
[2019.05.28-18.23.17:979][189]LogSlate: FSceneViewport::OnFocusLost() reason 0
[2019.05.28-18.23.30:972][946]LogSlate: FSceneViewport::OnFocusLost() reason 0
[2019.05.28-18.23.56:214][439]LogSlate: FSceneViewport::OnFocusLost() reason 0
[2019.05.28-18.24.47:577][471]LogSlate: FSceneViewport::OnFocusLost() reason 0
[2019.05.28-18.24.50:889][658]LogSlate: FSceneViewport::OnFocusLost() reason 0
[2019.05.28-18.25.03:775][276]LogSlate: FSceneViewport::OnFocusLost() reason 0
[2019.05.28-18.25.14:320][881]LogSlate: FSceneViewport::OnFocusLost() reason 0
[2019.05.28-18.25.29:864][727]LogSlate: FSceneViewport::OnFocusLost() reason 0
[2019.05.28-18.25.49:379][680]LogSlate: FSceneViewport::OnFocusLost() reason 0
[2019.05.28-18.25.49:629][685]LogSavePackage: Moving '../../../../../GitKraken/Uni-Project Toast/ProjectToastEmpty/Saved/BP_2x2_Room_DD7358174404A460B2D552E93DAF93982.tmp' to '../../../../../GitKraken/Uni-Project Toast/ProjectToastEmpty/Content/Chris/Levels/Game/CrewZone/BP_2x2_Room_D.uasset'
[2019.05.28-18.25.54:935][921]LogSlate: FSceneViewport::OnFocusLost() reason 0
[2019.05.28-18.26.36:333][603]LogSlate: FSceneViewport::OnFocusLost() reason 0
[2019.05.28-18.26.38:157][687]LogSlate: FSceneViewport::OnFocusLost() reason 2
[2019.05.28-18.26.50:699][283]BlueprintLog: New page: Compile BP_2x2_Room_D
[2019.05.28-18.26.51:292][283]LogUObjectHash: Compacting FUObjectHashTables data took   5.71ms
[2019.05.28-18.26.52:110][313]LogSavePackage: Moving '../../../../../GitKraken/Uni-Project Toast/ProjectToastEmpty/Saved/BP_2x2_Room_D9C43BAB547966C3BDFC7C69675020C8E.tmp' to '../../../../../GitKraken/Uni-Project Toast/ProjectToastEmpty/Content/Chris/Levels/Game/CrewZone/BP_2x2_Room_D.uasset'
[2019.05.28-18.27.38:099][410]LogSlate: FSceneViewport::OnFocusLost() reason 0
[2019.05.28-18.28.25:931][625]LogSlate: FSceneViewport::OnFocusLost() reason 0
[2019.05.28-18.28.40:186][261]LogSlate: FSceneViewport::OnFocusLost() reason 0
[2019.05.28-18.28.51:127][810]LogSlate: FSceneViewport::OnFocusLost() reason 0
[2019.05.28-18.28.52:805][878]LogSavePackage: Moving '../../../../../GitKraken/Uni-Project Toast/ProjectToastEmpty/Saved/BP_2x2_Room_C6D97C7E649FA53643831D699611CE735.tmp' to '../../../../../GitKraken/Uni-Project Toast/ProjectToastEmpty/Content/Chris/Levels/Game/CrewZone/BP_2x2_Room_C.uasset'
[2019.05.28-18.28.54:050][933]BlueprintLog: New page: Compile BP_2x2_Room_D
[2019.05.28-18.28.54:802][933]LogUObjectHash: Compacting FUObjectHashTables data took   5.22ms
[2019.05.28-18.28.58:683][100]LogSlate: FSceneViewport::OnFocusLost() reason 0
[2019.05.28-18.29.01:898][181]LogAssetEditorManager: Opening Asset editor for Blueprint /Game/Chris/Levels/Game/CrewZone/BP_2x2_Room_B.BP_2x2_Room_B
[2019.05.28-18.29.06:986][449]LogSlate: FSceneViewport::OnFocusLost() reason 0
[2019.05.28-18.29.55:660][818]LogSlate: FSceneViewport::OnFocusLost() reason 0
[2019.05.28-18.30.22:261][947]LogSlate: FSceneViewport::OnFocusLost() reason 0
[2019.05.28-18.30.29:958][320]BlueprintLog: New page: Compile BP_2x2_Room_D
[2019.05.28-18.30.30:772][320]LogUObjectHash: Compacting FUObjectHashTables data took   5.03ms
[2019.05.28-18.30.31:840][360]LogSavePackage: Moving '../../../../../GitKraken/Uni-Project Toast/ProjectToastEmpty/Saved/BP_2x2_Room_D88BBC5324E93F4E614FD2E9694F687F9.tmp' to '../../../../../GitKraken/Uni-Project Toast/ProjectToastEmpty/Content/Chris/Levels/Game/CrewZone/BP_2x2_Room_D.uasset'
[2019.05.28-18.30.46:393][938]LogSlate: FSceneViewport::OnFocusLost() reason 0
[2019.05.28-18.31.00:808][566]LogSlate: FSceneViewport::OnFocusLost() reason 2
[2019.05.28-18.32.21:762][223]LogSlate: FSceneViewport::OnFocusLost() reason 0
[2019.05.28-18.32.46:415][288]LogSlate: FSceneViewport::OnFocusLost() reason 0
[2019.05.28-18.33.31:893][340]LogSlate: FSceneViewport::OnFocusLost() reason 2
[2019.05.28-18.33.32:119][340]LogUObjectHash: Compacting FUObjectHashTables data took   5.88ms
[2019.05.28-18.33.33:290][340]LogSavePackage: Moving '../../../../../GitKraken/Uni-Project Toast/ProjectToastEmpty/Saved/Game_Auto3E292F744401E2BEBF7D88096986BDE02.tmp' to '../../../../../GitKraken/Uni-Project Toast/ProjectToastEmpty/Saved/Autosaves/Game/Chris/Levels/Game/Game_Auto3.umap'
[2019.05.28-18.33.33:293][340]LogFileHelpers: Editor autosave (incl. sublevels) for '/Game/Chris/Levels/Game/Game' took 1.367
[2019.05.28-18.33.33:293][340]LogFileHelpers: Editor autosave (incl. sublevels) for all levels took 1.367
[2019.05.28-18.33.33:295][340]OBJ SavePackage: Generating thumbnails for [1] asset(s) in package [/Game/Chris/Levels/Game/CrewZone/BP_2x2_Room_D] ([1] browsable assets)...
[2019.05.28-18.33.33:319][340]OBJ SavePackage:     Rendered thumbnail for [Blueprint /Game/Chris/Levels/Game/CrewZone/BP_2x2_Room_D.BP_2x2_Room_D]
[2019.05.28-18.33.33:319][340]OBJ SavePackage: Finished generating thumbnails for package [/Game/Chris/Levels/Game/CrewZone/BP_2x2_Room_D]
[2019.05.28-18.33.33:414][340]LogSavePackage: Moving '../../../../../GitKraken/Uni-Project Toast/ProjectToastEmpty/Saved/BP_2x2_Room_D_Auto3714120B2444367F2E889E786A412799B.tmp' to '../../../../../GitKraken/Uni-Project Toast/ProjectToastEmpty/Saved/Autosaves/Game/Chris/Levels/Game/CrewZone/BP_2x2_Room_D_Auto3.uasset'
[2019.05.28-18.33.33:415][340]LogFileHelpers: Auto-saving content packages took 0.120
[2019.05.28-18.34.36:032][259]LogSlate: FSceneViewport::OnFocusLost() reason 0
[2019.05.28-18.35.45:736][246]LogSlate: FSceneViewport::OnFocusLost() reason 0
[2019.05.28-18.35.47:771][334]LogSlate: FSceneViewport::OnFocusLost() reason 2
[2019.05.28-18.36.07:213][145]LogSlate: FSceneViewport::OnFocusLost() reason 0
[2019.05.28-18.36.13:818][452]Cmd: TRANSACTION UNDO
[2019.05.28-18.36.13:818][452]LogEditorTransaction: Undo Add Component
[2019.05.28-18.36.14:331][457]Cmd: TRANSACTION UNDO
[2019.05.28-18.36.14:331][457]LogEditorTransaction: Undo Modify Component(s)
[2019.05.28-18.36.15:721][515]Cmd: TRANSACTION REDO
[2019.05.28-18.36.15:721][515]LogEditorTransaction: Redo Modify Component(s)
[2019.05.28-18.36.56:966][374]LogSlate: FSceneViewport::OnFocusLost() reason 0
[2019.05.28-18.37.18:163][368]LogSlate: Window 'Color Picker' being destroyed
[2019.05.28-18.37.37:173][239]LogSlate: Window 'Color Picker' being destroyed
[2019.05.28-18.37.58:092][227]LogSlate: Window 'Color Picker' being destroyed
[2019.05.28-18.38.03:603][475]BlueprintLog: New page: Compile BP_2x2_Room_D
[2019.05.28-18.38.05:112][475]LogUObjectHash: Compacting FUObjectHashTables data took   6.98ms
[2019.05.28-18.38.18:879][  5]LogSlate: FSceneViewport::OnFocusLost() reason 0
[2019.05.28-18.38.50:564][342]LogSlate: FSceneViewport::OnFocusLost() reason 2
[2019.05.28-18.38.54:233][538]LogBlueprintActionDatabase: Requesting refresh due to module change: HierarchicalLODUtilities (loaded)
[2019.05.28-18.39.26:984][933]LogSlate: FSceneViewport::OnFocusLost() reason 0
[2019.05.28-18.41.06:384][305]LogSlate: FSceneViewport::OnFocusLost() reason 0
[2019.05.28-18.43.34:258][749]LogUObjectHash: Compacting FUObjectHashTables data took   9.81ms
[2019.05.28-18.43.36:954][749]LogSavePackage: Moving '../../../../../GitKraken/Uni-Project Toast/ProjectToastEmpty/Saved/Game_Auto4C01082C2479DEBA13991A2BB5D3C159D.tmp' to '../../../../../GitKraken/Uni-Project Toast/ProjectToastEmpty/Saved/Autosaves/Game/Chris/Levels/Game/Game_Auto4.umap'
[2019.05.28-18.43.36:980][749]LogFileHelpers: Editor autosave (incl. sublevels) for '/Game/Chris/Levels/Game/Game' took 3.112
[2019.05.28-18.43.36:980][749]LogFileHelpers: Editor autosave (incl. sublevels) for all levels took 3.112
[2019.05.28-18.43.36:992][749]OBJ SavePackage: Generating thumbnails for [1] asset(s) in package [/Game/Chris/Levels/Game/CrewZone/BP_2x2_Room_D] ([1] browsable assets)...
[2019.05.28-18.43.37:237][749]OBJ SavePackage:     Rendered thumbnail for [Blueprint /Game/Chris/Levels/Game/CrewZone/BP_2x2_Room_D.BP_2x2_Room_D]
[2019.05.28-18.43.37:237][749]OBJ SavePackage: Finished generating thumbnails for package [/Game/Chris/Levels/Game/CrewZone/BP_2x2_Room_D]
[2019.05.28-18.43.37:374][749]LogSavePackage: Moving '../../../../../GitKraken/Uni-Project Toast/ProjectToastEmpty/Saved/BP_2x2_Room_D_Auto410B309EA4C4386EF3CE2A087ABA7B348.tmp' to '../../../../../GitKraken/Uni-Project Toast/ProjectToastEmpty/Saved/Autosaves/Game/Chris/Levels/Game/CrewZone/BP_2x2_Room_D_Auto4.uasset'
[2019.05.28-18.43.37:376][749]LogFileHelpers: Auto-saving content packages took 0.385
[2019.05.28-18.44.10:743][625]LogSlate: FSceneViewport::OnFocusLost() reason 0
[2019.05.28-18.45.07:104][733]LogSlate: FSceneViewport::OnFocusLost() reason 0
[2019.05.28-18.45.08:233][774]LogSlate: FSceneViewport::OnFocusLost() reason 2
[2019.05.28-18.45.10:059][844]LogSlate: FSceneViewport::OnFocusLost() reason 0
[2019.05.28-18.45.31:748][671]LogSlate: FSceneViewport::OnFocusLost() reason 0
[2019.05.28-18.45.55:527][856]LogSlate: FSceneViewport::OnFocusLost() reason 0
[2019.05.28-18.46.04:152][245]LogSlate: FSceneViewport::OnFocusLost() reason 2
[2019.05.28-18.46.06:862][364]LogSlate: FSceneViewport::OnFocusLost() reason 0
[2019.05.28-18.46.18:742][806]LogSlate: FSceneViewport::OnFocusLost() reason 0
[2019.05.28-18.46.28:433][157]LogSlate: FSceneViewport::OnFocusLost() reason 0
[2019.05.28-18.47.07:512][538]LogSlate: FSceneViewport::OnFocusLost() reason 0
[2019.05.28-18.47.20:952][992]LogSlate: FSceneViewport::OnFocusLost() reason 2
[2019.05.28-18.47.23:011][ 83]LogSlate: FSceneViewport::OnFocusLost() reason 0
[2019.05.28-18.47.33:620][478]LogSlate: FSceneViewport::OnFocusLost() reason 0
[2019.05.28-18.47.48:634][994]LogSlate: FSceneViewport::OnFocusLost() reason 0
[2019.05.28-18.47.49:203][ 14]LogSlate: FSceneViewport::OnFocusLost() reason 2
[2019.05.28-18.47.52:970][180]LogSlate: FSceneViewport::OnFocusLost() reason 0
[2019.05.28-18.48.10:682][937]LogSlate: FSceneViewport::OnFocusLost() reason 0
[2019.05.28-18.48.41:195][962]LogSlate: FSceneViewport::OnFocusLost() reason 2
[2019.05.28-18.48.49:554][301]LogSlate: FSceneViewport::OnFocusLost() reason 0
[2019.05.28-18.48.50:042][313]LogSlate: FSceneViewport::OnFocusLost() reason 2
[2019.05.28-18.48.56:710][597]LogSlate: FSceneViewport::OnFocusLost() reason 0
[2019.05.28-18.49.12:630][291]LogEditorTransaction: Undo Modify Component(s)
[2019.05.28-18.49.13:218][310]LogSlate: FSceneViewport::OnFocusLost() reason 0
[2019.05.28-18.49.17:356][479]LogSlate: FSceneViewport::OnFocusLost() reason 0
[2019.05.28-18.49.23:469][750]LogSlate: FSceneViewport::OnFocusLost() reason 0
[2019.05.28-18.49.27:805][898]LogEditorTransaction: Undo Modify Component(s)
[2019.05.28-18.49.28:848][933]LogSlate: FSceneViewport::OnFocusLost() reason 0
[2019.05.28-18.49.35:025][171]LogSlate: FSceneViewport::OnFocusLost() reason 0
[2019.05.28-18.49.38:959][319]LogEditorTransaction: Undo Modify Component(s)
[2019.05.28-18.50.06:273][470]LogSlate: FSceneViewport::OnFocusLost() reason 0
[2019.05.28-18.50.17:826][  6]LogSlate: FSceneViewport::OnFocusLost() reason 0
[2019.05.28-18.50.17:891][ 10]BlueprintLog: New page: Compile BP_2x2_Room_D
[2019.05.28-18.50.21:675][ 10]LogUObjectHash: Compacting FUObjectHashTables data took   9.11ms
[2019.05.28-18.50.23:444][ 74]LogSavePackage: Moving '../../../../../GitKraken/Uni-Project Toast/ProjectToastEmpty/Saved/BP_2x2_Room_D3476536C4809F30A148A7B9189606EA2.tmp' to '../../../../../GitKraken/Uni-Project Toast/ProjectToastEmpty/Content/Chris/Levels/Game/CrewZone/BP_2x2_Room_D.uasset'
[2019.05.28-18.50.24:590][140]LogSlate: FSceneViewport::OnFocusLost() reason 0
[2019.05.28-18.50.54:528][782]LogActorComponent: UnregisterComponent: (/Engine/Transient.EditorFloorComp) Not registered. Aborting.
[2019.05.28-18.51.10:490][859]LogUObjectHash: Compacting FUObjectHashTables data took   6.72ms
[2019.05.28-18.51.11:782][859]LogSavePackage: Moving '../../../../../GitKraken/Uni-Project Toast/ProjectToastEmpty/Saved/Game6A52A74D4F1FEA8C8C47C98F8C44C494.tmp' to '../../../../../GitKraken/Uni-Project Toast/ProjectToastEmpty/Content/Chris/Levels/Game/Game.umap'
[2019.05.28-18.51.15:604][859]Cmd: OBJ SAVEPACKAGE PACKAGE="/Game/Chris/Levels/Game/Game_BuiltData" FILE="../../../../../GitKraken/Uni-Project Toast/ProjectToastEmpty/Content/Chris/Levels/Game/Game_BuiltData.uasset" SILENT=true
[2019.05.28-18.51.16:354][859]LogSavePackage: Moving '../../../../../GitKraken/Uni-Project Toast/ProjectToastEmpty/Saved/Game_BuiltDataBAB81F8443616955AD108C93BC2C6841.tmp' to '../../../../../GitKraken/Uni-Project Toast/ProjectToastEmpty/Content/Chris/Levels/Game/Game_BuiltData.uasset'
[2019.05.28-18.54.06:376][330]LogSlate: FSceneViewport::OnFocusLost() reason 0
[2019.05.28-18.54.08:632][376]LogAssetEditorManager: Opening Asset editor for Blueprint /Game/Chris/Levels/Game/CrewZone/BP_2x2_Room_E.BP_2x2_Room_E
[2019.05.28-18.54.33:684][871]LogSlate: FSceneViewport::OnFocusLost() reason 0
[2019.05.28-18.54.33:784][873]LogSlate: Window 'BP_2x2_Room_E' being destroyed
[2019.05.28-18.54.37:358][910]LogUObjectHash: Compacting FUObjectHashTables data took   7.27ms
[2019.05.28-18.54.37:655][910]LogSlate: Window 'ProjectToast - Unreal Editor' being destroyed
[2019.05.28-18.54.37:696][910]LogWindowsTextInputMethodSystem: Display: IME system now deactivated.
[2019.05.28-18.54.43:472][911]Cmd: QUIT_EDITOR
[2019.05.28-18.54.51:923][911]LogExit: Preparing to exit.
[2019.05.28-18.55.44:732][911]LogExit: Editor shut down
[2019.05.28-18.55.46:689][911]LogExit: Transaction tracking system shut down
