Log file open, 11/14/18 18:08:29
LogWindows: Failed to load 'aqProf.dll' (GetLastError=126)
LogWindows: File 'aqProf.dll' does not exist
LogWindows: Failed to load 'VtuneApi.dll' (GetLastError=126)
LogWindows: File 'VtuneApi.dll' does not exist
LogWindows: Failed to load 'VtuneApi32e.dll' (GetLastError=126)
LogWindows: File 'VtuneApi32e.dll' does not exist
LogInit: Display: Running engine for game: ProjectToastEmpty
LogPlatformFile: Not using cached read wrapper
LogInit: Display: RandInit(580579147) SRandInit(580579147).
LogInit: Read version file with build ID '3944462'
LogInit: Overriding engine version to CL 4033788, compatible CL 3944462
LogInit: Registered custom module enumerator with build ID '3944462'
LogTaskGraph: Started task graph with 5 named threads and 23 total threads with 3 sets of task threads.
LogStats: Stats thread started at 0.255345
LogD3D11RHI: Aftermath initialized
LogICUInternationalization: Display: ICU TimeZone Detection - Raw Offset: +0:00, Platform Override: ''
LogPluginManager: Mounting plugin Paper2D
LogPluginManager: Mounting plugin LiveLink
LogPluginManager: Mounting plugin LightPropagationVolume
LogPluginManager: Mounting plugin CLionSourceCodeAccess
LogPluginManager: Mounting plugin CodeLiteSourceCodeAccess
LogPluginManager: Mounting plugin GitSourceControl
LogPluginManager: Mounting plugin KDevelopSourceCodeAccess
LogPluginManager: Mounting plugin NullSourceCodeAccess
LogPluginManager: Mounting plugin PerforceSourceControl
LogPluginManager: Mounting plugin SubversionSourceControl
LogPluginManager: Mounting plugin UObjectPlugin
LogPluginManager: Mounting plugin VisualStudioCodeSourceCodeAccess
LogPluginManager: Mounting plugin VisualStudioSourceCodeAccess
LogPluginManager: Mounting plugin XCodeSourceCodeAccess
LogPluginManager: Mounting plugin AssetManagerEditor
LogPluginManager: Mounting plugin CryptoKeys
LogPluginManager: Mounting plugin DataValidation
LogPluginManager: Mounting plugin FacialAnimation
LogPluginManager: Mounting plugin GameplayTagsEditor
LogPluginManager: Mounting plugin MobileLauncherProfileWizard
LogPluginManager: Mounting plugin PluginBrowser
LogPluginManager: Mounting plugin SpeedTreeImporter
LogPluginManager: Mounting plugin DatasmithContent
LogPluginManager: Mounting plugin AlembicImporter
LogPluginManager: Mounting plugin CharacterAI
LogPluginManager: Mounting plugin HTML5Networking
LogPluginManager: Mounting plugin AndroidMedia
LogPluginManager: Mounting plugin AvfMedia
LogPluginManager: Mounting plugin ImgMedia
LogPluginManager: Mounting plugin LinearTimecode
LogPluginManager: Mounting plugin MediaCompositing
LogPluginManager: Mounting plugin MediaPlayerEditor
LogPluginManager: Mounting plugin WmfMedia
LogPluginManager: Mounting plugin TcpMessaging
LogPluginManager: Mounting plugin UdpMessaging
LogPluginManager: Mounting plugin ActorSequence
LogPluginManager: Mounting plugin LevelSequenceEditor
LogPluginManager: Mounting plugin MatineeToLevelSequence
LogPluginManager: Mounting plugin NetcodeUnitTest
LogPluginManager: Mounting plugin NUTUnrealEngine4
LogPluginManager: Mounting plugin OnlineSubsystemGooglePlay
LogPluginManager: Mounting plugin OnlineSubsystemIOS
LogPluginManager: Mounting plugin OnlineSubsystem
LogPluginManager: Mounting plugin OnlineSubsystemNull
LogPluginManager: Mounting plugin OnlineSubsystemUtils
LogPluginManager: Mounting plugin AndroidDeviceProfileSelector
LogPluginManager: Mounting plugin AndroidMoviePlayer
LogPluginManager: Mounting plugin AndroidPermission
LogPluginManager: Mounting plugin AppleARKit
LogPluginManager: Mounting plugin AppleMoviePlayer
LogPluginManager: Mounting plugin ArchVisCharacter
LogPluginManager: Mounting plugin AudioCapture
LogPluginManager: Mounting plugin CableComponent
LogPluginManager: Mounting plugin CustomMeshComponent
LogPluginManager: Mounting plugin ExampleDeviceProfileSelector
LogPluginManager: Mounting plugin GoogleCloudMessaging
LogPluginManager: Mounting plugin ImmediatePhysics
LogPluginManager: Mounting plugin IOSDeviceProfileSelector
LogPluginManager: Mounting plugin LinuxDeviceProfileSelector
LogPluginManager: Mounting plugin LocationServicesBPLibrary
LogPluginManager: Mounting plugin MobilePatchingUtils
LogPluginManager: Mounting plugin OculusVR
LogPluginManager: Plugin shader directory ../../../Engine/Plugins/Runtime/Oculus/OculusVR/Shaders found
LogPluginManager: Mapping shader source directory ../../../Engine/Plugins/Runtime/Oculus/OculusVR/Shaders to virtual directory /Plugin/OculusVR
LogPluginManager: Mounting plugin PhysXVehicles
LogPluginManager: Mounting plugin ProceduralMeshComponent
LogPluginManager: Mounting plugin RuntimePhysXCooking
LogPluginManager: Mounting plugin SteamVR
LogPluginManager: Mounting plugin WindowsMoviePlayer
LogStreaming: Display: Took  0.035s to configure plugins.
LogModuleManager: Display: Found up-to-date module file ../../../../../../Users/Kimmy/Desktop/Prototype Dev - Unreal Engine - Manfredo/v1.0 12th Oct/ProjectToastEmpty/Binaries/Win64/UE4Editor-ProjectToastEmpty-3120.dll (API version 3944462).
LogModuleManager: Display: Found up-to-date module file ../../../Engine/Plugins/2D/Paper2D/Binaries/Win64/UE4Editor-Paper2D.dll (API version 3944462).
LogModuleManager: Display: Found up-to-date module file ../../../Engine/Plugins/2D/Paper2D/Binaries/Win64/UE4Editor-Paper2DEditor.dll (API version 3944462).
LogModuleManager: Display: Found up-to-date module file ../../../Engine/Plugins/2D/Paper2D/Binaries/Win64/UE4Editor-PaperSpriteSheetImporter.dll (API version 3944462).
LogModuleManager: Display: Found up-to-date module file ../../../Engine/Plugins/2D/Paper2D/Binaries/Win64/UE4Editor-PaperTiledImporter.dll (API version 3944462).
LogModuleManager: Display: Found up-to-date module file ../../../Engine/Plugins/2D/Paper2D/Binaries/Win64/UE4Editor-SmartSnapping.dll (API version 3944462).
LogModuleManager: Display: Found up-to-date module file ../../../Engine/Plugins/Animation/LiveLink/Binaries/Win64/UE4Editor-LiveLink.dll (API version 3944462).
LogModuleManager: Display: Found up-to-date module file ../../../Engine/Plugins/Animation/LiveLink/Binaries/Win64/UE4Editor-LiveLinkEditor.dll (API version 3944462).
LogModuleManager: Display: Found up-to-date module file ../../../Engine/Plugins/Blendables/LightPropagationVolume/Binaries/Win64/UE4Editor-LightPropagationVolumeRuntime.dll (API version 3944462).
LogModuleManager: Display: Found up-to-date module file ../../../Engine/Plugins/Blendables/LightPropagationVolume/Binaries/Win64/UE4Editor-LightPropagationVolumeEditor.dll (API version 3944462).
LogModuleManager: Display: Found up-to-date module file ../../../Engine/Plugins/Developer/CLionSourceCodeAccess/Binaries/Win64/UE4Editor-CLionSourceCodeAccess.dll (API version 3944462).
LogModuleManager: Display: Found up-to-date module file ../../../Engine/Plugins/Developer/GitSourceControl/Binaries/Win64/UE4Editor-GitSourceControl.dll (API version 3944462).
LogModuleManager: Display: Found up-to-date module file ../../../Engine/Plugins/Developer/PerforceSourceControl/Binaries/Win64/UE4Editor-PerforceSourceControl.dll (API version 3944462).
LogModuleManager: Display: Found up-to-date module file ../../../Engine/Plugins/Developer/SubversionSourceControl/Binaries/Win64/UE4Editor-SubversionSourceControl.dll (API version 3944462).
LogModuleManager: Display: Found up-to-date module file ../../../Engine/Plugins/Developer/UObjectPlugin/Binaries/Win64/UE4Editor-UObjectPlugin.dll (API version 3944462).
LogModuleManager: Display: Found up-to-date module file ../../../Engine/Plugins/Developer/VisualStudioCodeSourceCodeAccess/Binaries/Win64/UE4Editor-VisualStudioCodeSourceCodeAccess.dll (API version 3944462).
LogModuleManager: Display: Found up-to-date module file ../../../Engine/Plugins/Developer/VisualStudioSourceCodeAccess/Binaries/Win64/UE4Editor-VisualStudioSourceCodeAccess.dll (API version 3944462).
LogModuleManager: Display: Found up-to-date module file ../../../Engine/Plugins/Editor/AssetManagerEditor/Binaries/Win64/UE4Editor-AssetManagerEditor.dll (API version 3944462).
LogModuleManager: Display: Found up-to-date module file ../../../Engine/Plugins/Editor/CryptoKeys/Binaries/Win64/UE4Editor-CryptoKeys.dll (API version 3944462).
LogModuleManager: Display: Found up-to-date module file ../../../Engine/Plugins/Editor/CryptoKeys/Binaries/Win64/UE4Editor-CryptoKeysOpenSSL.dll (API version 3944462).
LogModuleManager: Display: Found up-to-date module file ../../../Engine/Plugins/Editor/DataValidation/Binaries/Win64/UE4Editor-DataValidation.dll (API version 3944462).
LogModuleManager: Display: Found up-to-date module file ../../../Engine/Plugins/Editor/FacialAnimation/Binaries/Win64/UE4Editor-FacialAnimation.dll (API version 3944462).
LogModuleManager: Display: Found up-to-date module file ../../../Engine/Plugins/Editor/FacialAnimation/Binaries/Win64/UE4Editor-FacialAnimationEditor.dll (API version 3944462).
LogModuleManager: Display: Found up-to-date module file ../../../Engine/Plugins/Editor/GameplayTagsEditor/Binaries/Win64/UE4Editor-GameplayTagsEditor.dll (API version 3944462).
LogModuleManager: Display: Found up-to-date module file ../../../Engine/Plugins/Editor/MobileLauncherProfileWizard/Binaries/Win64/UE4Editor-MobileLauncherProfileWizard.dll (API version 3944462).
LogModuleManager: Display: Found up-to-date module file ../../../Engine/Plugins/Editor/PluginBrowser/Binaries/Win64/UE4Editor-PluginBrowser.dll (API version 3944462).
LogModuleManager: Display: Found up-to-date module file ../../../Engine/Plugins/Editor/SpeedTreeImporter/Binaries/Win64/UE4Editor-SpeedTreeImporter.dll (API version 3944462).
LogModuleManager: Display: Found up-to-date module file ../../../Engine/Plugins/Enterprise/DatasmithContent/Binaries/Win64/UE4Editor-DatasmithContent.dll (API version 3944462).
LogModuleManager: Display: Found up-to-date module file ../../../Engine/Plugins/Experimental/AlembicImporter/Binaries/Win64/UE4Editor-AlembicImporter.dll (API version 3944462).
LogModuleManager: Display: Found up-to-date module file ../../../Engine/Plugins/Experimental/AlembicImporter/Binaries/Win64/UE4Editor-AlembicLibrary.dll (API version 3944462).
LogModuleManager: Display: Found up-to-date module file ../../../Engine/Plugins/Experimental/CharacterAI/Binaries/Win64/UE4Editor-CharacterAI.dll (API version 3944462).
LogModuleManager: Display: Found up-to-date module file ../../../Engine/Plugins/Experimental/HTML5Networking/Binaries/Win64/UE4Editor-HTML5Networking.dll (API version 3944462).
LogModuleManager: Display: Found up-to-date module file ../../../Engine/Plugins/Media/AndroidMedia/Binaries/Win64/UE4Editor-AndroidMediaEditor.dll (API version 3944462).
LogModuleManager: Display: Found up-to-date module file ../../../Engine/Plugins/Media/AndroidMedia/Binaries/Win64/UE4Editor-AndroidMediaFactory.dll (API version 3944462).
LogModuleManager: Display: Found up-to-date module file ../../../Engine/Plugins/Media/AvfMedia/Binaries/Win64/UE4Editor-AvfMediaEditor.dll (API version 3944462).
LogModuleManager: Display: Found up-to-date module file ../../../Engine/Plugins/Media/AvfMedia/Binaries/Win64/UE4Editor-AvfMediaFactory.dll (API version 3944462).
LogModuleManager: Display: Found up-to-date module file ../../../Engine/Plugins/Media/AvfMedia/Binaries/Win64/UE4Editor-AvfMediaFactory.dll (API version 3944462).
LogModuleManager: Display: Found up-to-date module file ../../../Engine/Plugins/Media/ImgMedia/Binaries/Win64/UE4Editor-ImgMedia.dll (API version 3944462).
LogModuleManager: Display: Found up-to-date module file ../../../Engine/Plugins/Media/ImgMedia/Binaries/Win64/UE4Editor-ImgMediaEditor.dll (API version 3944462).
LogModuleManager: Display: Found up-to-date module file ../../../Engine/Plugins/Media/ImgMedia/Binaries/Win64/UE4Editor-ImgMediaFactory.dll (API version 3944462).
LogModuleManager: Display: Found up-to-date module file ../../../Engine/Plugins/Media/ImgMedia/Binaries/Win64/UE4Editor-ImgMediaFactory.dll (API version 3944462).
LogModuleManager: Display: Found up-to-date module file ../../../Engine/Plugins/Media/ImgMedia/Binaries/Win64/UE4Editor-OpenExrWrapper.dll (API version 3944462).
LogModuleManager: Display: Found up-to-date module file ../../../Engine/Plugins/Media/LinearTimecode/Binaries/Win64/UE4Editor-LinearTimecode.dll (API version 3944462).
LogModuleManager: Display: Found up-to-date module file ../../../Engine/Plugins/Media/MediaCompositing/Binaries/Win64/UE4Editor-MediaCompositing.dll (API version 3944462).
LogModuleManager: Display: Found up-to-date module file ../../../Engine/Plugins/Media/MediaCompositing/Binaries/Win64/UE4Editor-MediaCompositingEditor.dll (API version 3944462).
LogModuleManager: Display: Found up-to-date module file ../../../Engine/Plugins/Media/MediaPlayerEditor/Binaries/Win64/UE4Editor-MediaPlayerEditor.dll (API version 3944462).
LogModuleManager: Display: Found up-to-date module file ../../../Engine/Plugins/Media/WmfMedia/Binaries/Win64/UE4Editor-WmfMedia.dll (API version 3944462).
LogModuleManager: Display: Found up-to-date module file ../../../Engine/Plugins/Media/WmfMedia/Binaries/Win64/UE4Editor-WmfMediaEditor.dll (API version 3944462).
LogModuleManager: Display: Found up-to-date module file ../../../Engine/Plugins/Media/WmfMedia/Binaries/Win64/UE4Editor-WmfMediaFactory.dll (API version 3944462).
LogModuleManager: Display: Found up-to-date module file ../../../Engine/Plugins/Media/WmfMedia/Binaries/Win64/UE4Editor-WmfMediaFactory.dll (API version 3944462).
LogModuleManager: Display: Found up-to-date module file ../../../Engine/Plugins/Messaging/TcpMessaging/Binaries/Win64/UE4Editor-TcpMessaging.dll (API version 3944462).
LogModuleManager: Display: Found up-to-date module file ../../../Engine/Plugins/Messaging/UdpMessaging/Binaries/Win64/UE4Editor-UdpMessaging.dll (API version 3944462).
LogModuleManager: Display: Found up-to-date module file ../../../Engine/Plugins/MovieScene/ActorSequence/Binaries/Win64/UE4Editor-ActorSequence.dll (API version 3944462).
LogModuleManager: Display: Found up-to-date module file ../../../Engine/Plugins/MovieScene/LevelSequenceEditor/Binaries/Win64/UE4Editor-LevelSequenceEditor.dll (API version 3944462).
LogModuleManager: Display: Found up-to-date module file ../../../Engine/Plugins/MovieScene/MatineeToLevelSequence/Binaries/Win64/UE4Editor-MatineeToLevelSequence.dll (API version 3944462).
LogModuleManager: Display: Found up-to-date module file ../../../Engine/Plugins/NetcodeUnitTest/NetcodeUnitTest/Binaries/Win64/UE4Editor-NetcodeUnitTest.dll (API version 3944462).
LogModuleManager: Display: Found up-to-date module file ../../../Engine/Plugins/NetcodeUnitTest/NUTUnrealEngine4/Binaries/Win64/UE4Editor-NUTUnrealEngine4.dll (API version 3944462).
LogModuleManager: Display: Found up-to-date module file ../../../Engine/Plugins/Online/OnlineSubsystem/Binaries/Win64/UE4Editor-OnlineSubsystem.dll (API version 3944462).
LogModuleManager: Display: Found up-to-date module file ../../../Engine/Plugins/Online/OnlineSubsystemNull/Binaries/Win64/UE4Editor-OnlineSubsystemNull.dll (API version 3944462).
LogModuleManager: Display: Found up-to-date module file ../../../Engine/Plugins/Online/OnlineSubsystemUtils/Binaries/Win64/UE4Editor-OnlineSubsystemUtils.dll (API version 3944462).
LogModuleManager: Display: Found up-to-date module file ../../../Engine/Plugins/Online/OnlineSubsystemUtils/Binaries/Win64/UE4Editor-OnlineBlueprintSupport.dll (API version 3944462).
LogModuleManager: Display: Found up-to-date module file ../../../Engine/Plugins/Runtime/AndroidDeviceProfileSelector/Binaries/Win64/UE4Editor-AndroidDeviceProfileSelector.dll (API version 3944462).
LogModuleManager: Display: Found up-to-date module file ../../../Engine/Plugins/Runtime/AndroidPermission/Binaries/Win64/UE4Editor-AndroidPermission.dll (API version 3944462).
LogModuleManager: Display: Found up-to-date module file ../../../Engine/Plugins/Runtime/AppleARKit/Binaries/Win64/UE4Editor-AppleARKit.dll (API version 3944462).
LogModuleManager: Display: Found up-to-date module file ../../../Engine/Plugins/Runtime/ArchVisCharacter/Binaries/Win64/UE4Editor-ArchVisCharacter.dll (API version 3944462).
LogModuleManager: Display: Found up-to-date module file ../../../Engine/Plugins/Runtime/AudioCapture/Binaries/Win64/UE4Editor-AudioCapture.dll (API version 3944462).
LogModuleManager: Display: Found up-to-date module file ../../../Engine/Plugins/Runtime/AudioCapture/Binaries/Win64/UE4Editor-AudioCaptureEditor.dll (API version 3944462).
LogModuleManager: Display: Found up-to-date module file ../../../Engine/Plugins/Runtime/CableComponent/Binaries/Win64/UE4Editor-CableComponent.dll (API version 3944462).
LogModuleManager: Display: Found up-to-date module file ../../../Engine/Plugins/Runtime/CustomMeshComponent/Binaries/Win64/UE4Editor-CustomMeshComponent.dll (API version 3944462).
LogModuleManager: Display: Found up-to-date module file ../../../Engine/Plugins/Runtime/ExampleDeviceProfileSelector/Binaries/Win64/UE4Editor-ExampleDeviceProfileSelector.dll (API version 3944462).
LogModuleManager: Display: Found up-to-date module file ../../../Engine/Plugins/Runtime/ImmediatePhysics/Binaries/Win64/UE4Editor-ImmediatePhysics.dll (API version 3944462).
LogModuleManager: Display: Found up-to-date module file ../../../Engine/Plugins/Runtime/ImmediatePhysics/Binaries/Win64/UE4Editor-ImmediatePhysicsEditor.dll (API version 3944462).
LogModuleManager: Display: Found up-to-date module file ../../../Engine/Plugins/Runtime/LocationServicesBPLibrary/Binaries/Win64/UE4Editor-LocationServicesBPLibrary.dll (API version 3944462).
LogModuleManager: Display: Found up-to-date module file ../../../Engine/Plugins/Runtime/MobilePatchingUtils/Binaries/Win64/UE4Editor-MobilePatchingUtils.dll (API version 3944462).
LogModuleManager: Display: Found up-to-date module file ../../../Engine/Plugins/Runtime/Oculus/OculusVR/Binaries/Win64/UE4Editor-OculusHMD.dll (API version 3944462).
LogModuleManager: Display: Found up-to-date module file ../../../Engine/Plugins/Runtime/Oculus/OculusVR/Binaries/Win64/UE4Editor-OculusInput.dll (API version 3944462).
LogModuleManager: Display: Found up-to-date module file ../../../Engine/Plugins/Runtime/Oculus/OculusVR/Binaries/Win64/UE4Editor-OculusEditor.dll (API version 3944462).
LogModuleManager: Display: Found up-to-date module file ../../../Engine/Plugins/Runtime/PhysXVehicles/Binaries/Win64/UE4Editor-PhysXVehicles.dll (API version 3944462).
LogModuleManager: Display: Found up-to-date module file ../../../Engine/Plugins/Runtime/PhysXVehicles/Binaries/Win64/UE4Editor-PhysXVehiclesEditor.dll (API version 3944462).
LogModuleManager: Display: Found up-to-date module file ../../../Engine/Plugins/Runtime/ProceduralMeshComponent/Binaries/Win64/UE4Editor-ProceduralMeshComponent.dll (API version 3944462).
LogModuleManager: Display: Found up-to-date module file ../../../Engine/Plugins/Runtime/ProceduralMeshComponent/Binaries/Win64/UE4Editor-ProceduralMeshComponentEditor.dll (API version 3944462).
LogModuleManager: Display: Found up-to-date module file ../../../Engine/Plugins/Runtime/RuntimePhysXCooking/Binaries/Win64/UE4Editor-RuntimePhysXCooking.dll (API version 3944462).
LogModuleManager: Display: Found up-to-date module file ../../../Engine/Plugins/Runtime/Steam/SteamVR/Binaries/Win64/UE4Editor-SteamVR.dll (API version 3944462).
LogModuleManager: Display: Found up-to-date module file ../../../Engine/Plugins/Runtime/Steam/SteamVR/Binaries/Win64/UE4Editor-SteamVRController.dll (API version 3944462).
LogModuleManager: Display: Found up-to-date module file ../../../Engine/Plugins/Runtime/WindowsMoviePlayer/Binaries/Win64/UE4Editor-WindowsMoviePlayer.dll (API version 3944462).
LogInit: Using libcurl 7.47.1
LogInit:  - built for x86_64-pc-win32
LogInit:  - supports SSL with OpenSSL/1.0.2g
LogInit:  - supports HTTP deflate (compression) using libz 1.2.8
LogInit:  - other features:
LogInit:      CURL_VERSION_SSL
LogInit:      CURL_VERSION_LIBZ
LogInit:      CURL_VERSION_IPV6
LogInit:      CURL_VERSION_ASYNCHDNS
LogInit:      CURL_VERSION_LARGEFILE
LogInit:      CURL_VERSION_IDN
LogInit:  CurlRequestOptions (configurable via config and command line):
LogInit:  - bVerifyPeer = false  - Libcurl will NOT verify peer certificate
LogInit:  - bUseHttpProxy = false  - Libcurl will NOT use HTTP proxy
LogInit:  - bDontReuseConnections = false  - Libcurl will reuse connections
LogInit:  - CertBundlePath = nullptr  - Libcurl will use whatever was configured at build time.
LogInit:  - MaxHostConnections = 16  - Libcurl will limit the number of connections to a host
LogInit:  - LocalHostAddr = Default
LogInit: WinSock: version 1.1 (2.2), MaxSocks=32767, MaxUdp=65467
LogInit: WinSock: I am Aiden (192.168.1.72:0)
LogInit: Build: ++UE4+Release-4.19-CL-4033788
LogInit: Engine Version: 4.19.2-4033788+++UE4+Release-4.19
LogInit: Compatible Engine Version: 4.19.0-3944462+++UE4+Release-4.19
LogInit: Net CL: 3944462
LogDevObjectVersion: Number of dev versions registered: 18
LogDevObjectVersion:   Dev-Blueprints (B0D832E4-1F89-4F0D-ACCF-7EB736FD4AA2): 10
LogDevObjectVersion:   Dev-Build (E1C64328-A22C-4D53-A36C-8E866417BD8C): 0
LogDevObjectVersion:   Dev-Core (375EC13C-06E4-48FB-B500-84F0262A717E): 2
LogDevObjectVersion:   Dev-Editor (E4B068ED-F494-42E9-A231-DA0B2E46BB41): 23
LogDevObjectVersion:   Dev-Framework (CFFC743F-43B0-4480-9391-14DF171D2073): 33
LogDevObjectVersion:   Dev-Mobile (B02B49B5-BB20-44E9-A304-32B752E40360): 2
LogDevObjectVersion:   Dev-Networking (A4E4105C-59A1-49B5-A7C5-40C4547EDFEE): 0
LogDevObjectVersion:   Dev-Online (39C831C9-5AE6-47DC-9A44-9C173E1C8E7C): 0
LogDevObjectVersion:   Dev-Physics (78F01B33-EBEA-4F98-B9B4-84EACCB95AA2): 0
LogDevObjectVersion:   Dev-Platform (6631380F-2D4D-43E0-8009-CF276956A95A): 0
LogDevObjectVersion:   Dev-Rendering (12F88B9F-8875-4AFC-A67C-D90C383ABD29): 25
LogDevObjectVersion:   Dev-Sequencer (7B5AE74C-D270-4C10-A958-57980B212A5A): 6
LogDevObjectVersion:   Dev-VR (D7296918-1DD6-4BDD-9DE2-64A83CC13884): 1
LogDevObjectVersion:   Dev-LoadTimes (C2A15278-BFE7-4AFE-6C17-90FF531DF755): 1
LogDevObjectVersion:   Private-Geometry (6EACA3D4-40EC-4CC1-B786-8BED09428FC5): 2
LogDevObjectVersion:   Dev-AnimPhys (29E575DD-E0A3-4627-9D10-D276232CDCEA): 16
LogDevObjectVersion:   Dev-ReflectionCapture (6B266CEC-1EC7-4B8F-A30B-E4D90942FC07): 1
LogDevObjectVersion:   Dev-Automation (0DF73D61-A23F-47EA-B727-89E90C41499A): 1
LogInit: Compiled (64-bit): Apr 27 2018 02:06:57
LogInit: Compiled with Visual C++: 19.00.24215.01
LogInit: Build Configuration: Development
LogInit: Branch Name: ++UE4+Release-4.19
LogInit: Command Line:  /Game/Maps/SpaceMap -game -PIEVIACONSOLE -ResX=1280 -ResY=720  -Multiprocess -messaging -SessionName="Play in Standalone Game" -windowed 
LogInit: Base Directory: C:/Program Files/Epic Games/UE_4.19/Engine/Binaries/Win64/
LogInit: Installed Engine Build: 1
LogStreaming: Display: Took  0.000s to delete old logs.
LogInit: Presizing for max 8388607 objects, including 0 objects not considered by GC, pre-allocating 0 bytes for permanent pool.
LogInit: Object subsystem initialized
[2018.11.14-18.08.30:538][  0]LogInit: Selected Device Profile: [Windows]
[2018.11.14-18.08.30:538][  0]LogInit: Applying CVar settings loaded from the selected device profile: [Windows]
[2018.11.14-18.08.30:543][  0]LogInit: Computer: AIDEN
[2018.11.14-18.08.30:543][  0]LogInit: User: Kimmy
[2018.11.14-18.08.30:543][  0]LogInit: CPU Page size=4096, Cores=4
[2018.11.14-18.08.30:543][  0]LogInit: High frequency timer resolution =4.101565 MHz
[2018.11.14-18.08.30:543][  0]LogMemory: Memory total: Physical=15.9GB (16GB approx)
[2018.11.14-18.08.30:543][  0]LogMemory: Platform Memory Stats for Windows
[2018.11.14-18.08.30:543][  0]LogMemory: Process Physical Memory: 275.23 MB used, 275.23 MB peak
[2018.11.14-18.08.30:543][  0]LogMemory: Process Virtual Memory: 272.70 MB used, 272.70 MB peak
[2018.11.14-18.08.30:543][  0]LogMemory: Physical Memory: 9164.61 MB used,  7152.43 MB free, 16317.04 MB total
[2018.11.14-18.08.30:543][  0]LogMemory: Virtual Memory: 4803.23 MB used,  7152.43 MB free, 134217728.00 MB total
[2018.11.14-18.08.30:571][  0]LogInit: Using OS detected language (en-GB).
[2018.11.14-18.08.30:571][  0]LogInit: Using OS detected locale (en-GB).
[2018.11.14-18.08.30:571][  0]LogTextLocalizationManager: No localization for 'en-GB' exists, so 'en' will be used for the language.
[2018.11.14-18.08.30:571][  0]LogTextLocalizationManager: No localization for 'en-GB' exists, so 'en' will be used for the locale.
[2018.11.14-18.08.30:926][  0]LogStreaming: Display: Took  0.355s to EndInitTextLocalization.
[2018.11.14-18.08.30:956][  0]LogSlate: New Slate User Created.  User Index 0, Is Virtual User: 0
[2018.11.14-18.08.30:956][  0]LogSlate: Slate User Registered.  User Index 0, Is Virtual User: 0
[2018.11.14-18.08.30:958][  0]LogD3D11RHI: D3D11 adapters:
[2018.11.14-18.08.30:989][  0]LogD3D11RHI:    0. 'NVIDIA GeForce GTX 1060 6GB' (Feature Level 11_0)
[2018.11.14-18.08.30:989][  0]LogD3D11RHI:       6061/0/8158 MB DedicatedVideo/DedicatedSystem/SharedSystem, Outputs:1, VendorId:0x10de
[2018.11.14-18.08.30:991][  0]LogD3D11RHI:    1. 'Microsoft Basic Render Driver' (Feature Level 11_0)
[2018.11.14-18.08.30:991][  0]LogD3D11RHI:       0/0/8158 MB DedicatedVideo/DedicatedSystem/SharedSystem, Outputs:0, VendorId:0x1414
[2018.11.14-18.08.30:991][  0]LogD3D11RHI: Chosen D3D11 Adapter: 0
[2018.11.14-18.08.30:997][  0]LogD3D11RHI: Creating new Direct3DDevice
[2018.11.14-18.08.30:997][  0]LogD3D11RHI:     GPU DeviceId: 0x1c03 (for the marketing name, search the web for "GPU Device Id")
[2018.11.14-18.08.30:997][  0]LogWindows: EnumDisplayDevices:
[2018.11.14-18.08.30:997][  0]LogWindows:    0. 'NVIDIA GeForce GTX 1060 6GB' (P:1 D:1)
[2018.11.14-18.08.30:997][  0]LogWindows:    1. 'NVIDIA GeForce GTX 1060 6GB' (P:0 D:0)
[2018.11.14-18.08.30:997][  0]LogWindows:    2. 'NVIDIA GeForce GTX 1060 6GB' (P:0 D:0)
[2018.11.14-18.08.30:998][  0]LogWindows:    3. 'NVIDIA GeForce GTX 1060 6GB' (P:0 D:0)
[2018.11.14-18.08.30:998][  0]LogWindows: DebugString: GetVideoDriverDetailsInvalid PrimaryIsNotTheChoosenAdapter GetVideoDriverDetailsInvalid PrimaryIsNotTheChoosenAdapter GetVideoDriverDetailsInvalid PrimaryIsNotTheChoosenAdapter GetVideoDriverDetailsInvalid PrimaryIsNotTheChoosenAdapter FoundDriverCount:0 
[2018.11.14-18.08.30:998][  0]LogD3D11RHI:     Adapter Name: NVIDIA GeForce GTX 1060 6GB
[2018.11.14-18.08.30:998][  0]LogD3D11RHI:   Driver Version: Unknown (internal:Unknown, unified:Unknown)
[2018.11.14-18.08.30:998][  0]LogD3D11RHI:      Driver Date: Unknown
[2018.11.14-18.08.30:998][  0]LogRHI: Texture pool is 4242 MB (70% of 6061 MB)
[2018.11.14-18.08.31:014][  0]LogD3D11RHI: [Aftermath] Aftermath enabled but failed to initialize
[2018.11.14-18.08.31:014][  0]LogD3D11RHI: [Aftermath] Aftermath enabled and primed
[2018.11.14-18.08.31:014][  0]LogD3D11RHI: Async texture creation enabled
[2018.11.14-18.08.31:028][  0]LogD3D11RHI: GPU Timing Frequency: 1000.000000 (Debug: 2 1)
[2018.11.14-18.08.31:077][  0]LogShaderCompilers: Guid format shader working directory is -64 characters bigger than the processId version (../../../../../../Users/Kimmy/Desktop/Prototype Dev - Unreal Engine - Manfredo/v1.0 12th Oct/ProjectToastEmpty/Intermediate/Shaders/WorkingDirectory/6384/).
[2018.11.14-18.08.31:077][  0]LogShaderCompilers: Cleaned the shader compiler working directory 'C:/Users/Kimmy/AppData/Local/Temp/UnrealShaderWorkingDir/42BB9344460E9FF4FD991F98EC5B3A8B/'.
[2018.11.14-18.08.31:248][  0]LogTemp: Display: Loaded TP WindowsClientTargetPlatform
[2018.11.14-18.08.31:258][  0]LogTemp: Display: Loaded TP WindowsNoEditorTargetPlatform
[2018.11.14-18.08.31:267][  0]LogTemp: Display: Loaded TP WindowsServerTargetPlatform
[2018.11.14-18.08.31:283][  0]LogTemp: Display: Loaded TP WindowsTargetPlatform
[2018.11.14-18.08.31:283][  0]LogTargetPlatformManager: Display: Building Assets For Windows
[2018.11.14-18.08.31:496][  0]LogShaderCompilers: Display: Using XGE Shader Compiler (Interception Interface).
[2018.11.14-18.08.31:966][  0]LogDerivedDataCache: Display: Max Cache Size: 512 MB
[2018.11.14-18.08.32:173][  0]LogDerivedDataCache: Loaded boot cache 0.21s 76MB C:/Users/Kimmy/AppData/Local/UnrealEngine/4.19/DerivedDataCache/Boot.ddc.
[2018.11.14-18.08.32:173][  0]LogDerivedDataCache: Display: Loaded Boot cache: C:/Users/Kimmy/AppData/Local/UnrealEngine/4.19/DerivedDataCache/Boot.ddc
[2018.11.14-18.08.32:173][  0]LogDerivedDataCache: FDerivedDataBackendGraph:  Pak pak cache file ../../../../../../Users/Kimmy/Desktop/Prototype Dev - Unreal Engine - Manfredo/v1.0 12th Oct/ProjectToastEmpty/DerivedDataCache/DDC.ddp not found, will not use a pak cache.
[2018.11.14-18.08.32:173][  0]LogDerivedDataCache: Unable to find inner node Pak for hierarchical cache Hierarchy.
[2018.11.14-18.08.32:173][  0]LogDerivedDataCache: FDerivedDataBackendGraph:  CompressedPak pak cache file ../../../../../../Users/Kimmy/Desktop/Prototype Dev - Unreal Engine - Manfredo/v1.0 12th Oct/ProjectToastEmpty/DerivedDataCache/Compressed.ddp not found, will not use a pak cache.
[2018.11.14-18.08.32:173][  0]LogDerivedDataCache: Unable to find inner node CompressedPak for hierarchical cache Hierarchy.
[2018.11.14-18.08.32:190][  0]LogDerivedDataCache: Display: Pak cache opened for reading ../../../Engine/DerivedDataCache/Compressed.ddp.
[2018.11.14-18.08.32:201][  0]LogDerivedDataCache: Using Local data cache path C:/Users/Kimmy/AppData/Local/UnrealEngine/Common/DerivedDataCache: Writable
[2018.11.14-18.08.32:201][  0]LogDerivedDataCache: Shared data cache path not found in *engine.ini, will not use an Shared cache.
[2018.11.14-18.08.32:201][  0]LogDerivedDataCache: Unable to find inner node Shared for hierarchical cache Hierarchy.
[2018.11.14-18.08.32:209][  0]LogMaterial: Verifying Global Shaders for PCD3D_SM5
[2018.11.14-18.08.32:210][  0]LogSlate: Using Freetype 2.6.0
[2018.11.14-18.08.32:212][  0]LogSlate: SlateFontCache - WITH_FREETYPE: 1, WITH_HARFBUZZ: 1
[2018.11.14-18.08.32:212][  0]LogSlate: SlateFontCache - WITH_FREETYPE: 1, WITH_HARFBUZZ: 1
[2018.11.14-18.08.32:423][  0]LogAssetRegistry: FAssetRegistry took 0.0033 seconds to start up
[2018.11.14-18.08.32:601][  0]LogPackageLocalizationCache: Processed 9 localized package path(s) for 1 prioritized culture(s) in 0.010653 seconds
[2018.11.14-18.08.32:687][  0]LogInit: Selected Device Profile: [Windows]
[2018.11.14-18.08.32:842][  0]LogSimplygon: Simplygon DLL not present - disabling.
[2018.11.14-18.08.32:851][  0]LogMeshReduction: Using SimplygonSwarm for distributed automatic mesh merging
[2018.11.14-18.08.32:851][  0]LogMeshReduction: Using QuadricMeshReduction for automatic static mesh reduction
[2018.11.14-18.08.32:851][  0]LogMeshReduction: No automatic skeletal mesh reduction module available
[2018.11.14-18.08.32:851][  0]LogMeshReduction: No automatic mesh merging module available
[2018.11.14-18.08.32:851][  0]LogMeshMerging: No automatic mesh merging module available
[2018.11.14-18.08.32:872][  0]LogNetVersion: ProjectToastEmpty , NetCL: 3944462, EngineNetVer: 2, GameNetVer: 0 (Checksum: 925817542)
[2018.11.14-18.08.33:553][  0]LogMoviePlayer: Initializing movie player
[2018.11.14-18.08.33:870][  0]LogTcpMessaging: Initializing TcpMessaging bridge
[2018.11.14-18.08.33:899][  0]LogUdpMessaging: Initializing bridge on interface 0.0.0.0:0 to multicast group 230.0.0.1:6666.
[2018.11.14-18.08.34:159][  0]SourceControl: Source control is disabled
[2018.11.14-18.08.34:159][  0]SourceControl: Source control is disabled
[2018.11.14-18.08.34:176][  0]SourceControl: Source control is disabled
[2018.11.14-18.08.34:546][  0]LogAndroidPermission: UAndroidPermissionCallbackProxy::GetInstance
[2018.11.14-18.08.34:684][  0]LogOcInput: OculusInput pre-init called
[2018.11.14-18.08.34:718][  0]LogUObjectArray: 40168 objects as part of root set at end of initial load.
[2018.11.14-18.08.34:718][  0]LogUObjectAllocator: 8402768 out of 0 bytes used by permanent object pool.
[2018.11.14-18.08.34:718][  0]LogUObjectArray: CloseDisregardForGC: 0/0 objects in disregard for GC pool
[2018.11.14-18.08.34:779][  0]LogEngine: Initializing Engine...
[2018.11.14-18.08.34:780][  0]LogHMD: Failed to initialize OpenVR with code 110
[2018.11.14-18.08.34:791][  0]LogStats: UGameplayTagsManager::ConstructGameplayTagTree: Construct from data asset -  0.000 s
[2018.11.14-18.08.34:791][  0]LogStats: UGameplayTagsManager::ConstructGameplayTagTree: GameplayTagTreeChangedEvent.Broadcast -  0.000 s
[2018.11.14-18.08.34:911][  0]LogInit: XAudio2 using 'Speakers (Realtek High Definition Audio)' : 2 channels at 48 kHz using 32 bits per sample (channel mask 0x3)
[2018.11.14-18.08.34:926][  0]LogInit: FAudioDevice initialized.
[2018.11.14-18.08.34:948][  0]LogInit: Texture streaming: Enabled
[2018.11.14-18.08.35:067][  0]LogInit: Display: Game Engine Initialized.
[2018.11.14-18.08.35:067][  0]LogGameplayTags: Display: UGameplayTagsManager::DoneAddingNativeTags. DelegateIsBound: 0
[2018.11.14-18.08.35:067][  0]LogStats: UGameplayTagsManager::ConstructGameplayTagTree: Construct from data asset -  0.000 s
[2018.11.14-18.08.35:067][  0]LogStats: UGameplayTagsManager::ConstructGameplayTagTree: GameplayTagTreeChangedEvent.Broadcast -  0.000 s
[2018.11.14-18.08.35:154][  0]LogInit: Display: Starting Game.
[2018.11.14-18.08.35:154][  0]LogNet: Browse: /Game/Maps/SpaceMap?Name=Player
[2018.11.14-18.08.35:154][  0]LogLoad: LoadMap: /Game/Maps/SpaceMap?Name=Player
[2018.11.14-18.08.35:370][  0]LogAIModule: Creating AISystem for world SpaceMap
[2018.11.14-18.08.35:370][  0]LogLoad: Game class is 'ProjectToastEmptyGameModeBase'
[2018.11.14-18.08.35:386][  0]LogWorld: Bringing World /Game/Maps/SpaceMap.SpaceMap up for play (max tick rate 0) at 2018.11.14-18.08.35
[2018.11.14-18.08.35:386][  0]LogWorld: Bringing up level for play took: 0.015562
[2018.11.14-18.08.35:387][  0]LogSkinnedMeshComp: Warning: GetSocketByName(GripPoint): No SkeletalMesh for Component(CharacterMesh1P) Actor(FPSCharacter_1)
[2018.11.14-18.08.35:387][  0]LogSkinnedMeshComp: Warning: GetSocketByName(GripPoint): No SkeletalMesh for Component(CharacterMesh1P) Actor(FPSCharacter_1)
[2018.11.14-18.08.35:387][  0]LogTemp: Your message
[2018.11.14-18.08.35:388][  0]LogLoad: Took 0.233017 seconds to LoadMap(/Game/Maps/SpaceMap)
[2018.11.14-18.08.35:449][  0]LogLoad: (Engine Initialization) Total time: 7.15 seconds
[2018.11.14-18.08.35:449][  0]LogLoad: (Engine Initialization) Total Blueprint compile time: 0.00 seconds
[2018.11.14-18.08.35:457][  0]LogRenderer: Reallocating scene render targets to support 1280x720 Format 10 NumSamples 1 (Frame:1).
[2018.11.14-18.08.35:492][  0]LogWindowsTextInputMethodSystem: Display: IME system now deactivated.
[2018.11.14-18.08.35:495][  0]LogContentStreaming: Texture pool size now 1000 MB
[2018.11.14-18.08.57:953][379]LogSlate: Window 'ProjectToastEmpty (64-bit, PCD3D_SM5) ' being destroyed
[2018.11.14-18.08.57:953][379]LogWindowsTextInputMethodSystem: Display: IME system now deactivated.
[2018.11.14-18.08.57:957][379]LogEngine: All Windows Closed
[2018.11.14-18.08.57:957][379]LogWindows: FPlatformMisc::RequestExit(0)
[2018.11.14-18.08.58:802][380]LogSlate: Slate User Destroyed.  User Index 0, Is Virtual User: 0
[2018.11.14-18.08.58:802][380]LogExit: Preparing to exit.
[2018.11.14-18.08.58:802][380]LogMoviePlayer: Shutting down movie player
[2018.11.14-18.08.58:953][380]LogExit: Game engine shut down
[2018.11.14-18.08.59:015][380]LogExit: Object subsystem successfully closed.
[2018.11.14-18.08.59:034][380]LogShaderCompilers: Display: Shaders left to compile 0
[2018.11.14-18.08.59:037][380]LogD3D11RHI: Shutdown
[2018.11.14-18.08.59:037][380]LogD3D11RHI: CleanupD3DDevice
[2018.11.14-18.08.59:038][380]LogD3D11RHI: ~FD3D11DynamicRHI
[2018.11.14-18.08.59:054][380]LogModuleManager: Shutting down and abandoning module SequenceRecorderSections (334)
[2018.11.14-18.08.59:054][380]LogModuleManager: Shutting down and abandoning module SequenceRecorder (332)
[2018.11.14-18.08.59:054][380]LogModuleManager: Shutting down and abandoning module AutomationController (330)
[2018.11.14-18.08.59:055][380]LogModuleManager: Shutting down and abandoning module AutomationWorker (328)
[2018.11.14-18.08.59:055][380]LogModuleManager: Shutting down and abandoning module AIModule (326)
[2018.11.14-18.08.59:055][380]LogModuleManager: Shutting down and abandoning module GameplayDebugger (325)
[2018.11.14-18.08.59:055][380]LogModuleManager: Shutting down and abandoning module AITestSuite (323)
[2018.11.14-18.08.59:055][380]LogModuleManager: Shutting down and abandoning module WmfMediaFactory (320)
[2018.11.14-18.08.59:055][380]LogModuleManager: Shutting down and abandoning module OpenExrWrapper (318)
[2018.11.14-18.08.59:055][380]LogModuleManager: Shutting down and abandoning module ImgMediaFactory (316)
[2018.11.14-18.08.59:055][380]LogModuleManager: Shutting down and abandoning module AvfMediaFactory (314)
[2018.11.14-18.08.59:055][380]LogModuleManager: Shutting down and abandoning module CharacterAI (312)
[2018.11.14-18.08.59:055][380]LogModuleManager: Shutting down and abandoning module SessionServices (310)
[2018.11.14-18.08.59:056][380]LogModuleManager: Shutting down and abandoning module MovieSceneCapture (308)
[2018.11.14-18.08.59:056][380]LogModuleManager: Shutting down and abandoning module MovieSceneTracks (306)
[2018.11.14-18.08.59:056][380]LogModuleManager: Shutting down and abandoning module MovieScene (304)
[2018.11.14-18.08.59:056][380]LogModuleManager: Shutting down and abandoning module GeometryCache (302)
[2018.11.14-18.08.59:056][380]LogModuleManager: Shutting down and abandoning module GeometryCacheEd (301)
[2018.11.14-18.08.59:056][380]LogModuleManager: Shutting down and abandoning module StreamingPauseRendering (298)
[2018.11.14-18.08.59:056][380]LogModuleManager: Shutting down and abandoning module PortalServices (296)
[2018.11.14-18.08.59:056][380]LogModuleManager: Shutting down and abandoning module PortalRpc (294)
[2018.11.14-18.08.59:056][380]LogModuleManager: Shutting down and abandoning module MessagingRpc (292)
[2018.11.14-18.08.59:056][380]LogModuleManager: Shutting down and abandoning module ProfilerService (290)
[2018.11.14-18.08.59:082][380]LogModuleManager: Shutting down and abandoning module TaskGraph (288)
[2018.11.14-18.08.59:083][380]LogModuleManager: Shutting down and abandoning module SteamVRController (286)
[2018.11.14-18.08.59:083][380]LogModuleManager: Shutting down and abandoning module ProceduralMeshComponent (284)
[2018.11.14-18.08.59:083][380]LogModuleManager: Shutting down and abandoning module OculusInput (282)
[2018.11.14-18.08.59:083][380]LogModuleManager: Shutting down and abandoning module MobilePatchingUtils (280)
[2018.11.14-18.08.59:083][380]LogModuleManager: Shutting down and abandoning module CustomMeshComponent (278)
[2018.11.14-18.08.59:083][380]LogModuleManager: Shutting down and abandoning module CableComponent (276)
[2018.11.14-18.08.59:083][380]LogModuleManager: Shutting down and abandoning module AudioCapture (274)
[2018.11.14-18.08.59:083][380]LogModuleManager: Shutting down and abandoning module ArchVisCharacter (272)
[2018.11.14-18.08.59:083][380]LogModuleManager: Shutting down and abandoning module AndroidPermission (270)
[2018.11.14-18.08.59:083][380]LogModuleManager: Shutting down and abandoning module NUTUnrealEngine4 (266)
[2018.11.14-18.08.59:083][380]LogModuleManager: Shutting down and abandoning module NetcodeUnitTest (264)
[2018.11.14-18.08.59:084][380]LogModuleManager: Shutting down and abandoning module MediaCompositing (262)
[2018.11.14-18.08.59:084][380]LogModuleManager: Shutting down and abandoning module LinearTimecode (260)
[2018.11.14-18.08.59:084][380]LogModuleManager: Shutting down and abandoning module ImgMedia (258)
[2018.11.14-18.08.59:085][380]LogModuleManager: Shutting down and abandoning module HTML5Networking (256)
[2018.11.14-18.08.59:085][380]LogModuleManager: Shutting down and abandoning module DatasmithContent (254)
[2018.11.14-18.08.59:085][380]LogModuleManager: Shutting down and abandoning module CryptoKeysOpenSSL (252)
[2018.11.14-18.08.59:086][380]LogModuleManager: Shutting down and abandoning module CryptoKeys (250)
[2018.11.14-18.08.59:086][380]LogModuleManager: Shutting down and abandoning module VisualStudioSourceCodeAccess (248)
[2018.11.14-18.08.59:086][380]LogModuleManager: Shutting down and abandoning module HotReload (247)
[2018.11.14-18.08.59:086][380]LogDirectoryWatcher: A directory notification for 'C:/Users/Kimmy/Desktop/Prototype Dev - Unreal Engine - Manfredo/v1.0 12th Oct/ProjectToastEmpty/Binaries/Win64' was aborted.
[2018.11.14-18.08.59:086][380]LogModuleManager: Shutting down and abandoning module DirectoryWatcher (246)
[2018.11.14-18.08.59:086][380]LogModuleManager: Shutting down and abandoning module VisualStudioCodeSourceCodeAccess (242)
[2018.11.14-18.08.59:086][380]LogModuleManager: Shutting down and abandoning module UObjectPlugin (240)
[2018.11.14-18.08.59:086][380]LogModuleManager: Shutting down and abandoning module SubversionSourceControl (238)
[2018.11.14-18.08.59:086][380]LogModuleManager: Shutting down and abandoning module PerforceSourceControl (236)
[2018.11.14-18.08.59:087][380]LogModuleManager: Shutting down and abandoning module SourceControl (235)
[2018.11.14-18.08.59:087][380]LogModuleManager: Shutting down and abandoning module CLionSourceCodeAccess (232)
[2018.11.14-18.08.59:087][380]LogModuleManager: Shutting down and abandoning module ProjectToastEmpty (230)
[2018.11.14-18.08.59:087][380]LogModuleManager: Shutting down and abandoning module RuntimePhysXCooking (228)
[2018.11.14-18.08.59:087][380]LogModuleManager: Shutting down and abandoning module PhysXVehiclesEditor (226)
[2018.11.14-18.08.59:087][380]LogModuleManager: Shutting down and abandoning module PhysXVehicles (224)
[2018.11.14-18.08.59:087][380]LogModuleManager: Shutting down and abandoning module LocationServicesBPLibrary (222)
[2018.11.14-18.08.59:087][380]LogModuleManager: Shutting down and abandoning module ImmediatePhysicsEditor (220)
[2018.11.14-18.08.59:087][380]LogModuleManager: Shutting down and abandoning module ImmediatePhysics (218)
[2018.11.14-18.08.59:087][380]LogModuleManager: Shutting down and abandoning module ActorSequence (216)
[2018.11.14-18.08.59:088][380]LogModuleManager: Shutting down and abandoning module UdpMessaging (214)
[2018.11.14-18.08.59:189][380]LogModuleManager: Shutting down and abandoning module TcpMessaging (212)
[2018.11.14-18.08.59:890][380]LogModuleManager: Shutting down and abandoning module GameplayTagsEditor (210)
[2018.11.14-18.08.59:890][380]LogModuleManager: Shutting down and abandoning module FacialAnimation (208)
[2018.11.14-18.08.59:890][380]LogModuleManager: Shutting down and abandoning module DataValidation (206)
[2018.11.14-18.08.59:890][380]LogModuleManager: Shutting down and abandoning module AssetManagerEditor (204)
[2018.11.14-18.08.59:891][380]LogModuleManager: Shutting down and abandoning module TreeMap (203)
[2018.11.14-18.08.59:891][380]LogModuleManager: Shutting down and abandoning module LightPropagationVolumeRuntime (200)
[2018.11.14-18.08.59:891][380]LogModuleManager: Shutting down and abandoning module LiveLink (198)
[2018.11.14-18.09.00:745][380]LogModuleManager: Shutting down and abandoning module Paper2D (196)
[2018.11.14-18.09.00:746][380]LogModuleManager: Shutting down and abandoning module PIEPreviewDeviceProfileSelector (194)
[2018.11.14-18.09.00:746][380]LogModuleManager: Shutting down and abandoning module WindowsMoviePlayer (192)
[2018.11.14-18.09.00:746][380]LogModuleManager: Shutting down and abandoning module WmfMedia (190)
[2018.11.14-18.09.00:747][380]LogModuleManager: Shutting down and abandoning module Media (189)
[2018.11.14-18.09.00:753][380]LogModuleManager: Shutting down and abandoning module PacketHandler (186)
[2018.11.14-18.09.00:753][380]LogModuleManager: Shutting down and abandoning module ClothingSystemEditor (184)
[2018.11.14-18.09.00:753][380]LogModuleManager: Shutting down and abandoning module ClothingSystemRuntime (182)
[2018.11.14-18.09.00:753][380]LogModuleManager: Shutting down and abandoning module MediaAssets (180)
[2018.11.14-18.09.00:753][380]LogModuleManager: Shutting down and abandoning module Overlay (178)
[2018.11.14-18.09.00:753][380]LogModuleManager: Shutting down and abandoning module OverlayEditor (177)
[2018.11.14-18.09.00:753][380]LogModuleManager: Shutting down and abandoning module VREditor (174)
[2018.11.14-18.09.00:753][380]LogModuleManager: Shutting down and abandoning module StringTableEditor (172)
[2018.11.14-18.09.00:753][380]LogModuleManager: Shutting down and abandoning module GameplayTasksEditor (170)
[2018.11.14-18.09.00:753][380]LogModuleManager: Shutting down and abandoning module BehaviorTreeEditor (168)
[2018.11.14-18.09.00:754][380]LogModuleManager: Shutting down and abandoning module FunctionalTesting (166)
[2018.11.14-18.09.00:754][380]LogModuleManager: Shutting down and abandoning module CollisionAnalyzer (164)
[2018.11.14-18.09.00:755][380]LogModuleManager: Shutting down and abandoning module WorkspaceMenuStructure (163)
[2018.11.14-18.09.00:755][380]LogModuleManager: Shutting down and abandoning module UMG (160)
[2018.11.14-18.09.00:755][380]LogModuleManager: Shutting down and abandoning module UMGEditor (159)
[2018.11.14-18.09.00:757][380]LogModuleManager: Shutting down and abandoning module Sequencer (158)
[2018.11.14-18.09.00:757][380]LogModuleManager: Shutting down and abandoning module MessageLog (155)
[2018.11.14-18.09.00:757][380]LogModuleManager: Shutting down and abandoning module SlateReflector (150)
[2018.11.14-18.09.00:758][380]LogModuleManager: Shutting down and abandoning module Slate (148)
[2018.11.14-18.09.00:758][380]LogModuleManager: Shutting down and abandoning module EditorStyle (146)
[2018.11.14-18.09.00:759][380]LogModuleManager: Shutting down and abandoning module MRMesh (144)
[2018.11.14-18.09.00:759][380]LogModuleManager: Shutting down and abandoning module Messaging (142)
[2018.11.14-18.09.00:759][380]LogModuleManager: Shutting down and abandoning module SourceCodeAccess (140)
[2018.11.14-18.09.00:759][380]LogModuleManager: Shutting down and abandoning module HeadMountedDisplay (138)
[2018.11.14-18.09.00:759][380]LogModuleManager: Shutting down and abandoning module XAudio2 (136)
[2018.11.14-18.09.00:759][380]LogModuleManager: Shutting down and abandoning module Networking (134)
[2018.11.14-18.09.00:759][380]LogModuleManager: Shutting down and abandoning module Core (132)
[2018.11.14-18.09.00:759][380]LogModuleManager: Shutting down and abandoning module LevelSequence (130)
[2018.11.14-18.09.00:759][380]LogModuleManager: Shutting down and abandoning module KismetCompiler (128)
[2018.11.14-18.09.00:759][380]LogModuleManager: Shutting down and abandoning module MeshUtilities (126)
[2018.11.14-18.09.00:760][380]LogModuleManager: Shutting down and abandoning module MeshMergeUtilities (125)
[2018.11.14-18.09.00:760][380]LogModuleManager: Shutting down and abandoning module MeshReductionInterface (124)
[2018.11.14-18.09.00:760][380]LogModuleManager: Shutting down and abandoning module SimplygonSwarm (123)
[2018.11.14-18.09.00:760][380]LogModuleManager: Shutting down and abandoning module SimplygonMeshReduction (121)
[2018.11.14-18.09.00:760][380]LogModuleManager: Shutting down and abandoning module QuadricMeshReduction (119)
[2018.11.14-18.09.00:760][380]LogModuleManager: Shutting down and abandoning module MaterialBaking (115)
[2018.11.14-18.09.00:761][380]LogModuleManager: Shutting down and abandoning module DerivedDataCache (110)
[2018.11.14-18.09.01:239][380]LogDerivedDataCache: Shutdown
[2018.11.14-18.09.01:239][380]LogModuleManager: Shutting down and abandoning module XGEController (108)
[2018.11.14-18.09.01:239][380]LogModuleManager: Shutting down and abandoning module TargetPlatform (106)
[2018.11.14-18.09.01:239][380]LogModuleManager: Shutting down and abandoning module VulkanShaderFormat (105)
[2018.11.14-18.09.01:239][380]LogModuleManager: Shutting down and abandoning module ShaderFormatVectorVM (103)
[2018.11.14-18.09.01:239][380]LogModuleManager: Shutting down and abandoning module ShaderFormatOpenGL (101)
[2018.11.14-18.09.01:240][380]LogModuleManager: Shutting down and abandoning module ShaderFormatD3D (99)
[2018.11.14-18.09.01:240][380]LogModuleManager: Shutting down and abandoning module MetalShaderFormat (97)
[2018.11.14-18.09.01:240][380]LogModuleManager: Shutting down and abandoning module TextureFormatUncompressed (95)
[2018.11.14-18.09.01:240][380]LogModuleManager: Shutting down and abandoning module TextureFormatPVR (93)
[2018.11.14-18.09.01:240][380]LogModuleManager: Shutting down and abandoning module TextureFormatDXT (91)
[2018.11.14-18.09.01:240][380]LogModuleManager: Shutting down and abandoning module TextureFormatIntelISPCTexComp (89)
[2018.11.14-18.09.01:240][380]LogModuleManager: Shutting down and abandoning module TextureFormatASTC (87)
[2018.11.14-18.09.01:240][380]LogModuleManager: Shutting down and abandoning module ImageWrapper (86)
[2018.11.14-18.09.01:240][380]LogModuleManager: Shutting down and abandoning module TextureFormatAndroid (83)
[2018.11.14-18.09.01:240][380]LogModuleManager: Shutting down and abandoning module AudioFormatOpus (81)
[2018.11.14-18.09.01:240][380]LogModuleManager: Shutting down and abandoning module AudioFormatOgg (79)
[2018.11.14-18.09.01:240][380]LogModuleManager: Shutting down and abandoning module AudioFormatADPCM (77)
[2018.11.14-18.09.01:240][380]LogModuleManager: Shutting down and abandoning module WindowsTargetPlatform (75)
[2018.11.14-18.09.01:240][380]LogModuleManager: Shutting down and abandoning module WindowsServerTargetPlatform (73)
[2018.11.14-18.09.01:240][380]LogModuleManager: Shutting down and abandoning module WindowsNoEditorTargetPlatform (71)
[2018.11.14-18.09.01:240][380]LogModuleManager: Shutting down and abandoning module WindowsClientTargetPlatform (69)
[2018.11.14-18.09.01:240][380]LogModuleManager: Shutting down and abandoning module InputCore (66)
[2018.11.14-18.09.01:240][380]LogModuleManager: Shutting down and abandoning module Settings (64)
[2018.11.14-18.09.01:240][380]LogModuleManager: Shutting down and abandoning module PhysXCooking (62)
[2018.11.14-18.09.01:240][380]LogModuleManager: Shutting down and abandoning module SteamVR (60)
[2018.11.14-18.09.01:240][380]LogModuleManager: Shutting down and abandoning module OculusHMD (58)
[2018.11.14-18.09.01:241][380]LogModuleManager: Shutting down and abandoning module ExampleDeviceProfileSelector (56)
[2018.11.14-18.09.01:241][380]LogModuleManager: Shutting down and abandoning module AppleARKit (54)
[2018.11.14-18.09.01:241][380]LogModuleManager: Shutting down and abandoning module AugmentedReality (51)
[2018.11.14-18.09.01:241][380]LogModuleManager: Shutting down and abandoning module OnlineBlueprintSupport (48)
[2018.11.14-18.09.01:241][380]LogModuleManager: Shutting down and abandoning module OnlineSubsystem (44)
[2018.11.14-18.09.01:241][380]LogModuleManager: Shutting down and abandoning module XMPP (43)
[2018.11.14-18.09.01:242][380]LogModuleManager: Shutting down and abandoning module HTTP (41)
[2018.11.14-18.09.01:266][380]LogModuleManager: Shutting down and abandoning module SSL (40)
[2018.11.14-18.09.01:267][380]LogModuleManager: Shutting down and abandoning module AnimationModifiers (36)
[2018.11.14-18.09.01:268][380]LogModuleManager: Shutting down and abandoning module PropertyEditor (35)
[2018.11.14-18.09.01:268][380]LogModuleManager: Shutting down and abandoning module AudioEditor (32)
[2018.11.14-18.09.01:268][380]LogModuleManager: Shutting down and abandoning module TextureCompressor (30)
[2018.11.14-18.09.01:269][380]LogModuleManager: Shutting down and abandoning module ShaderCore (28)
[2018.11.14-18.09.01:269][380]LogModuleManager: Shutting down and abandoning module Landscape (26)
[2018.11.14-18.09.01:269][380]LogModuleManager: Shutting down and abandoning module SlateRHIRenderer (24)
[2018.11.14-18.09.01:269][380]LogModuleManager: Shutting down and abandoning module OpenGLDrv (22)
[2018.11.14-18.09.01:270][380]LogModuleManager: Shutting down and abandoning module D3D11RHI (20)
[2018.11.14-18.09.01:270][380]LogModuleManager: Shutting down and abandoning module AnimGraphRuntime (18)
[2018.11.14-18.09.01:270][380]LogModuleManager: Shutting down and abandoning module Renderer (16)
[2018.11.14-18.09.01:270][380]LogModuleManager: Shutting down and abandoning module Engine (14)
[2018.11.14-18.09.01:270][380]LogModuleManager: Shutting down and abandoning module CoreUObject (12)
[2018.11.14-18.09.01:270][380]LogModuleManager: Shutting down and abandoning module NetworkFile (10)
[2018.11.14-18.09.01:270][380]LogModuleManager: Shutting down and abandoning module CookedIterativeFile (8)
[2018.11.14-18.09.01:270][380]LogModuleManager: Shutting down and abandoning module StreamingFile (6)
[2018.11.14-18.09.01:270][380]LogModuleManager: Shutting down and abandoning module SandboxFile (4)
[2018.11.14-18.09.01:270][380]LogModuleManager: Shutting down and abandoning module PakFile (2)
[2018.11.14-18.09.01:274][380]LogExit: Exiting.
[2018.11.14-18.09.01:275][380]Log file closed, 11/14/18 18:09:01
