C:\Program Files (x86)\Microsoft Visual Studio\2017\Community\Common7\IDE\VC\VCTargets\Microsoft.Cpp.props(31,3): warning MSB4011: "C:\Program Files (x86)\Microsoft Visual Studio\2017\Community\Common7\IDE\VC\VCTargets\Microsoft.Makefile.props" cannot be imported again. It was already imported at "C:\Program Files (x86)\MSBuild\Microsoft.Cpp\v4.0\V140\Microsoft.cpp.props (31,3)". This is most likely a build authoring error. This subsequent import will be ignored. [C:\Users\Kimmy\Desktop\Prototype Dev - Unreal Engine - Manfredo\v1.0 12th Oct\ProjectToastEmpty\Intermediate\ProjectFiles\ProjectToastEmpty.vcxproj]
  Compiling game modules for hot reload
  Parsing headers for ProjectToastEmptyEditor
    Running UnrealHeaderTool "C:\Users\Kimmy\Desktop\Prototype Dev - Unreal Engine - Manfredo\v1.0 12th Oct\ProjectToastEmpty\ProjectToastEmpty.uproject" "C:\Users\Kimmy\Desktop\Prototype Dev - Unreal Engine - Manfredo\v1.0 12th Oct\ProjectToastEmpty\Intermediate\Build\Win64\ProjectToastEmptyEditor\Development\ProjectToastEmptyEditor.uhtmanifest" -LogCmds="loginit warning, logexit warning, logdatabase error" -Unattended -WarningsAsErrors -installed
  Reflection code generated for ProjectToastEmptyEditor in 6.5899572 seconds
  Distributing 5 actions to XGE
  --------------------Build System Warning---------------------------------------
  License is invalid:
      License information is invalid. Please try reloading your license file using the Coordinator Monitor application on the Coordinator machine, or reinstall IncrediBuild.
      This build will run in standalone mode.
  
  -------------------------------------------------------------------------------
  --------------------Project: Default-------------------------------------------
  FPSCharacter.cpp (0:05.61 at +0:00)
  FPSCharacter.gen.cpp (0:00.48 at +0:05)
  ProjectToastEmpty.init.gen.cpp (0:00.29 at +0:06)
  UE4Editor-ProjectToastEmpty-4300.dll (0:00.53 at +0:06)
     Creating library C:\Users\Kimmy\Desktop\Prototype Dev - Unreal Engine - Manfredo\v1.0 12th Oct\ProjectToastEmpty\Intermediate\Build\Win64\UE4Editor\Development\UE4Editor-ProjectToastEmpty-4300.suppressed.lib and object C:\Users\Kimmy\Desktop\Prototype Dev - Unreal Engine - Manfredo\v1.0 12th Oct\ProjectToastEmpty\Intermediate\Build\Win64\UE4Editor\Development\UE4Editor-ProjectToastEmpty-4300.suppressed.exp
  UE4Editor-ProjectToastEmpty-4300.lib (0:00.09 at +0:06)
     Creating library C:\Users\Kimmy\Desktop\Prototype Dev - Unreal Engine - Manfredo\v1.0 12th Oct\ProjectToastEmpty\Intermediate\Build\Win64\UE4Editor\Development\UE4Editor-ProjectToastEmpty-4300.lib and object C:\Users\Kimmy\Desktop\Prototype Dev - Unreal Engine - Manfredo\v1.0 12th Oct\ProjectToastEmpty\Intermediate\Build\Win64\UE4Editor\Development\UE4Editor-ProjectToastEmpty-4300.exp
  ---------------------- Done ----------------------
   
      Rebuild All: 1 succeeded, 0 failed, 0 skipped
   
  1 build system warning(s):
     - License is invalid
   
  
  
  Deploying ProjectToastEmptyEditor Win64 Development...
  Total build time: 15.07 seconds (XGE executor: 7.21 seconds)
