  Cleaning ProjectToastEditor Binaries...
  Performing full C++ include scan (building a new target)
  Using 'git status' to determine working set for adaptive non-unity build (D:\Program Files\GitKraken\Uni-Project Toast).
  Using 'git status' to determine working set for adaptive non-unity build (D:\Program Files\GitKraken\Uni-Project Toast).
  Creating makefile for ProjectToastEditor (no existing makefile)
  Performing full C++ include scan (no include cache file)
  Using Visual Studio 2017 14.16.27023 toolchain (C:\Program Files (x86)\Microsoft Visual Studio\2017\Community\VC\Tools\MSVC\14.16.27023) and Windows 10.0.16299.0 SDK (C:\Program Files (x86)\Windows Kits\10).
  Parsing headers for ProjectToastEditor
    Running UnrealHeaderTool "D:\Program Files\GitKraken\Uni-Project Toast\ProjectToastEmpty\ProjectToast.uproject" "D:\Program Files\GitKraken\Uni-Project Toast\ProjectToastEmpty\Intermediate\Build\Win64\ProjectToastEditor\Development\ProjectToastEditor.uhtmanifest" -LogCmds="loginit warning, logexit warning, logdatabase error" -Unattended -WarningsAsErrors -installed
  Reflection code generated for ProjectToastEditor in 14.570258 seconds
  Building 23 actions with 8 processes...
    [1/23] PCLaunch.rc
    [2/23] SharedPCH.Engine.cpp
    [3/23] ProjectToast.init.gen.cpp
    [4/23] InteractableActor.gen.cpp
    [5/23] Projectile.gen.cpp
    [6/23] ProjectToastGameModeBase.gen.cpp
    [7/23] MyActor.gen.cpp
    [8/23] ProjectToast.cpp
    [9/23] ProjectToastGameModeBase.cpp
    [10/23] Light_01.gen.cpp
    [11/23] SlidingDoor.gen.cpp
    [12/23] MyActor.cpp
    [13/23] ToastHUD.cpp
    [14/23] FPSCharacter.gen.cpp
    [15/23] Debug.cpp
    [16/23] Projectile.cpp
    [17/23] InteractableActor.cpp
    [18/23] Light_01.cpp
    [19/23] SlidingDoor.cpp
    [20/23] ToastHUD.gen.cpp
    [21/23] FPSCharacter.cpp
    [22/23] UE4Editor-ProjectToast.lib
       Creating library D:\Program Files\GitKraken\Uni-Project Toast\ProjectToastEmpty\Intermediate\Build\Win64\UE4Editor\Development\ProjectToast\UE4Editor-ProjectToast.lib and object D:\Program Files\GitKraken\Uni-Project Toast\ProjectToastEmpty\Intermediate\Build\Win64\UE4Editor\Development\ProjectToast\UE4Editor-ProjectToast.exp
    [23/23] UE4Editor-ProjectToast.dll
       Creating library D:\Program Files\GitKraken\Uni-Project Toast\ProjectToastEmpty\Intermediate\Build\Win64\UE4Editor\Development\ProjectToast\UE4Editor-ProjectToast.suppressed.lib and object D:\Program Files\GitKraken\Uni-Project Toast\ProjectToastEmpty\Intermediate\Build\Win64\UE4Editor\Development\ProjectToast\UE4Editor-ProjectToast.suppressed.exp
  Deploying ProjectToastEditor Win64 Development...
  Total build time: 115.74 seconds (Parallel executor: 52.31 seconds)
